[2022/02/17 14:13:04.035] - Starting server with initial configuration: {"gasLimit":6721975,"gasPrice":20000000000,"hardfork":"muirGlacier","hostname":"10.0.0.203","port":7545,"network_id":5777,"default_balance_ether":100,"total_accounts":10,"unlocked_accounts":[],"locked":true,"vmErrorsOnRPCResponse":true,"verbose":true,"db_path":"C:\\Users\\kyle\\AppData\\Roaming\\Ganache\\workspaces\\workspace-21722\\chaindata","logDirectory":"C:\\Users\\kyle\\OneDrive\\Documents\\GitHub\\truffle-plugin-verify\\Ganache Log File Directory"}
[2022/02/17 14:13:04.142] - eth_subscribe
[2022/02/17 14:13:04.143] -    > {
   >   "jsonrpc": "2.0",
   >   "id": 17,
   >   "method": "eth_subscribe",
   >   "params": [
   >     "newHeads"
   >   ]
   > }
[2022/02/17 14:13:04.144] - eth_getLogs
[2022/02/17 14:13:04.145] -    > {
   >   "jsonrpc": "2.0",
   >   "id": 18,
   >   "method": "eth_getLogs",
   >   "params": [
   >     {
   >       "topics": []
   >     }
   >   ]
   > }
[2022/02/17 14:13:04.146] - eth_subscribe
[2022/02/17 14:13:04.147] -    > {
   >   "jsonrpc": "2.0",
   >   "id": 19,
   >   "method": "eth_subscribe",
   >   "params": [
   >     "logs",
   >     {
   >       "topics": []
   >     }
   >   ]
   > }
[2022/02/17 14:13:04.148] -  <   {
 <     "id": 17,
 <     "jsonrpc": "2.0",
 <     "result": "0x1"
 <   }
[2022/02/17 14:13:04.156] -  <   {
 <     "id": 18,
 <     "jsonrpc": "2.0",
 <     "result": []
 <   }
[2022/02/17 14:13:04.158] - eth_subscribe
[2022/02/17 14:13:04.158] -    > {
   >   "jsonrpc": "2.0",
   >   "id": 20,
   >   "method": "eth_subscribe",
   >   "params": [
   >     "newHeads"
   >   ]
   > }
[2022/02/17 14:13:04.159] - eth_getLogs
[2022/02/17 14:13:04.160] -    > {
   >   "jsonrpc": "2.0",
   >   "id": 21,
   >   "method": "eth_getLogs",
   >   "params": [
   >     {
   >       "topics": []
   >     }
   >   ]
   > }
[2022/02/17 14:13:04.161] -  <   {
 <     "id": 19,
 <     "jsonrpc": "2.0",
 <     "result": "0x2"
 <   }
[2022/02/17 14:13:04.162] - eth_subscribe
[2022/02/17 14:13:04.163] -    > {
   >   "jsonrpc": "2.0",
   >   "id": 22,
   >   "method": "eth_subscribe",
   >   "params": [
   >     "logs",
   >     {
   >       "topics": []
   >     }
   >   ]
   > }
[2022/02/17 14:13:04.167] -  <   {
 <     "id": 20,
 <     "jsonrpc": "2.0",
 <     "result": "0x3"
 <   }
[2022/02/17 14:13:04.171] -  <   {
 <     "id": 21,
 <     "jsonrpc": "2.0",
 <     "result": []
 <   }
[2022/02/17 14:13:04.176] -  <   {
 <     "id": 22,
 <     "jsonrpc": "2.0",
 <     "result": "0x4"
 <   }
[2022/02/17 14:13:04.217] - eth_blockNumber
[2022/02/17 14:13:04.218] -    > {
   >   "jsonrpc": "2.0",
   >   "id": 194,
   >   "method": "eth_blockNumber",
   >   "params": [],
   >   "internal": true
   > }
[2022/02/17 14:13:04.219] - eth_accounts
[2022/02/17 14:13:04.220] -    > {
   >   "jsonrpc": "2.0",
   >   "id": 195,
   >   "method": "eth_accounts",
   >   "params": [],
   >   "internal": true
   > }
[2022/02/17 14:13:04.221] - eth_gasPrice
[2022/02/17 14:13:04.222] -    > {
   >   "jsonrpc": "2.0",
   >   "id": 196,
   >   "method": "eth_gasPrice",
   >   "params": [],
   >   "internal": true
   > }
[2022/02/17 14:13:04.223] -  <   {
 <     "id": 194,
 <     "jsonrpc": "2.0",
 <     "result": "0x0"
 <   }
[2022/02/17 14:13:04.224] - eth_blockNumber
[2022/02/17 14:13:04.225] -    > {
   >   "jsonrpc": "2.0",
   >   "id": 189,
   >   "method": "eth_blockNumber",
   >   "params": [],
   >   "internal": true
   > }
[2022/02/17 14:13:04.226] - eth_getBlockByNumber
[2022/02/17 14:13:04.227] -    > {
   >   "jsonrpc": "2.0",
   >   "id": 197,
   >   "method": "eth_getBlockByNumber",
   >   "params": [
   >     "latest",
   >     false
   >   ],
   >   "internal": true
   > }
[2022/02/17 14:13:04.228] - eth_accounts
[2022/02/17 14:13:04.228] -    > {
   >   "jsonrpc": "2.0",
   >   "id": 190,
   >   "method": "eth_accounts",
   >   "params": [],
   >   "internal": true
   > }
[2022/02/17 14:13:04.229] -  <   {
 <     "id": 195,
 <     "jsonrpc": "2.0",
 <     "result": [
 <       "0xcb256dc99a7a8c41435452c00589de09f92f0f8e",
 <       "0x64e49d53f97e4e4ef7b603e508be0a8707f36a60",
 <       "0x0329f1567786ce4f28cc9d12e564d6440ee87692",
 <       "0x98ae5e68474380b96e4e28d114295eaccff9b9da",
 <       "0xa0e5df176a43e30db30f3a7cf11c174b218d21a4",
 <       "0xafbf75f3c3abaa691a9c460b37cf6ca00a0630fa",
 <       "0xa765a241143066b4286105fa9160219535ff2981",
 <       "0x6d2976f7fd0e7c06b7e360d6958c00396d8d799c",
 <       "0x43249a45596ebaf71609f5087cf23238c97a10d0",
 <       "0x7cda73f55e3814bff4ff66f00aae03f0c6177da5"
 <     ]
 <   }
[2022/02/17 14:13:04.230] - eth_subscribe
[2022/02/17 14:13:04.231] -    > {
   >   "jsonrpc": "2.0",
   >   "id": 198,
   >   "method": "eth_subscribe",
   >   "params": [
   >     "newHeads"
   >   ],
   >   "internal": true
   > }
[2022/02/17 14:13:04.232] - eth_gasPrice
[2022/02/17 14:13:04.233] -    > {
   >   "jsonrpc": "2.0",
   >   "id": 191,
   >   "method": "eth_gasPrice",
   >   "params": [],
   >   "internal": true
   > }
[2022/02/17 14:13:04.234] -  <   {
 <     "id": 196,
 <     "jsonrpc": "2.0",
 <     "result": "0x4a817c800"
 <   }
[2022/02/17 14:13:04.235] - eth_getBlockByNumber
[2022/02/17 14:13:04.236] -    > {
   >   "jsonrpc": "2.0",
   >   "id": 192,
   >   "method": "eth_getBlockByNumber",
   >   "params": [
   >     "latest",
   >     false
   >   ],
   >   "internal": true
   > }
[2022/02/17 14:13:04.236] -  <   {
 <     "id": 189,
 <     "jsonrpc": "2.0",
 <     "result": "0x0"
 <   }
[2022/02/17 14:13:04.238] - eth_accounts
[2022/02/17 14:13:04.239] -    > {
   >   "jsonrpc": "2.0",
   >   "id": 199,
   >   "method": "eth_accounts",
   >   "params": [],
   >   "internal": true
   > }
[2022/02/17 14:13:04.239] - eth_subscribe
[2022/02/17 14:13:04.240] -    > {
   >   "jsonrpc": "2.0",
   >   "id": 193,
   >   "method": "eth_subscribe",
   >   "params": [
   >     "newHeads"
   >   ],
   >   "internal": true
   > }
[2022/02/17 14:13:04.250] -  <   {
 <     "id": 197,
 <     "jsonrpc": "2.0",
 <     "result": {
 <       "number": "0x0",
 <       "hash": "0x525e56a2185e525547d358c2e4fd6866183ac35cc0cab197680c6d6728856b43",
 <       "parentHash": "0x0000000000000000000000000000000000000000000000000000000000000000",
 <       "mixHash": "0x0000000000000000000000000000000000000000000000000000000000000000",
 <       "nonce": "0x0000000000000000",
 <       "sha3Uncles": "0x1dcc4de8dec75d7aab85b567b6ccd41ad312451b948a7413f0a142fd40d49347",
 <       "logsBloom": "0x00000000000000000000000000000000000000000000000000000000000000000000000000000000000000000000000000000000000000000000000000000000000000000000000000000000000000000000000000000000000000000000000000000000000000000000000000000000000000000000000000000000000000000000000000000000000000000000000000000000000000000000000000000000000000000000000000000000000000000000000000000000000000000000000000000000000000000000000000000000000000000000000000000000000000000000000000000000000000000000000000000000000000000000000000000000",
 <       "transactionsRoot": "0x56e81f171bcc55a6ff8345e692c0f86e5b48e01b996cadc001622fb5e363b421",
 <       "stateRoot": "0x854b93ffeb26c480d94c0bab1c39d845054b0bd69a996e7a132537b1ac008fda",
 <       "receiptsRoot": "0x56e81f171bcc55a6ff8345e692c0f86e5b48e01b996cadc001622fb5e363b421",
 <       "miner": "0x0000000000000000000000000000000000000000",
 <       "difficulty": "0x0",
 <       "totalDifficulty": "0x0",
 <       "extraData": "0x",
 <       "size": "0x3e8",
 <       "gasLimit": "0x6691b7",
 <       "gasUsed": "0x0",
 <       "timestamp": "0x620ec77f",
 <       "transactions": [],
 <       "uncles": []
 <     }
 <   }
[2022/02/17 14:13:04.252] -  <   {
 <     "id": 190,
 <     "jsonrpc": "2.0",
 <     "result": [
 <       "0xcb256dc99a7a8c41435452c00589de09f92f0f8e",
 <       "0x64e49d53f97e4e4ef7b603e508be0a8707f36a60",
 <       "0x0329f1567786ce4f28cc9d12e564d6440ee87692",
 <       "0x98ae5e68474380b96e4e28d114295eaccff9b9da",
 <       "0xa0e5df176a43e30db30f3a7cf11c174b218d21a4",
 <       "0xafbf75f3c3abaa691a9c460b37cf6ca00a0630fa",
 <       "0xa765a241143066b4286105fa9160219535ff2981",
 <       "0x6d2976f7fd0e7c06b7e360d6958c00396d8d799c",
 <       "0x43249a45596ebaf71609f5087cf23238c97a10d0",
 <       "0x7cda73f55e3814bff4ff66f00aae03f0c6177da5"
 <     ]
 <   }
[2022/02/17 14:13:04.256] -  <   {
 <     "id": 198,
 <     "jsonrpc": "2.0",
 <     "result": "0x5"
 <   }
[2022/02/17 14:13:04.262] -  <   {
 <     "id": 191,
 <     "jsonrpc": "2.0",
 <     "result": "0x4a817c800"
 <   }
[2022/02/17 14:13:04.263] - eth_getBalance
[2022/02/17 14:13:04.264] -    > {
   >   "jsonrpc": "2.0",
   >   "id": 200,
   >   "method": "eth_getBalance",
   >   "params": [
   >     "0xcb256dc99a7a8c41435452c00589de09f92f0f8e",
   >     "latest"
   >   ],
   >   "internal": true
   > }
[2022/02/17 14:13:04.265] - eth_getTransactionCount
[2022/02/17 14:13:04.266] -    > {
   >   "jsonrpc": "2.0",
   >   "id": 201,
   >   "method": "eth_getTransactionCount",
   >   "params": [
   >     "0xcb256dc99a7a8c41435452c00589de09f92f0f8e",
   >     "latest"
   >   ],
   >   "internal": true
   > }
[2022/02/17 14:13:04.268] -  <   {
 <     "id": 192,
 <     "jsonrpc": "2.0",
 <     "result": {
 <       "number": "0x0",
 <       "hash": "0x525e56a2185e525547d358c2e4fd6866183ac35cc0cab197680c6d6728856b43",
 <       "parentHash": "0x0000000000000000000000000000000000000000000000000000000000000000",
 <       "mixHash": "0x0000000000000000000000000000000000000000000000000000000000000000",
 <       "nonce": "0x0000000000000000",
 <       "sha3Uncles": "0x1dcc4de8dec75d7aab85b567b6ccd41ad312451b948a7413f0a142fd40d49347",
 <       "logsBloom": "0x00000000000000000000000000000000000000000000000000000000000000000000000000000000000000000000000000000000000000000000000000000000000000000000000000000000000000000000000000000000000000000000000000000000000000000000000000000000000000000000000000000000000000000000000000000000000000000000000000000000000000000000000000000000000000000000000000000000000000000000000000000000000000000000000000000000000000000000000000000000000000000000000000000000000000000000000000000000000000000000000000000000000000000000000000000000",
 <       "transactionsRoot": "0x56e81f171bcc55a6ff8345e692c0f86e5b48e01b996cadc001622fb5e363b421",
 <       "stateRoot": "0x854b93ffeb26c480d94c0bab1c39d845054b0bd69a996e7a132537b1ac008fda",
 <       "receiptsRoot": "0x56e81f171bcc55a6ff8345e692c0f86e5b48e01b996cadc001622fb5e363b421",
 <       "miner": "0x0000000000000000000000000000000000000000",
 <       "difficulty": "0x0",
 <       "totalDifficulty": "0x0",
 <       "extraData": "0x",
 <       "size": "0x3e8",
 <       "gasLimit": "0x6691b7",
 <       "gasUsed": "0x0",
 <       "timestamp": "0x620ec77f",
 <       "transactions": [],
 <       "uncles": []
 <     }
 <   }
[2022/02/17 14:13:04.269] -  <   {
 <     "id": 199,
 <     "jsonrpc": "2.0",
 <     "result": [
 <       "0xcb256dc99a7a8c41435452c00589de09f92f0f8e",
 <       "0x64e49d53f97e4e4ef7b603e508be0a8707f36a60",
 <       "0x0329f1567786ce4f28cc9d12e564d6440ee87692",
 <       "0x98ae5e68474380b96e4e28d114295eaccff9b9da",
 <       "0xa0e5df176a43e30db30f3a7cf11c174b218d21a4",
 <       "0xafbf75f3c3abaa691a9c460b37cf6ca00a0630fa",
 <       "0xa765a241143066b4286105fa9160219535ff2981",
 <       "0x6d2976f7fd0e7c06b7e360d6958c00396d8d799c",
 <       "0x43249a45596ebaf71609f5087cf23238c97a10d0",
 <       "0x7cda73f55e3814bff4ff66f00aae03f0c6177da5"
 <     ]
 <   }
[2022/02/17 14:13:04.272] -  <   {
 <     "id": 193,
 <     "jsonrpc": "2.0",
 <     "result": "0x6"
 <   }
[2022/02/17 14:13:04.273] - eth_getBalance
[2022/02/17 14:13:04.274] -    > {
   >   "jsonrpc": "2.0",
   >   "id": 202,
   >   "method": "eth_getBalance",
   >   "params": [
   >     "0x64e49d53f97e4e4ef7b603e508be0a8707f36a60",
   >     "latest"
   >   ],
   >   "internal": true
   > }
[2022/02/17 14:13:04.283] - eth_getTransactionCount
[2022/02/17 14:13:04.284] -    > {
   >   "jsonrpc": "2.0",
   >   "id": 203,
   >   "method": "eth_getTransactionCount",
   >   "params": [
   >     "0x64e49d53f97e4e4ef7b603e508be0a8707f36a60",
   >     "latest"
   >   ],
   >   "internal": true
   > }
[2022/02/17 14:13:04.285] - eth_getBalance
[2022/02/17 14:13:04.286] -    > {
   >   "jsonrpc": "2.0",
   >   "id": 204,
   >   "method": "eth_getBalance",
   >   "params": [
   >     "0x0329f1567786ce4f28cc9d12e564d6440ee87692",
   >     "latest"
   >   ],
   >   "internal": true
   > }
[2022/02/17 14:13:04.288] -  <   {
 <     "id": 200,
 <     "jsonrpc": "2.0",
 <     "result": "0x56bc75e2d63100000"
 <   }
[2022/02/17 14:13:04.291] - eth_getTransactionCount
[2022/02/17 14:13:04.292] -    > {
   >   "jsonrpc": "2.0",
   >   "id": 205,
   >   "method": "eth_getTransactionCount",
   >   "params": [
   >     "0x0329f1567786ce4f28cc9d12e564d6440ee87692",
   >     "latest"
   >   ],
   >   "internal": true
   > }
[2022/02/17 14:13:04.294] -  <   {
 <     "id": 201,
 <     "jsonrpc": "2.0",
 <     "result": "0x0"
 <   }
[2022/02/17 14:13:04.295] - eth_getBalance
[2022/02/17 14:13:04.296] -    > {
   >   "jsonrpc": "2.0",
   >   "id": 206,
   >   "method": "eth_getBalance",
   >   "params": [
   >     "0x98ae5e68474380b96e4e28d114295eaccff9b9da",
   >     "latest"
   >   ],
   >   "internal": true
   > }
[2022/02/17 14:13:04.299] - eth_getTransactionCount
[2022/02/17 14:13:04.300] -    > {
   >   "jsonrpc": "2.0",
   >   "id": 207,
   >   "method": "eth_getTransactionCount",
   >   "params": [
   >     "0x98ae5e68474380b96e4e28d114295eaccff9b9da",
   >     "latest"
   >   ],
   >   "internal": true
   > }
[2022/02/17 14:13:04.302] - eth_getBalance
[2022/02/17 14:13:04.303] -    > {
   >   "jsonrpc": "2.0",
   >   "id": 208,
   >   "method": "eth_getBalance",
   >   "params": [
   >     "0xa0e5df176a43e30db30f3a7cf11c174b218d21a4",
   >     "latest"
   >   ],
   >   "internal": true
   > }
[2022/02/17 14:13:04.305] - eth_getTransactionCount
[2022/02/17 14:13:04.306] -    > {
   >   "jsonrpc": "2.0",
   >   "id": 209,
   >   "method": "eth_getTransactionCount",
   >   "params": [
   >     "0xa0e5df176a43e30db30f3a7cf11c174b218d21a4",
   >     "latest"
   >   ],
   >   "internal": true
   > }
[2022/02/17 14:13:04.308] - eth_getBalance
[2022/02/17 14:13:04.309] -    > {
   >   "jsonrpc": "2.0",
   >   "id": 210,
   >   "method": "eth_getBalance",
   >   "params": [
   >     "0xafbf75f3c3abaa691a9c460b37cf6ca00a0630fa",
   >     "latest"
   >   ],
   >   "internal": true
   > }
[2022/02/17 14:13:04.311] - eth_getTransactionCount
[2022/02/17 14:13:04.311] -    > {
   >   "jsonrpc": "2.0",
   >   "id": 211,
   >   "method": "eth_getTransactionCount",
   >   "params": [
   >     "0xafbf75f3c3abaa691a9c460b37cf6ca00a0630fa",
   >     "latest"
   >   ],
   >   "internal": true
   > }
[2022/02/17 14:13:04.315] - eth_getBalance
[2022/02/17 14:13:04.316] -    > {
   >   "jsonrpc": "2.0",
   >   "id": 212,
   >   "method": "eth_getBalance",
   >   "params": [
   >     "0xa765a241143066b4286105fa9160219535ff2981",
   >     "latest"
   >   ],
   >   "internal": true
   > }
[2022/02/17 14:13:04.318] -  <   {
 <     "id": 202,
 <     "jsonrpc": "2.0",
 <     "result": "0x56bc75e2d63100000"
 <   }
[2022/02/17 14:13:04.319] - eth_getTransactionCount
[2022/02/17 14:13:04.319] -    > {
   >   "jsonrpc": "2.0",
   >   "id": 213,
   >   "method": "eth_getTransactionCount",
   >   "params": [
   >     "0xa765a241143066b4286105fa9160219535ff2981",
   >     "latest"
   >   ],
   >   "internal": true
   > }
[2022/02/17 14:13:04.321] -  <   {
 <     "id": 203,
 <     "jsonrpc": "2.0",
 <     "result": "0x0"
 <   }
[2022/02/17 14:13:04.322] - eth_getBalance
[2022/02/17 14:13:04.323] -    > {
   >   "jsonrpc": "2.0",
   >   "id": 214,
   >   "method": "eth_getBalance",
   >   "params": [
   >     "0x6d2976f7fd0e7c06b7e360d6958c00396d8d799c",
   >     "latest"
   >   ],
   >   "internal": true
   > }
[2022/02/17 14:13:04.326] -  <   {
 <     "id": 204,
 <     "jsonrpc": "2.0",
 <     "result": "0x56bc75e2d63100000"
 <   }
[2022/02/17 14:13:04.327] - eth_getTransactionCount
[2022/02/17 14:13:04.328] -    > {
   >   "jsonrpc": "2.0",
   >   "id": 215,
   >   "method": "eth_getTransactionCount",
   >   "params": [
   >     "0x6d2976f7fd0e7c06b7e360d6958c00396d8d799c",
   >     "latest"
   >   ],
   >   "internal": true
   > }
[2022/02/17 14:13:04.331] -  <   {
 <     "id": 205,
 <     "jsonrpc": "2.0",
 <     "result": "0x0"
 <   }
[2022/02/17 14:13:04.332] - eth_getBalance
[2022/02/17 14:13:04.333] -    > {
   >   "jsonrpc": "2.0",
   >   "id": 216,
   >   "method": "eth_getBalance",
   >   "params": [
   >     "0x43249a45596ebaf71609f5087cf23238c97a10d0",
   >     "latest"
   >   ],
   >   "internal": true
   > }
[2022/02/17 14:13:04.337] - eth_getTransactionCount
[2022/02/17 14:13:04.338] -    > {
   >   "jsonrpc": "2.0",
   >   "id": 217,
   >   "method": "eth_getTransactionCount",
   >   "params": [
   >     "0x43249a45596ebaf71609f5087cf23238c97a10d0",
   >     "latest"
   >   ],
   >   "internal": true
   > }
[2022/02/17 14:13:04.340] -  <   {
 <     "id": 206,
 <     "jsonrpc": "2.0",
 <     "result": "0x56bc75e2d63100000"
 <   }
[2022/02/17 14:13:04.346] -  <   {
 <     "id": 207,
 <     "jsonrpc": "2.0",
 <     "result": "0x0"
 <   }
[2022/02/17 14:13:04.347] - eth_getBalance
[2022/02/17 14:13:04.348] -    > {
   >   "jsonrpc": "2.0",
   >   "id": 218,
   >   "method": "eth_getBalance",
   >   "params": [
   >     "0x7cda73f55e3814bff4ff66f00aae03f0c6177da5",
   >     "latest"
   >   ],
   >   "internal": true
   > }
[2022/02/17 14:13:04.350] - eth_getTransactionCount
[2022/02/17 14:13:04.351] -    > {
   >   "jsonrpc": "2.0",
   >   "id": 219,
   >   "method": "eth_getTransactionCount",
   >   "params": [
   >     "0x7cda73f55e3814bff4ff66f00aae03f0c6177da5",
   >     "latest"
   >   ],
   >   "internal": true
   > }
[2022/02/17 14:13:04.353] -  <   {
 <     "id": 208,
 <     "jsonrpc": "2.0",
 <     "result": "0x56bc75e2d63100000"
 <   }
[2022/02/17 14:13:04.356] -  <   {
 <     "id": 209,
 <     "jsonrpc": "2.0",
 <     "result": "0x0"
 <   }
[2022/02/17 14:13:04.360] - eth_getBalance
[2022/02/17 14:13:04.361] -    > {
   >   "jsonrpc": "2.0",
   >   "id": 221,
   >   "method": "eth_getBalance",
   >   "params": [
   >     "0xcb256dc99a7a8c41435452c00589de09f92f0f8e",
   >     "latest"
   >   ],
   >   "internal": true
   > }
[2022/02/17 14:13:04.362] -  <   {
 <     "id": 210,
 <     "jsonrpc": "2.0",
 <     "result": "0x56bc75e2d63100000"
 <   }
[2022/02/17 14:13:04.363] - eth_getTransactionCount
[2022/02/17 14:13:04.364] -    > {
   >   "jsonrpc": "2.0",
   >   "id": 222,
   >   "method": "eth_getTransactionCount",
   >   "params": [
   >     "0xcb256dc99a7a8c41435452c00589de09f92f0f8e",
   >     "latest"
   >   ],
   >   "internal": true
   > }
[2022/02/17 14:13:04.366] -  <   {
 <     "id": 211,
 <     "jsonrpc": "2.0",
 <     "result": "0x0"
 <   }
[2022/02/17 14:13:04.368] - eth_getBalance
[2022/02/17 14:13:04.369] -    > {
   >   "jsonrpc": "2.0",
   >   "id": 223,
   >   "method": "eth_getBalance",
   >   "params": [
   >     "0x64e49d53f97e4e4ef7b603e508be0a8707f36a60",
   >     "latest"
   >   ],
   >   "internal": true
   > }
[2022/02/17 14:13:04.371] - eth_getTransactionCount
[2022/02/17 14:13:04.372] -    > {
   >   "jsonrpc": "2.0",
   >   "id": 224,
   >   "method": "eth_getTransactionCount",
   >   "params": [
   >     "0x64e49d53f97e4e4ef7b603e508be0a8707f36a60",
   >     "latest"
   >   ],
   >   "internal": true
   > }
[2022/02/17 14:13:04.373] -  <   {
 <     "id": 212,
 <     "jsonrpc": "2.0",
 <     "result": "0x56bc75e2d63100000"
 <   }
[2022/02/17 14:13:04.374] - eth_getBalance
[2022/02/17 14:13:04.375] -    > {
   >   "jsonrpc": "2.0",
   >   "id": 225,
   >   "method": "eth_getBalance",
   >   "params": [
   >     "0x0329f1567786ce4f28cc9d12e564d6440ee87692",
   >     "latest"
   >   ],
   >   "internal": true
   > }
[2022/02/17 14:13:04.377] -  <   {
 <     "id": 213,
 <     "jsonrpc": "2.0",
 <     "result": "0x0"
 <   }
[2022/02/17 14:13:04.380] - eth_getTransactionCount
[2022/02/17 14:13:04.381] -    > {
   >   "jsonrpc": "2.0",
   >   "id": 226,
   >   "method": "eth_getTransactionCount",
   >   "params": [
   >     "0x0329f1567786ce4f28cc9d12e564d6440ee87692",
   >     "latest"
   >   ],
   >   "internal": true
   > }
[2022/02/17 14:13:04.382] -  <   {
 <     "id": 214,
 <     "jsonrpc": "2.0",
 <     "result": "0x56bc75e2d63100000"
 <   }
[2022/02/17 14:13:04.384] -  <   {
 <     "id": 215,
 <     "jsonrpc": "2.0",
 <     "result": "0x0"
 <   }
[2022/02/17 14:13:04.385] - eth_getBalance
[2022/02/17 14:13:04.386] -    > {
   >   "jsonrpc": "2.0",
   >   "id": 227,
   >   "method": "eth_getBalance",
   >   "params": [
   >     "0x98ae5e68474380b96e4e28d114295eaccff9b9da",
   >     "latest"
   >   ],
   >   "internal": true
   > }
[2022/02/17 14:13:04.387] - eth_getTransactionCount
[2022/02/17 14:13:04.388] -    > {
   >   "jsonrpc": "2.0",
   >   "id": 228,
   >   "method": "eth_getTransactionCount",
   >   "params": [
   >     "0x98ae5e68474380b96e4e28d114295eaccff9b9da",
   >     "latest"
   >   ],
   >   "internal": true
   > }
[2022/02/17 14:13:04.390] -  <   {
 <     "id": 216,
 <     "jsonrpc": "2.0",
 <     "result": "0x56bc75e2d63100000"
 <   }
[2022/02/17 14:13:04.399] -  <   {
 <     "id": 217,
 <     "jsonrpc": "2.0",
 <     "result": "0x0"
 <   }
[2022/02/17 14:13:04.400] - eth_getBalance
[2022/02/17 14:13:04.401] -    > {
   >   "jsonrpc": "2.0",
   >   "id": 229,
   >   "method": "eth_getBalance",
   >   "params": [
   >     "0xa0e5df176a43e30db30f3a7cf11c174b218d21a4",
   >     "latest"
   >   ],
   >   "internal": true
   > }
[2022/02/17 14:13:04.402] - eth_getTransactionCount
[2022/02/17 14:13:04.402] -    > {
   >   "jsonrpc": "2.0",
   >   "id": 230,
   >   "method": "eth_getTransactionCount",
   >   "params": [
   >     "0xa0e5df176a43e30db30f3a7cf11c174b218d21a4",
   >     "latest"
   >   ],
   >   "internal": true
   > }
[2022/02/17 14:13:04.404] - eth_getBalance
[2022/02/17 14:13:04.405] -    > {
   >   "jsonrpc": "2.0",
   >   "id": 231,
   >   "method": "eth_getBalance",
   >   "params": [
   >     "0xafbf75f3c3abaa691a9c460b37cf6ca00a0630fa",
   >     "latest"
   >   ],
   >   "internal": true
   > }
[2022/02/17 14:13:04.406] - eth_getTransactionCount
[2022/02/17 14:13:04.407] -    > {
   >   "jsonrpc": "2.0",
   >   "id": 232,
   >   "method": "eth_getTransactionCount",
   >   "params": [
   >     "0xafbf75f3c3abaa691a9c460b37cf6ca00a0630fa",
   >     "latest"
   >   ],
   >   "internal": true
   > }
[2022/02/17 14:13:04.408] -  <   {
 <     "id": 218,
 <     "jsonrpc": "2.0",
 <     "result": "0x56bc75e2d63100000"
 <   }
[2022/02/17 14:13:04.409] - eth_getBalance
[2022/02/17 14:13:04.410] -    > {
   >   "jsonrpc": "2.0",
   >   "id": 233,
   >   "method": "eth_getBalance",
   >   "params": [
   >     "0xa765a241143066b4286105fa9160219535ff2981",
   >     "latest"
   >   ],
   >   "internal": true
   > }
[2022/02/17 14:13:04.412] -  <   {
 <     "id": 219,
 <     "jsonrpc": "2.0",
 <     "result": "0x0"
 <   }
[2022/02/17 14:13:04.413] - eth_getTransactionCount
[2022/02/17 14:13:04.414] -    > {
   >   "jsonrpc": "2.0",
   >   "id": 234,
   >   "method": "eth_getTransactionCount",
   >   "params": [
   >     "0xa765a241143066b4286105fa9160219535ff2981",
   >     "latest"
   >   ],
   >   "internal": true
   > }
[2022/02/17 14:13:04.416] -  <   {
 <     "id": 221,
 <     "jsonrpc": "2.0",
 <     "result": "0x56bc75e2d63100000"
 <   }
[2022/02/17 14:13:04.417] - eth_getBalance
[2022/02/17 14:13:04.417] -    > {
   >   "jsonrpc": "2.0",
   >   "id": 235,
   >   "method": "eth_getBalance",
   >   "params": [
   >     "0x6d2976f7fd0e7c06b7e360d6958c00396d8d799c",
   >     "latest"
   >   ],
   >   "internal": true
   > }
[2022/02/17 14:13:04.419] -  <   {
 <     "id": 222,
 <     "jsonrpc": "2.0",
 <     "result": "0x0"
 <   }
[2022/02/17 14:13:04.420] - eth_getTransactionCount
[2022/02/17 14:13:04.421] -    > {
   >   "jsonrpc": "2.0",
   >   "id": 236,
   >   "method": "eth_getTransactionCount",
   >   "params": [
   >     "0x6d2976f7fd0e7c06b7e360d6958c00396d8d799c",
   >     "latest"
   >   ],
   >   "internal": true
   > }
[2022/02/17 14:13:04.423] -  <   {
 <     "id": 223,
 <     "jsonrpc": "2.0",
 <     "result": "0x56bc75e2d63100000"
 <   }
[2022/02/17 14:13:04.424] - eth_getBalance
[2022/02/17 14:13:04.425] -    > {
   >   "jsonrpc": "2.0",
   >   "id": 237,
   >   "method": "eth_getBalance",
   >   "params": [
   >     "0x43249a45596ebaf71609f5087cf23238c97a10d0",
   >     "latest"
   >   ],
   >   "internal": true
   > }
[2022/02/17 14:13:04.428] -  <   {
 <     "id": 224,
 <     "jsonrpc": "2.0",
 <     "result": "0x0"
 <   }
[2022/02/17 14:13:04.429] - eth_getTransactionCount
[2022/02/17 14:13:04.430] -    > {
   >   "jsonrpc": "2.0",
   >   "id": 238,
   >   "method": "eth_getTransactionCount",
   >   "params": [
   >     "0x43249a45596ebaf71609f5087cf23238c97a10d0",
   >     "latest"
   >   ],
   >   "internal": true
   > }
[2022/02/17 14:13:04.432] -  <   {
 <     "id": 225,
 <     "jsonrpc": "2.0",
 <     "result": "0x56bc75e2d63100000"
 <   }
[2022/02/17 14:13:04.433] - eth_getBalance
[2022/02/17 14:13:04.434] -    > {
   >   "jsonrpc": "2.0",
   >   "id": 239,
   >   "method": "eth_getBalance",
   >   "params": [
   >     "0x7cda73f55e3814bff4ff66f00aae03f0c6177da5",
   >     "latest"
   >   ],
   >   "internal": true
   > }
[2022/02/17 14:13:04.436] -  <   {
 <     "id": 226,
 <     "jsonrpc": "2.0",
 <     "result": "0x0"
 <   }
[2022/02/17 14:13:04.437] - eth_getTransactionCount
[2022/02/17 14:13:04.438] -    > {
   >   "jsonrpc": "2.0",
   >   "id": 240,
   >   "method": "eth_getTransactionCount",
   >   "params": [
   >     "0x7cda73f55e3814bff4ff66f00aae03f0c6177da5",
   >     "latest"
   >   ],
   >   "internal": true
   > }
[2022/02/17 14:13:04.440] -  <   {
 <     "id": 227,
 <     "jsonrpc": "2.0",
 <     "result": "0x56bc75e2d63100000"
 <   }
[2022/02/17 14:13:04.455] -  <   {
 <     "id": 228,
 <     "jsonrpc": "2.0",
 <     "result": "0x0"
 <   }
[2022/02/17 14:13:04.469] -  <   {
 <     "id": 229,
 <     "jsonrpc": "2.0",
 <     "result": "0x56bc75e2d63100000"
 <   }
[2022/02/17 14:13:04.485] -  <   {
 <     "id": 230,
 <     "jsonrpc": "2.0",
 <     "result": "0x0"
 <   }
[2022/02/17 14:13:04.493] - eth_getBalance
[2022/02/17 14:13:04.494] -    > {
   >   "jsonrpc": "2.0",
   >   "id": 241,
   >   "method": "eth_getBalance",
   >   "params": [
   >     "0xcb256dc99a7a8c41435452c00589de09f92f0f8e",
   >     "latest"
   >   ],
   >   "internal": true
   > }
[2022/02/17 14:13:04.495] - eth_getTransactionCount
[2022/02/17 14:13:04.495] -    > {
   >   "jsonrpc": "2.0",
   >   "id": 242,
   >   "method": "eth_getTransactionCount",
   >   "params": [
   >     "0xcb256dc99a7a8c41435452c00589de09f92f0f8e",
   >     "latest"
   >   ],
   >   "internal": true
   > }
[2022/02/17 14:13:04.497] -  <   {
 <     "id": 231,
 <     "jsonrpc": "2.0",
 <     "result": "0x56bc75e2d63100000"
 <   }
[2022/02/17 14:13:04.498] - eth_getBalance
[2022/02/17 14:13:04.499] -    > {
   >   "jsonrpc": "2.0",
   >   "id": 243,
   >   "method": "eth_getBalance",
   >   "params": [
   >     "0x64e49d53f97e4e4ef7b603e508be0a8707f36a60",
   >     "latest"
   >   ],
   >   "internal": true
   > }
[2022/02/17 14:13:04.502] -  <   {
 <     "id": 232,
 <     "jsonrpc": "2.0",
 <     "result": "0x0"
 <   }
[2022/02/17 14:13:04.502] - eth_getTransactionCount
[2022/02/17 14:13:04.503] -    > {
   >   "jsonrpc": "2.0",
   >   "id": 244,
   >   "method": "eth_getTransactionCount",
   >   "params": [
   >     "0x64e49d53f97e4e4ef7b603e508be0a8707f36a60",
   >     "latest"
   >   ],
   >   "internal": true
   > }
[2022/02/17 14:13:04.505] - eth_getBalance
[2022/02/17 14:13:04.505] -    > {
   >   "jsonrpc": "2.0",
   >   "id": 245,
   >   "method": "eth_getBalance",
   >   "params": [
   >     "0x0329f1567786ce4f28cc9d12e564d6440ee87692",
   >     "latest"
   >   ],
   >   "internal": true
   > }
[2022/02/17 14:13:04.506] - eth_getTransactionCount
[2022/02/17 14:13:04.507] -    > {
   >   "jsonrpc": "2.0",
   >   "id": 246,
   >   "method": "eth_getTransactionCount",
   >   "params": [
   >     "0x0329f1567786ce4f28cc9d12e564d6440ee87692",
   >     "latest"
   >   ],
   >   "internal": true
   > }
[2022/02/17 14:13:04.508] -  <   {
 <     "id": 233,
 <     "jsonrpc": "2.0",
 <     "result": "0x56bc75e2d63100000"
 <   }
[2022/02/17 14:13:04.509] - eth_getBalance
[2022/02/17 14:13:04.510] -    > {
   >   "jsonrpc": "2.0",
   >   "id": 247,
   >   "method": "eth_getBalance",
   >   "params": [
   >     "0x98ae5e68474380b96e4e28d114295eaccff9b9da",
   >     "latest"
   >   ],
   >   "internal": true
   > }
[2022/02/17 14:13:04.519] - eth_getTransactionCount
[2022/02/17 14:13:04.520] -    > {
   >   "jsonrpc": "2.0",
   >   "id": 248,
   >   "method": "eth_getTransactionCount",
   >   "params": [
   >     "0x98ae5e68474380b96e4e28d114295eaccff9b9da",
   >     "latest"
   >   ],
   >   "internal": true
   > }
[2022/02/17 14:13:04.521] - eth_getBalance
[2022/02/17 14:13:04.521] -    > {
   >   "jsonrpc": "2.0",
   >   "id": 249,
   >   "method": "eth_getBalance",
   >   "params": [
   >     "0xa0e5df176a43e30db30f3a7cf11c174b218d21a4",
   >     "latest"
   >   ],
   >   "internal": true
   > }
[2022/02/17 14:13:04.524] -  <   {
 <     "id": 234,
 <     "jsonrpc": "2.0",
 <     "result": "0x0"
 <   }
[2022/02/17 14:13:04.525] - eth_getTransactionCount
[2022/02/17 14:13:04.525] -    > {
   >   "jsonrpc": "2.0",
   >   "id": 250,
   >   "method": "eth_getTransactionCount",
   >   "params": [
   >     "0xa0e5df176a43e30db30f3a7cf11c174b218d21a4",
   >     "latest"
   >   ],
   >   "internal": true
   > }
[2022/02/17 14:13:04.527] -  <   {
 <     "id": 235,
 <     "jsonrpc": "2.0",
 <     "result": "0x56bc75e2d63100000"
 <   }
[2022/02/17 14:13:04.528] - eth_getBalance
[2022/02/17 14:13:04.528] -    > {
   >   "jsonrpc": "2.0",
   >   "id": 251,
   >   "method": "eth_getBalance",
   >   "params": [
   >     "0xafbf75f3c3abaa691a9c460b37cf6ca00a0630fa",
   >     "latest"
   >   ],
   >   "internal": true
   > }
[2022/02/17 14:13:04.529] - eth_getTransactionCount
[2022/02/17 14:13:04.530] -    > {
   >   "jsonrpc": "2.0",
   >   "id": 252,
   >   "method": "eth_getTransactionCount",
   >   "params": [
   >     "0xafbf75f3c3abaa691a9c460b37cf6ca00a0630fa",
   >     "latest"
   >   ],
   >   "internal": true
   > }
[2022/02/17 14:13:04.531] - eth_getBalance
[2022/02/17 14:13:04.531] -    > {
   >   "jsonrpc": "2.0",
   >   "id": 253,
   >   "method": "eth_getBalance",
   >   "params": [
   >     "0xa765a241143066b4286105fa9160219535ff2981",
   >     "latest"
   >   ],
   >   "internal": true
   > }
[2022/02/17 14:13:04.533] -  <   {
 <     "id": 236,
 <     "jsonrpc": "2.0",
 <     "result": "0x0"
 <   }
[2022/02/17 14:13:04.535] - eth_getTransactionCount
[2022/02/17 14:13:04.536] -    > {
   >   "jsonrpc": "2.0",
   >   "id": 254,
   >   "method": "eth_getTransactionCount",
   >   "params": [
   >     "0xa765a241143066b4286105fa9160219535ff2981",
   >     "latest"
   >   ],
   >   "internal": true
   > }
[2022/02/17 14:13:04.539] -  <   {
 <     "id": 237,
 <     "jsonrpc": "2.0",
 <     "result": "0x56bc75e2d63100000"
 <   }
[2022/02/17 14:13:04.540] - eth_getBalance
[2022/02/17 14:13:04.542] -    > {
   >   "jsonrpc": "2.0",
   >   "id": 255,
   >   "method": "eth_getBalance",
   >   "params": [
   >     "0x6d2976f7fd0e7c06b7e360d6958c00396d8d799c",
   >     "latest"
   >   ],
   >   "internal": true
   > }
[2022/02/17 14:13:04.543] - eth_getTransactionCount
[2022/02/17 14:13:04.544] -    > {
   >   "jsonrpc": "2.0",
   >   "id": 256,
   >   "method": "eth_getTransactionCount",
   >   "params": [
   >     "0x6d2976f7fd0e7c06b7e360d6958c00396d8d799c",
   >     "latest"
   >   ],
   >   "internal": true
   > }
[2022/02/17 14:13:04.548] -  <   {
 <     "id": 238,
 <     "jsonrpc": "2.0",
 <     "result": "0x0"
 <   }
[2022/02/17 14:13:04.549] - eth_getBalance
[2022/02/17 14:13:04.549] -    > {
   >   "jsonrpc": "2.0",
   >   "id": 257,
   >   "method": "eth_getBalance",
   >   "params": [
   >     "0x43249a45596ebaf71609f5087cf23238c97a10d0",
   >     "latest"
   >   ],
   >   "internal": true
   > }
[2022/02/17 14:13:04.550] - eth_getTransactionCount
[2022/02/17 14:13:04.551] -    > {
   >   "jsonrpc": "2.0",
   >   "id": 258,
   >   "method": "eth_getTransactionCount",
   >   "params": [
   >     "0x43249a45596ebaf71609f5087cf23238c97a10d0",
   >     "latest"
   >   ],
   >   "internal": true
   > }
[2022/02/17 14:13:04.553] -  <   {
 <     "id": 239,
 <     "jsonrpc": "2.0",
 <     "result": "0x56bc75e2d63100000"
 <   }
[2022/02/17 14:13:04.554] - eth_getBalance
[2022/02/17 14:13:04.555] -    > {
   >   "jsonrpc": "2.0",
   >   "id": 259,
   >   "method": "eth_getBalance",
   >   "params": [
   >     "0x7cda73f55e3814bff4ff66f00aae03f0c6177da5",
   >     "latest"
   >   ],
   >   "internal": true
   > }
[2022/02/17 14:13:04.557] -  <   {
 <     "id": 240,
 <     "jsonrpc": "2.0",
 <     "result": "0x0"
 <   }
[2022/02/17 14:13:04.558] - eth_getTransactionCount
[2022/02/17 14:13:04.559] -    > {
   >   "jsonrpc": "2.0",
   >   "id": 260,
   >   "method": "eth_getTransactionCount",
   >   "params": [
   >     "0x7cda73f55e3814bff4ff66f00aae03f0c6177da5",
   >     "latest"
   >   ],
   >   "internal": true
   > }
[2022/02/17 14:13:04.564] -  <   {
 <     "id": 241,
 <     "jsonrpc": "2.0",
 <     "result": "0x56bc75e2d63100000"
 <   }
[2022/02/17 14:13:04.578] -  <   {
 <     "id": 242,
 <     "jsonrpc": "2.0",
 <     "result": "0x0"
 <   }
[2022/02/17 14:13:04.580] -  <   {
 <     "id": 243,
 <     "jsonrpc": "2.0",
 <     "result": "0x56bc75e2d63100000"
 <   }
[2022/02/17 14:13:04.589] -  <   {
 <     "id": 244,
 <     "jsonrpc": "2.0",
 <     "result": "0x0"
 <   }
[2022/02/17 14:13:04.590] - eth_getBalance
[2022/02/17 14:13:04.591] -    > {
   >   "jsonrpc": "2.0",
   >   "id": 263,
   >   "method": "eth_getBalance",
   >   "params": [
   >     "0x64e49d53f97e4e4ef7b603e508be0a8707f36a60",
   >     "latest"
   >   ],
   >   "internal": true
   > }
[2022/02/17 14:13:04.594] -  <   {
 <     "id": 245,
 <     "jsonrpc": "2.0",
 <     "result": "0x56bc75e2d63100000"
 <   }
[2022/02/17 14:13:04.595] - eth_getTransactionCount
[2022/02/17 14:13:04.596] -    > {
   >   "jsonrpc": "2.0",
   >   "id": 264,
   >   "method": "eth_getTransactionCount",
   >   "params": [
   >     "0x64e49d53f97e4e4ef7b603e508be0a8707f36a60",
   >     "latest"
   >   ],
   >   "internal": true
   > }
[2022/02/17 14:13:04.597] - eth_getBalance
[2022/02/17 14:13:04.597] -    > {
   >   "jsonrpc": "2.0",
   >   "id": 265,
   >   "method": "eth_getBalance",
   >   "params": [
   >     "0x0329f1567786ce4f28cc9d12e564d6440ee87692",
   >     "latest"
   >   ],
   >   "internal": true
   > }
[2022/02/17 14:13:04.599] -  <   {
 <     "id": 246,
 <     "jsonrpc": "2.0",
 <     "result": "0x0"
 <   }
[2022/02/17 14:13:04.600] - eth_getTransactionCount
[2022/02/17 14:13:04.600] -    > {
   >   "jsonrpc": "2.0",
   >   "id": 266,
   >   "method": "eth_getTransactionCount",
   >   "params": [
   >     "0x0329f1567786ce4f28cc9d12e564d6440ee87692",
   >     "latest"
   >   ],
   >   "internal": true
   > }
[2022/02/17 14:13:04.602] -  <   {
 <     "id": 247,
 <     "jsonrpc": "2.0",
 <     "result": "0x56bc75e2d63100000"
 <   }
[2022/02/17 14:13:04.606] -  <   {
 <     "id": 248,
 <     "jsonrpc": "2.0",
 <     "result": "0x0"
 <   }
[2022/02/17 14:13:04.607] - eth_getBalance
[2022/02/17 14:13:04.608] -    > {
   >   "jsonrpc": "2.0",
   >   "id": 267,
   >   "method": "eth_getBalance",
   >   "params": [
   >     "0x98ae5e68474380b96e4e28d114295eaccff9b9da",
   >     "latest"
   >   ],
   >   "internal": true
   > }
[2022/02/17 14:13:04.610] -  <   {
 <     "id": 249,
 <     "jsonrpc": "2.0",
 <     "result": "0x56bc75e2d63100000"
 <   }
[2022/02/17 14:13:04.611] - eth_getTransactionCount
[2022/02/17 14:13:04.612] -    > {
   >   "jsonrpc": "2.0",
   >   "id": 268,
   >   "method": "eth_getTransactionCount",
   >   "params": [
   >     "0x98ae5e68474380b96e4e28d114295eaccff9b9da",
   >     "latest"
   >   ],
   >   "internal": true
   > }
[2022/02/17 14:13:04.613] - eth_getBalance
[2022/02/17 14:13:04.614] -    > {
   >   "jsonrpc": "2.0",
   >   "id": 269,
   >   "method": "eth_getBalance",
   >   "params": [
   >     "0xa0e5df176a43e30db30f3a7cf11c174b218d21a4",
   >     "latest"
   >   ],
   >   "internal": true
   > }
[2022/02/17 14:13:04.616] -  <   {
 <     "id": 250,
 <     "jsonrpc": "2.0",
 <     "result": "0x0"
 <   }
[2022/02/17 14:13:04.616] - eth_getTransactionCount
[2022/02/17 14:13:04.617] -    > {
   >   "jsonrpc": "2.0",
   >   "id": 270,
   >   "method": "eth_getTransactionCount",
   >   "params": [
   >     "0xa0e5df176a43e30db30f3a7cf11c174b218d21a4",
   >     "latest"
   >   ],
   >   "internal": true
   > }
[2022/02/17 14:13:04.619] -  <   {
 <     "id": 251,
 <     "jsonrpc": "2.0",
 <     "result": "0x56bc75e2d63100000"
 <   }
[2022/02/17 14:13:04.620] - eth_getBalance
[2022/02/17 14:13:04.620] -    > {
   >   "jsonrpc": "2.0",
   >   "id": 271,
   >   "method": "eth_getBalance",
   >   "params": [
   >     "0xafbf75f3c3abaa691a9c460b37cf6ca00a0630fa",
   >     "latest"
   >   ],
   >   "internal": true
   > }
[2022/02/17 14:13:04.622] -  <   {
 <     "id": 252,
 <     "jsonrpc": "2.0",
 <     "result": "0x0"
 <   }
[2022/02/17 14:13:04.623] - eth_getTransactionCount
[2022/02/17 14:13:04.624] -    > {
   >   "jsonrpc": "2.0",
   >   "id": 272,
   >   "method": "eth_getTransactionCount",
   >   "params": [
   >     "0xafbf75f3c3abaa691a9c460b37cf6ca00a0630fa",
   >     "latest"
   >   ],
   >   "internal": true
   > }
[2022/02/17 14:13:04.626] -  <   {
 <     "id": 253,
 <     "jsonrpc": "2.0",
 <     "result": "0x56bc75e2d63100000"
 <   }
[2022/02/17 14:13:04.627] - eth_getBalance
[2022/02/17 14:13:04.628] -    > {
   >   "jsonrpc": "2.0",
   >   "id": 273,
   >   "method": "eth_getBalance",
   >   "params": [
   >     "0xa765a241143066b4286105fa9160219535ff2981",
   >     "latest"
   >   ],
   >   "internal": true
   > }
[2022/02/17 14:13:04.629] -  <   {
 <     "id": 254,
 <     "jsonrpc": "2.0",
 <     "result": "0x0"
 <   }
[2022/02/17 14:13:04.630] - eth_getTransactionCount
[2022/02/17 14:13:04.631] -    > {
   >   "jsonrpc": "2.0",
   >   "id": 274,
   >   "method": "eth_getTransactionCount",
   >   "params": [
   >     "0xa765a241143066b4286105fa9160219535ff2981",
   >     "latest"
   >   ],
   >   "internal": true
   > }
[2022/02/17 14:13:04.632] -  <   {
 <     "id": 255,
 <     "jsonrpc": "2.0",
 <     "result": "0x56bc75e2d63100000"
 <   }
[2022/02/17 14:13:04.633] - eth_getBalance
[2022/02/17 14:13:04.634] -    > {
   >   "jsonrpc": "2.0",
   >   "id": 275,
   >   "method": "eth_getBalance",
   >   "params": [
   >     "0x6d2976f7fd0e7c06b7e360d6958c00396d8d799c",
   >     "latest"
   >   ],
   >   "internal": true
   > }
[2022/02/17 14:13:04.636] -  <   {
 <     "id": 256,
 <     "jsonrpc": "2.0",
 <     "result": "0x0"
 <   }
[2022/02/17 14:13:04.637] - eth_getTransactionCount
[2022/02/17 14:13:04.638] -    > {
   >   "jsonrpc": "2.0",
   >   "id": 276,
   >   "method": "eth_getTransactionCount",
   >   "params": [
   >     "0x6d2976f7fd0e7c06b7e360d6958c00396d8d799c",
   >     "latest"
   >   ],
   >   "internal": true
   > }
[2022/02/17 14:13:04.639] - eth_getBalance
[2022/02/17 14:13:04.640] -    > {
   >   "jsonrpc": "2.0",
   >   "id": 277,
   >   "method": "eth_getBalance",
   >   "params": [
   >     "0x43249a45596ebaf71609f5087cf23238c97a10d0",
   >     "latest"
   >   ],
   >   "internal": true
   > }
[2022/02/17 14:13:04.643] -  <   {
 <     "id": 257,
 <     "jsonrpc": "2.0",
 <     "result": "0x56bc75e2d63100000"
 <   }
[2022/02/17 14:13:04.660] - eth_getTransactionCount
[2022/02/17 14:13:04.661] -    > {
   >   "jsonrpc": "2.0",
   >   "id": 278,
   >   "method": "eth_getTransactionCount",
   >   "params": [
   >     "0x43249a45596ebaf71609f5087cf23238c97a10d0",
   >     "latest"
   >   ],
   >   "internal": true
   > }
[2022/02/17 14:13:04.662] - eth_getBalance
[2022/02/17 14:13:04.662] -    > {
   >   "jsonrpc": "2.0",
   >   "id": 279,
   >   "method": "eth_getBalance",
   >   "params": [
   >     "0x7cda73f55e3814bff4ff66f00aae03f0c6177da5",
   >     "latest"
   >   ],
   >   "internal": true
   > }
[2022/02/17 14:13:04.664] -  <   {
 <     "id": 258,
 <     "jsonrpc": "2.0",
 <     "result": "0x0"
 <   }
[2022/02/17 14:13:04.664] - eth_getTransactionCount
[2022/02/17 14:13:04.665] -    > {
   >   "jsonrpc": "2.0",
   >   "id": 280,
   >   "method": "eth_getTransactionCount",
   >   "params": [
   >     "0x7cda73f55e3814bff4ff66f00aae03f0c6177da5",
   >     "latest"
   >   ],
   >   "internal": true
   > }
[2022/02/17 14:13:04.672] -  <   {
 <     "id": 259,
 <     "jsonrpc": "2.0",
 <     "result": "0x56bc75e2d63100000"
 <   }
[2022/02/17 14:13:04.687] -  <   {
 <     "id": 260,
 <     "jsonrpc": "2.0",
 <     "result": "0x0"
 <   }
[2022/02/17 14:13:04.702] -  <   {
 <     "id": 263,
 <     "jsonrpc": "2.0",
 <     "result": "0x56bc75e2d63100000"
 <   }
[2022/02/17 14:13:04.717] -  <   {
 <     "id": 264,
 <     "jsonrpc": "2.0",
 <     "result": "0x0"
 <   }
[2022/02/17 14:13:04.733] -  <   {
 <     "id": 265,
 <     "jsonrpc": "2.0",
 <     "result": "0x56bc75e2d63100000"
 <   }
[2022/02/17 14:13:04.749] -  <   {
 <     "id": 266,
 <     "jsonrpc": "2.0",
 <     "result": "0x0"
 <   }
[2022/02/17 14:13:04.764] -  <   {
 <     "id": 267,
 <     "jsonrpc": "2.0",
 <     "result": "0x56bc75e2d63100000"
 <   }
[2022/02/17 14:13:04.781] -  <   {
 <     "id": 268,
 <     "jsonrpc": "2.0",
 <     "result": "0x0"
 <   }
[2022/02/17 14:13:04.795] -  <   {
 <     "id": 269,
 <     "jsonrpc": "2.0",
 <     "result": "0x56bc75e2d63100000"
 <   }
[2022/02/17 14:13:04.812] -  <   {
 <     "id": 270,
 <     "jsonrpc": "2.0",
 <     "result": "0x0"
 <   }
[2022/02/17 14:13:04.829] -  <   {
 <     "id": 271,
 <     "jsonrpc": "2.0",
 <     "result": "0x56bc75e2d63100000"
 <   }
[2022/02/17 14:13:04.843] -  <   {
 <     "id": 272,
 <     "jsonrpc": "2.0",
 <     "result": "0x0"
 <   }
[2022/02/17 14:13:04.860] -  <   {
 <     "id": 273,
 <     "jsonrpc": "2.0",
 <     "result": "0x56bc75e2d63100000"
 <   }
[2022/02/17 14:13:04.874] -  <   {
 <     "id": 274,
 <     "jsonrpc": "2.0",
 <     "result": "0x0"
 <   }
[2022/02/17 14:13:04.890] -  <   {
 <     "id": 275,
 <     "jsonrpc": "2.0",
 <     "result": "0x56bc75e2d63100000"
 <   }
[2022/02/17 14:13:04.906] -  <   {
 <     "id": 276,
 <     "jsonrpc": "2.0",
 <     "result": "0x0"
 <   }
[2022/02/17 14:13:04.922] -  <   {
 <     "id": 277,
 <     "jsonrpc": "2.0",
 <     "result": "0x56bc75e2d63100000"
 <   }
[2022/02/17 14:13:04.937] -  <   {
 <     "id": 278,
 <     "jsonrpc": "2.0",
 <     "result": "0x0"
 <   }
[2022/02/17 14:13:04.952] -  <   {
 <     "id": 279,
 <     "jsonrpc": "2.0",
 <     "result": "0x56bc75e2d63100000"
 <   }
[2022/02/17 14:13:04.968] -  <   {
 <     "id": 280,
 <     "jsonrpc": "2.0",
 <     "result": "0x0"
 <   }
[2022/02/17 14:13:09.341] - eth_getBlockByNumber
[2022/02/17 14:13:09.342] -    > {
   >   "jsonrpc": "2.0",
   >   "id": 281,
   >   "method": "eth_getBlockByNumber",
   >   "params": [
   >     "0x0",
   >     false
   >   ],
   >   "internal": true
   > }
[2022/02/17 14:13:09.350] -  <   {
 <     "id": 281,
 <     "jsonrpc": "2.0",
 <     "result": {
 <       "number": "0x0",
 <       "hash": "0x525e56a2185e525547d358c2e4fd6866183ac35cc0cab197680c6d6728856b43",
 <       "parentHash": "0x0000000000000000000000000000000000000000000000000000000000000000",
 <       "mixHash": "0x0000000000000000000000000000000000000000000000000000000000000000",
 <       "nonce": "0x0000000000000000",
 <       "sha3Uncles": "0x1dcc4de8dec75d7aab85b567b6ccd41ad312451b948a7413f0a142fd40d49347",
 <       "logsBloom": "0x00000000000000000000000000000000000000000000000000000000000000000000000000000000000000000000000000000000000000000000000000000000000000000000000000000000000000000000000000000000000000000000000000000000000000000000000000000000000000000000000000000000000000000000000000000000000000000000000000000000000000000000000000000000000000000000000000000000000000000000000000000000000000000000000000000000000000000000000000000000000000000000000000000000000000000000000000000000000000000000000000000000000000000000000000000000",
 <       "transactionsRoot": "0x56e81f171bcc55a6ff8345e692c0f86e5b48e01b996cadc001622fb5e363b421",
 <       "stateRoot": "0x854b93ffeb26c480d94c0bab1c39d845054b0bd69a996e7a132537b1ac008fda",
 <       "receiptsRoot": "0x56e81f171bcc55a6ff8345e692c0f86e5b48e01b996cadc001622fb5e363b421",
 <       "miner": "0x0000000000000000000000000000000000000000",
 <       "difficulty": "0x0",
 <       "totalDifficulty": "0x0",
 <       "extraData": "0x",
 <       "size": "0x3e8",
 <       "gasLimit": "0x6691b7",
 <       "gasUsed": "0x0",
 <       "timestamp": "0x620ec77f",
 <       "transactions": [],
 <       "uncles": []
 <     }
 <   }
[2022/02/17 14:13:09.360] - eth_getBlockTransactionCountByHash
[2022/02/17 14:13:09.361] -    > {
   >   "jsonrpc": "2.0",
   >   "id": 282,
   >   "method": "eth_getBlockTransactionCountByHash",
   >   "params": [
   >     "0x525e56a2185e525547d358c2e4fd6866183ac35cc0cab197680c6d6728856b43"
   >   ],
   >   "internal": true
   > }
[2022/02/17 14:13:09.365] -  <   {
 <     "id": 282,
 <     "jsonrpc": "2.0",
 <     "result": "0x0"
 <   }
[2022/02/17 14:13:14.072] - eth_getBlockByNumber
[2022/02/17 14:13:14.073] -    > {
   >   "jsonrpc": "2.0",
   >   "id": 283,
   >   "method": "eth_getBlockByNumber",
   >   "params": [
   >     "0x0",
   >     true
   >   ],
   >   "internal": true
   > }
[2022/02/17 14:13:14.077] -  <   {
 <     "id": 283,
 <     "jsonrpc": "2.0",
 <     "result": {
 <       "number": "0x0",
 <       "hash": "0x525e56a2185e525547d358c2e4fd6866183ac35cc0cab197680c6d6728856b43",
 <       "parentHash": "0x0000000000000000000000000000000000000000000000000000000000000000",
 <       "mixHash": "0x0000000000000000000000000000000000000000000000000000000000000000",
 <       "nonce": "0x0000000000000000",
 <       "sha3Uncles": "0x1dcc4de8dec75d7aab85b567b6ccd41ad312451b948a7413f0a142fd40d49347",
 <       "logsBloom": "0x00000000000000000000000000000000000000000000000000000000000000000000000000000000000000000000000000000000000000000000000000000000000000000000000000000000000000000000000000000000000000000000000000000000000000000000000000000000000000000000000000000000000000000000000000000000000000000000000000000000000000000000000000000000000000000000000000000000000000000000000000000000000000000000000000000000000000000000000000000000000000000000000000000000000000000000000000000000000000000000000000000000000000000000000000000000",
 <       "transactionsRoot": "0x56e81f171bcc55a6ff8345e692c0f86e5b48e01b996cadc001622fb5e363b421",
 <       "stateRoot": "0x854b93ffeb26c480d94c0bab1c39d845054b0bd69a996e7a132537b1ac008fda",
 <       "receiptsRoot": "0x56e81f171bcc55a6ff8345e692c0f86e5b48e01b996cadc001622fb5e363b421",
 <       "miner": "0x0000000000000000000000000000000000000000",
 <       "difficulty": "0x0",
 <       "totalDifficulty": "0x0",
 <       "extraData": "0x",
 <       "size": "0x3e8",
 <       "gasLimit": "0x6691b7",
 <       "gasUsed": "0x0",
 <       "timestamp": "0x620ec77f",
 <       "transactions": [],
 <       "uncles": []
 <     }
 <   }
[2022/02/17 14:14:25.992] - eth_getLogs
[2022/02/17 14:14:25.993] -    > {
   >   "jsonrpc": "2.0",
   >   "id": 287,
   >   "method": "eth_getLogs",
   >   "params": [
   >     {
   >       "fromBlock": "0x0",
   >       "toBlock": "0x0",
   >       "topics": []
   >     }
   >   ],
   >   "internal": true
   > }
[2022/02/17 14:14:26.001] -  <   {
 <     "id": 287,
 <     "jsonrpc": "2.0",
 <     "result": []
 <   }
[2022/02/17 15:25:56.727] - eth_unsubscribe
[2022/02/17 15:25:56.728] -    > {
   >   "jsonrpc": "2.0",
   >   "id": 23,
   >   "method": "eth_unsubscribe",
   >   "params": [
   >     "0x3"
   >   ]
   > }
[2022/02/17 15:25:56.730] - eth_unsubscribe
[2022/02/17 15:25:56.730] -    > {
   >   "jsonrpc": "2.0",
   >   "id": 24,
   >   "method": "eth_unsubscribe",
   >   "params": [
   >     "0x4"
   >   ]
   > }
[2022/02/17 15:25:56.734] -  <   {
 <     "id": 23,
 <     "jsonrpc": "2.0",
 <     "result": true
 <   }
[2022/02/17 15:25:56.738] -    > {
   >   "jsonrpc": "2.0",
   >   "method": "eth_unsubscribe",
   >   "params": [
   >     "0x5"
   >   ],
   >   "id": 1645140356738
   > }
[2022/02/17 15:25:56.739] -    > {
   >   "jsonrpc": "2.0",
   >   "method": "eth_unsubscribe",
   >   "params": [
   >     "0x4"
   >   ],
   >   "id": 1645140356738
   > }
[2022/02/17 15:25:56.741] -    > {
   >   "jsonrpc": "2.0",
   >   "method": "eth_unsubscribe",
   >   "params": [
   >     "0x6"
   >   ],
   >   "id": 1645140356740
   > }
[2022/02/17 15:25:56.742] -    > {
   >   "jsonrpc": "2.0",
   >   "method": "eth_unsubscribe",
   >   "params": [
   >     "0x1"
   >   ],
   >   "id": 1645140356741
   > }
[2022/02/17 15:25:56.743] -    > {
   >   "jsonrpc": "2.0",
   >   "method": "eth_unsubscribe",
   >   "params": [
   >     "0x2"
   >   ],
   >   "id": 1645140356742
   > }
[2022/02/17 15:25:56.744] -  <   {
 <     "id": 24,
 <     "jsonrpc": "2.0",
 <     "result": true
 <   }
[2022/02/17 15:25:56.750] -  <   {
 <     "id": 1645140356738,
 <     "jsonrpc": "2.0",
 <     "result": true
 <   }
[2022/02/17 15:25:56.769] -  <   {
 <     "id": 1645140356738,
 <     "jsonrpc": "2.0",
 <     "error": {
 <       "message": "Subscription ID 0x4 not found.",
 <       "code": -32000,
 <       "data": {
 <         "stack": "Error: Subscription ID 0x4 not found.\n    at SubscriptionSubprovider.eth_unsubscribe (C:\\Program Files\\WindowsApps\\GanacheUI_2.5.4.0_x64__5dg5pnz03psnj\\app\\resources\\static\\node\\node_modules\\ganache-core\\node_modules\\web3-provider-engine\\subproviders\\subscriptions.js:78:8)\n    at SubscriptionSubprovider.handleRequest (C:\\Program Files\\WindowsApps\\GanacheUI_2.5.4.0_x64__5dg5pnz03psnj\\app\\resources\\static\\node\\node_modules\\ganache-core\\node_modules\\web3-provider-engine\\subproviders\\subscriptions.js:134:12)\n    at next (C:\\Program Files\\WindowsApps\\GanacheUI_2.5.4.0_x64__5dg5pnz03psnj\\app\\resources\\static\\node\\node_modules\\ganache-core\\node_modules\\web3-provider-engine\\index.js:136:18)\n    at DelayedBlockFilter.handleRequest (C:\\Program Files\\WindowsApps\\GanacheUI_2.5.4.0_x64__5dg5pnz03psnj\\app\\resources\\static\\node\\node_modules\\ganache-core\\lib\\subproviders\\delayedblockfilter.js:31:3)\n    at next (C:\\Program Files\\WindowsApps\\GanacheUI_2.5.4.0_x64__5dg5pnz03psnj\\app\\resources\\static\\node\\node_modules\\ganache-core\\node_modules\\web3-provider-engine\\index.js:136:18)\n    at RequestFunnel.handleRequest (C:\\Program Files\\WindowsApps\\GanacheUI_2.5.4.0_x64__5dg5pnz03psnj\\app\\resources\\static\\node\\node_modules\\ganache-core\\lib\\subproviders\\requestfunnel.js:32:12)\n    at next (C:\\Program Files\\WindowsApps\\GanacheUI_2.5.4.0_x64__5dg5pnz03psnj\\app\\resources\\static\\node\\node_modules\\ganache-core\\node_modules\\web3-provider-engine\\index.js:136:18)\n    at Web3ProviderEngine._handleAsync (C:\\Program Files\\WindowsApps\\GanacheUI_2.5.4.0_x64__5dg5pnz03psnj\\app\\resources\\static\\node\\node_modules\\ganache-core\\node_modules\\web3-provider-engine\\index.js:123:3)\n    at Timeout._onTimeout (C:\\Program Files\\WindowsApps\\GanacheUI_2.5.4.0_x64__5dg5pnz03psnj\\app\\resources\\static\\node\\node_modules\\ganache-core\\node_modules\\web3-provider-engine\\index.js:107:12)\n    at listOnTimeout (internal/timers.js:531:17)\n    at processTimers (internal/timers.js:475:7)",
 <         "name": "Error"
 <       }
 <     }
 <   }
[2022/02/17 15:25:56.780] -  <   {
 <     "id": 1645140356740,
 <     "jsonrpc": "2.0",
 <     "result": true
 <   }
[2022/02/17 15:25:56.795] -  <   {
 <     "id": 1645140356741,
 <     "jsonrpc": "2.0",
 <     "result": true
 <   }
[2022/02/17 15:25:56.810] -  <   {
 <     "id": 1645140356742,
 <     "jsonrpc": "2.0",
 <     "result": true
 <   }
