[2022/02/17 15:43:25.702] - Starting server with initial configuration: {"gasLimit":6721975,"gasPrice":20000000000,"hardfork":"muirGlacier","hostname":"10.0.0.203","port":7545,"network_id":5777,"default_balance_ether":100,"total_accounts":10,"unlocked_accounts":[],"locked":true,"vmErrorsOnRPCResponse":true,"verbose":true,"db_path":"C:\\Users\\kyle\\AppData\\Roaming\\Ganache\\workspaces\\workspace-21722\\chaindata","logDirectory":"C:\\Users\\kyle\\OneDrive\\Documents\\GitHub\\truffle-plugin-verify\\Ganache Log File Directory"}
[2022/02/17 15:43:25.797] - eth_subscribe
[2022/02/17 15:43:25.798] -    > {
   >   "jsonrpc": "2.0",
   >   "id": 41,
   >   "method": "eth_subscribe",
   >   "params": [
   >     "newHeads"
   >   ]
   > }
[2022/02/17 15:43:25.799] - eth_getLogs
[2022/02/17 15:43:25.800] -    > {
   >   "jsonrpc": "2.0",
   >   "id": 42,
   >   "method": "eth_getLogs",
   >   "params": [
   >     {
   >       "topics": []
   >     }
   >   ]
   > }
[2022/02/17 15:43:25.801] - eth_subscribe
[2022/02/17 15:43:25.802] -    > {
   >   "jsonrpc": "2.0",
   >   "id": 43,
   >   "method": "eth_subscribe",
   >   "params": [
   >     "logs",
   >     {
   >       "topics": []
   >     }
   >   ]
   > }
[2022/02/17 15:43:25.803] -  <   {
 <     "id": 41,
 <     "jsonrpc": "2.0",
 <     "result": "0x1"
 <   }
[2022/02/17 15:43:25.807] -  <   {
 <     "id": 42,
 <     "jsonrpc": "2.0",
 <     "result": []
 <   }
[2022/02/17 15:43:25.812] -  <   {
 <     "id": 43,
 <     "jsonrpc": "2.0",
 <     "result": "0x2"
 <   }
[2022/02/17 15:43:25.828] - eth_subscribe
[2022/02/17 15:43:25.829] -    > {
   >   "jsonrpc": "2.0",
   >   "id": 44,
   >   "method": "eth_subscribe",
   >   "params": [
   >     "newHeads"
   >   ]
   > }
[2022/02/17 15:43:25.830] - eth_getLogs
[2022/02/17 15:43:25.830] -    > {
   >   "jsonrpc": "2.0",
   >   "id": 45,
   >   "method": "eth_getLogs",
   >   "params": [
   >     {
   >       "topics": []
   >     }
   >   ]
   > }
[2022/02/17 15:43:25.831] - eth_subscribe
[2022/02/17 15:43:25.832] -    > {
   >   "jsonrpc": "2.0",
   >   "id": 46,
   >   "method": "eth_subscribe",
   >   "params": [
   >     "logs",
   >     {
   >       "topics": []
   >     }
   >   ]
   > }
[2022/02/17 15:43:25.833] -  <   {
 <     "id": 44,
 <     "jsonrpc": "2.0",
 <     "result": "0x3"
 <   }
[2022/02/17 15:43:25.840] -  <   {
 <     "id": 45,
 <     "jsonrpc": "2.0",
 <     "result": []
 <   }
[2022/02/17 15:43:25.842] -  <   {
 <     "id": 46,
 <     "jsonrpc": "2.0",
 <     "result": "0x4"
 <   }
[2022/02/17 15:43:25.886] - eth_blockNumber
[2022/02/17 15:43:25.887] -    > {
   >   "jsonrpc": "2.0",
   >   "id": 483,
   >   "method": "eth_blockNumber",
   >   "params": [],
   >   "internal": true
   > }
[2022/02/17 15:43:25.888] - eth_accounts
[2022/02/17 15:43:25.889] -    > {
   >   "jsonrpc": "2.0",
   >   "id": 484,
   >   "method": "eth_accounts",
   >   "params": [],
   >   "internal": true
   > }
[2022/02/17 15:43:25.891] - eth_gasPrice
[2022/02/17 15:43:25.893] -    > {
   >   "jsonrpc": "2.0",
   >   "id": 485,
   >   "method": "eth_gasPrice",
   >   "params": [],
   >   "internal": true
   > }
[2022/02/17 15:43:25.894] -  <   {
 <     "id": 483,
 <     "jsonrpc": "2.0",
 <     "result": "0x0"
 <   }
[2022/02/17 15:43:25.895] - eth_blockNumber
[2022/02/17 15:43:25.896] -    > {
   >   "jsonrpc": "2.0",
   >   "id": 478,
   >   "method": "eth_blockNumber",
   >   "params": [],
   >   "internal": true
   > }
[2022/02/17 15:43:25.897] - eth_getBlockByNumber
[2022/02/17 15:43:25.898] -    > {
   >   "jsonrpc": "2.0",
   >   "id": 486,
   >   "method": "eth_getBlockByNumber",
   >   "params": [
   >     "latest",
   >     false
   >   ],
   >   "internal": true
   > }
[2022/02/17 15:43:25.899] - eth_accounts
[2022/02/17 15:43:25.900] -    > {
   >   "jsonrpc": "2.0",
   >   "id": 479,
   >   "method": "eth_accounts",
   >   "params": [],
   >   "internal": true
   > }
[2022/02/17 15:43:25.900] -  <   {
 <     "id": 484,
 <     "jsonrpc": "2.0",
 <     "result": [
 <       "0xcb256dc99a7a8c41435452c00589de09f92f0f8e",
 <       "0x64e49d53f97e4e4ef7b603e508be0a8707f36a60",
 <       "0x0329f1567786ce4f28cc9d12e564d6440ee87692",
 <       "0x98ae5e68474380b96e4e28d114295eaccff9b9da",
 <       "0xa0e5df176a43e30db30f3a7cf11c174b218d21a4",
 <       "0xafbf75f3c3abaa691a9c460b37cf6ca00a0630fa",
 <       "0xa765a241143066b4286105fa9160219535ff2981",
 <       "0x6d2976f7fd0e7c06b7e360d6958c00396d8d799c",
 <       "0x43249a45596ebaf71609f5087cf23238c97a10d0",
 <       "0x7cda73f55e3814bff4ff66f00aae03f0c6177da5"
 <     ]
 <   }
[2022/02/17 15:43:25.902] - eth_subscribe
[2022/02/17 15:43:25.903] -    > {
   >   "jsonrpc": "2.0",
   >   "id": 487,
   >   "method": "eth_subscribe",
   >   "params": [
   >     "newHeads"
   >   ],
   >   "internal": true
   > }
[2022/02/17 15:43:25.905] - eth_gasPrice
[2022/02/17 15:43:25.907] -    > {
   >   "jsonrpc": "2.0",
   >   "id": 480,
   >   "method": "eth_gasPrice",
   >   "params": [],
   >   "internal": true
   > }
[2022/02/17 15:43:25.908] -  <   {
 <     "id": 485,
 <     "jsonrpc": "2.0",
 <     "result": "0x4a817c800"
 <   }
[2022/02/17 15:43:25.911] - eth_getBlockByNumber
[2022/02/17 15:43:25.911] -    > {
   >   "jsonrpc": "2.0",
   >   "id": 481,
   >   "method": "eth_getBlockByNumber",
   >   "params": [
   >     "latest",
   >     false
   >   ],
   >   "internal": true
   > }
[2022/02/17 15:43:25.912] -  <   {
 <     "id": 478,
 <     "jsonrpc": "2.0",
 <     "result": "0x0"
 <   }
[2022/02/17 15:43:25.914] - eth_accounts
[2022/02/17 15:43:25.915] -    > {
   >   "jsonrpc": "2.0",
   >   "id": 488,
   >   "method": "eth_accounts",
   >   "params": [],
   >   "internal": true
   > }
[2022/02/17 15:43:25.917] - eth_subscribe
[2022/02/17 15:43:25.918] -    > {
   >   "jsonrpc": "2.0",
   >   "id": 482,
   >   "method": "eth_subscribe",
   >   "params": [
   >     "newHeads"
   >   ],
   >   "internal": true
   > }
[2022/02/17 15:43:25.920] -  <   {
 <     "id": 486,
 <     "jsonrpc": "2.0",
 <     "result": {
 <       "number": "0x0",
 <       "hash": "0x525e56a2185e525547d358c2e4fd6866183ac35cc0cab197680c6d6728856b43",
 <       "parentHash": "0x0000000000000000000000000000000000000000000000000000000000000000",
 <       "mixHash": "0x0000000000000000000000000000000000000000000000000000000000000000",
 <       "nonce": "0x0000000000000000",
 <       "sha3Uncles": "0x1dcc4de8dec75d7aab85b567b6ccd41ad312451b948a7413f0a142fd40d49347",
 <       "logsBloom": "0x00000000000000000000000000000000000000000000000000000000000000000000000000000000000000000000000000000000000000000000000000000000000000000000000000000000000000000000000000000000000000000000000000000000000000000000000000000000000000000000000000000000000000000000000000000000000000000000000000000000000000000000000000000000000000000000000000000000000000000000000000000000000000000000000000000000000000000000000000000000000000000000000000000000000000000000000000000000000000000000000000000000000000000000000000000000",
 <       "transactionsRoot": "0x56e81f171bcc55a6ff8345e692c0f86e5b48e01b996cadc001622fb5e363b421",
 <       "stateRoot": "0x854b93ffeb26c480d94c0bab1c39d845054b0bd69a996e7a132537b1ac008fda",
 <       "receiptsRoot": "0x56e81f171bcc55a6ff8345e692c0f86e5b48e01b996cadc001622fb5e363b421",
 <       "miner": "0x0000000000000000000000000000000000000000",
 <       "difficulty": "0x0",
 <       "totalDifficulty": "0x0",
 <       "extraData": "0x",
 <       "size": "0x3e8",
 <       "gasLimit": "0x6691b7",
 <       "gasUsed": "0x0",
 <       "timestamp": "0x620ec77f",
 <       "transactions": [],
 <       "uncles": []
 <     }
 <   }
[2022/02/17 15:43:25.927] - eth_getBalance
[2022/02/17 15:43:25.928] -    > {
   >   "jsonrpc": "2.0",
   >   "id": 489,
   >   "method": "eth_getBalance",
   >   "params": [
   >     "0xcb256dc99a7a8c41435452c00589de09f92f0f8e",
   >     "latest"
   >   ],
   >   "internal": true
   > }
[2022/02/17 15:43:25.929] -  <   {
 <     "id": 479,
 <     "jsonrpc": "2.0",
 <     "result": [
 <       "0xcb256dc99a7a8c41435452c00589de09f92f0f8e",
 <       "0x64e49d53f97e4e4ef7b603e508be0a8707f36a60",
 <       "0x0329f1567786ce4f28cc9d12e564d6440ee87692",
 <       "0x98ae5e68474380b96e4e28d114295eaccff9b9da",
 <       "0xa0e5df176a43e30db30f3a7cf11c174b218d21a4",
 <       "0xafbf75f3c3abaa691a9c460b37cf6ca00a0630fa",
 <       "0xa765a241143066b4286105fa9160219535ff2981",
 <       "0x6d2976f7fd0e7c06b7e360d6958c00396d8d799c",
 <       "0x43249a45596ebaf71609f5087cf23238c97a10d0",
 <       "0x7cda73f55e3814bff4ff66f00aae03f0c6177da5"
 <     ]
 <   }
[2022/02/17 15:43:25.930] - eth_getTransactionCount
[2022/02/17 15:43:25.931] -    > {
   >   "jsonrpc": "2.0",
   >   "id": 490,
   >   "method": "eth_getTransactionCount",
   >   "params": [
   >     "0xcb256dc99a7a8c41435452c00589de09f92f0f8e",
   >     "latest"
   >   ],
   >   "internal": true
   > }
[2022/02/17 15:43:25.932] -  <   {
 <     "id": 487,
 <     "jsonrpc": "2.0",
 <     "result": "0x5"
 <   }
[2022/02/17 15:43:25.937] - eth_getBalance
[2022/02/17 15:43:25.938] -    > {
   >   "jsonrpc": "2.0",
   >   "id": 491,
   >   "method": "eth_getBalance",
   >   "params": [
   >     "0x64e49d53f97e4e4ef7b603e508be0a8707f36a60",
   >     "latest"
   >   ],
   >   "internal": true
   > }
[2022/02/17 15:43:25.940] -  <   {
 <     "id": 480,
 <     "jsonrpc": "2.0",
 <     "result": "0x4a817c800"
 <   }
[2022/02/17 15:43:25.941] - eth_getTransactionCount
[2022/02/17 15:43:25.942] -    > {
   >   "jsonrpc": "2.0",
   >   "id": 492,
   >   "method": "eth_getTransactionCount",
   >   "params": [
   >     "0x64e49d53f97e4e4ef7b603e508be0a8707f36a60",
   >     "latest"
   >   ],
   >   "internal": true
   > }
[2022/02/17 15:43:25.943] -  <   {
 <     "id": 481,
 <     "jsonrpc": "2.0",
 <     "result": {
 <       "number": "0x0",
 <       "hash": "0x525e56a2185e525547d358c2e4fd6866183ac35cc0cab197680c6d6728856b43",
 <       "parentHash": "0x0000000000000000000000000000000000000000000000000000000000000000",
 <       "mixHash": "0x0000000000000000000000000000000000000000000000000000000000000000",
 <       "nonce": "0x0000000000000000",
 <       "sha3Uncles": "0x1dcc4de8dec75d7aab85b567b6ccd41ad312451b948a7413f0a142fd40d49347",
 <       "logsBloom": "0x00000000000000000000000000000000000000000000000000000000000000000000000000000000000000000000000000000000000000000000000000000000000000000000000000000000000000000000000000000000000000000000000000000000000000000000000000000000000000000000000000000000000000000000000000000000000000000000000000000000000000000000000000000000000000000000000000000000000000000000000000000000000000000000000000000000000000000000000000000000000000000000000000000000000000000000000000000000000000000000000000000000000000000000000000000000",
 <       "transactionsRoot": "0x56e81f171bcc55a6ff8345e692c0f86e5b48e01b996cadc001622fb5e363b421",
 <       "stateRoot": "0x854b93ffeb26c480d94c0bab1c39d845054b0bd69a996e7a132537b1ac008fda",
 <       "receiptsRoot": "0x56e81f171bcc55a6ff8345e692c0f86e5b48e01b996cadc001622fb5e363b421",
 <       "miner": "0x0000000000000000000000000000000000000000",
 <       "difficulty": "0x0",
 <       "totalDifficulty": "0x0",
 <       "extraData": "0x",
 <       "size": "0x3e8",
 <       "gasLimit": "0x6691b7",
 <       "gasUsed": "0x0",
 <       "timestamp": "0x620ec77f",
 <       "transactions": [],
 <       "uncles": []
 <     }
 <   }
[2022/02/17 15:43:25.945] -  <   {
 <     "id": 488,
 <     "jsonrpc": "2.0",
 <     "result": [
 <       "0xcb256dc99a7a8c41435452c00589de09f92f0f8e",
 <       "0x64e49d53f97e4e4ef7b603e508be0a8707f36a60",
 <       "0x0329f1567786ce4f28cc9d12e564d6440ee87692",
 <       "0x98ae5e68474380b96e4e28d114295eaccff9b9da",
 <       "0xa0e5df176a43e30db30f3a7cf11c174b218d21a4",
 <       "0xafbf75f3c3abaa691a9c460b37cf6ca00a0630fa",
 <       "0xa765a241143066b4286105fa9160219535ff2981",
 <       "0x6d2976f7fd0e7c06b7e360d6958c00396d8d799c",
 <       "0x43249a45596ebaf71609f5087cf23238c97a10d0",
 <       "0x7cda73f55e3814bff4ff66f00aae03f0c6177da5"
 <     ]
 <   }
[2022/02/17 15:43:25.946] - eth_getBalance
[2022/02/17 15:43:25.947] -    > {
   >   "jsonrpc": "2.0",
   >   "id": 493,
   >   "method": "eth_getBalance",
   >   "params": [
   >     "0x0329f1567786ce4f28cc9d12e564d6440ee87692",
   >     "latest"
   >   ],
   >   "internal": true
   > }
[2022/02/17 15:43:25.948] -  <   {
 <     "id": 482,
 <     "jsonrpc": "2.0",
 <     "result": "0x6"
 <   }
[2022/02/17 15:43:25.951] - eth_getTransactionCount
[2022/02/17 15:43:25.952] -    > {
   >   "jsonrpc": "2.0",
   >   "id": 494,
   >   "method": "eth_getTransactionCount",
   >   "params": [
   >     "0x0329f1567786ce4f28cc9d12e564d6440ee87692",
   >     "latest"
   >   ],
   >   "internal": true
   > }
[2022/02/17 15:43:25.954] - eth_getBalance
[2022/02/17 15:43:25.954] -    > {
   >   "jsonrpc": "2.0",
   >   "id": 495,
   >   "method": "eth_getBalance",
   >   "params": [
   >     "0x98ae5e68474380b96e4e28d114295eaccff9b9da",
   >     "latest"
   >   ],
   >   "internal": true
   > }
[2022/02/17 15:43:25.957] - eth_getTransactionCount
[2022/02/17 15:43:25.958] -    > {
   >   "jsonrpc": "2.0",
   >   "id": 496,
   >   "method": "eth_getTransactionCount",
   >   "params": [
   >     "0x98ae5e68474380b96e4e28d114295eaccff9b9da",
   >     "latest"
   >   ],
   >   "internal": true
   > }
[2022/02/17 15:43:25.961] - eth_getBalance
[2022/02/17 15:43:25.962] -    > {
   >   "jsonrpc": "2.0",
   >   "id": 497,
   >   "method": "eth_getBalance",
   >   "params": [
   >     "0xa0e5df176a43e30db30f3a7cf11c174b218d21a4",
   >     "latest"
   >   ],
   >   "internal": true
   > }
[2022/02/17 15:43:25.964] - eth_getTransactionCount
[2022/02/17 15:43:25.964] -    > {
   >   "jsonrpc": "2.0",
   >   "id": 498,
   >   "method": "eth_getTransactionCount",
   >   "params": [
   >     "0xa0e5df176a43e30db30f3a7cf11c174b218d21a4",
   >     "latest"
   >   ],
   >   "internal": true
   > }
[2022/02/17 15:43:25.966] - eth_getBalance
[2022/02/17 15:43:25.967] -    > {
   >   "jsonrpc": "2.0",
   >   "id": 499,
   >   "method": "eth_getBalance",
   >   "params": [
   >     "0xafbf75f3c3abaa691a9c460b37cf6ca00a0630fa",
   >     "latest"
   >   ],
   >   "internal": true
   > }
[2022/02/17 15:43:25.970] -  <   {
 <     "id": 489,
 <     "jsonrpc": "2.0",
 <     "result": "0x56bc75e2d63100000"
 <   }
[2022/02/17 15:43:25.975] -  <   {
 <     "id": 490,
 <     "jsonrpc": "2.0",
 <     "result": "0x0"
 <   }
[2022/02/17 15:43:25.976] - eth_getTransactionCount
[2022/02/17 15:43:25.976] -    > {
   >   "jsonrpc": "2.0",
   >   "id": 500,
   >   "method": "eth_getTransactionCount",
   >   "params": [
   >     "0xafbf75f3c3abaa691a9c460b37cf6ca00a0630fa",
   >     "latest"
   >   ],
   >   "internal": true
   > }
[2022/02/17 15:43:25.977] - eth_getBalance
[2022/02/17 15:43:25.978] -    > {
   >   "jsonrpc": "2.0",
   >   "id": 501,
   >   "method": "eth_getBalance",
   >   "params": [
   >     "0xa765a241143066b4286105fa9160219535ff2981",
   >     "latest"
   >   ],
   >   "internal": true
   > }
[2022/02/17 15:43:25.981] -  <   {
 <     "id": 491,
 <     "jsonrpc": "2.0",
 <     "result": "0x56bc75e2d63100000"
 <   }
[2022/02/17 15:43:25.982] - eth_getTransactionCount
[2022/02/17 15:43:25.983] -    > {
   >   "jsonrpc": "2.0",
   >   "id": 502,
   >   "method": "eth_getTransactionCount",
   >   "params": [
   >     "0xa765a241143066b4286105fa9160219535ff2981",
   >     "latest"
   >   ],
   >   "internal": true
   > }
[2022/02/17 15:43:25.985] -  <   {
 <     "id": 492,
 <     "jsonrpc": "2.0",
 <     "result": "0x0"
 <   }
[2022/02/17 15:43:25.992] - eth_getBalance
[2022/02/17 15:43:25.993] -    > {
   >   "jsonrpc": "2.0",
   >   "id": 503,
   >   "method": "eth_getBalance",
   >   "params": [
   >     "0x6d2976f7fd0e7c06b7e360d6958c00396d8d799c",
   >     "latest"
   >   ],
   >   "internal": true
   > }
[2022/02/17 15:43:25.994] - eth_getTransactionCount
[2022/02/17 15:43:25.995] -    > {
   >   "jsonrpc": "2.0",
   >   "id": 504,
   >   "method": "eth_getTransactionCount",
   >   "params": [
   >     "0x6d2976f7fd0e7c06b7e360d6958c00396d8d799c",
   >     "latest"
   >   ],
   >   "internal": true
   > }
[2022/02/17 15:43:25.996] -  <   {
 <     "id": 493,
 <     "jsonrpc": "2.0",
 <     "result": "0x56bc75e2d63100000"
 <   }
[2022/02/17 15:43:25.999] - eth_getBalance
[2022/02/17 15:43:26.000] -    > {
   >   "jsonrpc": "2.0",
   >   "id": 505,
   >   "method": "eth_getBalance",
   >   "params": [
   >     "0x43249a45596ebaf71609f5087cf23238c97a10d0",
   >     "latest"
   >   ],
   >   "internal": true
   > }
[2022/02/17 15:43:26.002] -  <   {
 <     "id": 494,
 <     "jsonrpc": "2.0",
 <     "result": "0x0"
 <   }
[2022/02/17 15:43:26.005] - eth_getTransactionCount
[2022/02/17 15:43:26.007] -    > {
   >   "jsonrpc": "2.0",
   >   "id": 506,
   >   "method": "eth_getTransactionCount",
   >   "params": [
   >     "0x43249a45596ebaf71609f5087cf23238c97a10d0",
   >     "latest"
   >   ],
   >   "internal": true
   > }
[2022/02/17 15:43:26.009] - eth_getBalance
[2022/02/17 15:43:26.010] -    > {
   >   "jsonrpc": "2.0",
   >   "id": 507,
   >   "method": "eth_getBalance",
   >   "params": [
   >     "0x7cda73f55e3814bff4ff66f00aae03f0c6177da5",
   >     "latest"
   >   ],
   >   "internal": true
   > }
[2022/02/17 15:43:26.016] - eth_getTransactionCount
[2022/02/17 15:43:26.017] -    > {
   >   "jsonrpc": "2.0",
   >   "id": 508,
   >   "method": "eth_getTransactionCount",
   >   "params": [
   >     "0x7cda73f55e3814bff4ff66f00aae03f0c6177da5",
   >     "latest"
   >   ],
   >   "internal": true
   > }
[2022/02/17 15:43:26.018] -  <   {
 <     "id": 495,
 <     "jsonrpc": "2.0",
 <     "result": "0x56bc75e2d63100000"
 <   }
[2022/02/17 15:43:26.030] -  <   {
 <     "id": 496,
 <     "jsonrpc": "2.0",
 <     "result": "0x0"
 <   }
[2022/02/17 15:43:26.063] -  <   {
 <     "id": 497,
 <     "jsonrpc": "2.0",
 <     "result": "0x56bc75e2d63100000"
 <   }
[2022/02/17 15:43:26.070] -  <   {
 <     "id": 498,
 <     "jsonrpc": "2.0",
 <     "result": "0x0"
 <   }
[2022/02/17 15:43:26.074] - eth_getBalance
[2022/02/17 15:43:26.075] -    > {
   >   "jsonrpc": "2.0",
   >   "id": 510,
   >   "method": "eth_getBalance",
   >   "params": [
   >     "0xcb256dc99a7a8c41435452c00589de09f92f0f8e",
   >     "latest"
   >   ],
   >   "internal": true
   > }
[2022/02/17 15:43:26.076] - eth_getTransactionCount
[2022/02/17 15:43:26.077] -    > {
   >   "jsonrpc": "2.0",
   >   "id": 511,
   >   "method": "eth_getTransactionCount",
   >   "params": [
   >     "0xcb256dc99a7a8c41435452c00589de09f92f0f8e",
   >     "latest"
   >   ],
   >   "internal": true
   > }
[2022/02/17 15:43:26.079] - eth_getBalance
[2022/02/17 15:43:26.080] -    > {
   >   "jsonrpc": "2.0",
   >   "id": 512,
   >   "method": "eth_getBalance",
   >   "params": [
   >     "0x64e49d53f97e4e4ef7b603e508be0a8707f36a60",
   >     "latest"
   >   ],
   >   "internal": true
   > }
[2022/02/17 15:43:26.080] - eth_getTransactionCount
[2022/02/17 15:43:26.081] -    > {
   >   "jsonrpc": "2.0",
   >   "id": 513,
   >   "method": "eth_getTransactionCount",
   >   "params": [
   >     "0x64e49d53f97e4e4ef7b603e508be0a8707f36a60",
   >     "latest"
   >   ],
   >   "internal": true
   > }
[2022/02/17 15:43:26.083] -  <   {
 <     "id": 499,
 <     "jsonrpc": "2.0",
 <     "result": "0x56bc75e2d63100000"
 <   }
[2022/02/17 15:43:26.085] -  <   {
 <     "id": 500,
 <     "jsonrpc": "2.0",
 <     "result": "0x0"
 <   }
[2022/02/17 15:43:26.086] - eth_getBalance
[2022/02/17 15:43:26.086] -    > {
   >   "jsonrpc": "2.0",
   >   "id": 514,
   >   "method": "eth_getBalance",
   >   "params": [
   >     "0x0329f1567786ce4f28cc9d12e564d6440ee87692",
   >     "latest"
   >   ],
   >   "internal": true
   > }
[2022/02/17 15:43:26.087] - eth_getTransactionCount
[2022/02/17 15:43:26.088] -    > {
   >   "jsonrpc": "2.0",
   >   "id": 515,
   >   "method": "eth_getTransactionCount",
   >   "params": [
   >     "0x0329f1567786ce4f28cc9d12e564d6440ee87692",
   >     "latest"
   >   ],
   >   "internal": true
   > }
[2022/02/17 15:43:26.091] -  <   {
 <     "id": 501,
 <     "jsonrpc": "2.0",
 <     "result": "0x56bc75e2d63100000"
 <   }
[2022/02/17 15:43:26.092] - eth_getBalance
[2022/02/17 15:43:26.092] -    > {
   >   "jsonrpc": "2.0",
   >   "id": 516,
   >   "method": "eth_getBalance",
   >   "params": [
   >     "0x98ae5e68474380b96e4e28d114295eaccff9b9da",
   >     "latest"
   >   ],
   >   "internal": true
   > }
[2022/02/17 15:43:26.094] -  <   {
 <     "id": 502,
 <     "jsonrpc": "2.0",
 <     "result": "0x0"
 <   }
[2022/02/17 15:43:26.095] - eth_getTransactionCount
[2022/02/17 15:43:26.095] -    > {
   >   "jsonrpc": "2.0",
   >   "id": 517,
   >   "method": "eth_getTransactionCount",
   >   "params": [
   >     "0x98ae5e68474380b96e4e28d114295eaccff9b9da",
   >     "latest"
   >   ],
   >   "internal": true
   > }
[2022/02/17 15:43:26.106] - eth_getBalance
[2022/02/17 15:43:26.107] -    > {
   >   "jsonrpc": "2.0",
   >   "id": 518,
   >   "method": "eth_getBalance",
   >   "params": [
   >     "0xa0e5df176a43e30db30f3a7cf11c174b218d21a4",
   >     "latest"
   >   ],
   >   "internal": true
   > }
[2022/02/17 15:43:26.108] - eth_getTransactionCount
[2022/02/17 15:43:26.108] -    > {
   >   "jsonrpc": "2.0",
   >   "id": 519,
   >   "method": "eth_getTransactionCount",
   >   "params": [
   >     "0xa0e5df176a43e30db30f3a7cf11c174b218d21a4",
   >     "latest"
   >   ],
   >   "internal": true
   > }
[2022/02/17 15:43:26.109] - eth_getBalance
[2022/02/17 15:43:26.110] -    > {
   >   "jsonrpc": "2.0",
   >   "id": 520,
   >   "method": "eth_getBalance",
   >   "params": [
   >     "0xafbf75f3c3abaa691a9c460b37cf6ca00a0630fa",
   >     "latest"
   >   ],
   >   "internal": true
   > }
[2022/02/17 15:43:26.111] - eth_getTransactionCount
[2022/02/17 15:43:26.112] -    > {
   >   "jsonrpc": "2.0",
   >   "id": 521,
   >   "method": "eth_getTransactionCount",
   >   "params": [
   >     "0xafbf75f3c3abaa691a9c460b37cf6ca00a0630fa",
   >     "latest"
   >   ],
   >   "internal": true
   > }
[2022/02/17 15:43:26.113] -  <   {
 <     "id": 503,
 <     "jsonrpc": "2.0",
 <     "result": "0x56bc75e2d63100000"
 <   }
[2022/02/17 15:43:26.115] -  <   {
 <     "id": 504,
 <     "jsonrpc": "2.0",
 <     "result": "0x0"
 <   }
[2022/02/17 15:43:26.116] - eth_getBalance
[2022/02/17 15:43:26.117] -    > {
   >   "jsonrpc": "2.0",
   >   "id": 522,
   >   "method": "eth_getBalance",
   >   "params": [
   >     "0xa765a241143066b4286105fa9160219535ff2981",
   >     "latest"
   >   ],
   >   "internal": true
   > }
[2022/02/17 15:43:26.119] - eth_getTransactionCount
[2022/02/17 15:43:26.119] -    > {
   >   "jsonrpc": "2.0",
   >   "id": 523,
   >   "method": "eth_getTransactionCount",
   >   "params": [
   >     "0xa765a241143066b4286105fa9160219535ff2981",
   >     "latest"
   >   ],
   >   "internal": true
   > }
[2022/02/17 15:43:26.121] -  <   {
 <     "id": 505,
 <     "jsonrpc": "2.0",
 <     "result": "0x56bc75e2d63100000"
 <   }
[2022/02/17 15:43:26.126] -  <   {
 <     "id": 506,
 <     "jsonrpc": "2.0",
 <     "result": "0x0"
 <   }
[2022/02/17 15:43:26.129] - eth_getBalance
[2022/02/17 15:43:26.130] -    > {
   >   "jsonrpc": "2.0",
   >   "id": 524,
   >   "method": "eth_getBalance",
   >   "params": [
   >     "0x6d2976f7fd0e7c06b7e360d6958c00396d8d799c",
   >     "latest"
   >   ],
   >   "internal": true
   > }
[2022/02/17 15:43:26.131] - eth_getTransactionCount
[2022/02/17 15:43:26.132] -    > {
   >   "jsonrpc": "2.0",
   >   "id": 525,
   >   "method": "eth_getTransactionCount",
   >   "params": [
   >     "0x6d2976f7fd0e7c06b7e360d6958c00396d8d799c",
   >     "latest"
   >   ],
   >   "internal": true
   > }
[2022/02/17 15:43:26.133] - eth_getBalance
[2022/02/17 15:43:26.134] -    > {
   >   "jsonrpc": "2.0",
   >   "id": 526,
   >   "method": "eth_getBalance",
   >   "params": [
   >     "0x43249a45596ebaf71609f5087cf23238c97a10d0",
   >     "latest"
   >   ],
   >   "internal": true
   > }
[2022/02/17 15:43:26.135] -  <   {
 <     "id": 507,
 <     "jsonrpc": "2.0",
 <     "result": "0x56bc75e2d63100000"
 <   }
[2022/02/17 15:43:26.137] - eth_getTransactionCount
[2022/02/17 15:43:26.138] -    > {
   >   "jsonrpc": "2.0",
   >   "id": 527,
   >   "method": "eth_getTransactionCount",
   >   "params": [
   >     "0x43249a45596ebaf71609f5087cf23238c97a10d0",
   >     "latest"
   >   ],
   >   "internal": true
   > }
[2022/02/17 15:43:26.141] -  <   {
 <     "id": 508,
 <     "jsonrpc": "2.0",
 <     "result": "0x0"
 <   }
[2022/02/17 15:43:26.143] -  <   {
 <     "id": 510,
 <     "jsonrpc": "2.0",
 <     "result": "0x56bc75e2d63100000"
 <   }
[2022/02/17 15:43:26.144] - eth_getBalance
[2022/02/17 15:43:26.145] -    > {
   >   "jsonrpc": "2.0",
   >   "id": 528,
   >   "method": "eth_getBalance",
   >   "params": [
   >     "0x7cda73f55e3814bff4ff66f00aae03f0c6177da5",
   >     "latest"
   >   ],
   >   "internal": true
   > }
[2022/02/17 15:43:26.146] - eth_getTransactionCount
[2022/02/17 15:43:26.146] -    > {
   >   "jsonrpc": "2.0",
   >   "id": 529,
   >   "method": "eth_getTransactionCount",
   >   "params": [
   >     "0x7cda73f55e3814bff4ff66f00aae03f0c6177da5",
   >     "latest"
   >   ],
   >   "internal": true
   > }
[2022/02/17 15:43:26.148] -  <   {
 <     "id": 511,
 <     "jsonrpc": "2.0",
 <     "result": "0x0"
 <   }
[2022/02/17 15:43:26.151] -  <   {
 <     "id": 512,
 <     "jsonrpc": "2.0",
 <     "result": "0x56bc75e2d63100000"
 <   }
[2022/02/17 15:43:26.151] - eth_getBalance
[2022/02/17 15:43:26.152] -    > {
   >   "jsonrpc": "2.0",
   >   "id": 530,
   >   "method": "eth_getBalance",
   >   "params": [
   >     "0xcb256dc99a7a8c41435452c00589de09f92f0f8e",
   >     "latest"
   >   ],
   >   "internal": true
   > }
[2022/02/17 15:43:26.153] - eth_getTransactionCount
[2022/02/17 15:43:26.153] -    > {
   >   "jsonrpc": "2.0",
   >   "id": 531,
   >   "method": "eth_getTransactionCount",
   >   "params": [
   >     "0xcb256dc99a7a8c41435452c00589de09f92f0f8e",
   >     "latest"
   >   ],
   >   "internal": true
   > }
[2022/02/17 15:43:26.156] -  <   {
 <     "id": 513,
 <     "jsonrpc": "2.0",
 <     "result": "0x0"
 <   }
[2022/02/17 15:43:26.157] - eth_getBalance
[2022/02/17 15:43:26.158] -    > {
   >   "jsonrpc": "2.0",
   >   "id": 532,
   >   "method": "eth_getBalance",
   >   "params": [
   >     "0x64e49d53f97e4e4ef7b603e508be0a8707f36a60",
   >     "latest"
   >   ],
   >   "internal": true
   > }
[2022/02/17 15:43:26.159] -  <   {
 <     "id": 514,
 <     "jsonrpc": "2.0",
 <     "result": "0x56bc75e2d63100000"
 <   }
[2022/02/17 15:43:26.160] - eth_getTransactionCount
[2022/02/17 15:43:26.161] -    > {
   >   "jsonrpc": "2.0",
   >   "id": 533,
   >   "method": "eth_getTransactionCount",
   >   "params": [
   >     "0x64e49d53f97e4e4ef7b603e508be0a8707f36a60",
   >     "latest"
   >   ],
   >   "internal": true
   > }
[2022/02/17 15:43:26.163] -  <   {
 <     "id": 515,
 <     "jsonrpc": "2.0",
 <     "result": "0x0"
 <   }
[2022/02/17 15:43:26.164] - eth_getBalance
[2022/02/17 15:43:26.164] -    > {
   >   "jsonrpc": "2.0",
   >   "id": 534,
   >   "method": "eth_getBalance",
   >   "params": [
   >     "0x0329f1567786ce4f28cc9d12e564d6440ee87692",
   >     "latest"
   >   ],
   >   "internal": true
   > }
[2022/02/17 15:43:26.166] -  <   {
 <     "id": 516,
 <     "jsonrpc": "2.0",
 <     "result": "0x56bc75e2d63100000"
 <   }
[2022/02/17 15:43:26.166] - eth_getTransactionCount
[2022/02/17 15:43:26.167] -    > {
   >   "jsonrpc": "2.0",
   >   "id": 535,
   >   "method": "eth_getTransactionCount",
   >   "params": [
   >     "0x0329f1567786ce4f28cc9d12e564d6440ee87692",
   >     "latest"
   >   ],
   >   "internal": true
   > }
[2022/02/17 15:43:26.169] -  <   {
 <     "id": 517,
 <     "jsonrpc": "2.0",
 <     "result": "0x0"
 <   }
[2022/02/17 15:43:26.170] - eth_getBalance
[2022/02/17 15:43:26.170] -    > {
   >   "jsonrpc": "2.0",
   >   "id": 536,
   >   "method": "eth_getBalance",
   >   "params": [
   >     "0x98ae5e68474380b96e4e28d114295eaccff9b9da",
   >     "latest"
   >   ],
   >   "internal": true
   > }
[2022/02/17 15:43:26.174] -  <   {
 <     "id": 518,
 <     "jsonrpc": "2.0",
 <     "result": "0x56bc75e2d63100000"
 <   }
[2022/02/17 15:43:26.175] - eth_getTransactionCount
[2022/02/17 15:43:26.175] -    > {
   >   "jsonrpc": "2.0",
   >   "id": 537,
   >   "method": "eth_getTransactionCount",
   >   "params": [
   >     "0x98ae5e68474380b96e4e28d114295eaccff9b9da",
   >     "latest"
   >   ],
   >   "internal": true
   > }
[2022/02/17 15:43:26.177] -  <   {
 <     "id": 519,
 <     "jsonrpc": "2.0",
 <     "result": "0x0"
 <   }
[2022/02/17 15:43:26.178] - eth_getBalance
[2022/02/17 15:43:26.179] -    > {
   >   "jsonrpc": "2.0",
   >   "id": 538,
   >   "method": "eth_getBalance",
   >   "params": [
   >     "0xa0e5df176a43e30db30f3a7cf11c174b218d21a4",
   >     "latest"
   >   ],
   >   "internal": true
   > }
[2022/02/17 15:43:26.181] -  <   {
 <     "id": 520,
 <     "jsonrpc": "2.0",
 <     "result": "0x56bc75e2d63100000"
 <   }
[2022/02/17 15:43:26.182] - eth_getTransactionCount
[2022/02/17 15:43:26.182] -    > {
   >   "jsonrpc": "2.0",
   >   "id": 539,
   >   "method": "eth_getTransactionCount",
   >   "params": [
   >     "0xa0e5df176a43e30db30f3a7cf11c174b218d21a4",
   >     "latest"
   >   ],
   >   "internal": true
   > }
[2022/02/17 15:43:26.185] -  <   {
 <     "id": 521,
 <     "jsonrpc": "2.0",
 <     "result": "0x0"
 <   }
[2022/02/17 15:43:26.185] - eth_getBalance
[2022/02/17 15:43:26.186] -    > {
   >   "jsonrpc": "2.0",
   >   "id": 540,
   >   "method": "eth_getBalance",
   >   "params": [
   >     "0xafbf75f3c3abaa691a9c460b37cf6ca00a0630fa",
   >     "latest"
   >   ],
   >   "internal": true
   > }
[2022/02/17 15:43:26.187] - eth_getTransactionCount
[2022/02/17 15:43:26.188] -    > {
   >   "jsonrpc": "2.0",
   >   "id": 541,
   >   "method": "eth_getTransactionCount",
   >   "params": [
   >     "0xafbf75f3c3abaa691a9c460b37cf6ca00a0630fa",
   >     "latest"
   >   ],
   >   "internal": true
   > }
[2022/02/17 15:43:26.190] -  <   {
 <     "id": 522,
 <     "jsonrpc": "2.0",
 <     "result": "0x56bc75e2d63100000"
 <   }
[2022/02/17 15:43:26.198] -  <   {
 <     "id": 523,
 <     "jsonrpc": "2.0",
 <     "result": "0x0"
 <   }
[2022/02/17 15:43:26.199] - eth_getBalance
[2022/02/17 15:43:26.200] -    > {
   >   "jsonrpc": "2.0",
   >   "id": 542,
   >   "method": "eth_getBalance",
   >   "params": [
   >     "0xa765a241143066b4286105fa9160219535ff2981",
   >     "latest"
   >   ],
   >   "internal": true
   > }
[2022/02/17 15:43:26.201] - eth_getTransactionCount
[2022/02/17 15:43:26.202] -    > {
   >   "jsonrpc": "2.0",
   >   "id": 543,
   >   "method": "eth_getTransactionCount",
   >   "params": [
   >     "0xa765a241143066b4286105fa9160219535ff2981",
   >     "latest"
   >   ],
   >   "internal": true
   > }
[2022/02/17 15:43:26.204] -  <   {
 <     "id": 524,
 <     "jsonrpc": "2.0",
 <     "result": "0x56bc75e2d63100000"
 <   }
[2022/02/17 15:43:26.205] - eth_getBalance
[2022/02/17 15:43:26.209] -    > {
   >   "jsonrpc": "2.0",
   >   "id": 544,
   >   "method": "eth_getBalance",
   >   "params": [
   >     "0x6d2976f7fd0e7c06b7e360d6958c00396d8d799c",
   >     "latest"
   >   ],
   >   "internal": true
   > }
[2022/02/17 15:43:26.210] - eth_getTransactionCount
[2022/02/17 15:43:26.211] -    > {
   >   "jsonrpc": "2.0",
   >   "id": 545,
   >   "method": "eth_getTransactionCount",
   >   "params": [
   >     "0x6d2976f7fd0e7c06b7e360d6958c00396d8d799c",
   >     "latest"
   >   ],
   >   "internal": true
   > }
[2022/02/17 15:43:26.212] - eth_getBalance
[2022/02/17 15:43:26.212] -    > {
   >   "jsonrpc": "2.0",
   >   "id": 546,
   >   "method": "eth_getBalance",
   >   "params": [
   >     "0x43249a45596ebaf71609f5087cf23238c97a10d0",
   >     "latest"
   >   ],
   >   "internal": true
   > }
[2022/02/17 15:43:26.213] - eth_getTransactionCount
[2022/02/17 15:43:26.214] -    > {
   >   "jsonrpc": "2.0",
   >   "id": 547,
   >   "method": "eth_getTransactionCount",
   >   "params": [
   >     "0x43249a45596ebaf71609f5087cf23238c97a10d0",
   >     "latest"
   >   ],
   >   "internal": true
   > }
[2022/02/17 15:43:26.216] -  <   {
 <     "id": 525,
 <     "jsonrpc": "2.0",
 <     "result": "0x0"
 <   }
[2022/02/17 15:43:26.217] - eth_getBalance
[2022/02/17 15:43:26.218] -    > {
   >   "jsonrpc": "2.0",
   >   "id": 548,
   >   "method": "eth_getBalance",
   >   "params": [
   >     "0x7cda73f55e3814bff4ff66f00aae03f0c6177da5",
   >     "latest"
   >   ],
   >   "internal": true
   > }
[2022/02/17 15:43:26.219] - eth_getTransactionCount
[2022/02/17 15:43:26.219] -    > {
   >   "jsonrpc": "2.0",
   >   "id": 549,
   >   "method": "eth_getTransactionCount",
   >   "params": [
   >     "0x7cda73f55e3814bff4ff66f00aae03f0c6177da5",
   >     "latest"
   >   ],
   >   "internal": true
   > }
[2022/02/17 15:43:26.226] -  <   {
 <     "id": 526,
 <     "jsonrpc": "2.0",
 <     "result": "0x56bc75e2d63100000"
 <   }
[2022/02/17 15:43:26.232] -  <   {
 <     "id": 527,
 <     "jsonrpc": "2.0",
 <     "result": "0x0"
 <   }
[2022/02/17 15:43:26.240] -  <   {
 <     "id": 528,
 <     "jsonrpc": "2.0",
 <     "result": "0x56bc75e2d63100000"
 <   }
[2022/02/17 15:43:26.241] - eth_getBalance
[2022/02/17 15:43:26.242] -    > {
   >   "jsonrpc": "2.0",
   >   "id": 552,
   >   "method": "eth_getBalance",
   >   "params": [
   >     "0x64e49d53f97e4e4ef7b603e508be0a8707f36a60",
   >     "latest"
   >   ],
   >   "internal": true
   > }
[2022/02/17 15:43:26.244] -  <   {
 <     "id": 529,
 <     "jsonrpc": "2.0",
 <     "result": "0x0"
 <   }
[2022/02/17 15:43:26.245] - eth_getTransactionCount
[2022/02/17 15:43:26.246] -    > {
   >   "jsonrpc": "2.0",
   >   "id": 553,
   >   "method": "eth_getTransactionCount",
   >   "params": [
   >     "0x64e49d53f97e4e4ef7b603e508be0a8707f36a60",
   >     "latest"
   >   ],
   >   "internal": true
   > }
[2022/02/17 15:43:26.248] -  <   {
 <     "id": 530,
 <     "jsonrpc": "2.0",
 <     "result": "0x56bc75e2d63100000"
 <   }
[2022/02/17 15:43:26.249] - eth_getBalance
[2022/02/17 15:43:26.249] -    > {
   >   "jsonrpc": "2.0",
   >   "id": 554,
   >   "method": "eth_getBalance",
   >   "params": [
   >     "0x0329f1567786ce4f28cc9d12e564d6440ee87692",
   >     "latest"
   >   ],
   >   "internal": true
   > }
[2022/02/17 15:43:26.251] -  <   {
 <     "id": 531,
 <     "jsonrpc": "2.0",
 <     "result": "0x0"
 <   }
[2022/02/17 15:43:26.252] - eth_getTransactionCount
[2022/02/17 15:43:26.253] -    > {
   >   "jsonrpc": "2.0",
   >   "id": 555,
   >   "method": "eth_getTransactionCount",
   >   "params": [
   >     "0x0329f1567786ce4f28cc9d12e564d6440ee87692",
   >     "latest"
   >   ],
   >   "internal": true
   > }
[2022/02/17 15:43:26.253] - eth_getBalance
[2022/02/17 15:43:26.254] -    > {
   >   "jsonrpc": "2.0",
   >   "id": 556,
   >   "method": "eth_getBalance",
   >   "params": [
   >     "0x98ae5e68474380b96e4e28d114295eaccff9b9da",
   >     "latest"
   >   ],
   >   "internal": true
   > }
[2022/02/17 15:43:26.256] -  <   {
 <     "id": 532,
 <     "jsonrpc": "2.0",
 <     "result": "0x56bc75e2d63100000"
 <   }
[2022/02/17 15:43:26.257] - eth_getTransactionCount
[2022/02/17 15:43:26.258] -    > {
   >   "jsonrpc": "2.0",
   >   "id": 557,
   >   "method": "eth_getTransactionCount",
   >   "params": [
   >     "0x98ae5e68474380b96e4e28d114295eaccff9b9da",
   >     "latest"
   >   ],
   >   "internal": true
   > }
[2022/02/17 15:43:26.260] -  <   {
 <     "id": 533,
 <     "jsonrpc": "2.0",
 <     "result": "0x0"
 <   }
[2022/02/17 15:43:26.260] - eth_getBalance
[2022/02/17 15:43:26.261] -    > {
   >   "jsonrpc": "2.0",
   >   "id": 558,
   >   "method": "eth_getBalance",
   >   "params": [
   >     "0xa0e5df176a43e30db30f3a7cf11c174b218d21a4",
   >     "latest"
   >   ],
   >   "internal": true
   > }
[2022/02/17 15:43:26.264] -  <   {
 <     "id": 534,
 <     "jsonrpc": "2.0",
 <     "result": "0x56bc75e2d63100000"
 <   }
[2022/02/17 15:43:26.265] - eth_getTransactionCount
[2022/02/17 15:43:26.265] -    > {
   >   "jsonrpc": "2.0",
   >   "id": 559,
   >   "method": "eth_getTransactionCount",
   >   "params": [
   >     "0xa0e5df176a43e30db30f3a7cf11c174b218d21a4",
   >     "latest"
   >   ],
   >   "internal": true
   > }
[2022/02/17 15:43:26.268] -  <   {
 <     "id": 535,
 <     "jsonrpc": "2.0",
 <     "result": "0x0"
 <   }
[2022/02/17 15:43:26.303] - eth_getBalance
[2022/02/17 15:43:26.303] -    > {
   >   "jsonrpc": "2.0",
   >   "id": 560,
   >   "method": "eth_getBalance",
   >   "params": [
   >     "0xafbf75f3c3abaa691a9c460b37cf6ca00a0630fa",
   >     "latest"
   >   ],
   >   "internal": true
   > }
[2022/02/17 15:43:26.304] - eth_getTransactionCount
[2022/02/17 15:43:26.305] -    > {
   >   "jsonrpc": "2.0",
   >   "id": 561,
   >   "method": "eth_getTransactionCount",
   >   "params": [
   >     "0xafbf75f3c3abaa691a9c460b37cf6ca00a0630fa",
   >     "latest"
   >   ],
   >   "internal": true
   > }
[2022/02/17 15:43:26.325] -  <   {
 <     "id": 536,
 <     "jsonrpc": "2.0",
 <     "result": "0x56bc75e2d63100000"
 <   }
[2022/02/17 15:43:26.326] - eth_getBalance
[2022/02/17 15:43:26.327] -    > {
   >   "jsonrpc": "2.0",
   >   "id": 562,
   >   "method": "eth_getBalance",
   >   "params": [
   >     "0xa765a241143066b4286105fa9160219535ff2981",
   >     "latest"
   >   ],
   >   "internal": true
   > }
[2022/02/17 15:43:26.328] - eth_getTransactionCount
[2022/02/17 15:43:26.328] -    > {
   >   "jsonrpc": "2.0",
   >   "id": 563,
   >   "method": "eth_getTransactionCount",
   >   "params": [
   >     "0xa765a241143066b4286105fa9160219535ff2981",
   >     "latest"
   >   ],
   >   "internal": true
   > }
[2022/02/17 15:43:26.329] - eth_getBalance
[2022/02/17 15:43:26.330] -    > {
   >   "jsonrpc": "2.0",
   >   "id": 564,
   >   "method": "eth_getBalance",
   >   "params": [
   >     "0x6d2976f7fd0e7c06b7e360d6958c00396d8d799c",
   >     "latest"
   >   ],
   >   "internal": true
   > }
[2022/02/17 15:43:26.332] -  <   {
 <     "id": 537,
 <     "jsonrpc": "2.0",
 <     "result": "0x0"
 <   }
[2022/02/17 15:43:26.333] - eth_getTransactionCount
[2022/02/17 15:43:26.334] -    > {
   >   "jsonrpc": "2.0",
   >   "id": 565,
   >   "method": "eth_getTransactionCount",
   >   "params": [
   >     "0x6d2976f7fd0e7c06b7e360d6958c00396d8d799c",
   >     "latest"
   >   ],
   >   "internal": true
   > }
[2022/02/17 15:43:26.334] - eth_getBalance
[2022/02/17 15:43:26.335] -    > {
   >   "jsonrpc": "2.0",
   >   "id": 566,
   >   "method": "eth_getBalance",
   >   "params": [
   >     "0x43249a45596ebaf71609f5087cf23238c97a10d0",
   >     "latest"
   >   ],
   >   "internal": true
   > }
[2022/02/17 15:43:26.337] -  <   {
 <     "id": 538,
 <     "jsonrpc": "2.0",
 <     "result": "0x56bc75e2d63100000"
 <   }
[2022/02/17 15:43:26.338] - eth_getTransactionCount
[2022/02/17 15:43:26.340] -    > {
   >   "jsonrpc": "2.0",
   >   "id": 567,
   >   "method": "eth_getTransactionCount",
   >   "params": [
   >     "0x43249a45596ebaf71609f5087cf23238c97a10d0",
   >     "latest"
   >   ],
   >   "internal": true
   > }
[2022/02/17 15:43:26.341] - eth_getBalance
[2022/02/17 15:43:26.342] -    > {
   >   "jsonrpc": "2.0",
   >   "id": 568,
   >   "method": "eth_getBalance",
   >   "params": [
   >     "0x7cda73f55e3814bff4ff66f00aae03f0c6177da5",
   >     "latest"
   >   ],
   >   "internal": true
   > }
[2022/02/17 15:43:26.344] -  <   {
 <     "id": 539,
 <     "jsonrpc": "2.0",
 <     "result": "0x0"
 <   }
[2022/02/17 15:43:26.345] - eth_getTransactionCount
[2022/02/17 15:43:26.345] -    > {
   >   "jsonrpc": "2.0",
   >   "id": 569,
   >   "method": "eth_getTransactionCount",
   >   "params": [
   >     "0x7cda73f55e3814bff4ff66f00aae03f0c6177da5",
   >     "latest"
   >   ],
   >   "internal": true
   > }
[2022/02/17 15:43:26.357] -  <   {
 <     "id": 540,
 <     "jsonrpc": "2.0",
 <     "result": "0x56bc75e2d63100000"
 <   }
[2022/02/17 15:43:26.373] -  <   {
 <     "id": 541,
 <     "jsonrpc": "2.0",
 <     "result": "0x0"
 <   }
[2022/02/17 15:43:26.387] -  <   {
 <     "id": 542,
 <     "jsonrpc": "2.0",
 <     "result": "0x56bc75e2d63100000"
 <   }
[2022/02/17 15:43:26.403] -  <   {
 <     "id": 543,
 <     "jsonrpc": "2.0",
 <     "result": "0x0"
 <   }
[2022/02/17 15:43:26.419] -  <   {
 <     "id": 544,
 <     "jsonrpc": "2.0",
 <     "result": "0x56bc75e2d63100000"
 <   }
[2022/02/17 15:43:26.434] -  <   {
 <     "id": 545,
 <     "jsonrpc": "2.0",
 <     "result": "0x0"
 <   }
[2022/02/17 15:43:26.451] -  <   {
 <     "id": 546,
 <     "jsonrpc": "2.0",
 <     "result": "0x56bc75e2d63100000"
 <   }
[2022/02/17 15:43:26.465] -  <   {
 <     "id": 547,
 <     "jsonrpc": "2.0",
 <     "result": "0x0"
 <   }
[2022/02/17 15:43:26.480] -  <   {
 <     "id": 548,
 <     "jsonrpc": "2.0",
 <     "result": "0x56bc75e2d63100000"
 <   }
[2022/02/17 15:43:26.495] -  <   {
 <     "id": 549,
 <     "jsonrpc": "2.0",
 <     "result": "0x0"
 <   }
[2022/02/17 15:43:26.511] -  <   {
 <     "id": 552,
 <     "jsonrpc": "2.0",
 <     "result": "0x56bc75e2d63100000"
 <   }
[2022/02/17 15:43:26.527] -  <   {
 <     "id": 553,
 <     "jsonrpc": "2.0",
 <     "result": "0x0"
 <   }
[2022/02/17 15:43:26.542] -  <   {
 <     "id": 554,
 <     "jsonrpc": "2.0",
 <     "result": "0x56bc75e2d63100000"
 <   }
[2022/02/17 15:43:26.558] -  <   {
 <     "id": 555,
 <     "jsonrpc": "2.0",
 <     "result": "0x0"
 <   }
[2022/02/17 15:43:26.574] -  <   {
 <     "id": 556,
 <     "jsonrpc": "2.0",
 <     "result": "0x56bc75e2d63100000"
 <   }
[2022/02/17 15:43:26.592] -  <   {
 <     "id": 557,
 <     "jsonrpc": "2.0",
 <     "result": "0x0"
 <   }
[2022/02/17 15:43:26.606] -  <   {
 <     "id": 558,
 <     "jsonrpc": "2.0",
 <     "result": "0x56bc75e2d63100000"
 <   }
[2022/02/17 15:43:26.621] -  <   {
 <     "id": 559,
 <     "jsonrpc": "2.0",
 <     "result": "0x0"
 <   }
[2022/02/17 15:43:26.635] -  <   {
 <     "id": 560,
 <     "jsonrpc": "2.0",
 <     "result": "0x56bc75e2d63100000"
 <   }
[2022/02/17 15:43:26.652] -  <   {
 <     "id": 561,
 <     "jsonrpc": "2.0",
 <     "result": "0x0"
 <   }
[2022/02/17 15:43:26.667] -  <   {
 <     "id": 562,
 <     "jsonrpc": "2.0",
 <     "result": "0x56bc75e2d63100000"
 <   }
[2022/02/17 15:43:26.682] -  <   {
 <     "id": 563,
 <     "jsonrpc": "2.0",
 <     "result": "0x0"
 <   }
[2022/02/17 15:43:26.698] -  <   {
 <     "id": 564,
 <     "jsonrpc": "2.0",
 <     "result": "0x56bc75e2d63100000"
 <   }
[2022/02/17 15:43:26.714] -  <   {
 <     "id": 565,
 <     "jsonrpc": "2.0",
 <     "result": "0x0"
 <   }
[2022/02/17 15:43:26.731] -  <   {
 <     "id": 566,
 <     "jsonrpc": "2.0",
 <     "result": "0x56bc75e2d63100000"
 <   }
[2022/02/17 15:43:26.744] -  <   {
 <     "id": 567,
 <     "jsonrpc": "2.0",
 <     "result": "0x0"
 <   }
[2022/02/17 15:43:26.760] -  <   {
 <     "id": 568,
 <     "jsonrpc": "2.0",
 <     "result": "0x56bc75e2d63100000"
 <   }
[2022/02/17 15:43:26.776] -  <   {
 <     "id": 569,
 <     "jsonrpc": "2.0",
 <     "result": "0x0"
 <   }
[2022/02/17 15:43:34.498] - eth_unsubscribe
[2022/02/17 15:43:34.499] -    > {
   >   "jsonrpc": "2.0",
   >   "id": 47,
   >   "method": "eth_unsubscribe",
   >   "params": [
   >     "0x3"
   >   ]
   > }
[2022/02/17 15:43:34.500] - eth_unsubscribe
[2022/02/17 15:43:34.501] -    > {
   >   "jsonrpc": "2.0",
   >   "id": 48,
   >   "method": "eth_unsubscribe",
   >   "params": [
   >     "0x4"
   >   ]
   > }
[2022/02/17 15:43:34.502] -  <   {
 <     "id": 47,
 <     "jsonrpc": "2.0",
 <     "result": true
 <   }
[2022/02/17 15:43:34.511] -  <   {
 <     "id": 48,
 <     "jsonrpc": "2.0",
 <     "result": true
 <   }
[2022/02/17 15:43:34.514] -    > {
   >   "jsonrpc": "2.0",
   >   "method": "eth_unsubscribe",
   >   "params": [
   >     "0x5"
   >   ],
   >   "id": 1645141414514
   > }
[2022/02/17 15:43:34.515] -    > {
   >   "jsonrpc": "2.0",
   >   "method": "eth_unsubscribe",
   >   "params": [
   >     "0x6"
   >   ],
   >   "id": 1645141414515
   > }
[2022/02/17 15:43:34.516] -    > {
   >   "jsonrpc": "2.0",
   >   "method": "eth_unsubscribe",
   >   "params": [
   >     "0x1"
   >   ],
   >   "id": 1645141414516
   > }
[2022/02/17 15:43:34.517] -    > {
   >   "jsonrpc": "2.0",
   >   "method": "eth_unsubscribe",
   >   "params": [
   >     "0x2"
   >   ],
   >   "id": 1645141414517
   > }
