[2022/02/18 12:50:03.785] - Starting server with initial configuration: {"gasLimit":6721975,"gasPrice":20000000000,"hardfork":"muirGlacier","hostname":"10.0.0.203","port":7545,"network_id":5777,"default_balance_ether":100,"total_accounts":10,"unlocked_accounts":[],"locked":true,"vmErrorsOnRPCResponse":true,"verbose":true,"db_path":"C:\\Users\\kyle\\AppData\\Roaming\\Ganache\\workspaces\\workspace-21722\\chaindata","logDirectory":"C:\\Users\\kyle\\OneDrive\\Documents\\GitHub\\truffle-plugin-verify\\Ganache Log File Directory"}
[2022/02/18 12:50:03.876] - eth_subscribe
[2022/02/18 12:50:03.877] -    > {
   >   "jsonrpc": "2.0",
   >   "id": 17,
   >   "method": "eth_subscribe",
   >   "params": [
   >     "newHeads"
   >   ]
   > }
[2022/02/18 12:50:03.878] - eth_getLogs
[2022/02/18 12:50:03.879] -    > {
   >   "jsonrpc": "2.0",
   >   "id": 18,
   >   "method": "eth_getLogs",
   >   "params": [
   >     {
   >       "topics": []
   >     }
   >   ]
   > }
[2022/02/18 12:50:03.880] - eth_subscribe
[2022/02/18 12:50:03.881] -    > {
   >   "jsonrpc": "2.0",
   >   "id": 19,
   >   "method": "eth_subscribe",
   >   "params": [
   >     "logs",
   >     {
   >       "topics": []
   >     }
   >   ]
   > }
[2022/02/18 12:50:03.882] -  <   {
 <     "id": 17,
 <     "jsonrpc": "2.0",
 <     "result": "0x1"
 <   }
[2022/02/18 12:50:03.885] - eth_subscribe
[2022/02/18 12:50:03.886] -    > {
   >   "jsonrpc": "2.0",
   >   "id": 20,
   >   "method": "eth_subscribe",
   >   "params": [
   >     "newHeads"
   >   ]
   > }
[2022/02/18 12:50:03.887] - eth_getLogs
[2022/02/18 12:50:03.888] -    > {
   >   "jsonrpc": "2.0",
   >   "id": 21,
   >   "method": "eth_getLogs",
   >   "params": [
   >     {
   >       "topics": []
   >     }
   >   ]
   > }
[2022/02/18 12:50:03.889] - eth_subscribe
[2022/02/18 12:50:03.890] -    > {
   >   "jsonrpc": "2.0",
   >   "id": 22,
   >   "method": "eth_subscribe",
   >   "params": [
   >     "logs",
   >     {
   >       "topics": []
   >     }
   >   ]
   > }
[2022/02/18 12:50:03.894] -  <   {
 <     "id": 18,
 <     "jsonrpc": "2.0",
 <     "result": []
 <   }
[2022/02/18 12:50:03.895] -  <   {
 <     "id": 19,
 <     "jsonrpc": "2.0",
 <     "result": "0x2"
 <   }
[2022/02/18 12:50:03.907] -  <   {
 <     "id": 20,
 <     "jsonrpc": "2.0",
 <     "result": "0x3"
 <   }
[2022/02/18 12:50:03.912] -  <   {
 <     "id": 21,
 <     "jsonrpc": "2.0",
 <     "result": []
 <   }
[2022/02/18 12:50:03.917] -  <   {
 <     "id": 22,
 <     "jsonrpc": "2.0",
 <     "result": "0x4"
 <   }
[2022/02/18 12:50:03.983] - eth_blockNumber
[2022/02/18 12:50:03.984] -    > {
   >   "jsonrpc": "2.0",
   >   "id": 205,
   >   "method": "eth_blockNumber",
   >   "params": [],
   >   "internal": true
   > }
[2022/02/18 12:50:03.985] - eth_accounts
[2022/02/18 12:50:03.986] -    > {
   >   "jsonrpc": "2.0",
   >   "id": 206,
   >   "method": "eth_accounts",
   >   "params": [],
   >   "internal": true
   > }
[2022/02/18 12:50:03.987] - eth_blockNumber
[2022/02/18 12:50:03.987] -    > {
   >   "jsonrpc": "2.0",
   >   "id": 200,
   >   "method": "eth_blockNumber",
   >   "params": [],
   >   "internal": true
   > }
[2022/02/18 12:50:03.988] - eth_gasPrice
[2022/02/18 12:50:03.989] -    > {
   >   "jsonrpc": "2.0",
   >   "id": 207,
   >   "method": "eth_gasPrice",
   >   "params": [],
   >   "internal": true
   > }
[2022/02/18 12:50:03.990] - eth_accounts
[2022/02/18 12:50:03.991] -    > {
   >   "jsonrpc": "2.0",
   >   "id": 201,
   >   "method": "eth_accounts",
   >   "params": [],
   >   "internal": true
   > }
[2022/02/18 12:50:03.992] -  <   {
 <     "id": 205,
 <     "jsonrpc": "2.0",
 <     "result": "0x0"
 <   }
[2022/02/18 12:50:03.993] - eth_gasPrice
[2022/02/18 12:50:03.993] -    > {
   >   "jsonrpc": "2.0",
   >   "id": 202,
   >   "method": "eth_gasPrice",
   >   "params": [],
   >   "internal": true
   > }
[2022/02/18 12:50:03.994] - eth_getBlockByNumber
[2022/02/18 12:50:03.995] -    > {
   >   "jsonrpc": "2.0",
   >   "id": 208,
   >   "method": "eth_getBlockByNumber",
   >   "params": [
   >     "latest",
   >     false
   >   ],
   >   "internal": true
   > }
[2022/02/18 12:50:03.996] - eth_getBlockByNumber
[2022/02/18 12:50:03.997] -    > {
   >   "jsonrpc": "2.0",
   >   "id": 203,
   >   "method": "eth_getBlockByNumber",
   >   "params": [
   >     "latest",
   >     false
   >   ],
   >   "internal": true
   > }
[2022/02/18 12:50:03.998] - eth_subscribe
[2022/02/18 12:50:03.999] -    > {
   >   "jsonrpc": "2.0",
   >   "id": 204,
   >   "method": "eth_subscribe",
   >   "params": [
   >     "newHeads"
   >   ],
   >   "internal": true
   > }
[2022/02/18 12:50:03.999] -  <   {
 <     "id": 206,
 <     "jsonrpc": "2.0",
 <     "result": [
 <       "0xcb256dc99a7a8c41435452c00589de09f92f0f8e",
 <       "0x64e49d53f97e4e4ef7b603e508be0a8707f36a60",
 <       "0x0329f1567786ce4f28cc9d12e564d6440ee87692",
 <       "0x98ae5e68474380b96e4e28d114295eaccff9b9da",
 <       "0xa0e5df176a43e30db30f3a7cf11c174b218d21a4",
 <       "0xafbf75f3c3abaa691a9c460b37cf6ca00a0630fa",
 <       "0xa765a241143066b4286105fa9160219535ff2981",
 <       "0x6d2976f7fd0e7c06b7e360d6958c00396d8d799c",
 <       "0x43249a45596ebaf71609f5087cf23238c97a10d0",
 <       "0x7cda73f55e3814bff4ff66f00aae03f0c6177da5"
 <     ]
 <   }
[2022/02/18 12:50:04.001] - eth_subscribe
[2022/02/18 12:50:04.002] -    > {
   >   "jsonrpc": "2.0",
   >   "id": 209,
   >   "method": "eth_subscribe",
   >   "params": [
   >     "newHeads"
   >   ],
   >   "internal": true
   > }
[2022/02/18 12:50:04.004] -  <   {
 <     "id": 200,
 <     "jsonrpc": "2.0",
 <     "result": "0x0"
 <   }
[2022/02/18 12:50:04.005] - eth_accounts
[2022/02/18 12:50:04.006] -    > {
   >   "jsonrpc": "2.0",
   >   "id": 210,
   >   "method": "eth_accounts",
   >   "params": [],
   >   "internal": true
   > }
[2022/02/18 12:50:04.008] -  <   {
 <     "id": 207,
 <     "jsonrpc": "2.0",
 <     "result": "0x4a817c800"
 <   }
[2022/02/18 12:50:04.016] -  <   {
 <     "id": 201,
 <     "jsonrpc": "2.0",
 <     "result": [
 <       "0xcb256dc99a7a8c41435452c00589de09f92f0f8e",
 <       "0x64e49d53f97e4e4ef7b603e508be0a8707f36a60",
 <       "0x0329f1567786ce4f28cc9d12e564d6440ee87692",
 <       "0x98ae5e68474380b96e4e28d114295eaccff9b9da",
 <       "0xa0e5df176a43e30db30f3a7cf11c174b218d21a4",
 <       "0xafbf75f3c3abaa691a9c460b37cf6ca00a0630fa",
 <       "0xa765a241143066b4286105fa9160219535ff2981",
 <       "0x6d2976f7fd0e7c06b7e360d6958c00396d8d799c",
 <       "0x43249a45596ebaf71609f5087cf23238c97a10d0",
 <       "0x7cda73f55e3814bff4ff66f00aae03f0c6177da5"
 <     ]
 <   }
[2022/02/18 12:50:04.018] -  <   {
 <     "id": 202,
 <     "jsonrpc": "2.0",
 <     "result": "0x4a817c800"
 <   }
[2022/02/18 12:50:04.025] -  <   {
 <     "id": 208,
 <     "jsonrpc": "2.0",
 <     "result": {
 <       "number": "0x0",
 <       "hash": "0x525e56a2185e525547d358c2e4fd6866183ac35cc0cab197680c6d6728856b43",
 <       "parentHash": "0x0000000000000000000000000000000000000000000000000000000000000000",
 <       "mixHash": "0x0000000000000000000000000000000000000000000000000000000000000000",
 <       "nonce": "0x0000000000000000",
 <       "sha3Uncles": "0x1dcc4de8dec75d7aab85b567b6ccd41ad312451b948a7413f0a142fd40d49347",
 <       "logsBloom": "0x00000000000000000000000000000000000000000000000000000000000000000000000000000000000000000000000000000000000000000000000000000000000000000000000000000000000000000000000000000000000000000000000000000000000000000000000000000000000000000000000000000000000000000000000000000000000000000000000000000000000000000000000000000000000000000000000000000000000000000000000000000000000000000000000000000000000000000000000000000000000000000000000000000000000000000000000000000000000000000000000000000000000000000000000000000000",
 <       "transactionsRoot": "0x56e81f171bcc55a6ff8345e692c0f86e5b48e01b996cadc001622fb5e363b421",
 <       "stateRoot": "0x854b93ffeb26c480d94c0bab1c39d845054b0bd69a996e7a132537b1ac008fda",
 <       "receiptsRoot": "0x56e81f171bcc55a6ff8345e692c0f86e5b48e01b996cadc001622fb5e363b421",
 <       "miner": "0x0000000000000000000000000000000000000000",
 <       "difficulty": "0x0",
 <       "totalDifficulty": "0x0",
 <       "extraData": "0x",
 <       "size": "0x3e8",
 <       "gasLimit": "0x6691b7",
 <       "gasUsed": "0x0",
 <       "timestamp": "0x620ec77f",
 <       "transactions": [],
 <       "uncles": []
 <     }
 <   }
[2022/02/18 12:50:04.039] - eth_getBalance
[2022/02/18 12:50:04.039] -    > {
   >   "jsonrpc": "2.0",
   >   "id": 211,
   >   "method": "eth_getBalance",
   >   "params": [
   >     "0xcb256dc99a7a8c41435452c00589de09f92f0f8e",
   >     "latest"
   >   ],
   >   "internal": true
   > }
[2022/02/18 12:50:04.042] -  <   {
 <     "id": 203,
 <     "jsonrpc": "2.0",
 <     "result": {
 <       "number": "0x0",
 <       "hash": "0x525e56a2185e525547d358c2e4fd6866183ac35cc0cab197680c6d6728856b43",
 <       "parentHash": "0x0000000000000000000000000000000000000000000000000000000000000000",
 <       "mixHash": "0x0000000000000000000000000000000000000000000000000000000000000000",
 <       "nonce": "0x0000000000000000",
 <       "sha3Uncles": "0x1dcc4de8dec75d7aab85b567b6ccd41ad312451b948a7413f0a142fd40d49347",
 <       "logsBloom": "0x00000000000000000000000000000000000000000000000000000000000000000000000000000000000000000000000000000000000000000000000000000000000000000000000000000000000000000000000000000000000000000000000000000000000000000000000000000000000000000000000000000000000000000000000000000000000000000000000000000000000000000000000000000000000000000000000000000000000000000000000000000000000000000000000000000000000000000000000000000000000000000000000000000000000000000000000000000000000000000000000000000000000000000000000000000000",
 <       "transactionsRoot": "0x56e81f171bcc55a6ff8345e692c0f86e5b48e01b996cadc001622fb5e363b421",
 <       "stateRoot": "0x854b93ffeb26c480d94c0bab1c39d845054b0bd69a996e7a132537b1ac008fda",
 <       "receiptsRoot": "0x56e81f171bcc55a6ff8345e692c0f86e5b48e01b996cadc001622fb5e363b421",
 <       "miner": "0x0000000000000000000000000000000000000000",
 <       "difficulty": "0x0",
 <       "totalDifficulty": "0x0",
 <       "extraData": "0x",
 <       "size": "0x3e8",
 <       "gasLimit": "0x6691b7",
 <       "gasUsed": "0x0",
 <       "timestamp": "0x620ec77f",
 <       "transactions": [],
 <       "uncles": []
 <     }
 <   }
[2022/02/18 12:50:04.043] - eth_getTransactionCount
[2022/02/18 12:50:04.044] -    > {
   >   "jsonrpc": "2.0",
   >   "id": 212,
   >   "method": "eth_getTransactionCount",
   >   "params": [
   >     "0xcb256dc99a7a8c41435452c00589de09f92f0f8e",
   >     "latest"
   >   ],
   >   "internal": true
   > }
[2022/02/18 12:50:04.045] -  <   {
 <     "id": 204,
 <     "jsonrpc": "2.0",
 <     "result": "0x5"
 <   }
[2022/02/18 12:50:04.048] -  <   {
 <     "id": 209,
 <     "jsonrpc": "2.0",
 <     "result": "0x6"
 <   }
[2022/02/18 12:50:04.049] - eth_getBalance
[2022/02/18 12:50:04.050] -    > {
   >   "jsonrpc": "2.0",
   >   "id": 213,
   >   "method": "eth_getBalance",
   >   "params": [
   >     "0x64e49d53f97e4e4ef7b603e508be0a8707f36a60",
   >     "latest"
   >   ],
   >   "internal": true
   > }
[2022/02/18 12:50:04.053] -  <   {
 <     "id": 210,
 <     "jsonrpc": "2.0",
 <     "result": [
 <       "0xcb256dc99a7a8c41435452c00589de09f92f0f8e",
 <       "0x64e49d53f97e4e4ef7b603e508be0a8707f36a60",
 <       "0x0329f1567786ce4f28cc9d12e564d6440ee87692",
 <       "0x98ae5e68474380b96e4e28d114295eaccff9b9da",
 <       "0xa0e5df176a43e30db30f3a7cf11c174b218d21a4",
 <       "0xafbf75f3c3abaa691a9c460b37cf6ca00a0630fa",
 <       "0xa765a241143066b4286105fa9160219535ff2981",
 <       "0x6d2976f7fd0e7c06b7e360d6958c00396d8d799c",
 <       "0x43249a45596ebaf71609f5087cf23238c97a10d0",
 <       "0x7cda73f55e3814bff4ff66f00aae03f0c6177da5"
 <     ]
 <   }
[2022/02/18 12:50:04.054] - eth_getTransactionCount
[2022/02/18 12:50:04.055] -    > {
   >   "jsonrpc": "2.0",
   >   "id": 214,
   >   "method": "eth_getTransactionCount",
   >   "params": [
   >     "0x64e49d53f97e4e4ef7b603e508be0a8707f36a60",
   >     "latest"
   >   ],
   >   "internal": true
   > }
[2022/02/18 12:50:04.057] - eth_getBalance
[2022/02/18 12:50:04.058] -    > {
   >   "jsonrpc": "2.0",
   >   "id": 215,
   >   "method": "eth_getBalance",
   >   "params": [
   >     "0x0329f1567786ce4f28cc9d12e564d6440ee87692",
   >     "latest"
   >   ],
   >   "internal": true
   > }
[2022/02/18 12:50:04.060] - eth_getTransactionCount
[2022/02/18 12:50:04.061] -    > {
   >   "jsonrpc": "2.0",
   >   "id": 216,
   >   "method": "eth_getTransactionCount",
   >   "params": [
   >     "0x0329f1567786ce4f28cc9d12e564d6440ee87692",
   >     "latest"
   >   ],
   >   "internal": true
   > }
[2022/02/18 12:50:04.066] -  <   {
 <     "id": 211,
 <     "jsonrpc": "2.0",
 <     "result": "0x56bc75e2d63100000"
 <   }
[2022/02/18 12:50:04.067] - eth_getBalance
[2022/02/18 12:50:04.068] -    > {
   >   "jsonrpc": "2.0",
   >   "id": 217,
   >   "method": "eth_getBalance",
   >   "params": [
   >     "0x98ae5e68474380b96e4e28d114295eaccff9b9da",
   >     "latest"
   >   ],
   >   "internal": true
   > }
[2022/02/18 12:50:04.069] -  <   {
 <     "id": 212,
 <     "jsonrpc": "2.0",
 <     "result": "0x0"
 <   }
[2022/02/18 12:50:04.071] - eth_getTransactionCount
[2022/02/18 12:50:04.071] -    > {
   >   "jsonrpc": "2.0",
   >   "id": 218,
   >   "method": "eth_getTransactionCount",
   >   "params": [
   >     "0x98ae5e68474380b96e4e28d114295eaccff9b9da",
   >     "latest"
   >   ],
   >   "internal": true
   > }
[2022/02/18 12:50:04.076] -  <   {
 <     "id": 213,
 <     "jsonrpc": "2.0",
 <     "result": "0x56bc75e2d63100000"
 <   }
[2022/02/18 12:50:04.077] - eth_getBalance
[2022/02/18 12:50:04.078] -    > {
   >   "jsonrpc": "2.0",
   >   "id": 219,
   >   "method": "eth_getBalance",
   >   "params": [
   >     "0xa0e5df176a43e30db30f3a7cf11c174b218d21a4",
   >     "latest"
   >   ],
   >   "internal": true
   > }
[2022/02/18 12:50:04.080] -  <   {
 <     "id": 214,
 <     "jsonrpc": "2.0",
 <     "result": "0x0"
 <   }
[2022/02/18 12:50:04.081] - eth_getTransactionCount
[2022/02/18 12:50:04.082] -    > {
   >   "jsonrpc": "2.0",
   >   "id": 220,
   >   "method": "eth_getTransactionCount",
   >   "params": [
   >     "0xa0e5df176a43e30db30f3a7cf11c174b218d21a4",
   >     "latest"
   >   ],
   >   "internal": true
   > }
[2022/02/18 12:50:04.086] - eth_getBalance
[2022/02/18 12:50:04.087] -    > {
   >   "jsonrpc": "2.0",
   >   "id": 221,
   >   "method": "eth_getBalance",
   >   "params": [
   >     "0xafbf75f3c3abaa691a9c460b37cf6ca00a0630fa",
   >     "latest"
   >   ],
   >   "internal": true
   > }
[2022/02/18 12:50:04.089] -  <   {
 <     "id": 215,
 <     "jsonrpc": "2.0",
 <     "result": "0x56bc75e2d63100000"
 <   }
[2022/02/18 12:50:04.092] -  <   {
 <     "id": 216,
 <     "jsonrpc": "2.0",
 <     "result": "0x0"
 <   }
[2022/02/18 12:50:04.093] - eth_getTransactionCount
[2022/02/18 12:50:04.094] -    > {
   >   "jsonrpc": "2.0",
   >   "id": 222,
   >   "method": "eth_getTransactionCount",
   >   "params": [
   >     "0xafbf75f3c3abaa691a9c460b37cf6ca00a0630fa",
   >     "latest"
   >   ],
   >   "internal": true
   > }
[2022/02/18 12:50:04.099] - eth_getBalance
[2022/02/18 12:50:04.099] -    > {
   >   "jsonrpc": "2.0",
   >   "id": 223,
   >   "method": "eth_getBalance",
   >   "params": [
   >     "0xa765a241143066b4286105fa9160219535ff2981",
   >     "latest"
   >   ],
   >   "internal": true
   > }
[2022/02/18 12:50:04.102] - eth_getTransactionCount
[2022/02/18 12:50:04.103] -    > {
   >   "jsonrpc": "2.0",
   >   "id": 224,
   >   "method": "eth_getTransactionCount",
   >   "params": [
   >     "0xa765a241143066b4286105fa9160219535ff2981",
   >     "latest"
   >   ],
   >   "internal": true
   > }
[2022/02/18 12:50:04.105] - eth_getBalance
[2022/02/18 12:50:04.106] -    > {
   >   "jsonrpc": "2.0",
   >   "id": 225,
   >   "method": "eth_getBalance",
   >   "params": [
   >     "0x6d2976f7fd0e7c06b7e360d6958c00396d8d799c",
   >     "latest"
   >   ],
   >   "internal": true
   > }
[2022/02/18 12:50:04.114] -  <   {
 <     "id": 217,
 <     "jsonrpc": "2.0",
 <     "result": "0x56bc75e2d63100000"
 <   }
[2022/02/18 12:50:04.124] -  <   {
 <     "id": 218,
 <     "jsonrpc": "2.0",
 <     "result": "0x0"
 <   }
[2022/02/18 12:50:04.126] - eth_getTransactionCount
[2022/02/18 12:50:04.126] -    > {
   >   "jsonrpc": "2.0",
   >   "id": 226,
   >   "method": "eth_getTransactionCount",
   >   "params": [
   >     "0x6d2976f7fd0e7c06b7e360d6958c00396d8d799c",
   >     "latest"
   >   ],
   >   "internal": true
   > }
[2022/02/18 12:50:04.127] - eth_getBalance
[2022/02/18 12:50:04.128] -    > {
   >   "jsonrpc": "2.0",
   >   "id": 227,
   >   "method": "eth_getBalance",
   >   "params": [
   >     "0x43249a45596ebaf71609f5087cf23238c97a10d0",
   >     "latest"
   >   ],
   >   "internal": true
   > }
[2022/02/18 12:50:04.130] - eth_getTransactionCount
[2022/02/18 12:50:04.131] -    > {
   >   "jsonrpc": "2.0",
   >   "id": 228,
   >   "method": "eth_getTransactionCount",
   >   "params": [
   >     "0x43249a45596ebaf71609f5087cf23238c97a10d0",
   >     "latest"
   >   ],
   >   "internal": true
   > }
[2022/02/18 12:50:04.133] - eth_getBalance
[2022/02/18 12:50:04.134] -    > {
   >   "jsonrpc": "2.0",
   >   "id": 229,
   >   "method": "eth_getBalance",
   >   "params": [
   >     "0x7cda73f55e3814bff4ff66f00aae03f0c6177da5",
   >     "latest"
   >   ],
   >   "internal": true
   > }
[2022/02/18 12:50:04.135] - eth_getTransactionCount
[2022/02/18 12:50:04.136] -    > {
   >   "jsonrpc": "2.0",
   >   "id": 230,
   >   "method": "eth_getTransactionCount",
   >   "params": [
   >     "0x7cda73f55e3814bff4ff66f00aae03f0c6177da5",
   >     "latest"
   >   ],
   >   "internal": true
   > }
[2022/02/18 12:50:04.136] - eth_getBalance
[2022/02/18 12:50:04.137] -    > {
   >   "jsonrpc": "2.0",
   >   "id": 232,
   >   "method": "eth_getBalance",
   >   "params": [
   >     "0xcb256dc99a7a8c41435452c00589de09f92f0f8e",
   >     "latest"
   >   ],
   >   "internal": true
   > }
[2022/02/18 12:50:04.138] - eth_getTransactionCount
[2022/02/18 12:50:04.139] -    > {
   >   "jsonrpc": "2.0",
   >   "id": 233,
   >   "method": "eth_getTransactionCount",
   >   "params": [
   >     "0xcb256dc99a7a8c41435452c00589de09f92f0f8e",
   >     "latest"
   >   ],
   >   "internal": true
   > }
[2022/02/18 12:50:04.141] -  <   {
 <     "id": 219,
 <     "jsonrpc": "2.0",
 <     "result": "0x56bc75e2d63100000"
 <   }
[2022/02/18 12:50:04.143] - eth_getBalance
[2022/02/18 12:50:04.143] -    > {
   >   "jsonrpc": "2.0",
   >   "id": 234,
   >   "method": "eth_getBalance",
   >   "params": [
   >     "0x64e49d53f97e4e4ef7b603e508be0a8707f36a60",
   >     "latest"
   >   ],
   >   "internal": true
   > }
[2022/02/18 12:50:04.145] -  <   {
 <     "id": 220,
 <     "jsonrpc": "2.0",
 <     "result": "0x0"
 <   }
[2022/02/18 12:50:04.146] - eth_getTransactionCount
[2022/02/18 12:50:04.147] -    > {
   >   "jsonrpc": "2.0",
   >   "id": 235,
   >   "method": "eth_getTransactionCount",
   >   "params": [
   >     "0x64e49d53f97e4e4ef7b603e508be0a8707f36a60",
   >     "latest"
   >   ],
   >   "internal": true
   > }
[2022/02/18 12:50:04.152] - eth_getBalance
[2022/02/18 12:50:04.152] -    > {
   >   "jsonrpc": "2.0",
   >   "id": 236,
   >   "method": "eth_getBalance",
   >   "params": [
   >     "0x0329f1567786ce4f28cc9d12e564d6440ee87692",
   >     "latest"
   >   ],
   >   "internal": true
   > }
[2022/02/18 12:50:04.153] - eth_getTransactionCount
[2022/02/18 12:50:04.154] -    > {
   >   "jsonrpc": "2.0",
   >   "id": 237,
   >   "method": "eth_getTransactionCount",
   >   "params": [
   >     "0x0329f1567786ce4f28cc9d12e564d6440ee87692",
   >     "latest"
   >   ],
   >   "internal": true
   > }
[2022/02/18 12:50:04.156] -  <   {
 <     "id": 221,
 <     "jsonrpc": "2.0",
 <     "result": "0x56bc75e2d63100000"
 <   }
[2022/02/18 12:50:04.159] -  <   {
 <     "id": 222,
 <     "jsonrpc": "2.0",
 <     "result": "0x0"
 <   }
[2022/02/18 12:50:04.160] - eth_getBalance
[2022/02/18 12:50:04.160] -    > {
   >   "jsonrpc": "2.0",
   >   "id": 238,
   >   "method": "eth_getBalance",
   >   "params": [
   >     "0x98ae5e68474380b96e4e28d114295eaccff9b9da",
   >     "latest"
   >   ],
   >   "internal": true
   > }
[2022/02/18 12:50:04.161] - eth_getTransactionCount
[2022/02/18 12:50:04.162] -    > {
   >   "jsonrpc": "2.0",
   >   "id": 239,
   >   "method": "eth_getTransactionCount",
   >   "params": [
   >     "0x98ae5e68474380b96e4e28d114295eaccff9b9da",
   >     "latest"
   >   ],
   >   "internal": true
   > }
[2022/02/18 12:50:04.165] -  <   {
 <     "id": 223,
 <     "jsonrpc": "2.0",
 <     "result": "0x56bc75e2d63100000"
 <   }
[2022/02/18 12:50:04.166] - eth_getBalance
[2022/02/18 12:50:04.167] -    > {
   >   "jsonrpc": "2.0",
   >   "id": 240,
   >   "method": "eth_getBalance",
   >   "params": [
   >     "0xa0e5df176a43e30db30f3a7cf11c174b218d21a4",
   >     "latest"
   >   ],
   >   "internal": true
   > }
[2022/02/18 12:50:04.168] -  <   {
 <     "id": 224,
 <     "jsonrpc": "2.0",
 <     "result": "0x0"
 <   }
[2022/02/18 12:50:04.170] - eth_getTransactionCount
[2022/02/18 12:50:04.171] -    > {
   >   "jsonrpc": "2.0",
   >   "id": 241,
   >   "method": "eth_getTransactionCount",
   >   "params": [
   >     "0xa0e5df176a43e30db30f3a7cf11c174b218d21a4",
   >     "latest"
   >   ],
   >   "internal": true
   > }
[2022/02/18 12:50:04.173] -  <   {
 <     "id": 225,
 <     "jsonrpc": "2.0",
 <     "result": "0x56bc75e2d63100000"
 <   }
[2022/02/18 12:50:04.174] - eth_getBalance
[2022/02/18 12:50:04.175] -    > {
   >   "jsonrpc": "2.0",
   >   "id": 242,
   >   "method": "eth_getBalance",
   >   "params": [
   >     "0xafbf75f3c3abaa691a9c460b37cf6ca00a0630fa",
   >     "latest"
   >   ],
   >   "internal": true
   > }
[2022/02/18 12:50:04.177] -  <   {
 <     "id": 226,
 <     "jsonrpc": "2.0",
 <     "result": "0x0"
 <   }
[2022/02/18 12:50:04.178] - eth_getTransactionCount
[2022/02/18 12:50:04.179] -    > {
   >   "jsonrpc": "2.0",
   >   "id": 243,
   >   "method": "eth_getTransactionCount",
   >   "params": [
   >     "0xafbf75f3c3abaa691a9c460b37cf6ca00a0630fa",
   >     "latest"
   >   ],
   >   "internal": true
   > }
[2022/02/18 12:50:04.181] -  <   {
 <     "id": 227,
 <     "jsonrpc": "2.0",
 <     "result": "0x56bc75e2d63100000"
 <   }
[2022/02/18 12:50:04.182] - eth_getBalance
[2022/02/18 12:50:04.183] -    > {
   >   "jsonrpc": "2.0",
   >   "id": 244,
   >   "method": "eth_getBalance",
   >   "params": [
   >     "0xa765a241143066b4286105fa9160219535ff2981",
   >     "latest"
   >   ],
   >   "internal": true
   > }
[2022/02/18 12:50:04.184] -  <   {
 <     "id": 228,
 <     "jsonrpc": "2.0",
 <     "result": "0x0"
 <   }
[2022/02/18 12:50:04.185] - eth_getTransactionCount
[2022/02/18 12:50:04.186] -    > {
   >   "jsonrpc": "2.0",
   >   "id": 245,
   >   "method": "eth_getTransactionCount",
   >   "params": [
   >     "0xa765a241143066b4286105fa9160219535ff2981",
   >     "latest"
   >   ],
   >   "internal": true
   > }
[2022/02/18 12:50:04.188] - eth_getBalance
[2022/02/18 12:50:04.189] -    > {
   >   "jsonrpc": "2.0",
   >   "id": 246,
   >   "method": "eth_getBalance",
   >   "params": [
   >     "0x6d2976f7fd0e7c06b7e360d6958c00396d8d799c",
   >     "latest"
   >   ],
   >   "internal": true
   > }
[2022/02/18 12:50:04.190] -  <   {
 <     "id": 229,
 <     "jsonrpc": "2.0",
 <     "result": "0x56bc75e2d63100000"
 <   }
[2022/02/18 12:50:04.191] - eth_getTransactionCount
[2022/02/18 12:50:04.192] -    > {
   >   "jsonrpc": "2.0",
   >   "id": 247,
   >   "method": "eth_getTransactionCount",
   >   "params": [
   >     "0x6d2976f7fd0e7c06b7e360d6958c00396d8d799c",
   >     "latest"
   >   ],
   >   "internal": true
   > }
[2022/02/18 12:50:04.194] -  <   {
 <     "id": 230,
 <     "jsonrpc": "2.0",
 <     "result": "0x0"
 <   }
[2022/02/18 12:50:04.197] -  <   {
 <     "id": 232,
 <     "jsonrpc": "2.0",
 <     "result": "0x56bc75e2d63100000"
 <   }
[2022/02/18 12:50:04.198] - eth_getBalance
[2022/02/18 12:50:04.199] -    > {
   >   "jsonrpc": "2.0",
   >   "id": 248,
   >   "method": "eth_getBalance",
   >   "params": [
   >     "0x43249a45596ebaf71609f5087cf23238c97a10d0",
   >     "latest"
   >   ],
   >   "internal": true
   > }
[2022/02/18 12:50:04.202] -  <   {
 <     "id": 233,
 <     "jsonrpc": "2.0",
 <     "result": "0x0"
 <   }
[2022/02/18 12:50:04.203] - eth_getTransactionCount
[2022/02/18 12:50:04.204] -    > {
   >   "jsonrpc": "2.0",
   >   "id": 249,
   >   "method": "eth_getTransactionCount",
   >   "params": [
   >     "0x43249a45596ebaf71609f5087cf23238c97a10d0",
   >     "latest"
   >   ],
   >   "internal": true
   > }
[2022/02/18 12:50:04.204] - eth_getBalance
[2022/02/18 12:50:04.205] -    > {
   >   "jsonrpc": "2.0",
   >   "id": 250,
   >   "method": "eth_getBalance",
   >   "params": [
   >     "0x7cda73f55e3814bff4ff66f00aae03f0c6177da5",
   >     "latest"
   >   ],
   >   "internal": true
   > }
[2022/02/18 12:50:04.207] -  <   {
 <     "id": 234,
 <     "jsonrpc": "2.0",
 <     "result": "0x56bc75e2d63100000"
 <   }
[2022/02/18 12:50:04.208] - eth_getTransactionCount
[2022/02/18 12:50:04.208] -    > {
   >   "jsonrpc": "2.0",
   >   "id": 251,
   >   "method": "eth_getTransactionCount",
   >   "params": [
   >     "0x7cda73f55e3814bff4ff66f00aae03f0c6177da5",
   >     "latest"
   >   ],
   >   "internal": true
   > }
[2022/02/18 12:50:04.218] -  <   {
 <     "id": 235,
 <     "jsonrpc": "2.0",
 <     "result": "0x0"
 <   }
[2022/02/18 12:50:04.233] -  <   {
 <     "id": 236,
 <     "jsonrpc": "2.0",
 <     "result": "0x56bc75e2d63100000"
 <   }
[2022/02/18 12:50:04.249] -  <   {
 <     "id": 237,
 <     "jsonrpc": "2.0",
 <     "result": "0x0"
 <   }
[2022/02/18 12:50:04.257] -  <   {
 <     "id": 238,
 <     "jsonrpc": "2.0",
 <     "result": "0x56bc75e2d63100000"
 <   }
[2022/02/18 12:50:04.258] - eth_getBalance
[2022/02/18 12:50:04.259] -    > {
   >   "jsonrpc": "2.0",
   >   "id": 252,
   >   "method": "eth_getBalance",
   >   "params": [
   >     "0xcb256dc99a7a8c41435452c00589de09f92f0f8e",
   >     "latest"
   >   ],
   >   "internal": true
   > }
[2022/02/18 12:50:04.263] -  <   {
 <     "id": 239,
 <     "jsonrpc": "2.0",
 <     "result": "0x0"
 <   }
[2022/02/18 12:50:04.264] - eth_getTransactionCount
[2022/02/18 12:50:04.265] -    > {
   >   "jsonrpc": "2.0",
   >   "id": 253,
   >   "method": "eth_getTransactionCount",
   >   "params": [
   >     "0xcb256dc99a7a8c41435452c00589de09f92f0f8e",
   >     "latest"
   >   ],
   >   "internal": true
   > }
[2022/02/18 12:50:04.268] -  <   {
 <     "id": 240,
 <     "jsonrpc": "2.0",
 <     "result": "0x56bc75e2d63100000"
 <   }
[2022/02/18 12:50:04.269] - eth_getBalance
[2022/02/18 12:50:04.270] -    > {
   >   "jsonrpc": "2.0",
   >   "id": 254,
   >   "method": "eth_getBalance",
   >   "params": [
   >     "0x64e49d53f97e4e4ef7b603e508be0a8707f36a60",
   >     "latest"
   >   ],
   >   "internal": true
   > }
[2022/02/18 12:50:04.273] -  <   {
 <     "id": 241,
 <     "jsonrpc": "2.0",
 <     "result": "0x0"
 <   }
[2022/02/18 12:50:04.274] - eth_getTransactionCount
[2022/02/18 12:50:04.275] -    > {
   >   "jsonrpc": "2.0",
   >   "id": 255,
   >   "method": "eth_getTransactionCount",
   >   "params": [
   >     "0x64e49d53f97e4e4ef7b603e508be0a8707f36a60",
   >     "latest"
   >   ],
   >   "internal": true
   > }
[2022/02/18 12:50:04.276] - eth_getBalance
[2022/02/18 12:50:04.276] -    > {
   >   "jsonrpc": "2.0",
   >   "id": 256,
   >   "method": "eth_getBalance",
   >   "params": [
   >     "0x0329f1567786ce4f28cc9d12e564d6440ee87692",
   >     "latest"
   >   ],
   >   "internal": true
   > }
[2022/02/18 12:50:04.279] -  <   {
 <     "id": 242,
 <     "jsonrpc": "2.0",
 <     "result": "0x56bc75e2d63100000"
 <   }
[2022/02/18 12:50:04.280] - eth_getTransactionCount
[2022/02/18 12:50:04.281] -    > {
   >   "jsonrpc": "2.0",
   >   "id": 257,
   >   "method": "eth_getTransactionCount",
   >   "params": [
   >     "0x0329f1567786ce4f28cc9d12e564d6440ee87692",
   >     "latest"
   >   ],
   >   "internal": true
   > }
[2022/02/18 12:50:04.283] -  <   {
 <     "id": 243,
 <     "jsonrpc": "2.0",
 <     "result": "0x0"
 <   }
[2022/02/18 12:50:04.284] - eth_getBalance
[2022/02/18 12:50:04.285] -    > {
   >   "jsonrpc": "2.0",
   >   "id": 258,
   >   "method": "eth_getBalance",
   >   "params": [
   >     "0x98ae5e68474380b96e4e28d114295eaccff9b9da",
   >     "latest"
   >   ],
   >   "internal": true
   > }
[2022/02/18 12:50:04.287] -  <   {
 <     "id": 244,
 <     "jsonrpc": "2.0",
 <     "result": "0x56bc75e2d63100000"
 <   }
[2022/02/18 12:50:04.288] - eth_getTransactionCount
[2022/02/18 12:50:04.289] -    > {
   >   "jsonrpc": "2.0",
   >   "id": 259,
   >   "method": "eth_getTransactionCount",
   >   "params": [
   >     "0x98ae5e68474380b96e4e28d114295eaccff9b9da",
   >     "latest"
   >   ],
   >   "internal": true
   > }
[2022/02/18 12:50:04.291] -  <   {
 <     "id": 245,
 <     "jsonrpc": "2.0",
 <     "result": "0x0"
 <   }
[2022/02/18 12:50:04.292] - eth_getBalance
[2022/02/18 12:50:04.293] -    > {
   >   "jsonrpc": "2.0",
   >   "id": 260,
   >   "method": "eth_getBalance",
   >   "params": [
   >     "0xa0e5df176a43e30db30f3a7cf11c174b218d21a4",
   >     "latest"
   >   ],
   >   "internal": true
   > }
[2022/02/18 12:50:04.295] -  <   {
 <     "id": 246,
 <     "jsonrpc": "2.0",
 <     "result": "0x56bc75e2d63100000"
 <   }
[2022/02/18 12:50:04.295] - eth_getTransactionCount
[2022/02/18 12:50:04.296] -    > {
   >   "jsonrpc": "2.0",
   >   "id": 261,
   >   "method": "eth_getTransactionCount",
   >   "params": [
   >     "0xa0e5df176a43e30db30f3a7cf11c174b218d21a4",
   >     "latest"
   >   ],
   >   "internal": true
   > }
[2022/02/18 12:50:04.298] -  <   {
 <     "id": 247,
 <     "jsonrpc": "2.0",
 <     "result": "0x0"
 <   }
[2022/02/18 12:50:04.299] - eth_getBalance
[2022/02/18 12:50:04.300] -    > {
   >   "jsonrpc": "2.0",
   >   "id": 262,
   >   "method": "eth_getBalance",
   >   "params": [
   >     "0xafbf75f3c3abaa691a9c460b37cf6ca00a0630fa",
   >     "latest"
   >   ],
   >   "internal": true
   > }
[2022/02/18 12:50:04.302] -  <   {
 <     "id": 248,
 <     "jsonrpc": "2.0",
 <     "result": "0x56bc75e2d63100000"
 <   }
[2022/02/18 12:50:04.306] -  <   {
 <     "id": 249,
 <     "jsonrpc": "2.0",
 <     "result": "0x0"
 <   }
[2022/02/18 12:50:04.307] - eth_getTransactionCount
[2022/02/18 12:50:04.308] -    > {
   >   "jsonrpc": "2.0",
   >   "id": 263,
   >   "method": "eth_getTransactionCount",
   >   "params": [
   >     "0xafbf75f3c3abaa691a9c460b37cf6ca00a0630fa",
   >     "latest"
   >   ],
   >   "internal": true
   > }
[2022/02/18 12:50:04.309] - eth_getBalance
[2022/02/18 12:50:04.309] -    > {
   >   "jsonrpc": "2.0",
   >   "id": 264,
   >   "method": "eth_getBalance",
   >   "params": [
   >     "0xa765a241143066b4286105fa9160219535ff2981",
   >     "latest"
   >   ],
   >   "internal": true
   > }
[2022/02/18 12:50:04.311] -  <   {
 <     "id": 250,
 <     "jsonrpc": "2.0",
 <     "result": "0x56bc75e2d63100000"
 <   }
[2022/02/18 12:50:04.313] - eth_getTransactionCount
[2022/02/18 12:50:04.313] -    > {
   >   "jsonrpc": "2.0",
   >   "id": 265,
   >   "method": "eth_getTransactionCount",
   >   "params": [
   >     "0xa765a241143066b4286105fa9160219535ff2981",
   >     "latest"
   >   ],
   >   "internal": true
   > }
[2022/02/18 12:50:04.315] -  <   {
 <     "id": 251,
 <     "jsonrpc": "2.0",
 <     "result": "0x0"
 <   }
[2022/02/18 12:50:04.317] -  <   {
 <     "id": 252,
 <     "jsonrpc": "2.0",
 <     "result": "0x56bc75e2d63100000"
 <   }
[2022/02/18 12:50:04.318] - eth_getBalance
[2022/02/18 12:50:04.319] -    > {
   >   "jsonrpc": "2.0",
   >   "id": 266,
   >   "method": "eth_getBalance",
   >   "params": [
   >     "0x6d2976f7fd0e7c06b7e360d6958c00396d8d799c",
   >     "latest"
   >   ],
   >   "internal": true
   > }
[2022/02/18 12:50:04.321] -  <   {
 <     "id": 253,
 <     "jsonrpc": "2.0",
 <     "result": "0x0"
 <   }
[2022/02/18 12:50:04.322] - eth_getTransactionCount
[2022/02/18 12:50:04.323] -    > {
   >   "jsonrpc": "2.0",
   >   "id": 267,
   >   "method": "eth_getTransactionCount",
   >   "params": [
   >     "0x6d2976f7fd0e7c06b7e360d6958c00396d8d799c",
   >     "latest"
   >   ],
   >   "internal": true
   > }
[2022/02/18 12:50:04.327] -  <   {
 <     "id": 254,
 <     "jsonrpc": "2.0",
 <     "result": "0x56bc75e2d63100000"
 <   }
[2022/02/18 12:50:04.328] - eth_getBalance
[2022/02/18 12:50:04.329] -    > {
   >   "jsonrpc": "2.0",
   >   "id": 268,
   >   "method": "eth_getBalance",
   >   "params": [
   >     "0x43249a45596ebaf71609f5087cf23238c97a10d0",
   >     "latest"
   >   ],
   >   "internal": true
   > }
[2022/02/18 12:50:04.332] -  <   {
 <     "id": 255,
 <     "jsonrpc": "2.0",
 <     "result": "0x0"
 <   }
[2022/02/18 12:50:04.332] - eth_getTransactionCount
[2022/02/18 12:50:04.333] -    > {
   >   "jsonrpc": "2.0",
   >   "id": 269,
   >   "method": "eth_getTransactionCount",
   >   "params": [
   >     "0x43249a45596ebaf71609f5087cf23238c97a10d0",
   >     "latest"
   >   ],
   >   "internal": true
   > }
[2022/02/18 12:50:04.334] - eth_getBalance
[2022/02/18 12:50:04.335] -    > {
   >   "jsonrpc": "2.0",
   >   "id": 270,
   >   "method": "eth_getBalance",
   >   "params": [
   >     "0x7cda73f55e3814bff4ff66f00aae03f0c6177da5",
   >     "latest"
   >   ],
   >   "internal": true
   > }
[2022/02/18 12:50:04.337] -  <   {
 <     "id": 256,
 <     "jsonrpc": "2.0",
 <     "result": "0x56bc75e2d63100000"
 <   }
[2022/02/18 12:50:04.338] - eth_getTransactionCount
[2022/02/18 12:50:04.338] -    > {
   >   "jsonrpc": "2.0",
   >   "id": 271,
   >   "method": "eth_getTransactionCount",
   >   "params": [
   >     "0x7cda73f55e3814bff4ff66f00aae03f0c6177da5",
   >     "latest"
   >   ],
   >   "internal": true
   > }
[2022/02/18 12:50:04.341] -  <   {
 <     "id": 257,
 <     "jsonrpc": "2.0",
 <     "result": "0x0"
 <   }
[2022/02/18 12:50:04.357] -  <   {
 <     "id": 258,
 <     "jsonrpc": "2.0",
 <     "result": "0x56bc75e2d63100000"
 <   }
[2022/02/18 12:50:04.372] -  <   {
 <     "id": 259,
 <     "jsonrpc": "2.0",
 <     "result": "0x0"
 <   }
[2022/02/18 12:50:04.379] -  <   {
 <     "id": 260,
 <     "jsonrpc": "2.0",
 <     "result": "0x56bc75e2d63100000"
 <   }
[2022/02/18 12:50:04.380] - eth_getTransactionCount
[2022/02/18 12:50:04.381] -    > {
   >   "jsonrpc": "2.0",
   >   "id": 273,
   >   "method": "eth_getTransactionCount",
   >   "params": [
   >     "0xcb256dc99a7a8c41435452c00589de09f92f0f8e",
   >     "latest"
   >   ],
   >   "internal": true
   > }
[2022/02/18 12:50:04.384] -  <   {
 <     "id": 261,
 <     "jsonrpc": "2.0",
 <     "result": "0x0"
 <   }
[2022/02/18 12:50:04.385] - eth_getBalance
[2022/02/18 12:50:04.386] -    > {
   >   "jsonrpc": "2.0",
   >   "id": 274,
   >   "method": "eth_getBalance",
   >   "params": [
   >     "0x64e49d53f97e4e4ef7b603e508be0a8707f36a60",
   >     "latest"
   >   ],
   >   "internal": true
   > }
[2022/02/18 12:50:04.388] - eth_getTransactionCount
[2022/02/18 12:50:04.388] -    > {
   >   "jsonrpc": "2.0",
   >   "id": 275,
   >   "method": "eth_getTransactionCount",
   >   "params": [
   >     "0x64e49d53f97e4e4ef7b603e508be0a8707f36a60",
   >     "latest"
   >   ],
   >   "internal": true
   > }
[2022/02/18 12:50:04.391] -  <   {
 <     "id": 262,
 <     "jsonrpc": "2.0",
 <     "result": "0x56bc75e2d63100000"
 <   }
[2022/02/18 12:50:04.394] -  <   {
 <     "id": 263,
 <     "jsonrpc": "2.0",
 <     "result": "0x0"
 <   }
[2022/02/18 12:50:04.395] - eth_getBalance
[2022/02/18 12:50:04.396] -    > {
   >   "jsonrpc": "2.0",
   >   "id": 276,
   >   "method": "eth_getBalance",
   >   "params": [
   >     "0x0329f1567786ce4f28cc9d12e564d6440ee87692",
   >     "latest"
   >   ],
   >   "internal": true
   > }
[2022/02/18 12:50:04.398] - eth_getTransactionCount
[2022/02/18 12:50:04.398] -    > {
   >   "jsonrpc": "2.0",
   >   "id": 277,
   >   "method": "eth_getTransactionCount",
   >   "params": [
   >     "0x0329f1567786ce4f28cc9d12e564d6440ee87692",
   >     "latest"
   >   ],
   >   "internal": true
   > }
[2022/02/18 12:50:04.400] -  <   {
 <     "id": 264,
 <     "jsonrpc": "2.0",
 <     "result": "0x56bc75e2d63100000"
 <   }
[2022/02/18 12:50:04.401] - eth_getBalance
[2022/02/18 12:50:04.402] -    > {
   >   "jsonrpc": "2.0",
   >   "id": 278,
   >   "method": "eth_getBalance",
   >   "params": [
   >     "0x98ae5e68474380b96e4e28d114295eaccff9b9da",
   >     "latest"
   >   ],
   >   "internal": true
   > }
[2022/02/18 12:50:04.405] -  <   {
 <     "id": 265,
 <     "jsonrpc": "2.0",
 <     "result": "0x0"
 <   }
[2022/02/18 12:50:04.406] - eth_getTransactionCount
[2022/02/18 12:50:04.407] -    > {
   >   "jsonrpc": "2.0",
   >   "id": 279,
   >   "method": "eth_getTransactionCount",
   >   "params": [
   >     "0x98ae5e68474380b96e4e28d114295eaccff9b9da",
   >     "latest"
   >   ],
   >   "internal": true
   > }
[2022/02/18 12:50:04.408] -  <   {
 <     "id": 266,
 <     "jsonrpc": "2.0",
 <     "result": "0x56bc75e2d63100000"
 <   }
[2022/02/18 12:50:04.410] - eth_getBalance
[2022/02/18 12:50:04.413] -    > {
   >   "jsonrpc": "2.0",
   >   "id": 280,
   >   "method": "eth_getBalance",
   >   "params": [
   >     "0xa0e5df176a43e30db30f3a7cf11c174b218d21a4",
   >     "latest"
   >   ],
   >   "internal": true
   > }
[2022/02/18 12:50:04.432] -  <   {
 <     "id": 267,
 <     "jsonrpc": "2.0",
 <     "result": "0x0"
 <   }
[2022/02/18 12:50:04.433] - eth_getTransactionCount
[2022/02/18 12:50:04.434] -    > {
   >   "jsonrpc": "2.0",
   >   "id": 281,
   >   "method": "eth_getTransactionCount",
   >   "params": [
   >     "0xa0e5df176a43e30db30f3a7cf11c174b218d21a4",
   >     "latest"
   >   ],
   >   "internal": true
   > }
[2022/02/18 12:50:04.435] - eth_getBalance
[2022/02/18 12:50:04.436] -    > {
   >   "jsonrpc": "2.0",
   >   "id": 282,
   >   "method": "eth_getBalance",
   >   "params": [
   >     "0xafbf75f3c3abaa691a9c460b37cf6ca00a0630fa",
   >     "latest"
   >   ],
   >   "internal": true
   > }
[2022/02/18 12:50:04.437] -  <   {
 <     "id": 268,
 <     "jsonrpc": "2.0",
 <     "result": "0x56bc75e2d63100000"
 <   }
[2022/02/18 12:50:04.438] - eth_getTransactionCount
[2022/02/18 12:50:04.439] -    > {
   >   "jsonrpc": "2.0",
   >   "id": 283,
   >   "method": "eth_getTransactionCount",
   >   "params": [
   >     "0xafbf75f3c3abaa691a9c460b37cf6ca00a0630fa",
   >     "latest"
   >   ],
   >   "internal": true
   > }
[2022/02/18 12:50:04.440] - eth_getBalance
[2022/02/18 12:50:04.440] -    > {
   >   "jsonrpc": "2.0",
   >   "id": 284,
   >   "method": "eth_getBalance",
   >   "params": [
   >     "0xa765a241143066b4286105fa9160219535ff2981",
   >     "latest"
   >   ],
   >   "internal": true
   > }
[2022/02/18 12:50:04.442] - eth_getTransactionCount
[2022/02/18 12:50:04.442] -    > {
   >   "jsonrpc": "2.0",
   >   "id": 285,
   >   "method": "eth_getTransactionCount",
   >   "params": [
   >     "0xa765a241143066b4286105fa9160219535ff2981",
   >     "latest"
   >   ],
   >   "internal": true
   > }
[2022/02/18 12:50:04.443] - eth_getBalance
[2022/02/18 12:50:04.444] -    > {
   >   "jsonrpc": "2.0",
   >   "id": 286,
   >   "method": "eth_getBalance",
   >   "params": [
   >     "0x6d2976f7fd0e7c06b7e360d6958c00396d8d799c",
   >     "latest"
   >   ],
   >   "internal": true
   > }
[2022/02/18 12:50:04.446] -  <   {
 <     "id": 269,
 <     "jsonrpc": "2.0",
 <     "result": "0x0"
 <   }
[2022/02/18 12:50:04.447] - eth_getTransactionCount
[2022/02/18 12:50:04.448] -    > {
   >   "jsonrpc": "2.0",
   >   "id": 287,
   >   "method": "eth_getTransactionCount",
   >   "params": [
   >     "0x6d2976f7fd0e7c06b7e360d6958c00396d8d799c",
   >     "latest"
   >   ],
   >   "internal": true
   > }
[2022/02/18 12:50:04.448] - eth_getBalance
[2022/02/18 12:50:04.449] -    > {
   >   "jsonrpc": "2.0",
   >   "id": 288,
   >   "method": "eth_getBalance",
   >   "params": [
   >     "0x43249a45596ebaf71609f5087cf23238c97a10d0",
   >     "latest"
   >   ],
   >   "internal": true
   > }
[2022/02/18 12:50:04.451] -  <   {
 <     "id": 270,
 <     "jsonrpc": "2.0",
 <     "result": "0x56bc75e2d63100000"
 <   }
[2022/02/18 12:50:04.452] - eth_getTransactionCount
[2022/02/18 12:50:04.453] -    > {
   >   "jsonrpc": "2.0",
   >   "id": 289,
   >   "method": "eth_getTransactionCount",
   >   "params": [
   >     "0x43249a45596ebaf71609f5087cf23238c97a10d0",
   >     "latest"
   >   ],
   >   "internal": true
   > }
[2022/02/18 12:50:04.455] - eth_getBalance
[2022/02/18 12:50:04.457] -    > {
   >   "jsonrpc": "2.0",
   >   "id": 290,
   >   "method": "eth_getBalance",
   >   "params": [
   >     "0x7cda73f55e3814bff4ff66f00aae03f0c6177da5",
   >     "latest"
   >   ],
   >   "internal": true
   > }
[2022/02/18 12:50:04.459] - eth_getTransactionCount
[2022/02/18 12:50:04.460] -    > {
   >   "jsonrpc": "2.0",
   >   "id": 291,
   >   "method": "eth_getTransactionCount",
   >   "params": [
   >     "0x7cda73f55e3814bff4ff66f00aae03f0c6177da5",
   >     "latest"
   >   ],
   >   "internal": true
   > }
[2022/02/18 12:50:04.462] -  <   {
 <     "id": 271,
 <     "jsonrpc": "2.0",
 <     "result": "0x0"
 <   }
[2022/02/18 12:50:04.481] -  <   {
 <     "id": 273,
 <     "jsonrpc": "2.0",
 <     "result": "0x0"
 <   }
[2022/02/18 12:50:04.497] -  <   {
 <     "id": 274,
 <     "jsonrpc": "2.0",
 <     "result": "0x56bc75e2d63100000"
 <   }
[2022/02/18 12:50:04.512] -  <   {
 <     "id": 275,
 <     "jsonrpc": "2.0",
 <     "result": "0x0"
 <   }
[2022/02/18 12:50:04.528] -  <   {
 <     "id": 276,
 <     "jsonrpc": "2.0",
 <     "result": "0x56bc75e2d63100000"
 <   }
[2022/02/18 12:50:04.544] -  <   {
 <     "id": 277,
 <     "jsonrpc": "2.0",
 <     "result": "0x0"
 <   }
[2022/02/18 12:50:04.560] -  <   {
 <     "id": 278,
 <     "jsonrpc": "2.0",
 <     "result": "0x56bc75e2d63100000"
 <   }
[2022/02/18 12:50:04.575] -  <   {
 <     "id": 279,
 <     "jsonrpc": "2.0",
 <     "result": "0x0"
 <   }
[2022/02/18 12:50:04.590] -  <   {
 <     "id": 280,
 <     "jsonrpc": "2.0",
 <     "result": "0x56bc75e2d63100000"
 <   }
[2022/02/18 12:50:04.606] -  <   {
 <     "id": 281,
 <     "jsonrpc": "2.0",
 <     "result": "0x0"
 <   }
[2022/02/18 12:50:04.622] -  <   {
 <     "id": 282,
 <     "jsonrpc": "2.0",
 <     "result": "0x56bc75e2d63100000"
 <   }
[2022/02/18 12:50:04.636] -  <   {
 <     "id": 283,
 <     "jsonrpc": "2.0",
 <     "result": "0x0"
 <   }
[2022/02/18 12:50:04.653] -  <   {
 <     "id": 284,
 <     "jsonrpc": "2.0",
 <     "result": "0x56bc75e2d63100000"
 <   }
[2022/02/18 12:50:04.667] -  <   {
 <     "id": 285,
 <     "jsonrpc": "2.0",
 <     "result": "0x0"
 <   }
[2022/02/18 12:50:04.682] -  <   {
 <     "id": 286,
 <     "jsonrpc": "2.0",
 <     "result": "0x56bc75e2d63100000"
 <   }
[2022/02/18 12:50:04.698] -  <   {
 <     "id": 287,
 <     "jsonrpc": "2.0",
 <     "result": "0x0"
 <   }
[2022/02/18 12:50:04.713] -  <   {
 <     "id": 288,
 <     "jsonrpc": "2.0",
 <     "result": "0x56bc75e2d63100000"
 <   }
[2022/02/18 12:50:04.729] -  <   {
 <     "id": 289,
 <     "jsonrpc": "2.0",
 <     "result": "0x0"
 <   }
[2022/02/18 12:50:04.744] -  <   {
 <     "id": 290,
 <     "jsonrpc": "2.0",
 <     "result": "0x56bc75e2d63100000"
 <   }
[2022/02/18 12:50:04.759] -  <   {
 <     "id": 291,
 <     "jsonrpc": "2.0",
 <     "result": "0x0"
 <   }
[2022/02/18 12:53:15.013] - eth_getBlockByNumber
[2022/02/18 12:53:15.013] -    > {
   >   "jsonrpc": "2.0",
   >   "id": 292,
   >   "method": "eth_getBlockByNumber",
   >   "params": [
   >     "0x0",
   >     false
   >   ],
   >   "internal": true
   > }
[2022/02/18 12:53:15.024] -  <   {
 <     "id": 292,
 <     "jsonrpc": "2.0",
 <     "result": {
 <       "number": "0x0",
 <       "hash": "0x525e56a2185e525547d358c2e4fd6866183ac35cc0cab197680c6d6728856b43",
 <       "parentHash": "0x0000000000000000000000000000000000000000000000000000000000000000",
 <       "mixHash": "0x0000000000000000000000000000000000000000000000000000000000000000",
 <       "nonce": "0x0000000000000000",
 <       "sha3Uncles": "0x1dcc4de8dec75d7aab85b567b6ccd41ad312451b948a7413f0a142fd40d49347",
 <       "logsBloom": "0x00000000000000000000000000000000000000000000000000000000000000000000000000000000000000000000000000000000000000000000000000000000000000000000000000000000000000000000000000000000000000000000000000000000000000000000000000000000000000000000000000000000000000000000000000000000000000000000000000000000000000000000000000000000000000000000000000000000000000000000000000000000000000000000000000000000000000000000000000000000000000000000000000000000000000000000000000000000000000000000000000000000000000000000000000000000",
 <       "transactionsRoot": "0x56e81f171bcc55a6ff8345e692c0f86e5b48e01b996cadc001622fb5e363b421",
 <       "stateRoot": "0x854b93ffeb26c480d94c0bab1c39d845054b0bd69a996e7a132537b1ac008fda",
 <       "receiptsRoot": "0x56e81f171bcc55a6ff8345e692c0f86e5b48e01b996cadc001622fb5e363b421",
 <       "miner": "0x0000000000000000000000000000000000000000",
 <       "difficulty": "0x0",
 <       "totalDifficulty": "0x0",
 <       "extraData": "0x",
 <       "size": "0x3e8",
 <       "gasLimit": "0x6691b7",
 <       "gasUsed": "0x0",
 <       "timestamp": "0x620ec77f",
 <       "transactions": [],
 <       "uncles": []
 <     }
 <   }
[2022/02/18 12:53:15.031] - eth_getBlockTransactionCountByHash
[2022/02/18 12:53:15.032] -    > {
   >   "jsonrpc": "2.0",
   >   "id": 293,
   >   "method": "eth_getBlockTransactionCountByHash",
   >   "params": [
   >     "0x525e56a2185e525547d358c2e4fd6866183ac35cc0cab197680c6d6728856b43"
   >   ],
   >   "internal": true
   > }
[2022/02/18 12:53:15.040] -  <   {
 <     "id": 293,
 <     "jsonrpc": "2.0",
 <     "result": "0x0"
 <   }
[2022/02/18 12:53:16.261] - eth_getBlockByNumber
[2022/02/18 12:53:16.262] -    > {
   >   "jsonrpc": "2.0",
   >   "id": 294,
   >   "method": "eth_getBlockByNumber",
   >   "params": [
   >     "0x0",
   >     true
   >   ],
   >   "internal": true
   > }
[2022/02/18 12:53:16.268] -  <   {
 <     "id": 294,
 <     "jsonrpc": "2.0",
 <     "result": {
 <       "number": "0x0",
 <       "hash": "0x525e56a2185e525547d358c2e4fd6866183ac35cc0cab197680c6d6728856b43",
 <       "parentHash": "0x0000000000000000000000000000000000000000000000000000000000000000",
 <       "mixHash": "0x0000000000000000000000000000000000000000000000000000000000000000",
 <       "nonce": "0x0000000000000000",
 <       "sha3Uncles": "0x1dcc4de8dec75d7aab85b567b6ccd41ad312451b948a7413f0a142fd40d49347",
 <       "logsBloom": "0x00000000000000000000000000000000000000000000000000000000000000000000000000000000000000000000000000000000000000000000000000000000000000000000000000000000000000000000000000000000000000000000000000000000000000000000000000000000000000000000000000000000000000000000000000000000000000000000000000000000000000000000000000000000000000000000000000000000000000000000000000000000000000000000000000000000000000000000000000000000000000000000000000000000000000000000000000000000000000000000000000000000000000000000000000000000",
 <       "transactionsRoot": "0x56e81f171bcc55a6ff8345e692c0f86e5b48e01b996cadc001622fb5e363b421",
 <       "stateRoot": "0x854b93ffeb26c480d94c0bab1c39d845054b0bd69a996e7a132537b1ac008fda",
 <       "receiptsRoot": "0x56e81f171bcc55a6ff8345e692c0f86e5b48e01b996cadc001622fb5e363b421",
 <       "miner": "0x0000000000000000000000000000000000000000",
 <       "difficulty": "0x0",
 <       "totalDifficulty": "0x0",
 <       "extraData": "0x",
 <       "size": "0x3e8",
 <       "gasLimit": "0x6691b7",
 <       "gasUsed": "0x0",
 <       "timestamp": "0x620ec77f",
 <       "transactions": [],
 <       "uncles": []
 <     }
 <   }
[2022/02/18 12:53:33.757] - eth_unsubscribe
[2022/02/18 12:53:33.758] -    > {
   >   "jsonrpc": "2.0",
   >   "id": 23,
   >   "method": "eth_unsubscribe",
   >   "params": [
   >     "0x3"
   >   ]
   > }
[2022/02/18 12:53:33.759] - eth_unsubscribe
[2022/02/18 12:53:33.760] -    > {
   >   "jsonrpc": "2.0",
   >   "id": 24,
   >   "method": "eth_unsubscribe",
   >   "params": [
   >     "0x4"
   >   ]
   > }
[2022/02/18 12:53:33.762] -  <   {
 <     "id": 23,
 <     "jsonrpc": "2.0",
 <     "result": true
 <   }
[2022/02/18 12:53:33.764] -    > {
   >   "jsonrpc": "2.0",
   >   "method": "eth_unsubscribe",
   >   "params": [
   >     "0x6"
   >   ],
   >   "id": 1645217613764
   > }
[2022/02/18 12:53:33.765] -    > {
   >   "jsonrpc": "2.0",
   >   "method": "eth_unsubscribe",
   >   "params": [
   >     "0x4"
   >   ],
   >   "id": 1645217613765
   > }
[2022/02/18 12:53:33.766] -    > {
   >   "jsonrpc": "2.0",
   >   "method": "eth_unsubscribe",
   >   "params": [
   >     "0x5"
   >   ],
   >   "id": 1645217613765
   > }
[2022/02/18 12:53:33.767] -    > {
   >   "jsonrpc": "2.0",
   >   "method": "eth_unsubscribe",
   >   "params": [
   >     "0x1"
   >   ],
   >   "id": 1645217613766
   > }
[2022/02/18 12:53:33.767] -    > {
   >   "jsonrpc": "2.0",
   >   "method": "eth_unsubscribe",
   >   "params": [
   >     "0x2"
   >   ],
   >   "id": 1645217613767
   > }
[2022/02/18 12:53:33.768] -  <   {
 <     "id": 24,
 <     "jsonrpc": "2.0",
 <     "result": true
 <   }
[2022/02/18 12:53:33.774] -  <   {
 <     "id": 1645217613764,
 <     "jsonrpc": "2.0",
 <     "result": true
 <   }
[2022/02/18 12:53:33.790] -  <   {
 <     "id": 1645217613765,
 <     "jsonrpc": "2.0",
 <     "error": {
 <       "message": "Subscription ID 0x4 not found.",
 <       "code": -32000,
 <       "data": {
 <         "stack": "Error: Subscription ID 0x4 not found.\n    at SubscriptionSubprovider.eth_unsubscribe (C:\\Program Files\\WindowsApps\\GanacheUI_2.5.4.0_x64__5dg5pnz03psnj\\app\\resources\\static\\node\\node_modules\\ganache-core\\node_modules\\web3-provider-engine\\subproviders\\subscriptions.js:78:8)\n    at SubscriptionSubprovider.handleRequest (C:\\Program Files\\WindowsApps\\GanacheUI_2.5.4.0_x64__5dg5pnz03psnj\\app\\resources\\static\\node\\node_modules\\ganache-core\\node_modules\\web3-provider-engine\\subproviders\\subscriptions.js:134:12)\n    at next (C:\\Program Files\\WindowsApps\\GanacheUI_2.5.4.0_x64__5dg5pnz03psnj\\app\\resources\\static\\node\\node_modules\\ganache-core\\node_modules\\web3-provider-engine\\index.js:136:18)\n    at DelayedBlockFilter.handleRequest (C:\\Program Files\\WindowsApps\\GanacheUI_2.5.4.0_x64__5dg5pnz03psnj\\app\\resources\\static\\node\\node_modules\\ganache-core\\lib\\subproviders\\delayedblockfilter.js:31:3)\n    at next (C:\\Program Files\\WindowsApps\\GanacheUI_2.5.4.0_x64__5dg5pnz03psnj\\app\\resources\\static\\node\\node_modules\\ganache-core\\node_modules\\web3-provider-engine\\index.js:136:18)\n    at RequestFunnel.handleRequest (C:\\Program Files\\WindowsApps\\GanacheUI_2.5.4.0_x64__5dg5pnz03psnj\\app\\resources\\static\\node\\node_modules\\ganache-core\\lib\\subproviders\\requestfunnel.js:32:12)\n    at next (C:\\Program Files\\WindowsApps\\GanacheUI_2.5.4.0_x64__5dg5pnz03psnj\\app\\resources\\static\\node\\node_modules\\ganache-core\\node_modules\\web3-provider-engine\\index.js:136:18)\n    at Web3ProviderEngine._handleAsync (C:\\Program Files\\WindowsApps\\GanacheUI_2.5.4.0_x64__5dg5pnz03psnj\\app\\resources\\static\\node\\node_modules\\ganache-core\\node_modules\\web3-provider-engine\\index.js:123:3)\n    at Timeout._onTimeout (C:\\Program Files\\WindowsApps\\GanacheUI_2.5.4.0_x64__5dg5pnz03psnj\\app\\resources\\static\\node\\node_modules\\ganache-core\\node_modules\\web3-provider-engine\\index.js:107:12)\n    at listOnTimeout (internal/timers.js:531:17)\n    at processTimers (internal/timers.js:475:7)",
 <         "name": "Error"
 <       }
 <     }
 <   }
[2022/02/18 12:53:33.804] -  <   {
 <     "id": 1645217613765,
 <     "jsonrpc": "2.0",
 <     "result": true
 <   }
[2022/02/18 12:53:33.820] -  <   {
 <     "id": 1645217613766,
 <     "jsonrpc": "2.0",
 <     "result": true
 <   }
[2022/02/18 12:53:33.835] -  <   {
 <     "id": 1645217613767,
 <     "jsonrpc": "2.0",
 <     "result": true
 <   }
