[2022/02/18 12:53:37.060] - Starting server with initial configuration: {"gasLimit":6721975,"gasPrice":20000000000,"hardfork":"muirGlacier","hostname":"10.0.0.203","port":7545,"network_id":5777,"default_balance_ether":100,"total_accounts":10,"unlocked_accounts":[],"locked":true,"vmErrorsOnRPCResponse":true,"verbose":true,"db_path":"C:\\Users\\kyle\\AppData\\Roaming\\Ganache\\workspaces\\workspace-21722\\chaindata","logDirectory":"C:\\Users\\kyle\\OneDrive\\Documents\\GitHub\\truffle-plugin-verify\\Ganache Log File Directory"}
[2022/02/18 12:53:37.146] - eth_subscribe
[2022/02/18 12:53:37.147] -    > {
   >   "jsonrpc": "2.0",
   >   "id": 25,
   >   "method": "eth_subscribe",
   >   "params": [
   >     "newHeads"
   >   ]
   > }
[2022/02/18 12:53:37.149] - eth_getLogs
[2022/02/18 12:53:37.150] -    > {
   >   "jsonrpc": "2.0",
   >   "id": 26,
   >   "method": "eth_getLogs",
   >   "params": [
   >     {
   >       "topics": []
   >     }
   >   ]
   > }
[2022/02/18 12:53:37.151] - eth_subscribe
[2022/02/18 12:53:37.151] -    > {
   >   "jsonrpc": "2.0",
   >   "id": 27,
   >   "method": "eth_subscribe",
   >   "params": [
   >     "logs",
   >     {
   >       "topics": []
   >     }
   >   ]
   > }
[2022/02/18 12:53:37.152] -  <   {
 <     "id": 25,
 <     "jsonrpc": "2.0",
 <     "result": "0x1"
 <   }
[2022/02/18 12:53:37.164] -  <   {
 <     "id": 26,
 <     "jsonrpc": "2.0",
 <     "result": []
 <   }
[2022/02/18 12:53:37.166] -  <   {
 <     "id": 27,
 <     "jsonrpc": "2.0",
 <     "result": "0x2"
 <   }
[2022/02/18 12:53:37.194] - eth_subscribe
[2022/02/18 12:53:37.195] -    > {
   >   "jsonrpc": "2.0",
   >   "id": 28,
   >   "method": "eth_subscribe",
   >   "params": [
   >     "newHeads"
   >   ]
   > }
[2022/02/18 12:53:37.196] - eth_getLogs
[2022/02/18 12:53:37.197] -    > {
   >   "jsonrpc": "2.0",
   >   "id": 29,
   >   "method": "eth_getLogs",
   >   "params": [
   >     {
   >       "topics": []
   >     }
   >   ]
   > }
[2022/02/18 12:53:37.198] - eth_subscribe
[2022/02/18 12:53:37.199] -    > {
   >   "jsonrpc": "2.0",
   >   "id": 30,
   >   "method": "eth_subscribe",
   >   "params": [
   >     "logs",
   >     {
   >       "topics": []
   >     }
   >   ]
   > }
[2022/02/18 12:53:37.200] -  <   {
 <     "id": 28,
 <     "jsonrpc": "2.0",
 <     "result": "0x3"
 <   }
[2022/02/18 12:53:37.202] -  <   {
 <     "id": 29,
 <     "jsonrpc": "2.0",
 <     "result": []
 <   }
[2022/02/18 12:53:37.203] -  <   {
 <     "id": 30,
 <     "jsonrpc": "2.0",
 <     "result": "0x4"
 <   }
[2022/02/18 12:53:37.241] - eth_blockNumber
[2022/02/18 12:53:37.242] -    > {
   >   "jsonrpc": "2.0",
   >   "id": 300,
   >   "method": "eth_blockNumber",
   >   "params": [],
   >   "internal": true
   > }
[2022/02/18 12:53:37.243] - eth_accounts
[2022/02/18 12:53:37.244] -    > {
   >   "jsonrpc": "2.0",
   >   "id": 301,
   >   "method": "eth_accounts",
   >   "params": [],
   >   "internal": true
   > }
[2022/02/18 12:53:37.245] - eth_gasPrice
[2022/02/18 12:53:37.245] -    > {
   >   "jsonrpc": "2.0",
   >   "id": 302,
   >   "method": "eth_gasPrice",
   >   "params": [],
   >   "internal": true
   > }
[2022/02/18 12:53:37.246] -  <   {
 <     "id": 300,
 <     "jsonrpc": "2.0",
 <     "result": "0x0"
 <   }
[2022/02/18 12:53:37.247] - eth_getBlockByNumber
[2022/02/18 12:53:37.248] -    > {
   >   "jsonrpc": "2.0",
   >   "id": 303,
   >   "method": "eth_getBlockByNumber",
   >   "params": [
   >     "latest",
   >     false
   >   ],
   >   "internal": true
   > }
[2022/02/18 12:53:37.249] - eth_subscribe
[2022/02/18 12:53:37.249] -    > {
   >   "jsonrpc": "2.0",
   >   "id": 304,
   >   "method": "eth_subscribe",
   >   "params": [
   >     "newHeads"
   >   ],
   >   "internal": true
   > }
[2022/02/18 12:53:37.250] -  <   {
 <     "id": 301,
 <     "jsonrpc": "2.0",
 <     "result": [
 <       "0xcb256dc99a7a8c41435452c00589de09f92f0f8e",
 <       "0x64e49d53f97e4e4ef7b603e508be0a8707f36a60",
 <       "0x0329f1567786ce4f28cc9d12e564d6440ee87692",
 <       "0x98ae5e68474380b96e4e28d114295eaccff9b9da",
 <       "0xa0e5df176a43e30db30f3a7cf11c174b218d21a4",
 <       "0xafbf75f3c3abaa691a9c460b37cf6ca00a0630fa",
 <       "0xa765a241143066b4286105fa9160219535ff2981",
 <       "0x6d2976f7fd0e7c06b7e360d6958c00396d8d799c",
 <       "0x43249a45596ebaf71609f5087cf23238c97a10d0",
 <       "0x7cda73f55e3814bff4ff66f00aae03f0c6177da5"
 <     ]
 <   }
[2022/02/18 12:53:37.251] - eth_blockNumber
[2022/02/18 12:53:37.252] -    > {
   >   "jsonrpc": "2.0",
   >   "id": 295,
   >   "method": "eth_blockNumber",
   >   "params": [],
   >   "internal": true
   > }
[2022/02/18 12:53:37.253] -  <   {
 <     "id": 302,
 <     "jsonrpc": "2.0",
 <     "result": "0x4a817c800"
 <   }
[2022/02/18 12:53:37.254] - eth_accounts
[2022/02/18 12:53:37.255] -    > {
   >   "jsonrpc": "2.0",
   >   "id": 296,
   >   "method": "eth_accounts",
   >   "params": [],
   >   "internal": true
   > }
[2022/02/18 12:53:37.256] - eth_gasPrice
[2022/02/18 12:53:37.257] -    > {
   >   "jsonrpc": "2.0",
   >   "id": 297,
   >   "method": "eth_gasPrice",
   >   "params": [],
   >   "internal": true
   > }
[2022/02/18 12:53:37.259] -  <   {
 <     "id": 303,
 <     "jsonrpc": "2.0",
 <     "result": {
 <       "number": "0x0",
 <       "hash": "0x525e56a2185e525547d358c2e4fd6866183ac35cc0cab197680c6d6728856b43",
 <       "parentHash": "0x0000000000000000000000000000000000000000000000000000000000000000",
 <       "mixHash": "0x0000000000000000000000000000000000000000000000000000000000000000",
 <       "nonce": "0x0000000000000000",
 <       "sha3Uncles": "0x1dcc4de8dec75d7aab85b567b6ccd41ad312451b948a7413f0a142fd40d49347",
 <       "logsBloom": "0x00000000000000000000000000000000000000000000000000000000000000000000000000000000000000000000000000000000000000000000000000000000000000000000000000000000000000000000000000000000000000000000000000000000000000000000000000000000000000000000000000000000000000000000000000000000000000000000000000000000000000000000000000000000000000000000000000000000000000000000000000000000000000000000000000000000000000000000000000000000000000000000000000000000000000000000000000000000000000000000000000000000000000000000000000000000",
 <       "transactionsRoot": "0x56e81f171bcc55a6ff8345e692c0f86e5b48e01b996cadc001622fb5e363b421",
 <       "stateRoot": "0x854b93ffeb26c480d94c0bab1c39d845054b0bd69a996e7a132537b1ac008fda",
 <       "receiptsRoot": "0x56e81f171bcc55a6ff8345e692c0f86e5b48e01b996cadc001622fb5e363b421",
 <       "miner": "0x0000000000000000000000000000000000000000",
 <       "difficulty": "0x0",
 <       "totalDifficulty": "0x0",
 <       "extraData": "0x",
 <       "size": "0x3e8",
 <       "gasLimit": "0x6691b7",
 <       "gasUsed": "0x0",
 <       "timestamp": "0x620ec77f",
 <       "transactions": [],
 <       "uncles": []
 <     }
 <   }
[2022/02/18 12:53:37.260] - eth_getBlockByNumber
[2022/02/18 12:53:37.261] -    > {
   >   "jsonrpc": "2.0",
   >   "id": 298,
   >   "method": "eth_getBlockByNumber",
   >   "params": [
   >     "latest",
   >     false
   >   ],
   >   "internal": true
   > }
[2022/02/18 12:53:37.264] - eth_subscribe
[2022/02/18 12:53:37.265] -    > {
   >   "jsonrpc": "2.0",
   >   "id": 299,
   >   "method": "eth_subscribe",
   >   "params": [
   >     "newHeads"
   >   ],
   >   "internal": true
   > }
[2022/02/18 12:53:37.266] -  <   {
 <     "id": 304,
 <     "jsonrpc": "2.0",
 <     "result": "0x5"
 <   }
[2022/02/18 12:53:37.269] -  <   {
 <     "id": 295,
 <     "jsonrpc": "2.0",
 <     "result": "0x0"
 <   }
[2022/02/18 12:53:37.275] - eth_getBalance
[2022/02/18 12:53:37.276] -    > {
   >   "jsonrpc": "2.0",
   >   "id": 306,
   >   "method": "eth_getBalance",
   >   "params": [
   >     "0xcb256dc99a7a8c41435452c00589de09f92f0f8e",
   >     "latest"
   >   ],
   >   "internal": true
   > }
[2022/02/18 12:53:37.277] - eth_getTransactionCount
[2022/02/18 12:53:37.277] -    > {
   >   "jsonrpc": "2.0",
   >   "id": 307,
   >   "method": "eth_getTransactionCount",
   >   "params": [
   >     "0xcb256dc99a7a8c41435452c00589de09f92f0f8e",
   >     "latest"
   >   ],
   >   "internal": true
   > }
[2022/02/18 12:53:37.279] -  <   {
 <     "id": 296,
 <     "jsonrpc": "2.0",
 <     "result": [
 <       "0xcb256dc99a7a8c41435452c00589de09f92f0f8e",
 <       "0x64e49d53f97e4e4ef7b603e508be0a8707f36a60",
 <       "0x0329f1567786ce4f28cc9d12e564d6440ee87692",
 <       "0x98ae5e68474380b96e4e28d114295eaccff9b9da",
 <       "0xa0e5df176a43e30db30f3a7cf11c174b218d21a4",
 <       "0xafbf75f3c3abaa691a9c460b37cf6ca00a0630fa",
 <       "0xa765a241143066b4286105fa9160219535ff2981",
 <       "0x6d2976f7fd0e7c06b7e360d6958c00396d8d799c",
 <       "0x43249a45596ebaf71609f5087cf23238c97a10d0",
 <       "0x7cda73f55e3814bff4ff66f00aae03f0c6177da5"
 <     ]
 <   }
[2022/02/18 12:53:37.280] - eth_getBalance
[2022/02/18 12:53:37.280] -    > {
   >   "jsonrpc": "2.0",
   >   "id": 308,
   >   "method": "eth_getBalance",
   >   "params": [
   >     "0x64e49d53f97e4e4ef7b603e508be0a8707f36a60",
   >     "latest"
   >   ],
   >   "internal": true
   > }
[2022/02/18 12:53:37.281] - eth_getTransactionCount
[2022/02/18 12:53:37.282] -    > {
   >   "jsonrpc": "2.0",
   >   "id": 309,
   >   "method": "eth_getTransactionCount",
   >   "params": [
   >     "0x64e49d53f97e4e4ef7b603e508be0a8707f36a60",
   >     "latest"
   >   ],
   >   "internal": true
   > }
[2022/02/18 12:53:37.283] -  <   {
 <     "id": 297,
 <     "jsonrpc": "2.0",
 <     "result": "0x4a817c800"
 <   }
[2022/02/18 12:53:37.284] - eth_getBalance
[2022/02/18 12:53:37.285] -    > {
   >   "jsonrpc": "2.0",
   >   "id": 310,
   >   "method": "eth_getBalance",
   >   "params": [
   >     "0x0329f1567786ce4f28cc9d12e564d6440ee87692",
   >     "latest"
   >   ],
   >   "internal": true
   > }
[2022/02/18 12:53:37.286] -  <   {
 <     "id": 298,
 <     "jsonrpc": "2.0",
 <     "result": {
 <       "number": "0x0",
 <       "hash": "0x525e56a2185e525547d358c2e4fd6866183ac35cc0cab197680c6d6728856b43",
 <       "parentHash": "0x0000000000000000000000000000000000000000000000000000000000000000",
 <       "mixHash": "0x0000000000000000000000000000000000000000000000000000000000000000",
 <       "nonce": "0x0000000000000000",
 <       "sha3Uncles": "0x1dcc4de8dec75d7aab85b567b6ccd41ad312451b948a7413f0a142fd40d49347",
 <       "logsBloom": "0x00000000000000000000000000000000000000000000000000000000000000000000000000000000000000000000000000000000000000000000000000000000000000000000000000000000000000000000000000000000000000000000000000000000000000000000000000000000000000000000000000000000000000000000000000000000000000000000000000000000000000000000000000000000000000000000000000000000000000000000000000000000000000000000000000000000000000000000000000000000000000000000000000000000000000000000000000000000000000000000000000000000000000000000000000000000",
 <       "transactionsRoot": "0x56e81f171bcc55a6ff8345e692c0f86e5b48e01b996cadc001622fb5e363b421",
 <       "stateRoot": "0x854b93ffeb26c480d94c0bab1c39d845054b0bd69a996e7a132537b1ac008fda",
 <       "receiptsRoot": "0x56e81f171bcc55a6ff8345e692c0f86e5b48e01b996cadc001622fb5e363b421",
 <       "miner": "0x0000000000000000000000000000000000000000",
 <       "difficulty": "0x0",
 <       "totalDifficulty": "0x0",
 <       "extraData": "0x",
 <       "size": "0x3e8",
 <       "gasLimit": "0x6691b7",
 <       "gasUsed": "0x0",
 <       "timestamp": "0x620ec77f",
 <       "transactions": [],
 <       "uncles": []
 <     }
 <   }
[2022/02/18 12:53:37.288] - eth_getTransactionCount
[2022/02/18 12:53:37.289] -    > {
   >   "jsonrpc": "2.0",
   >   "id": 311,
   >   "method": "eth_getTransactionCount",
   >   "params": [
   >     "0x0329f1567786ce4f28cc9d12e564d6440ee87692",
   >     "latest"
   >   ],
   >   "internal": true
   > }
[2022/02/18 12:53:37.290] -  <   {
 <     "id": 299,
 <     "jsonrpc": "2.0",
 <     "result": "0x6"
 <   }
[2022/02/18 12:53:37.291] - eth_getBalance
[2022/02/18 12:53:37.292] -    > {
   >   "jsonrpc": "2.0",
   >   "id": 312,
   >   "method": "eth_getBalance",
   >   "params": [
   >     "0x98ae5e68474380b96e4e28d114295eaccff9b9da",
   >     "latest"
   >   ],
   >   "internal": true
   > }
[2022/02/18 12:53:37.292] - eth_getTransactionCount
[2022/02/18 12:53:37.293] -    > {
   >   "jsonrpc": "2.0",
   >   "id": 313,
   >   "method": "eth_getTransactionCount",
   >   "params": [
   >     "0x98ae5e68474380b96e4e28d114295eaccff9b9da",
   >     "latest"
   >   ],
   >   "internal": true
   > }
[2022/02/18 12:53:37.295] - eth_getBalance
[2022/02/18 12:53:37.296] -    > {
   >   "jsonrpc": "2.0",
   >   "id": 314,
   >   "method": "eth_getBalance",
   >   "params": [
   >     "0xa0e5df176a43e30db30f3a7cf11c174b218d21a4",
   >     "latest"
   >   ],
   >   "internal": true
   > }
[2022/02/18 12:53:37.296] - eth_getTransactionCount
[2022/02/18 12:53:37.297] -    > {
   >   "jsonrpc": "2.0",
   >   "id": 315,
   >   "method": "eth_getTransactionCount",
   >   "params": [
   >     "0xa0e5df176a43e30db30f3a7cf11c174b218d21a4",
   >     "latest"
   >   ],
   >   "internal": true
   > }
[2022/02/18 12:53:37.299] -  <   {
 <     "id": 306,
 <     "jsonrpc": "2.0",
 <     "result": "0x56bc75e2d63100000"
 <   }
[2022/02/18 12:53:37.300] - eth_getBalance
[2022/02/18 12:53:37.301] -    > {
   >   "jsonrpc": "2.0",
   >   "id": 316,
   >   "method": "eth_getBalance",
   >   "params": [
   >     "0xafbf75f3c3abaa691a9c460b37cf6ca00a0630fa",
   >     "latest"
   >   ],
   >   "internal": true
   > }
[2022/02/18 12:53:37.307] -  <   {
 <     "id": 307,
 <     "jsonrpc": "2.0",
 <     "result": "0x0"
 <   }
[2022/02/18 12:53:37.308] - eth_getTransactionCount
[2022/02/18 12:53:37.308] -    > {
   >   "jsonrpc": "2.0",
   >   "id": 317,
   >   "method": "eth_getTransactionCount",
   >   "params": [
   >     "0xafbf75f3c3abaa691a9c460b37cf6ca00a0630fa",
   >     "latest"
   >   ],
   >   "internal": true
   > }
[2022/02/18 12:53:37.309] - eth_getBalance
[2022/02/18 12:53:37.310] -    > {
   >   "jsonrpc": "2.0",
   >   "id": 318,
   >   "method": "eth_getBalance",
   >   "params": [
   >     "0xa765a241143066b4286105fa9160219535ff2981",
   >     "latest"
   >   ],
   >   "internal": true
   > }
[2022/02/18 12:53:37.312] - eth_getTransactionCount
[2022/02/18 12:53:37.313] -    > {
   >   "jsonrpc": "2.0",
   >   "id": 319,
   >   "method": "eth_getTransactionCount",
   >   "params": [
   >     "0xa765a241143066b4286105fa9160219535ff2981",
   >     "latest"
   >   ],
   >   "internal": true
   > }
[2022/02/18 12:53:37.316] - eth_getBalance
[2022/02/18 12:53:37.317] -    > {
   >   "jsonrpc": "2.0",
   >   "id": 320,
   >   "method": "eth_getBalance",
   >   "params": [
   >     "0x6d2976f7fd0e7c06b7e360d6958c00396d8d799c",
   >     "latest"
   >   ],
   >   "internal": true
   > }
[2022/02/18 12:53:37.327] -  <   {
 <     "id": 308,
 <     "jsonrpc": "2.0",
 <     "result": "0x56bc75e2d63100000"
 <   }
[2022/02/18 12:53:37.328] - eth_getTransactionCount
[2022/02/18 12:53:37.329] -    > {
   >   "jsonrpc": "2.0",
   >   "id": 321,
   >   "method": "eth_getTransactionCount",
   >   "params": [
   >     "0x6d2976f7fd0e7c06b7e360d6958c00396d8d799c",
   >     "latest"
   >   ],
   >   "internal": true
   > }
[2022/02/18 12:53:37.331] -  <   {
 <     "id": 309,
 <     "jsonrpc": "2.0",
 <     "result": "0x0"
 <   }
[2022/02/18 12:53:37.333] - eth_getBalance
[2022/02/18 12:53:37.335] -    > {
   >   "jsonrpc": "2.0",
   >   "id": 322,
   >   "method": "eth_getBalance",
   >   "params": [
   >     "0x43249a45596ebaf71609f5087cf23238c97a10d0",
   >     "latest"
   >   ],
   >   "internal": true
   > }
[2022/02/18 12:53:37.336] - eth_getTransactionCount
[2022/02/18 12:53:37.337] -    > {
   >   "jsonrpc": "2.0",
   >   "id": 323,
   >   "method": "eth_getTransactionCount",
   >   "params": [
   >     "0x43249a45596ebaf71609f5087cf23238c97a10d0",
   >     "latest"
   >   ],
   >   "internal": true
   > }
[2022/02/18 12:53:37.341] - eth_getBalance
[2022/02/18 12:53:37.342] -    > {
   >   "jsonrpc": "2.0",
   >   "id": 324,
   >   "method": "eth_getBalance",
   >   "params": [
   >     "0x7cda73f55e3814bff4ff66f00aae03f0c6177da5",
   >     "latest"
   >   ],
   >   "internal": true
   > }
[2022/02/18 12:53:37.344] - eth_getTransactionCount
[2022/02/18 12:53:37.345] -    > {
   >   "jsonrpc": "2.0",
   >   "id": 325,
   >   "method": "eth_getTransactionCount",
   >   "params": [
   >     "0x7cda73f55e3814bff4ff66f00aae03f0c6177da5",
   >     "latest"
   >   ],
   >   "internal": true
   > }
[2022/02/18 12:53:37.346] - eth_getBalance
[2022/02/18 12:53:37.347] -    > {
   >   "jsonrpc": "2.0",
   >   "id": 326,
   >   "method": "eth_getBalance",
   >   "params": [
   >     "0xcb256dc99a7a8c41435452c00589de09f92f0f8e",
   >     "latest"
   >   ],
   >   "internal": true
   > }
[2022/02/18 12:53:37.348] - eth_getTransactionCount
[2022/02/18 12:53:37.348] -    > {
   >   "jsonrpc": "2.0",
   >   "id": 327,
   >   "method": "eth_getTransactionCount",
   >   "params": [
   >     "0xcb256dc99a7a8c41435452c00589de09f92f0f8e",
   >     "latest"
   >   ],
   >   "internal": true
   > }
[2022/02/18 12:53:37.353] - eth_getBalance
[2022/02/18 12:53:37.354] -    > {
   >   "jsonrpc": "2.0",
   >   "id": 328,
   >   "method": "eth_getBalance",
   >   "params": [
   >     "0x64e49d53f97e4e4ef7b603e508be0a8707f36a60",
   >     "latest"
   >   ],
   >   "internal": true
   > }
[2022/02/18 12:53:37.357] -  <   {
 <     "id": 310,
 <     "jsonrpc": "2.0",
 <     "result": "0x56bc75e2d63100000"
 <   }
[2022/02/18 12:53:37.358] - eth_getTransactionCount
[2022/02/18 12:53:37.358] -    > {
   >   "jsonrpc": "2.0",
   >   "id": 329,
   >   "method": "eth_getTransactionCount",
   >   "params": [
   >     "0x64e49d53f97e4e4ef7b603e508be0a8707f36a60",
   >     "latest"
   >   ],
   >   "internal": true
   > }
[2022/02/18 12:53:37.359] - eth_getBalance
[2022/02/18 12:53:37.360] -    > {
   >   "jsonrpc": "2.0",
   >   "id": 330,
   >   "method": "eth_getBalance",
   >   "params": [
   >     "0x0329f1567786ce4f28cc9d12e564d6440ee87692",
   >     "latest"
   >   ],
   >   "internal": true
   > }
[2022/02/18 12:53:37.361] - eth_getTransactionCount
[2022/02/18 12:53:37.362] -    > {
   >   "jsonrpc": "2.0",
   >   "id": 331,
   >   "method": "eth_getTransactionCount",
   >   "params": [
   >     "0x0329f1567786ce4f28cc9d12e564d6440ee87692",
   >     "latest"
   >   ],
   >   "internal": true
   > }
[2022/02/18 12:53:37.363] -  <   {
 <     "id": 311,
 <     "jsonrpc": "2.0",
 <     "result": "0x0"
 <   }
[2022/02/18 12:53:37.365] - eth_getBalance
[2022/02/18 12:53:37.365] -    > {
   >   "jsonrpc": "2.0",
   >   "id": 332,
   >   "method": "eth_getBalance",
   >   "params": [
   >     "0x98ae5e68474380b96e4e28d114295eaccff9b9da",
   >     "latest"
   >   ],
   >   "internal": true
   > }
[2022/02/18 12:53:37.371] - eth_getTransactionCount
[2022/02/18 12:53:37.372] -    > {
   >   "jsonrpc": "2.0",
   >   "id": 333,
   >   "method": "eth_getTransactionCount",
   >   "params": [
   >     "0x98ae5e68474380b96e4e28d114295eaccff9b9da",
   >     "latest"
   >   ],
   >   "internal": true
   > }
[2022/02/18 12:53:37.373] -  <   {
 <     "id": 312,
 <     "jsonrpc": "2.0",
 <     "result": "0x56bc75e2d63100000"
 <   }
[2022/02/18 12:53:37.374] - eth_getBalance
[2022/02/18 12:53:37.375] -    > {
   >   "jsonrpc": "2.0",
   >   "id": 334,
   >   "method": "eth_getBalance",
   >   "params": [
   >     "0xa0e5df176a43e30db30f3a7cf11c174b218d21a4",
   >     "latest"
   >   ],
   >   "internal": true
   > }
[2022/02/18 12:53:37.377] -  <   {
 <     "id": 313,
 <     "jsonrpc": "2.0",
 <     "result": "0x0"
 <   }
[2022/02/18 12:53:37.378] - eth_getTransactionCount
[2022/02/18 12:53:37.379] -    > {
   >   "jsonrpc": "2.0",
   >   "id": 335,
   >   "method": "eth_getTransactionCount",
   >   "params": [
   >     "0xa0e5df176a43e30db30f3a7cf11c174b218d21a4",
   >     "latest"
   >   ],
   >   "internal": true
   > }
[2022/02/18 12:53:37.381] - eth_getBalance
[2022/02/18 12:53:37.382] -    > {
   >   "jsonrpc": "2.0",
   >   "id": 336,
   >   "method": "eth_getBalance",
   >   "params": [
   >     "0xafbf75f3c3abaa691a9c460b37cf6ca00a0630fa",
   >     "latest"
   >   ],
   >   "internal": true
   > }
[2022/02/18 12:53:37.384] -  <   {
 <     "id": 314,
 <     "jsonrpc": "2.0",
 <     "result": "0x56bc75e2d63100000"
 <   }
[2022/02/18 12:53:37.385] - eth_getTransactionCount
[2022/02/18 12:53:37.386] -    > {
   >   "jsonrpc": "2.0",
   >   "id": 337,
   >   "method": "eth_getTransactionCount",
   >   "params": [
   >     "0xafbf75f3c3abaa691a9c460b37cf6ca00a0630fa",
   >     "latest"
   >   ],
   >   "internal": true
   > }
[2022/02/18 12:53:37.387] -  <   {
 <     "id": 315,
 <     "jsonrpc": "2.0",
 <     "result": "0x0"
 <   }
[2022/02/18 12:53:37.388] - eth_getBalance
[2022/02/18 12:53:37.389] -    > {
   >   "jsonrpc": "2.0",
   >   "id": 338,
   >   "method": "eth_getBalance",
   >   "params": [
   >     "0xa765a241143066b4286105fa9160219535ff2981",
   >     "latest"
   >   ],
   >   "internal": true
   > }
[2022/02/18 12:53:37.391] - eth_getTransactionCount
[2022/02/18 12:53:37.391] -    > {
   >   "jsonrpc": "2.0",
   >   "id": 339,
   >   "method": "eth_getTransactionCount",
   >   "params": [
   >     "0xa765a241143066b4286105fa9160219535ff2981",
   >     "latest"
   >   ],
   >   "internal": true
   > }
[2022/02/18 12:53:37.393] -  <   {
 <     "id": 316,
 <     "jsonrpc": "2.0",
 <     "result": "0x56bc75e2d63100000"
 <   }
[2022/02/18 12:53:37.394] - eth_getBalance
[2022/02/18 12:53:37.394] -    > {
   >   "jsonrpc": "2.0",
   >   "id": 340,
   >   "method": "eth_getBalance",
   >   "params": [
   >     "0x6d2976f7fd0e7c06b7e360d6958c00396d8d799c",
   >     "latest"
   >   ],
   >   "internal": true
   > }
[2022/02/18 12:53:37.397] -  <   {
 <     "id": 317,
 <     "jsonrpc": "2.0",
 <     "result": "0x0"
 <   }
[2022/02/18 12:53:37.398] - eth_getTransactionCount
[2022/02/18 12:53:37.399] -    > {
   >   "jsonrpc": "2.0",
   >   "id": 341,
   >   "method": "eth_getTransactionCount",
   >   "params": [
   >     "0x6d2976f7fd0e7c06b7e360d6958c00396d8d799c",
   >     "latest"
   >   ],
   >   "internal": true
   > }
[2022/02/18 12:53:37.404] - eth_getBalance
[2022/02/18 12:53:37.406] -    > {
   >   "jsonrpc": "2.0",
   >   "id": 342,
   >   "method": "eth_getBalance",
   >   "params": [
   >     "0x43249a45596ebaf71609f5087cf23238c97a10d0",
   >     "latest"
   >   ],
   >   "internal": true
   > }
[2022/02/18 12:53:37.410] - eth_getTransactionCount
[2022/02/18 12:53:37.411] -    > {
   >   "jsonrpc": "2.0",
   >   "id": 343,
   >   "method": "eth_getTransactionCount",
   >   "params": [
   >     "0x43249a45596ebaf71609f5087cf23238c97a10d0",
   >     "latest"
   >   ],
   >   "internal": true
   > }
[2022/02/18 12:53:37.412] - eth_getBalance
[2022/02/18 12:53:37.413] -    > {
   >   "jsonrpc": "2.0",
   >   "id": 344,
   >   "method": "eth_getBalance",
   >   "params": [
   >     "0x7cda73f55e3814bff4ff66f00aae03f0c6177da5",
   >     "latest"
   >   ],
   >   "internal": true
   > }
[2022/02/18 12:53:37.414] - eth_getTransactionCount
[2022/02/18 12:53:37.414] -    > {
   >   "jsonrpc": "2.0",
   >   "id": 345,
   >   "method": "eth_getTransactionCount",
   >   "params": [
   >     "0x7cda73f55e3814bff4ff66f00aae03f0c6177da5",
   >     "latest"
   >   ],
   >   "internal": true
   > }
[2022/02/18 12:53:37.416] -  <   {
 <     "id": 318,
 <     "jsonrpc": "2.0",
 <     "result": "0x56bc75e2d63100000"
 <   }
[2022/02/18 12:53:37.426] -  <   {
 <     "id": 319,
 <     "jsonrpc": "2.0",
 <     "result": "0x0"
 <   }
[2022/02/18 12:53:37.436] - eth_getBalance
[2022/02/18 12:53:37.437] -    > {
   >   "jsonrpc": "2.0",
   >   "id": 347,
   >   "method": "eth_getBalance",
   >   "params": [
   >     "0xcb256dc99a7a8c41435452c00589de09f92f0f8e",
   >     "latest"
   >   ],
   >   "internal": true
   > }
[2022/02/18 12:53:37.438] - eth_getTransactionCount
[2022/02/18 12:53:37.439] -    > {
   >   "jsonrpc": "2.0",
   >   "id": 348,
   >   "method": "eth_getTransactionCount",
   >   "params": [
   >     "0xcb256dc99a7a8c41435452c00589de09f92f0f8e",
   >     "latest"
   >   ],
   >   "internal": true
   > }
[2022/02/18 12:53:37.440] - eth_getBalance
[2022/02/18 12:53:37.440] -    > {
   >   "jsonrpc": "2.0",
   >   "id": 349,
   >   "method": "eth_getBalance",
   >   "params": [
   >     "0x64e49d53f97e4e4ef7b603e508be0a8707f36a60",
   >     "latest"
   >   ],
   >   "internal": true
   > }
[2022/02/18 12:53:37.441] -  <   {
 <     "id": 320,
 <     "jsonrpc": "2.0",
 <     "result": "0x56bc75e2d63100000"
 <   }
[2022/02/18 12:53:37.442] - eth_getTransactionCount
[2022/02/18 12:53:37.443] -    > {
   >   "jsonrpc": "2.0",
   >   "id": 350,
   >   "method": "eth_getTransactionCount",
   >   "params": [
   >     "0x64e49d53f97e4e4ef7b603e508be0a8707f36a60",
   >     "latest"
   >   ],
   >   "internal": true
   > }
[2022/02/18 12:53:37.445] -  <   {
 <     "id": 321,
 <     "jsonrpc": "2.0",
 <     "result": "0x0"
 <   }
[2022/02/18 12:53:37.447] - eth_getBalance
[2022/02/18 12:53:37.447] -    > {
   >   "jsonrpc": "2.0",
   >   "id": 351,
   >   "method": "eth_getBalance",
   >   "params": [
   >     "0x0329f1567786ce4f28cc9d12e564d6440ee87692",
   >     "latest"
   >   ],
   >   "internal": true
   > }
[2022/02/18 12:53:37.448] - eth_getTransactionCount
[2022/02/18 12:53:37.449] -    > {
   >   "jsonrpc": "2.0",
   >   "id": 352,
   >   "method": "eth_getTransactionCount",
   >   "params": [
   >     "0x0329f1567786ce4f28cc9d12e564d6440ee87692",
   >     "latest"
   >   ],
   >   "internal": true
   > }
[2022/02/18 12:53:37.450] - eth_getBalance
[2022/02/18 12:53:37.451] -    > {
   >   "jsonrpc": "2.0",
   >   "id": 353,
   >   "method": "eth_getBalance",
   >   "params": [
   >     "0x98ae5e68474380b96e4e28d114295eaccff9b9da",
   >     "latest"
   >   ],
   >   "internal": true
   > }
[2022/02/18 12:53:37.451] - eth_getTransactionCount
[2022/02/18 12:53:37.452] -    > {
   >   "jsonrpc": "2.0",
   >   "id": 354,
   >   "method": "eth_getTransactionCount",
   >   "params": [
   >     "0x98ae5e68474380b96e4e28d114295eaccff9b9da",
   >     "latest"
   >   ],
   >   "internal": true
   > }
[2022/02/18 12:53:37.453] - eth_getBalance
[2022/02/18 12:53:37.453] -    > {
   >   "jsonrpc": "2.0",
   >   "id": 355,
   >   "method": "eth_getBalance",
   >   "params": [
   >     "0xa0e5df176a43e30db30f3a7cf11c174b218d21a4",
   >     "latest"
   >   ],
   >   "internal": true
   > }
[2022/02/18 12:53:37.455] -  <   {
 <     "id": 322,
 <     "jsonrpc": "2.0",
 <     "result": "0x56bc75e2d63100000"
 <   }
[2022/02/18 12:53:37.458] -  <   {
 <     "id": 323,
 <     "jsonrpc": "2.0",
 <     "result": "0x0"
 <   }
[2022/02/18 12:53:37.459] - eth_getTransactionCount
[2022/02/18 12:53:37.460] -    > {
   >   "jsonrpc": "2.0",
   >   "id": 356,
   >   "method": "eth_getTransactionCount",
   >   "params": [
   >     "0xa0e5df176a43e30db30f3a7cf11c174b218d21a4",
   >     "latest"
   >   ],
   >   "internal": true
   > }
[2022/02/18 12:53:37.461] - eth_getBalance
[2022/02/18 12:53:37.462] -    > {
   >   "jsonrpc": "2.0",
   >   "id": 357,
   >   "method": "eth_getBalance",
   >   "params": [
   >     "0xafbf75f3c3abaa691a9c460b37cf6ca00a0630fa",
   >     "latest"
   >   ],
   >   "internal": true
   > }
[2022/02/18 12:53:37.464] - eth_getTransactionCount
[2022/02/18 12:53:37.465] -    > {
   >   "jsonrpc": "2.0",
   >   "id": 358,
   >   "method": "eth_getTransactionCount",
   >   "params": [
   >     "0xafbf75f3c3abaa691a9c460b37cf6ca00a0630fa",
   >     "latest"
   >   ],
   >   "internal": true
   > }
[2022/02/18 12:53:37.466] -  <   {
 <     "id": 324,
 <     "jsonrpc": "2.0",
 <     "result": "0x56bc75e2d63100000"
 <   }
[2022/02/18 12:53:37.467] - eth_getBalance
[2022/02/18 12:53:37.467] -    > {
   >   "jsonrpc": "2.0",
   >   "id": 359,
   >   "method": "eth_getBalance",
   >   "params": [
   >     "0xa765a241143066b4286105fa9160219535ff2981",
   >     "latest"
   >   ],
   >   "internal": true
   > }
[2022/02/18 12:53:37.469] -  <   {
 <     "id": 325,
 <     "jsonrpc": "2.0",
 <     "result": "0x0"
 <   }
[2022/02/18 12:53:37.470] - eth_getTransactionCount
[2022/02/18 12:53:37.471] -    > {
   >   "jsonrpc": "2.0",
   >   "id": 360,
   >   "method": "eth_getTransactionCount",
   >   "params": [
   >     "0xa765a241143066b4286105fa9160219535ff2981",
   >     "latest"
   >   ],
   >   "internal": true
   > }
[2022/02/18 12:53:37.473] -  <   {
 <     "id": 326,
 <     "jsonrpc": "2.0",
 <     "result": "0x56bc75e2d63100000"
 <   }
[2022/02/18 12:53:37.474] - eth_getBalance
[2022/02/18 12:53:37.475] -    > {
   >   "jsonrpc": "2.0",
   >   "id": 361,
   >   "method": "eth_getBalance",
   >   "params": [
   >     "0x6d2976f7fd0e7c06b7e360d6958c00396d8d799c",
   >     "latest"
   >   ],
   >   "internal": true
   > }
[2022/02/18 12:53:37.476] -  <   {
 <     "id": 327,
 <     "jsonrpc": "2.0",
 <     "result": "0x0"
 <   }
[2022/02/18 12:53:37.477] - eth_getTransactionCount
[2022/02/18 12:53:37.478] -    > {
   >   "jsonrpc": "2.0",
   >   "id": 362,
   >   "method": "eth_getTransactionCount",
   >   "params": [
   >     "0x6d2976f7fd0e7c06b7e360d6958c00396d8d799c",
   >     "latest"
   >   ],
   >   "internal": true
   > }
[2022/02/18 12:53:37.480] -  <   {
 <     "id": 328,
 <     "jsonrpc": "2.0",
 <     "result": "0x56bc75e2d63100000"
 <   }
[2022/02/18 12:53:37.480] - eth_getBalance
[2022/02/18 12:53:37.481] -    > {
   >   "jsonrpc": "2.0",
   >   "id": 363,
   >   "method": "eth_getBalance",
   >   "params": [
   >     "0x43249a45596ebaf71609f5087cf23238c97a10d0",
   >     "latest"
   >   ],
   >   "internal": true
   > }
[2022/02/18 12:53:37.482] - eth_getTransactionCount
[2022/02/18 12:53:37.482] -    > {
   >   "jsonrpc": "2.0",
   >   "id": 364,
   >   "method": "eth_getTransactionCount",
   >   "params": [
   >     "0x43249a45596ebaf71609f5087cf23238c97a10d0",
   >     "latest"
   >   ],
   >   "internal": true
   > }
[2022/02/18 12:53:37.484] -  <   {
 <     "id": 329,
 <     "jsonrpc": "2.0",
 <     "result": "0x0"
 <   }
[2022/02/18 12:53:37.485] - eth_getBalance
[2022/02/18 12:53:37.485] -    > {
   >   "jsonrpc": "2.0",
   >   "id": 365,
   >   "method": "eth_getBalance",
   >   "params": [
   >     "0x7cda73f55e3814bff4ff66f00aae03f0c6177da5",
   >     "latest"
   >   ],
   >   "internal": true
   > }
[2022/02/18 12:53:37.486] - eth_getTransactionCount
[2022/02/18 12:53:37.487] -    > {
   >   "jsonrpc": "2.0",
   >   "id": 366,
   >   "method": "eth_getTransactionCount",
   >   "params": [
   >     "0x7cda73f55e3814bff4ff66f00aae03f0c6177da5",
   >     "latest"
   >   ],
   >   "internal": true
   > }
[2022/02/18 12:53:37.489] -  <   {
 <     "id": 330,
 <     "jsonrpc": "2.0",
 <     "result": "0x56bc75e2d63100000"
 <   }
[2022/02/18 12:53:37.490] - eth_getBalance
[2022/02/18 12:53:37.491] -    > {
   >   "jsonrpc": "2.0",
   >   "id": 367,
   >   "method": "eth_getBalance",
   >   "params": [
   >     "0xcb256dc99a7a8c41435452c00589de09f92f0f8e",
   >     "latest"
   >   ],
   >   "internal": true
   > }
[2022/02/18 12:53:37.491] - eth_getTransactionCount
[2022/02/18 12:53:37.492] -    > {
   >   "jsonrpc": "2.0",
   >   "id": 368,
   >   "method": "eth_getTransactionCount",
   >   "params": [
   >     "0xcb256dc99a7a8c41435452c00589de09f92f0f8e",
   >     "latest"
   >   ],
   >   "internal": true
   > }
[2022/02/18 12:53:37.495] -  <   {
 <     "id": 331,
 <     "jsonrpc": "2.0",
 <     "result": "0x0"
 <   }
[2022/02/18 12:53:37.496] - eth_getBalance
[2022/02/18 12:53:37.496] -    > {
   >   "jsonrpc": "2.0",
   >   "id": 369,
   >   "method": "eth_getBalance",
   >   "params": [
   >     "0x64e49d53f97e4e4ef7b603e508be0a8707f36a60",
   >     "latest"
   >   ],
   >   "internal": true
   > }
[2022/02/18 12:53:37.497] - eth_getTransactionCount
[2022/02/18 12:53:37.498] -    > {
   >   "jsonrpc": "2.0",
   >   "id": 370,
   >   "method": "eth_getTransactionCount",
   >   "params": [
   >     "0x64e49d53f97e4e4ef7b603e508be0a8707f36a60",
   >     "latest"
   >   ],
   >   "internal": true
   > }
[2022/02/18 12:53:37.499] -  <   {
 <     "id": 332,
 <     "jsonrpc": "2.0",
 <     "result": "0x56bc75e2d63100000"
 <   }
[2022/02/18 12:53:37.501] -  <   {
 <     "id": 333,
 <     "jsonrpc": "2.0",
 <     "result": "0x0"
 <   }
[2022/02/18 12:53:37.502] - eth_getBalance
[2022/02/18 12:53:37.503] -    > {
   >   "jsonrpc": "2.0",
   >   "id": 371,
   >   "method": "eth_getBalance",
   >   "params": [
   >     "0x0329f1567786ce4f28cc9d12e564d6440ee87692",
   >     "latest"
   >   ],
   >   "internal": true
   > }
[2022/02/18 12:53:37.504] - eth_getTransactionCount
[2022/02/18 12:53:37.505] -    > {
   >   "jsonrpc": "2.0",
   >   "id": 372,
   >   "method": "eth_getTransactionCount",
   >   "params": [
   >     "0x0329f1567786ce4f28cc9d12e564d6440ee87692",
   >     "latest"
   >   ],
   >   "internal": true
   > }
[2022/02/18 12:53:37.507] -  <   {
 <     "id": 334,
 <     "jsonrpc": "2.0",
 <     "result": "0x56bc75e2d63100000"
 <   }
[2022/02/18 12:53:37.508] - eth_getBalance
[2022/02/18 12:53:37.508] -    > {
   >   "jsonrpc": "2.0",
   >   "id": 373,
   >   "method": "eth_getBalance",
   >   "params": [
   >     "0x98ae5e68474380b96e4e28d114295eaccff9b9da",
   >     "latest"
   >   ],
   >   "internal": true
   > }
[2022/02/18 12:53:37.509] - eth_getTransactionCount
[2022/02/18 12:53:37.510] -    > {
   >   "jsonrpc": "2.0",
   >   "id": 374,
   >   "method": "eth_getTransactionCount",
   >   "params": [
   >     "0x98ae5e68474380b96e4e28d114295eaccff9b9da",
   >     "latest"
   >   ],
   >   "internal": true
   > }
[2022/02/18 12:53:37.511] -  <   {
 <     "id": 335,
 <     "jsonrpc": "2.0",
 <     "result": "0x0"
 <   }
[2022/02/18 12:53:37.512] - eth_getBalance
[2022/02/18 12:53:37.513] -    > {
   >   "jsonrpc": "2.0",
   >   "id": 375,
   >   "method": "eth_getBalance",
   >   "params": [
   >     "0xa0e5df176a43e30db30f3a7cf11c174b218d21a4",
   >     "latest"
   >   ],
   >   "internal": true
   > }
[2022/02/18 12:53:37.514] - eth_getTransactionCount
[2022/02/18 12:53:37.514] -    > {
   >   "jsonrpc": "2.0",
   >   "id": 376,
   >   "method": "eth_getTransactionCount",
   >   "params": [
   >     "0xa0e5df176a43e30db30f3a7cf11c174b218d21a4",
   >     "latest"
   >   ],
   >   "internal": true
   > }
[2022/02/18 12:53:37.516] -  <   {
 <     "id": 336,
 <     "jsonrpc": "2.0",
 <     "result": "0x56bc75e2d63100000"
 <   }
[2022/02/18 12:53:37.518] - eth_getBalance
[2022/02/18 12:53:37.518] -    > {
   >   "jsonrpc": "2.0",
   >   "id": 377,
   >   "method": "eth_getBalance",
   >   "params": [
   >     "0xafbf75f3c3abaa691a9c460b37cf6ca00a0630fa",
   >     "latest"
   >   ],
   >   "internal": true
   > }
[2022/02/18 12:53:37.519] - eth_getTransactionCount
[2022/02/18 12:53:37.520] -    > {
   >   "jsonrpc": "2.0",
   >   "id": 378,
   >   "method": "eth_getTransactionCount",
   >   "params": [
   >     "0xafbf75f3c3abaa691a9c460b37cf6ca00a0630fa",
   >     "latest"
   >   ],
   >   "internal": true
   > }
[2022/02/18 12:53:37.522] -  <   {
 <     "id": 337,
 <     "jsonrpc": "2.0",
 <     "result": "0x0"
 <   }
[2022/02/18 12:53:37.523] - eth_getBalance
[2022/02/18 12:53:37.525] -    > {
   >   "jsonrpc": "2.0",
   >   "id": 379,
   >   "method": "eth_getBalance",
   >   "params": [
   >     "0xa765a241143066b4286105fa9160219535ff2981",
   >     "latest"
   >   ],
   >   "internal": true
   > }
[2022/02/18 12:53:37.527] -  <   {
 <     "id": 338,
 <     "jsonrpc": "2.0",
 <     "result": "0x56bc75e2d63100000"
 <   }
[2022/02/18 12:53:37.529] - eth_getTransactionCount
[2022/02/18 12:53:37.530] -    > {
   >   "jsonrpc": "2.0",
   >   "id": 380,
   >   "method": "eth_getTransactionCount",
   >   "params": [
   >     "0xa765a241143066b4286105fa9160219535ff2981",
   >     "latest"
   >   ],
   >   "internal": true
   > }
[2022/02/18 12:53:37.530] - eth_getBalance
[2022/02/18 12:53:37.531] -    > {
   >   "jsonrpc": "2.0",
   >   "id": 381,
   >   "method": "eth_getBalance",
   >   "params": [
   >     "0x6d2976f7fd0e7c06b7e360d6958c00396d8d799c",
   >     "latest"
   >   ],
   >   "internal": true
   > }
[2022/02/18 12:53:37.533] -  <   {
 <     "id": 339,
 <     "jsonrpc": "2.0",
 <     "result": "0x0"
 <   }
[2022/02/18 12:53:37.534] - eth_getTransactionCount
[2022/02/18 12:53:37.535] -    > {
   >   "jsonrpc": "2.0",
   >   "id": 382,
   >   "method": "eth_getTransactionCount",
   >   "params": [
   >     "0x6d2976f7fd0e7c06b7e360d6958c00396d8d799c",
   >     "latest"
   >   ],
   >   "internal": true
   > }
[2022/02/18 12:53:37.537] -  <   {
 <     "id": 340,
 <     "jsonrpc": "2.0",
 <     "result": "0x56bc75e2d63100000"
 <   }
[2022/02/18 12:53:37.539] - eth_getBalance
[2022/02/18 12:53:37.540] -    > {
   >   "jsonrpc": "2.0",
   >   "id": 383,
   >   "method": "eth_getBalance",
   >   "params": [
   >     "0x43249a45596ebaf71609f5087cf23238c97a10d0",
   >     "latest"
   >   ],
   >   "internal": true
   > }
[2022/02/18 12:53:37.541] - eth_getTransactionCount
[2022/02/18 12:53:37.542] -    > {
   >   "jsonrpc": "2.0",
   >   "id": 384,
   >   "method": "eth_getTransactionCount",
   >   "params": [
   >     "0x43249a45596ebaf71609f5087cf23238c97a10d0",
   >     "latest"
   >   ],
   >   "internal": true
   > }
[2022/02/18 12:53:37.544] -  <   {
 <     "id": 341,
 <     "jsonrpc": "2.0",
 <     "result": "0x0"
 <   }
[2022/02/18 12:53:37.545] - eth_getBalance
[2022/02/18 12:53:37.545] -    > {
   >   "jsonrpc": "2.0",
   >   "id": 385,
   >   "method": "eth_getBalance",
   >   "params": [
   >     "0x7cda73f55e3814bff4ff66f00aae03f0c6177da5",
   >     "latest"
   >   ],
   >   "internal": true
   > }
[2022/02/18 12:53:37.547] -  <   {
 <     "id": 342,
 <     "jsonrpc": "2.0",
 <     "result": "0x56bc75e2d63100000"
 <   }
[2022/02/18 12:53:37.548] - eth_getTransactionCount
[2022/02/18 12:53:37.549] -    > {
   >   "jsonrpc": "2.0",
   >   "id": 386,
   >   "method": "eth_getTransactionCount",
   >   "params": [
   >     "0x7cda73f55e3814bff4ff66f00aae03f0c6177da5",
   >     "latest"
   >   ],
   >   "internal": true
   > }
[2022/02/18 12:53:37.551] -  <   {
 <     "id": 343,
 <     "jsonrpc": "2.0",
 <     "result": "0x0"
 <   }
[2022/02/18 12:53:37.567] -  <   {
 <     "id": 344,
 <     "jsonrpc": "2.0",
 <     "result": "0x56bc75e2d63100000"
 <   }
[2022/02/18 12:53:37.582] -  <   {
 <     "id": 345,
 <     "jsonrpc": "2.0",
 <     "result": "0x0"
 <   }
[2022/02/18 12:53:37.599] -  <   {
 <     "id": 347,
 <     "jsonrpc": "2.0",
 <     "result": "0x56bc75e2d63100000"
 <   }
[2022/02/18 12:53:37.614] -  <   {
 <     "id": 348,
 <     "jsonrpc": "2.0",
 <     "result": "0x0"
 <   }
[2022/02/18 12:53:37.630] -  <   {
 <     "id": 349,
 <     "jsonrpc": "2.0",
 <     "result": "0x56bc75e2d63100000"
 <   }
[2022/02/18 12:53:37.645] -  <   {
 <     "id": 350,
 <     "jsonrpc": "2.0",
 <     "result": "0x0"
 <   }
[2022/02/18 12:53:37.661] -  <   {
 <     "id": 351,
 <     "jsonrpc": "2.0",
 <     "result": "0x56bc75e2d63100000"
 <   }
[2022/02/18 12:53:37.677] -  <   {
 <     "id": 352,
 <     "jsonrpc": "2.0",
 <     "result": "0x0"
 <   }
[2022/02/18 12:53:37.693] -  <   {
 <     "id": 353,
 <     "jsonrpc": "2.0",
 <     "result": "0x56bc75e2d63100000"
 <   }
[2022/02/18 12:53:37.709] -  <   {
 <     "id": 354,
 <     "jsonrpc": "2.0",
 <     "result": "0x0"
 <   }
[2022/02/18 12:53:37.725] -  <   {
 <     "id": 355,
 <     "jsonrpc": "2.0",
 <     "result": "0x56bc75e2d63100000"
 <   }
[2022/02/18 12:53:37.741] -  <   {
 <     "id": 356,
 <     "jsonrpc": "2.0",
 <     "result": "0x0"
 <   }
[2022/02/18 12:53:37.757] -  <   {
 <     "id": 357,
 <     "jsonrpc": "2.0",
 <     "result": "0x56bc75e2d63100000"
 <   }
[2022/02/18 12:53:37.772] -  <   {
 <     "id": 358,
 <     "jsonrpc": "2.0",
 <     "result": "0x0"
 <   }
[2022/02/18 12:53:37.787] -  <   {
 <     "id": 359,
 <     "jsonrpc": "2.0",
 <     "result": "0x56bc75e2d63100000"
 <   }
[2022/02/18 12:53:37.803] -  <   {
 <     "id": 360,
 <     "jsonrpc": "2.0",
 <     "result": "0x0"
 <   }
[2022/02/18 12:53:37.818] -  <   {
 <     "id": 361,
 <     "jsonrpc": "2.0",
 <     "result": "0x56bc75e2d63100000"
 <   }
[2022/02/18 12:53:37.834] -  <   {
 <     "id": 362,
 <     "jsonrpc": "2.0",
 <     "result": "0x0"
 <   }
[2022/02/18 12:53:37.849] -  <   {
 <     "id": 363,
 <     "jsonrpc": "2.0",
 <     "result": "0x56bc75e2d63100000"
 <   }
[2022/02/18 12:53:37.864] -  <   {
 <     "id": 364,
 <     "jsonrpc": "2.0",
 <     "result": "0x0"
 <   }
[2022/02/18 12:53:37.879] -  <   {
 <     "id": 365,
 <     "jsonrpc": "2.0",
 <     "result": "0x56bc75e2d63100000"
 <   }
[2022/02/18 12:53:37.895] -  <   {
 <     "id": 366,
 <     "jsonrpc": "2.0",
 <     "result": "0x0"
 <   }
[2022/02/18 12:53:37.911] -  <   {
 <     "id": 367,
 <     "jsonrpc": "2.0",
 <     "result": "0x56bc75e2d63100000"
 <   }
[2022/02/18 12:53:37.927] -  <   {
 <     "id": 368,
 <     "jsonrpc": "2.0",
 <     "result": "0x0"
 <   }
[2022/02/18 12:53:37.941] -  <   {
 <     "id": 369,
 <     "jsonrpc": "2.0",
 <     "result": "0x56bc75e2d63100000"
 <   }
[2022/02/18 12:53:37.957] -  <   {
 <     "id": 370,
 <     "jsonrpc": "2.0",
 <     "result": "0x0"
 <   }
[2022/02/18 12:53:37.973] -  <   {
 <     "id": 371,
 <     "jsonrpc": "2.0",
 <     "result": "0x56bc75e2d63100000"
 <   }
[2022/02/18 12:53:37.988] -  <   {
 <     "id": 372,
 <     "jsonrpc": "2.0",
 <     "result": "0x0"
 <   }
[2022/02/18 12:53:38.003] -  <   {
 <     "id": 373,
 <     "jsonrpc": "2.0",
 <     "result": "0x56bc75e2d63100000"
 <   }
[2022/02/18 12:53:38.019] -  <   {
 <     "id": 374,
 <     "jsonrpc": "2.0",
 <     "result": "0x0"
 <   }
[2022/02/18 12:53:38.034] -  <   {
 <     "id": 375,
 <     "jsonrpc": "2.0",
 <     "result": "0x56bc75e2d63100000"
 <   }
[2022/02/18 12:53:38.051] -  <   {
 <     "id": 376,
 <     "jsonrpc": "2.0",
 <     "result": "0x0"
 <   }
[2022/02/18 12:53:38.066] -  <   {
 <     "id": 377,
 <     "jsonrpc": "2.0",
 <     "result": "0x56bc75e2d63100000"
 <   }
[2022/02/18 12:53:38.069] -  <   {
 <     "id": 378,
 <     "jsonrpc": "2.0",
 <     "result": "0x0"
 <   }
[2022/02/18 12:53:38.082] -  <   {
 <     "id": 379,
 <     "jsonrpc": "2.0",
 <     "result": "0x56bc75e2d63100000"
 <   }
[2022/02/18 12:53:38.096] -  <   {
 <     "id": 380,
 <     "jsonrpc": "2.0",
 <     "result": "0x0"
 <   }
[2022/02/18 12:53:38.112] -  <   {
 <     "id": 381,
 <     "jsonrpc": "2.0",
 <     "result": "0x56bc75e2d63100000"
 <   }
[2022/02/18 12:53:38.128] -  <   {
 <     "id": 382,
 <     "jsonrpc": "2.0",
 <     "result": "0x0"
 <   }
[2022/02/18 12:53:38.142] -  <   {
 <     "id": 383,
 <     "jsonrpc": "2.0",
 <     "result": "0x56bc75e2d63100000"
 <   }
[2022/02/18 12:53:38.159] -  <   {
 <     "id": 384,
 <     "jsonrpc": "2.0",
 <     "result": "0x0"
 <   }
[2022/02/18 12:53:38.175] -  <   {
 <     "id": 385,
 <     "jsonrpc": "2.0",
 <     "result": "0x56bc75e2d63100000"
 <   }
[2022/02/18 12:53:38.190] -  <   {
 <     "id": 386,
 <     "jsonrpc": "2.0",
 <     "result": "0x0"
 <   }
[2022/02/18 12:53:49.613] - eth_unsubscribe
[2022/02/18 12:53:49.614] -    > {
   >   "jsonrpc": "2.0",
   >   "id": 31,
   >   "method": "eth_unsubscribe",
   >   "params": [
   >     "0x3"
   >   ]
   > }
[2022/02/18 12:53:49.615] - eth_unsubscribe
[2022/02/18 12:53:49.616] -    > {
   >   "jsonrpc": "2.0",
   >   "id": 32,
   >   "method": "eth_unsubscribe",
   >   "params": [
   >     "0x4"
   >   ]
   > }
[2022/02/18 12:53:49.617] -  <   {
 <     "id": 31,
 <     "jsonrpc": "2.0",
 <     "result": true
 <   }
[2022/02/18 12:53:49.619] -    > {
   >   "jsonrpc": "2.0",
   >   "method": "eth_unsubscribe",
   >   "params": [
   >     "0x5"
   >   ],
   >   "id": 1645217629619
   > }
[2022/02/18 12:53:49.620] -    > {
   >   "jsonrpc": "2.0",
   >   "method": "eth_unsubscribe",
   >   "params": [
   >     "0x4"
   >   ],
   >   "id": 1645217629620
   > }
[2022/02/18 12:53:49.622] -    > {
   >   "jsonrpc": "2.0",
   >   "method": "eth_unsubscribe",
   >   "params": [
   >     "0x6"
   >   ],
   >   "id": 1645217629621
   > }
[2022/02/18 12:53:49.622] -    > {
   >   "jsonrpc": "2.0",
   >   "method": "eth_unsubscribe",
   >   "params": [
   >     "0x1"
   >   ],
   >   "id": 1645217629622
   > }
[2022/02/18 12:53:49.623] -    > {
   >   "jsonrpc": "2.0",
   >   "method": "eth_unsubscribe",
   >   "params": [
   >     "0x2"
   >   ],
   >   "id": 1645217629623
   > }
[2022/02/18 12:53:49.624] -  <   {
 <     "id": 32,
 <     "jsonrpc": "2.0",
 <     "result": true
 <   }
[2022/02/18 12:53:49.639] -  <   {
 <     "id": 1645217629619,
 <     "jsonrpc": "2.0",
 <     "result": true
 <   }
[2022/02/18 12:53:49.656] -  <   {
 <     "id": 1645217629620,
 <     "jsonrpc": "2.0",
 <     "error": {
 <       "message": "Subscription ID 0x4 not found.",
 <       "code": -32000,
 <       "data": {
 <         "stack": "Error: Subscription ID 0x4 not found.\n    at SubscriptionSubprovider.eth_unsubscribe (C:\\Program Files\\WindowsApps\\GanacheUI_2.5.4.0_x64__5dg5pnz03psnj\\app\\resources\\static\\node\\node_modules\\ganache-core\\node_modules\\web3-provider-engine\\subproviders\\subscriptions.js:78:8)\n    at SubscriptionSubprovider.handleRequest (C:\\Program Files\\WindowsApps\\GanacheUI_2.5.4.0_x64__5dg5pnz03psnj\\app\\resources\\static\\node\\node_modules\\ganache-core\\node_modules\\web3-provider-engine\\subproviders\\subscriptions.js:134:12)\n    at next (C:\\Program Files\\WindowsApps\\GanacheUI_2.5.4.0_x64__5dg5pnz03psnj\\app\\resources\\static\\node\\node_modules\\ganache-core\\node_modules\\web3-provider-engine\\index.js:136:18)\n    at DelayedBlockFilter.handleRequest (C:\\Program Files\\WindowsApps\\GanacheUI_2.5.4.0_x64__5dg5pnz03psnj\\app\\resources\\static\\node\\node_modules\\ganache-core\\lib\\subproviders\\delayedblockfilter.js:31:3)\n    at next (C:\\Program Files\\WindowsApps\\GanacheUI_2.5.4.0_x64__5dg5pnz03psnj\\app\\resources\\static\\node\\node_modules\\ganache-core\\node_modules\\web3-provider-engine\\index.js:136:18)\n    at RequestFunnel.handleRequest (C:\\Program Files\\WindowsApps\\GanacheUI_2.5.4.0_x64__5dg5pnz03psnj\\app\\resources\\static\\node\\node_modules\\ganache-core\\lib\\subproviders\\requestfunnel.js:32:12)\n    at next (C:\\Program Files\\WindowsApps\\GanacheUI_2.5.4.0_x64__5dg5pnz03psnj\\app\\resources\\static\\node\\node_modules\\ganache-core\\node_modules\\web3-provider-engine\\index.js:136:18)\n    at Web3ProviderEngine._handleAsync (C:\\Program Files\\WindowsApps\\GanacheUI_2.5.4.0_x64__5dg5pnz03psnj\\app\\resources\\static\\node\\node_modules\\ganache-core\\node_modules\\web3-provider-engine\\index.js:123:3)\n    at Timeout._onTimeout (C:\\Program Files\\WindowsApps\\GanacheUI_2.5.4.0_x64__5dg5pnz03psnj\\app\\resources\\static\\node\\node_modules\\ganache-core\\node_modules\\web3-provider-engine\\index.js:107:12)\n    at listOnTimeout (internal/timers.js:531:17)\n    at processTimers (internal/timers.js:475:7)",
 <         "name": "Error"
 <       }
 <     }
 <   }
[2022/02/18 12:53:49.671] -  <   {
 <     "id": 1645217629621,
 <     "jsonrpc": "2.0",
 <     "result": true
 <   }
[2022/02/18 12:53:49.685] -  <   {
 <     "id": 1645217629622,
 <     "jsonrpc": "2.0",
 <     "result": true
 <   }
[2022/02/18 12:53:49.700] -  <   {
 <     "id": 1645217629623,
 <     "jsonrpc": "2.0",
 <     "result": true
 <   }
