[2022/02/18 12:13:49.524] - Starting server with initial configuration: {"gasLimit":6721975,"gasPrice":20000000000,"hardfork":"muirGlacier","hostname":"10.0.0.203","port":7545,"network_id":5777,"default_balance_ether":100,"total_accounts":10,"unlocked_accounts":[],"locked":true,"vmErrorsOnRPCResponse":true,"verbose":true,"db_path":"C:\\Users\\kyle\\AppData\\Roaming\\Ganache\\workspaces\\workspace-21722\\chaindata","logDirectory":"C:\\Users\\kyle\\OneDrive\\Documents\\GitHub\\truffle-plugin-verify\\Ganache Log File Directory"}
[2022/02/18 12:13:49.612] - eth_subscribe
[2022/02/18 12:13:49.613] -    > {
   >   "jsonrpc": "2.0",
   >   "id": 9,
   >   "method": "eth_subscribe",
   >   "params": [
   >     "newHeads"
   >   ]
   > }
[2022/02/18 12:13:49.615] - eth_getLogs
[2022/02/18 12:13:49.616] -    > {
   >   "jsonrpc": "2.0",
   >   "id": 10,
   >   "method": "eth_getLogs",
   >   "params": [
   >     {
   >       "topics": []
   >     }
   >   ]
   > }
[2022/02/18 12:13:49.617] - eth_subscribe
[2022/02/18 12:13:49.618] -    > {
   >   "jsonrpc": "2.0",
   >   "id": 11,
   >   "method": "eth_subscribe",
   >   "params": [
   >     "logs",
   >     {
   >       "topics": []
   >     }
   >   ]
   > }
[2022/02/18 12:13:49.619] -  <   {
 <     "id": 9,
 <     "jsonrpc": "2.0",
 <     "result": "0x1"
 <   }
[2022/02/18 12:13:49.634] -  <   {
 <     "id": 10,
 <     "jsonrpc": "2.0",
 <     "result": []
 <   }
[2022/02/18 12:13:49.641] -  <   {
 <     "id": 11,
 <     "jsonrpc": "2.0",
 <     "result": "0x2"
 <   }
[2022/02/18 12:13:49.659] - eth_subscribe
[2022/02/18 12:13:49.660] -    > {
   >   "jsonrpc": "2.0",
   >   "id": 12,
   >   "method": "eth_subscribe",
   >   "params": [
   >     "newHeads"
   >   ]
   > }
[2022/02/18 12:13:49.663] - eth_getLogs
[2022/02/18 12:13:49.664] -    > {
   >   "jsonrpc": "2.0",
   >   "id": 13,
   >   "method": "eth_getLogs",
   >   "params": [
   >     {
   >       "topics": []
   >     }
   >   ]
   > }
[2022/02/18 12:13:49.665] - eth_subscribe
[2022/02/18 12:13:49.666] -    > {
   >   "jsonrpc": "2.0",
   >   "id": 14,
   >   "method": "eth_subscribe",
   >   "params": [
   >     "logs",
   >     {
   >       "topics": []
   >     }
   >   ]
   > }
[2022/02/18 12:13:49.667] -  <   {
 <     "id": 12,
 <     "jsonrpc": "2.0",
 <     "result": "0x3"
 <   }
[2022/02/18 12:13:49.671] -  <   {
 <     "id": 13,
 <     "jsonrpc": "2.0",
 <     "result": []
 <   }
[2022/02/18 12:13:49.675] -  <   {
 <     "id": 14,
 <     "jsonrpc": "2.0",
 <     "result": "0x4"
 <   }
[2022/02/18 12:13:49.732] - eth_blockNumber
[2022/02/18 12:13:49.732] -    > {
   >   "jsonrpc": "2.0",
   >   "id": 98,
   >   "method": "eth_blockNumber",
   >   "params": [],
   >   "internal": true
   > }
[2022/02/18 12:13:49.734] - eth_accounts
[2022/02/18 12:13:49.734] -    > {
   >   "jsonrpc": "2.0",
   >   "id": 99,
   >   "method": "eth_accounts",
   >   "params": [],
   >   "internal": true
   > }
[2022/02/18 12:13:49.736] - eth_blockNumber
[2022/02/18 12:13:49.736] -    > {
   >   "jsonrpc": "2.0",
   >   "id": 93,
   >   "method": "eth_blockNumber",
   >   "params": [],
   >   "internal": true
   > }
[2022/02/18 12:13:49.738] - eth_gasPrice
[2022/02/18 12:13:49.739] -    > {
   >   "jsonrpc": "2.0",
   >   "id": 100,
   >   "method": "eth_gasPrice",
   >   "params": [],
   >   "internal": true
   > }
[2022/02/18 12:13:49.739] - eth_accounts
[2022/02/18 12:13:49.740] -    > {
   >   "jsonrpc": "2.0",
   >   "id": 94,
   >   "method": "eth_accounts",
   >   "params": [],
   >   "internal": true
   > }
[2022/02/18 12:13:49.742] -  <   {
 <     "id": 98,
 <     "jsonrpc": "2.0",
 <     "result": "0x0"
 <   }
[2022/02/18 12:13:49.743] - eth_getBlockByNumber
[2022/02/18 12:13:49.744] -    > {
   >   "jsonrpc": "2.0",
   >   "id": 101,
   >   "method": "eth_getBlockByNumber",
   >   "params": [
   >     "latest",
   >     false
   >   ],
   >   "internal": true
   > }
[2022/02/18 12:13:49.745] - eth_gasPrice
[2022/02/18 12:13:49.745] -    > {
   >   "jsonrpc": "2.0",
   >   "id": 95,
   >   "method": "eth_gasPrice",
   >   "params": [],
   >   "internal": true
   > }
[2022/02/18 12:13:49.746] -  <   {
 <     "id": 99,
 <     "jsonrpc": "2.0",
 <     "result": [
 <       "0xcb256dc99a7a8c41435452c00589de09f92f0f8e",
 <       "0x64e49d53f97e4e4ef7b603e508be0a8707f36a60",
 <       "0x0329f1567786ce4f28cc9d12e564d6440ee87692",
 <       "0x98ae5e68474380b96e4e28d114295eaccff9b9da",
 <       "0xa0e5df176a43e30db30f3a7cf11c174b218d21a4",
 <       "0xafbf75f3c3abaa691a9c460b37cf6ca00a0630fa",
 <       "0xa765a241143066b4286105fa9160219535ff2981",
 <       "0x6d2976f7fd0e7c06b7e360d6958c00396d8d799c",
 <       "0x43249a45596ebaf71609f5087cf23238c97a10d0",
 <       "0x7cda73f55e3814bff4ff66f00aae03f0c6177da5"
 <     ]
 <   }
[2022/02/18 12:13:49.747] - eth_subscribe
[2022/02/18 12:13:49.748] -    > {
   >   "jsonrpc": "2.0",
   >   "id": 102,
   >   "method": "eth_subscribe",
   >   "params": [
   >     "newHeads"
   >   ],
   >   "internal": true
   > }
[2022/02/18 12:13:49.749] - eth_getBlockByNumber
[2022/02/18 12:13:49.750] -    > {
   >   "jsonrpc": "2.0",
   >   "id": 96,
   >   "method": "eth_getBlockByNumber",
   >   "params": [
   >     "latest",
   >     false
   >   ],
   >   "internal": true
   > }
[2022/02/18 12:13:49.751] -  <   {
 <     "id": 93,
 <     "jsonrpc": "2.0",
 <     "result": "0x0"
 <   }
[2022/02/18 12:13:49.755] - eth_subscribe
[2022/02/18 12:13:49.756] -    > {
   >   "jsonrpc": "2.0",
   >   "id": 97,
   >   "method": "eth_subscribe",
   >   "params": [
   >     "newHeads"
   >   ],
   >   "internal": true
   > }
[2022/02/18 12:13:49.757] -  <   {
 <     "id": 100,
 <     "jsonrpc": "2.0",
 <     "result": "0x4a817c800"
 <   }
[2022/02/18 12:13:49.769] -  <   {
 <     "id": 94,
 <     "jsonrpc": "2.0",
 <     "result": [
 <       "0xcb256dc99a7a8c41435452c00589de09f92f0f8e",
 <       "0x64e49d53f97e4e4ef7b603e508be0a8707f36a60",
 <       "0x0329f1567786ce4f28cc9d12e564d6440ee87692",
 <       "0x98ae5e68474380b96e4e28d114295eaccff9b9da",
 <       "0xa0e5df176a43e30db30f3a7cf11c174b218d21a4",
 <       "0xafbf75f3c3abaa691a9c460b37cf6ca00a0630fa",
 <       "0xa765a241143066b4286105fa9160219535ff2981",
 <       "0x6d2976f7fd0e7c06b7e360d6958c00396d8d799c",
 <       "0x43249a45596ebaf71609f5087cf23238c97a10d0",
 <       "0x7cda73f55e3814bff4ff66f00aae03f0c6177da5"
 <     ]
 <   }
[2022/02/18 12:13:49.770] - eth_accounts
[2022/02/18 12:13:49.771] -    > {
   >   "jsonrpc": "2.0",
   >   "id": 103,
   >   "method": "eth_accounts",
   >   "params": [],
   >   "internal": true
   > }
[2022/02/18 12:13:49.774] -  <   {
 <     "id": 101,
 <     "jsonrpc": "2.0",
 <     "result": {
 <       "number": "0x0",
 <       "hash": "0x525e56a2185e525547d358c2e4fd6866183ac35cc0cab197680c6d6728856b43",
 <       "parentHash": "0x0000000000000000000000000000000000000000000000000000000000000000",
 <       "mixHash": "0x0000000000000000000000000000000000000000000000000000000000000000",
 <       "nonce": "0x0000000000000000",
 <       "sha3Uncles": "0x1dcc4de8dec75d7aab85b567b6ccd41ad312451b948a7413f0a142fd40d49347",
 <       "logsBloom": "0x00000000000000000000000000000000000000000000000000000000000000000000000000000000000000000000000000000000000000000000000000000000000000000000000000000000000000000000000000000000000000000000000000000000000000000000000000000000000000000000000000000000000000000000000000000000000000000000000000000000000000000000000000000000000000000000000000000000000000000000000000000000000000000000000000000000000000000000000000000000000000000000000000000000000000000000000000000000000000000000000000000000000000000000000000000000",
 <       "transactionsRoot": "0x56e81f171bcc55a6ff8345e692c0f86e5b48e01b996cadc001622fb5e363b421",
 <       "stateRoot": "0x854b93ffeb26c480d94c0bab1c39d845054b0bd69a996e7a132537b1ac008fda",
 <       "receiptsRoot": "0x56e81f171bcc55a6ff8345e692c0f86e5b48e01b996cadc001622fb5e363b421",
 <       "miner": "0x0000000000000000000000000000000000000000",
 <       "difficulty": "0x0",
 <       "totalDifficulty": "0x0",
 <       "extraData": "0x",
 <       "size": "0x3e8",
 <       "gasLimit": "0x6691b7",
 <       "gasUsed": "0x0",
 <       "timestamp": "0x620ec77f",
 <       "transactions": [],
 <       "uncles": []
 <     }
 <   }
[2022/02/18 12:13:49.783] -  <   {
 <     "id": 95,
 <     "jsonrpc": "2.0",
 <     "result": "0x4a817c800"
 <   }
[2022/02/18 12:13:49.787] -  <   {
 <     "id": 102,
 <     "jsonrpc": "2.0",
 <     "result": "0x5"
 <   }
[2022/02/18 12:13:49.793] -  <   {
 <     "id": 96,
 <     "jsonrpc": "2.0",
 <     "result": {
 <       "number": "0x0",
 <       "hash": "0x525e56a2185e525547d358c2e4fd6866183ac35cc0cab197680c6d6728856b43",
 <       "parentHash": "0x0000000000000000000000000000000000000000000000000000000000000000",
 <       "mixHash": "0x0000000000000000000000000000000000000000000000000000000000000000",
 <       "nonce": "0x0000000000000000",
 <       "sha3Uncles": "0x1dcc4de8dec75d7aab85b567b6ccd41ad312451b948a7413f0a142fd40d49347",
 <       "logsBloom": "0x00000000000000000000000000000000000000000000000000000000000000000000000000000000000000000000000000000000000000000000000000000000000000000000000000000000000000000000000000000000000000000000000000000000000000000000000000000000000000000000000000000000000000000000000000000000000000000000000000000000000000000000000000000000000000000000000000000000000000000000000000000000000000000000000000000000000000000000000000000000000000000000000000000000000000000000000000000000000000000000000000000000000000000000000000000000",
 <       "transactionsRoot": "0x56e81f171bcc55a6ff8345e692c0f86e5b48e01b996cadc001622fb5e363b421",
 <       "stateRoot": "0x854b93ffeb26c480d94c0bab1c39d845054b0bd69a996e7a132537b1ac008fda",
 <       "receiptsRoot": "0x56e81f171bcc55a6ff8345e692c0f86e5b48e01b996cadc001622fb5e363b421",
 <       "miner": "0x0000000000000000000000000000000000000000",
 <       "difficulty": "0x0",
 <       "totalDifficulty": "0x0",
 <       "extraData": "0x",
 <       "size": "0x3e8",
 <       "gasLimit": "0x6691b7",
 <       "gasUsed": "0x0",
 <       "timestamp": "0x620ec77f",
 <       "transactions": [],
 <       "uncles": []
 <     }
 <   }
[2022/02/18 12:13:49.807] -  <   {
 <     "id": 97,
 <     "jsonrpc": "2.0",
 <     "result": "0x6"
 <   }
[2022/02/18 12:13:49.813] -  <   {
 <     "id": 103,
 <     "jsonrpc": "2.0",
 <     "result": [
 <       "0xcb256dc99a7a8c41435452c00589de09f92f0f8e",
 <       "0x64e49d53f97e4e4ef7b603e508be0a8707f36a60",
 <       "0x0329f1567786ce4f28cc9d12e564d6440ee87692",
 <       "0x98ae5e68474380b96e4e28d114295eaccff9b9da",
 <       "0xa0e5df176a43e30db30f3a7cf11c174b218d21a4",
 <       "0xafbf75f3c3abaa691a9c460b37cf6ca00a0630fa",
 <       "0xa765a241143066b4286105fa9160219535ff2981",
 <       "0x6d2976f7fd0e7c06b7e360d6958c00396d8d799c",
 <       "0x43249a45596ebaf71609f5087cf23238c97a10d0",
 <       "0x7cda73f55e3814bff4ff66f00aae03f0c6177da5"
 <     ]
 <   }
[2022/02/18 12:13:49.819] - eth_getBalance
[2022/02/18 12:13:49.819] -    > {
   >   "jsonrpc": "2.0",
   >   "id": 104,
   >   "method": "eth_getBalance",
   >   "params": [
   >     "0xcb256dc99a7a8c41435452c00589de09f92f0f8e",
   >     "latest"
   >   ],
   >   "internal": true
   > }
[2022/02/18 12:13:49.823] - eth_getTransactionCount
[2022/02/18 12:13:49.824] -    > {
   >   "jsonrpc": "2.0",
   >   "id": 105,
   >   "method": "eth_getTransactionCount",
   >   "params": [
   >     "0xcb256dc99a7a8c41435452c00589de09f92f0f8e",
   >     "latest"
   >   ],
   >   "internal": true
   > }
[2022/02/18 12:13:49.826] - eth_getBalance
[2022/02/18 12:13:49.827] -    > {
   >   "jsonrpc": "2.0",
   >   "id": 106,
   >   "method": "eth_getBalance",
   >   "params": [
   >     "0x64e49d53f97e4e4ef7b603e508be0a8707f36a60",
   >     "latest"
   >   ],
   >   "internal": true
   > }
[2022/02/18 12:13:49.834] -  <   {
 <     "id": 104,
 <     "jsonrpc": "2.0",
 <     "result": "0x56bc75e2d63100000"
 <   }
[2022/02/18 12:13:49.838] -  <   {
 <     "id": 105,
 <     "jsonrpc": "2.0",
 <     "result": "0x0"
 <   }
[2022/02/18 12:13:49.839] - eth_getTransactionCount
[2022/02/18 12:13:49.840] -    > {
   >   "jsonrpc": "2.0",
   >   "id": 107,
   >   "method": "eth_getTransactionCount",
   >   "params": [
   >     "0x64e49d53f97e4e4ef7b603e508be0a8707f36a60",
   >     "latest"
   >   ],
   >   "internal": true
   > }
[2022/02/18 12:13:49.845] - eth_getBalance
[2022/02/18 12:13:49.851] -    > {
   >   "jsonrpc": "2.0",
   >   "id": 108,
   >   "method": "eth_getBalance",
   >   "params": [
   >     "0x0329f1567786ce4f28cc9d12e564d6440ee87692",
   >     "latest"
   >   ],
   >   "internal": true
   > }
[2022/02/18 12:13:49.852] - eth_getTransactionCount
[2022/02/18 12:13:49.853] -    > {
   >   "jsonrpc": "2.0",
   >   "id": 109,
   >   "method": "eth_getTransactionCount",
   >   "params": [
   >     "0x0329f1567786ce4f28cc9d12e564d6440ee87692",
   >     "latest"
   >   ],
   >   "internal": true
   > }
[2022/02/18 12:13:49.858] - eth_getBalance
[2022/02/18 12:13:49.859] -    > {
   >   "jsonrpc": "2.0",
   >   "id": 110,
   >   "method": "eth_getBalance",
   >   "params": [
   >     "0x98ae5e68474380b96e4e28d114295eaccff9b9da",
   >     "latest"
   >   ],
   >   "internal": true
   > }
[2022/02/18 12:13:49.862] -  <   {
 <     "id": 106,
 <     "jsonrpc": "2.0",
 <     "result": "0x56bc75e2d63100000"
 <   }
[2022/02/18 12:13:49.863] - eth_getTransactionCount
[2022/02/18 12:13:49.864] -    > {
   >   "jsonrpc": "2.0",
   >   "id": 111,
   >   "method": "eth_getTransactionCount",
   >   "params": [
   >     "0x98ae5e68474380b96e4e28d114295eaccff9b9da",
   >     "latest"
   >   ],
   >   "internal": true
   > }
[2022/02/18 12:13:49.866] -  <   {
 <     "id": 107,
 <     "jsonrpc": "2.0",
 <     "result": "0x0"
 <   }
[2022/02/18 12:13:49.867] - eth_getBalance
[2022/02/18 12:13:49.868] -    > {
   >   "jsonrpc": "2.0",
   >   "id": 112,
   >   "method": "eth_getBalance",
   >   "params": [
   >     "0xa0e5df176a43e30db30f3a7cf11c174b218d21a4",
   >     "latest"
   >   ],
   >   "internal": true
   > }
[2022/02/18 12:13:49.870] - eth_getTransactionCount
[2022/02/18 12:13:49.871] -    > {
   >   "jsonrpc": "2.0",
   >   "id": 113,
   >   "method": "eth_getTransactionCount",
   >   "params": [
   >     "0xa0e5df176a43e30db30f3a7cf11c174b218d21a4",
   >     "latest"
   >   ],
   >   "internal": true
   > }
[2022/02/18 12:13:49.873] - eth_getBalance
[2022/02/18 12:13:49.874] -    > {
   >   "jsonrpc": "2.0",
   >   "id": 114,
   >   "method": "eth_getBalance",
   >   "params": [
   >     "0xafbf75f3c3abaa691a9c460b37cf6ca00a0630fa",
   >     "latest"
   >   ],
   >   "internal": true
   > }
[2022/02/18 12:13:49.876] - eth_getTransactionCount
[2022/02/18 12:13:49.877] -    > {
   >   "jsonrpc": "2.0",
   >   "id": 115,
   >   "method": "eth_getTransactionCount",
   >   "params": [
   >     "0xafbf75f3c3abaa691a9c460b37cf6ca00a0630fa",
   >     "latest"
   >   ],
   >   "internal": true
   > }
[2022/02/18 12:13:49.881] - eth_getBalance
[2022/02/18 12:13:49.882] -    > {
   >   "jsonrpc": "2.0",
   >   "id": 116,
   >   "method": "eth_getBalance",
   >   "params": [
   >     "0xa765a241143066b4286105fa9160219535ff2981",
   >     "latest"
   >   ],
   >   "internal": true
   > }
[2022/02/18 12:13:49.887] - eth_getTransactionCount
[2022/02/18 12:13:49.888] -    > {
   >   "jsonrpc": "2.0",
   >   "id": 117,
   >   "method": "eth_getTransactionCount",
   >   "params": [
   >     "0xa765a241143066b4286105fa9160219535ff2981",
   >     "latest"
   >   ],
   >   "internal": true
   > }
[2022/02/18 12:13:49.890] - eth_getBalance
[2022/02/18 12:13:49.892] -    > {
   >   "jsonrpc": "2.0",
   >   "id": 118,
   >   "method": "eth_getBalance",
   >   "params": [
   >     "0x6d2976f7fd0e7c06b7e360d6958c00396d8d799c",
   >     "latest"
   >   ],
   >   "internal": true
   > }
[2022/02/18 12:13:49.894] -  <   {
 <     "id": 108,
 <     "jsonrpc": "2.0",
 <     "result": "0x56bc75e2d63100000"
 <   }
[2022/02/18 12:13:49.898] -  <   {
 <     "id": 109,
 <     "jsonrpc": "2.0",
 <     "result": "0x0"
 <   }
[2022/02/18 12:13:49.899] - eth_getTransactionCount
[2022/02/18 12:13:49.899] -    > {
   >   "jsonrpc": "2.0",
   >   "id": 119,
   >   "method": "eth_getTransactionCount",
   >   "params": [
   >     "0x6d2976f7fd0e7c06b7e360d6958c00396d8d799c",
   >     "latest"
   >   ],
   >   "internal": true
   > }
[2022/02/18 12:13:49.902] - eth_getBalance
[2022/02/18 12:13:49.903] -    > {
   >   "jsonrpc": "2.0",
   >   "id": 120,
   >   "method": "eth_getBalance",
   >   "params": [
   >     "0x43249a45596ebaf71609f5087cf23238c97a10d0",
   >     "latest"
   >   ],
   >   "internal": true
   > }
[2022/02/18 12:13:49.904] -  <   {
 <     "id": 110,
 <     "jsonrpc": "2.0",
 <     "result": "0x56bc75e2d63100000"
 <   }
[2022/02/18 12:13:49.906] -  <   {
 <     "id": 111,
 <     "jsonrpc": "2.0",
 <     "result": "0x0"
 <   }
[2022/02/18 12:13:49.907] - eth_getTransactionCount
[2022/02/18 12:13:49.908] -    > {
   >   "jsonrpc": "2.0",
   >   "id": 121,
   >   "method": "eth_getTransactionCount",
   >   "params": [
   >     "0x43249a45596ebaf71609f5087cf23238c97a10d0",
   >     "latest"
   >   ],
   >   "internal": true
   > }
[2022/02/18 12:13:49.911] - eth_getBalance
[2022/02/18 12:13:49.911] -    > {
   >   "jsonrpc": "2.0",
   >   "id": 122,
   >   "method": "eth_getBalance",
   >   "params": [
   >     "0x7cda73f55e3814bff4ff66f00aae03f0c6177da5",
   >     "latest"
   >   ],
   >   "internal": true
   > }
[2022/02/18 12:13:49.914] -  <   {
 <     "id": 112,
 <     "jsonrpc": "2.0",
 <     "result": "0x56bc75e2d63100000"
 <   }
[2022/02/18 12:13:49.916] -  <   {
 <     "id": 113,
 <     "jsonrpc": "2.0",
 <     "result": "0x0"
 <   }
[2022/02/18 12:13:49.917] - eth_getTransactionCount
[2022/02/18 12:13:49.918] -    > {
   >   "jsonrpc": "2.0",
   >   "id": 123,
   >   "method": "eth_getTransactionCount",
   >   "params": [
   >     "0x7cda73f55e3814bff4ff66f00aae03f0c6177da5",
   >     "latest"
   >   ],
   >   "internal": true
   > }
[2022/02/18 12:13:49.921] -  <   {
 <     "id": 114,
 <     "jsonrpc": "2.0",
 <     "result": "0x56bc75e2d63100000"
 <   }
[2022/02/18 12:13:49.927] -  <   {
 <     "id": 115,
 <     "jsonrpc": "2.0",
 <     "result": "0x0"
 <   }
[2022/02/18 12:13:49.928] - eth_getBalance
[2022/02/18 12:13:49.929] -    > {
   >   "jsonrpc": "2.0",
   >   "id": 125,
   >   "method": "eth_getBalance",
   >   "params": [
   >     "0xcb256dc99a7a8c41435452c00589de09f92f0f8e",
   >     "latest"
   >   ],
   >   "internal": true
   > }
[2022/02/18 12:13:49.930] - eth_getTransactionCount
[2022/02/18 12:13:49.931] -    > {
   >   "jsonrpc": "2.0",
   >   "id": 126,
   >   "method": "eth_getTransactionCount",
   >   "params": [
   >     "0xcb256dc99a7a8c41435452c00589de09f92f0f8e",
   >     "latest"
   >   ],
   >   "internal": true
   > }
[2022/02/18 12:13:49.936] - eth_getBalance
[2022/02/18 12:13:49.936] -    > {
   >   "jsonrpc": "2.0",
   >   "id": 127,
   >   "method": "eth_getBalance",
   >   "params": [
   >     "0x64e49d53f97e4e4ef7b603e508be0a8707f36a60",
   >     "latest"
   >   ],
   >   "internal": true
   > }
[2022/02/18 12:13:49.938] -  <   {
 <     "id": 116,
 <     "jsonrpc": "2.0",
 <     "result": "0x56bc75e2d63100000"
 <   }
[2022/02/18 12:13:49.941] -  <   {
 <     "id": 117,
 <     "jsonrpc": "2.0",
 <     "result": "0x0"
 <   }
[2022/02/18 12:13:49.942] - eth_getTransactionCount
[2022/02/18 12:13:49.943] -    > {
   >   "jsonrpc": "2.0",
   >   "id": 128,
   >   "method": "eth_getTransactionCount",
   >   "params": [
   >     "0x64e49d53f97e4e4ef7b603e508be0a8707f36a60",
   >     "latest"
   >   ],
   >   "internal": true
   > }
[2022/02/18 12:13:49.947] - eth_getBalance
[2022/02/18 12:13:49.948] -    > {
   >   "jsonrpc": "2.0",
   >   "id": 129,
   >   "method": "eth_getBalance",
   >   "params": [
   >     "0x0329f1567786ce4f28cc9d12e564d6440ee87692",
   >     "latest"
   >   ],
   >   "internal": true
   > }
[2022/02/18 12:13:49.949] -  <   {
 <     "id": 118,
 <     "jsonrpc": "2.0",
 <     "result": "0x56bc75e2d63100000"
 <   }
[2022/02/18 12:13:49.950] - eth_getTransactionCount
[2022/02/18 12:13:49.951] -    > {
   >   "jsonrpc": "2.0",
   >   "id": 130,
   >   "method": "eth_getTransactionCount",
   >   "params": [
   >     "0x0329f1567786ce4f28cc9d12e564d6440ee87692",
   >     "latest"
   >   ],
   >   "internal": true
   > }
[2022/02/18 12:13:49.953] -  <   {
 <     "id": 119,
 <     "jsonrpc": "2.0",
 <     "result": "0x0"
 <   }
[2022/02/18 12:13:49.957] - eth_getBalance
[2022/02/18 12:13:49.958] -    > {
   >   "jsonrpc": "2.0",
   >   "id": 131,
   >   "method": "eth_getBalance",
   >   "params": [
   >     "0x98ae5e68474380b96e4e28d114295eaccff9b9da",
   >     "latest"
   >   ],
   >   "internal": true
   > }
[2022/02/18 12:13:49.960] -  <   {
 <     "id": 120,
 <     "jsonrpc": "2.0",
 <     "result": "0x56bc75e2d63100000"
 <   }
[2022/02/18 12:13:49.961] - eth_getTransactionCount
[2022/02/18 12:13:49.962] -    > {
   >   "jsonrpc": "2.0",
   >   "id": 132,
   >   "method": "eth_getTransactionCount",
   >   "params": [
   >     "0x98ae5e68474380b96e4e28d114295eaccff9b9da",
   >     "latest"
   >   ],
   >   "internal": true
   > }
[2022/02/18 12:13:49.964] -  <   {
 <     "id": 121,
 <     "jsonrpc": "2.0",
 <     "result": "0x0"
 <   }
[2022/02/18 12:13:49.966] - eth_getBalance
[2022/02/18 12:13:49.966] -    > {
   >   "jsonrpc": "2.0",
   >   "id": 133,
   >   "method": "eth_getBalance",
   >   "params": [
   >     "0xa0e5df176a43e30db30f3a7cf11c174b218d21a4",
   >     "latest"
   >   ],
   >   "internal": true
   > }
[2022/02/18 12:13:49.969] -  <   {
 <     "id": 122,
 <     "jsonrpc": "2.0",
 <     "result": "0x56bc75e2d63100000"
 <   }
[2022/02/18 12:13:49.971] - eth_getTransactionCount
[2022/02/18 12:13:49.972] -    > {
   >   "jsonrpc": "2.0",
   >   "id": 134,
   >   "method": "eth_getTransactionCount",
   >   "params": [
   >     "0xa0e5df176a43e30db30f3a7cf11c174b218d21a4",
   >     "latest"
   >   ],
   >   "internal": true
   > }
[2022/02/18 12:13:49.975] -  <   {
 <     "id": 123,
 <     "jsonrpc": "2.0",
 <     "result": "0x0"
 <   }
[2022/02/18 12:13:49.976] - eth_getBalance
[2022/02/18 12:13:49.978] -    > {
   >   "jsonrpc": "2.0",
   >   "id": 135,
   >   "method": "eth_getBalance",
   >   "params": [
   >     "0xafbf75f3c3abaa691a9c460b37cf6ca00a0630fa",
   >     "latest"
   >   ],
   >   "internal": true
   > }
[2022/02/18 12:13:49.981] -  <   {
 <     "id": 125,
 <     "jsonrpc": "2.0",
 <     "result": "0x56bc75e2d63100000"
 <   }
[2022/02/18 12:13:49.983] - eth_getTransactionCount
[2022/02/18 12:13:49.984] -    > {
   >   "jsonrpc": "2.0",
   >   "id": 136,
   >   "method": "eth_getTransactionCount",
   >   "params": [
   >     "0xafbf75f3c3abaa691a9c460b37cf6ca00a0630fa",
   >     "latest"
   >   ],
   >   "internal": true
   > }
[2022/02/18 12:13:49.986] -  <   {
 <     "id": 126,
 <     "jsonrpc": "2.0",
 <     "result": "0x0"
 <   }
[2022/02/18 12:13:49.989] -  <   {
 <     "id": 127,
 <     "jsonrpc": "2.0",
 <     "result": "0x56bc75e2d63100000"
 <   }
[2022/02/18 12:13:49.990] - eth_getBalance
[2022/02/18 12:13:49.991] -    > {
   >   "jsonrpc": "2.0",
   >   "id": 137,
   >   "method": "eth_getBalance",
   >   "params": [
   >     "0xa765a241143066b4286105fa9160219535ff2981",
   >     "latest"
   >   ],
   >   "internal": true
   > }
[2022/02/18 12:13:49.992] - eth_getTransactionCount
[2022/02/18 12:13:49.993] -    > {
   >   "jsonrpc": "2.0",
   >   "id": 138,
   >   "method": "eth_getTransactionCount",
   >   "params": [
   >     "0xa765a241143066b4286105fa9160219535ff2981",
   >     "latest"
   >   ],
   >   "internal": true
   > }
[2022/02/18 12:13:49.997] -  <   {
 <     "id": 128,
 <     "jsonrpc": "2.0",
 <     "result": "0x0"
 <   }
[2022/02/18 12:13:50.013] -  <   {
 <     "id": 129,
 <     "jsonrpc": "2.0",
 <     "result": "0x56bc75e2d63100000"
 <   }
[2022/02/18 12:13:50.014] - eth_getBalance
[2022/02/18 12:13:50.015] -    > {
   >   "jsonrpc": "2.0",
   >   "id": 139,
   >   "method": "eth_getBalance",
   >   "params": [
   >     "0x6d2976f7fd0e7c06b7e360d6958c00396d8d799c",
   >     "latest"
   >   ],
   >   "internal": true
   > }
[2022/02/18 12:13:50.016] - eth_getTransactionCount
[2022/02/18 12:13:50.017] -    > {
   >   "jsonrpc": "2.0",
   >   "id": 140,
   >   "method": "eth_getTransactionCount",
   >   "params": [
   >     "0x6d2976f7fd0e7c06b7e360d6958c00396d8d799c",
   >     "latest"
   >   ],
   >   "internal": true
   > }
[2022/02/18 12:13:50.019] -  <   {
 <     "id": 130,
 <     "jsonrpc": "2.0",
 <     "result": "0x0"
 <   }
[2022/02/18 12:13:50.021] - eth_getBalance
[2022/02/18 12:13:50.022] -    > {
   >   "jsonrpc": "2.0",
   >   "id": 141,
   >   "method": "eth_getBalance",
   >   "params": [
   >     "0x43249a45596ebaf71609f5087cf23238c97a10d0",
   >     "latest"
   >   ],
   >   "internal": true
   > }
[2022/02/18 12:13:50.023] - eth_getTransactionCount
[2022/02/18 12:13:50.024] -    > {
   >   "jsonrpc": "2.0",
   >   "id": 142,
   >   "method": "eth_getTransactionCount",
   >   "params": [
   >     "0x43249a45596ebaf71609f5087cf23238c97a10d0",
   >     "latest"
   >   ],
   >   "internal": true
   > }
[2022/02/18 12:13:50.024] - eth_getBalance
[2022/02/18 12:13:50.025] -    > {
   >   "jsonrpc": "2.0",
   >   "id": 143,
   >   "method": "eth_getBalance",
   >   "params": [
   >     "0x7cda73f55e3814bff4ff66f00aae03f0c6177da5",
   >     "latest"
   >   ],
   >   "internal": true
   > }
[2022/02/18 12:13:50.029] -  <   {
 <     "id": 131,
 <     "jsonrpc": "2.0",
 <     "result": "0x56bc75e2d63100000"
 <   }
[2022/02/18 12:13:50.030] - eth_getTransactionCount
[2022/02/18 12:13:50.031] -    > {
   >   "jsonrpc": "2.0",
   >   "id": 144,
   >   "method": "eth_getTransactionCount",
   >   "params": [
   >     "0x7cda73f55e3814bff4ff66f00aae03f0c6177da5",
   >     "latest"
   >   ],
   >   "internal": true
   > }
[2022/02/18 12:13:50.031] - eth_getBalance
[2022/02/18 12:13:50.034] -    > {
   >   "jsonrpc": "2.0",
   >   "id": 145,
   >   "method": "eth_getBalance",
   >   "params": [
   >     "0xcb256dc99a7a8c41435452c00589de09f92f0f8e",
   >     "latest"
   >   ],
   >   "internal": true
   > }
[2022/02/18 12:13:50.044] -  <   {
 <     "id": 132,
 <     "jsonrpc": "2.0",
 <     "result": "0x0"
 <   }
[2022/02/18 12:13:50.045] - eth_getTransactionCount
[2022/02/18 12:13:50.046] -    > {
   >   "jsonrpc": "2.0",
   >   "id": 146,
   >   "method": "eth_getTransactionCount",
   >   "params": [
   >     "0xcb256dc99a7a8c41435452c00589de09f92f0f8e",
   >     "latest"
   >   ],
   >   "internal": true
   > }
[2022/02/18 12:13:50.047] - eth_getBalance
[2022/02/18 12:13:50.048] -    > {
   >   "jsonrpc": "2.0",
   >   "id": 147,
   >   "method": "eth_getBalance",
   >   "params": [
   >     "0x64e49d53f97e4e4ef7b603e508be0a8707f36a60",
   >     "latest"
   >   ],
   >   "internal": true
   > }
[2022/02/18 12:13:50.049] - eth_getTransactionCount
[2022/02/18 12:13:50.050] -    > {
   >   "jsonrpc": "2.0",
   >   "id": 148,
   >   "method": "eth_getTransactionCount",
   >   "params": [
   >     "0x64e49d53f97e4e4ef7b603e508be0a8707f36a60",
   >     "latest"
   >   ],
   >   "internal": true
   > }
[2022/02/18 12:13:50.051] - eth_getBalance
[2022/02/18 12:13:50.051] -    > {
   >   "jsonrpc": "2.0",
   >   "id": 149,
   >   "method": "eth_getBalance",
   >   "params": [
   >     "0x0329f1567786ce4f28cc9d12e564d6440ee87692",
   >     "latest"
   >   ],
   >   "internal": true
   > }
[2022/02/18 12:13:50.054] -  <   {
 <     "id": 133,
 <     "jsonrpc": "2.0",
 <     "result": "0x56bc75e2d63100000"
 <   }
[2022/02/18 12:13:50.055] - eth_getTransactionCount
[2022/02/18 12:13:50.056] -    > {
   >   "jsonrpc": "2.0",
   >   "id": 150,
   >   "method": "eth_getTransactionCount",
   >   "params": [
   >     "0x0329f1567786ce4f28cc9d12e564d6440ee87692",
   >     "latest"
   >   ],
   >   "internal": true
   > }
[2022/02/18 12:13:50.073] - eth_getBalance
[2022/02/18 12:13:50.074] -    > {
   >   "jsonrpc": "2.0",
   >   "id": 151,
   >   "method": "eth_getBalance",
   >   "params": [
   >     "0x98ae5e68474380b96e4e28d114295eaccff9b9da",
   >     "latest"
   >   ],
   >   "internal": true
   > }
[2022/02/18 12:13:50.076] -  <   {
 <     "id": 134,
 <     "jsonrpc": "2.0",
 <     "result": "0x0"
 <   }
[2022/02/18 12:13:50.077] - eth_getTransactionCount
[2022/02/18 12:13:50.078] -    > {
   >   "jsonrpc": "2.0",
   >   "id": 152,
   >   "method": "eth_getTransactionCount",
   >   "params": [
   >     "0x98ae5e68474380b96e4e28d114295eaccff9b9da",
   >     "latest"
   >   ],
   >   "internal": true
   > }
[2022/02/18 12:13:50.093] -  <   {
 <     "id": 135,
 <     "jsonrpc": "2.0",
 <     "result": "0x56bc75e2d63100000"
 <   }
[2022/02/18 12:13:50.095] - eth_getBalance
[2022/02/18 12:13:50.096] -    > {
   >   "jsonrpc": "2.0",
   >   "id": 153,
   >   "method": "eth_getBalance",
   >   "params": [
   >     "0xa0e5df176a43e30db30f3a7cf11c174b218d21a4",
   >     "latest"
   >   ],
   >   "internal": true
   > }
[2022/02/18 12:13:50.103] -  <   {
 <     "id": 136,
 <     "jsonrpc": "2.0",
 <     "result": "0x0"
 <   }
[2022/02/18 12:13:50.104] - eth_getTransactionCount
[2022/02/18 12:13:50.104] -    > {
   >   "jsonrpc": "2.0",
   >   "id": 154,
   >   "method": "eth_getTransactionCount",
   >   "params": [
   >     "0xa0e5df176a43e30db30f3a7cf11c174b218d21a4",
   >     "latest"
   >   ],
   >   "internal": true
   > }
[2022/02/18 12:13:50.115] -  <   {
 <     "id": 137,
 <     "jsonrpc": "2.0",
 <     "result": "0x56bc75e2d63100000"
 <   }
[2022/02/18 12:13:50.125] - eth_getBalance
[2022/02/18 12:13:50.126] -    > {
   >   "jsonrpc": "2.0",
   >   "id": 155,
   >   "method": "eth_getBalance",
   >   "params": [
   >     "0xafbf75f3c3abaa691a9c460b37cf6ca00a0630fa",
   >     "latest"
   >   ],
   >   "internal": true
   > }
[2022/02/18 12:13:50.127] - eth_getTransactionCount
[2022/02/18 12:13:50.129] -    > {
   >   "jsonrpc": "2.0",
   >   "id": 156,
   >   "method": "eth_getTransactionCount",
   >   "params": [
   >     "0xafbf75f3c3abaa691a9c460b37cf6ca00a0630fa",
   >     "latest"
   >   ],
   >   "internal": true
   > }
[2022/02/18 12:13:50.131] -  <   {
 <     "id": 138,
 <     "jsonrpc": "2.0",
 <     "result": "0x0"
 <   }
[2022/02/18 12:13:50.133] - eth_getBalance
[2022/02/18 12:13:50.134] -    > {
   >   "jsonrpc": "2.0",
   >   "id": 157,
   >   "method": "eth_getBalance",
   >   "params": [
   >     "0xa765a241143066b4286105fa9160219535ff2981",
   >     "latest"
   >   ],
   >   "internal": true
   > }
[2022/02/18 12:13:50.136] -  <   {
 <     "id": 139,
 <     "jsonrpc": "2.0",
 <     "result": "0x56bc75e2d63100000"
 <   }
[2022/02/18 12:13:50.137] - eth_getTransactionCount
[2022/02/18 12:13:50.138] -    > {
   >   "jsonrpc": "2.0",
   >   "id": 158,
   >   "method": "eth_getTransactionCount",
   >   "params": [
   >     "0xa765a241143066b4286105fa9160219535ff2981",
   >     "latest"
   >   ],
   >   "internal": true
   > }
[2022/02/18 12:13:50.141] -  <   {
 <     "id": 140,
 <     "jsonrpc": "2.0",
 <     "result": "0x0"
 <   }
[2022/02/18 12:13:50.142] - eth_getBalance
[2022/02/18 12:13:50.143] -    > {
   >   "jsonrpc": "2.0",
   >   "id": 159,
   >   "method": "eth_getBalance",
   >   "params": [
   >     "0x6d2976f7fd0e7c06b7e360d6958c00396d8d799c",
   >     "latest"
   >   ],
   >   "internal": true
   > }
[2022/02/18 12:13:50.145] -  <   {
 <     "id": 141,
 <     "jsonrpc": "2.0",
 <     "result": "0x56bc75e2d63100000"
 <   }
[2022/02/18 12:13:50.148] -  <   {
 <     "id": 142,
 <     "jsonrpc": "2.0",
 <     "result": "0x0"
 <   }
[2022/02/18 12:13:50.149] - eth_getTransactionCount
[2022/02/18 12:13:50.149] -    > {
   >   "jsonrpc": "2.0",
   >   "id": 160,
   >   "method": "eth_getTransactionCount",
   >   "params": [
   >     "0x6d2976f7fd0e7c06b7e360d6958c00396d8d799c",
   >     "latest"
   >   ],
   >   "internal": true
   > }
[2022/02/18 12:13:50.150] - eth_getBalance
[2022/02/18 12:13:50.151] -    > {
   >   "jsonrpc": "2.0",
   >   "id": 161,
   >   "method": "eth_getBalance",
   >   "params": [
   >     "0x43249a45596ebaf71609f5087cf23238c97a10d0",
   >     "latest"
   >   ],
   >   "internal": true
   > }
[2022/02/18 12:13:50.153] -  <   {
 <     "id": 143,
 <     "jsonrpc": "2.0",
 <     "result": "0x56bc75e2d63100000"
 <   }
[2022/02/18 12:13:50.155] -  <   {
 <     "id": 144,
 <     "jsonrpc": "2.0",
 <     "result": "0x0"
 <   }
[2022/02/18 12:13:50.156] - eth_getTransactionCount
[2022/02/18 12:13:50.157] -    > {
   >   "jsonrpc": "2.0",
   >   "id": 162,
   >   "method": "eth_getTransactionCount",
   >   "params": [
   >     "0x43249a45596ebaf71609f5087cf23238c97a10d0",
   >     "latest"
   >   ],
   >   "internal": true
   > }
[2022/02/18 12:13:50.162] -  <   {
 <     "id": 145,
 <     "jsonrpc": "2.0",
 <     "result": "0x56bc75e2d63100000"
 <   }
[2022/02/18 12:13:50.163] - eth_getBalance
[2022/02/18 12:13:50.164] -    > {
   >   "jsonrpc": "2.0",
   >   "id": 163,
   >   "method": "eth_getBalance",
   >   "params": [
   >     "0x7cda73f55e3814bff4ff66f00aae03f0c6177da5",
   >     "latest"
   >   ],
   >   "internal": true
   > }
[2022/02/18 12:13:50.165] - eth_getTransactionCount
[2022/02/18 12:13:50.167] -    > {
   >   "jsonrpc": "2.0",
   >   "id": 164,
   >   "method": "eth_getTransactionCount",
   >   "params": [
   >     "0x7cda73f55e3814bff4ff66f00aae03f0c6177da5",
   >     "latest"
   >   ],
   >   "internal": true
   > }
[2022/02/18 12:13:50.169] -  <   {
 <     "id": 146,
 <     "jsonrpc": "2.0",
 <     "result": "0x0"
 <   }
[2022/02/18 12:13:50.184] -  <   {
 <     "id": 147,
 <     "jsonrpc": "2.0",
 <     "result": "0x56bc75e2d63100000"
 <   }
[2022/02/18 12:13:50.199] -  <   {
 <     "id": 148,
 <     "jsonrpc": "2.0",
 <     "result": "0x0"
 <   }
[2022/02/18 12:13:50.217] -  <   {
 <     "id": 149,
 <     "jsonrpc": "2.0",
 <     "result": "0x56bc75e2d63100000"
 <   }
[2022/02/18 12:13:50.230] -  <   {
 <     "id": 150,
 <     "jsonrpc": "2.0",
 <     "result": "0x0"
 <   }
[2022/02/18 12:13:50.246] -  <   {
 <     "id": 151,
 <     "jsonrpc": "2.0",
 <     "result": "0x56bc75e2d63100000"
 <   }
[2022/02/18 12:13:50.260] -  <   {
 <     "id": 152,
 <     "jsonrpc": "2.0",
 <     "result": "0x0"
 <   }
[2022/02/18 12:13:50.261] - eth_getBalance
[2022/02/18 12:13:50.262] -    > {
   >   "jsonrpc": "2.0",
   >   "id": 167,
   >   "method": "eth_getBalance",
   >   "params": [
   >     "0x64e49d53f97e4e4ef7b603e508be0a8707f36a60",
   >     "latest"
   >   ],
   >   "internal": true
   > }
[2022/02/18 12:13:50.264] - eth_getTransactionCount
[2022/02/18 12:13:50.264] -    > {
   >   "jsonrpc": "2.0",
   >   "id": 168,
   >   "method": "eth_getTransactionCount",
   >   "params": [
   >     "0x64e49d53f97e4e4ef7b603e508be0a8707f36a60",
   >     "latest"
   >   ],
   >   "internal": true
   > }
[2022/02/18 12:13:50.266] -  <   {
 <     "id": 153,
 <     "jsonrpc": "2.0",
 <     "result": "0x56bc75e2d63100000"
 <   }
[2022/02/18 12:13:50.267] - eth_getBalance
[2022/02/18 12:13:50.267] -    > {
   >   "jsonrpc": "2.0",
   >   "id": 169,
   >   "method": "eth_getBalance",
   >   "params": [
   >     "0x0329f1567786ce4f28cc9d12e564d6440ee87692",
   >     "latest"
   >   ],
   >   "internal": true
   > }
[2022/02/18 12:13:50.271] -  <   {
 <     "id": 154,
 <     "jsonrpc": "2.0",
 <     "result": "0x0"
 <   }
[2022/02/18 12:13:50.272] - eth_getTransactionCount
[2022/02/18 12:13:50.273] -    > {
   >   "jsonrpc": "2.0",
   >   "id": 170,
   >   "method": "eth_getTransactionCount",
   >   "params": [
   >     "0x0329f1567786ce4f28cc9d12e564d6440ee87692",
   >     "latest"
   >   ],
   >   "internal": true
   > }
[2022/02/18 12:13:50.274] -  <   {
 <     "id": 155,
 <     "jsonrpc": "2.0",
 <     "result": "0x56bc75e2d63100000"
 <   }
[2022/02/18 12:13:50.276] - eth_getBalance
[2022/02/18 12:13:50.277] -    > {
   >   "jsonrpc": "2.0",
   >   "id": 171,
   >   "method": "eth_getBalance",
   >   "params": [
   >     "0x98ae5e68474380b96e4e28d114295eaccff9b9da",
   >     "latest"
   >   ],
   >   "internal": true
   > }
[2022/02/18 12:13:50.278] - eth_getTransactionCount
[2022/02/18 12:13:50.279] -    > {
   >   "jsonrpc": "2.0",
   >   "id": 172,
   >   "method": "eth_getTransactionCount",
   >   "params": [
   >     "0x98ae5e68474380b96e4e28d114295eaccff9b9da",
   >     "latest"
   >   ],
   >   "internal": true
   > }
[2022/02/18 12:13:50.281] -  <   {
 <     "id": 156,
 <     "jsonrpc": "2.0",
 <     "result": "0x0"
 <   }
[2022/02/18 12:13:50.282] - eth_getBalance
[2022/02/18 12:13:50.283] -    > {
   >   "jsonrpc": "2.0",
   >   "id": 173,
   >   "method": "eth_getBalance",
   >   "params": [
   >     "0xa0e5df176a43e30db30f3a7cf11c174b218d21a4",
   >     "latest"
   >   ],
   >   "internal": true
   > }
[2022/02/18 12:13:50.285] -  <   {
 <     "id": 157,
 <     "jsonrpc": "2.0",
 <     "result": "0x56bc75e2d63100000"
 <   }
[2022/02/18 12:13:50.286] - eth_getTransactionCount
[2022/02/18 12:13:50.287] -    > {
   >   "jsonrpc": "2.0",
   >   "id": 174,
   >   "method": "eth_getTransactionCount",
   >   "params": [
   >     "0xa0e5df176a43e30db30f3a7cf11c174b218d21a4",
   >     "latest"
   >   ],
   >   "internal": true
   > }
[2022/02/18 12:13:50.288] -  <   {
 <     "id": 158,
 <     "jsonrpc": "2.0",
 <     "result": "0x0"
 <   }
[2022/02/18 12:13:50.289] - eth_getBalance
[2022/02/18 12:13:50.290] -    > {
   >   "jsonrpc": "2.0",
   >   "id": 175,
   >   "method": "eth_getBalance",
   >   "params": [
   >     "0xafbf75f3c3abaa691a9c460b37cf6ca00a0630fa",
   >     "latest"
   >   ],
   >   "internal": true
   > }
[2022/02/18 12:13:50.292] -  <   {
 <     "id": 159,
 <     "jsonrpc": "2.0",
 <     "result": "0x56bc75e2d63100000"
 <   }
[2022/02/18 12:13:50.294] - eth_getTransactionCount
[2022/02/18 12:13:50.294] -    > {
   >   "jsonrpc": "2.0",
   >   "id": 176,
   >   "method": "eth_getTransactionCount",
   >   "params": [
   >     "0xafbf75f3c3abaa691a9c460b37cf6ca00a0630fa",
   >     "latest"
   >   ],
   >   "internal": true
   > }
[2022/02/18 12:13:50.296] -  <   {
 <     "id": 160,
 <     "jsonrpc": "2.0",
 <     "result": "0x0"
 <   }
[2022/02/18 12:13:50.297] - eth_getBalance
[2022/02/18 12:13:50.297] -    > {
   >   "jsonrpc": "2.0",
   >   "id": 177,
   >   "method": "eth_getBalance",
   >   "params": [
   >     "0xa765a241143066b4286105fa9160219535ff2981",
   >     "latest"
   >   ],
   >   "internal": true
   > }
[2022/02/18 12:13:50.299] -  <   {
 <     "id": 161,
 <     "jsonrpc": "2.0",
 <     "result": "0x56bc75e2d63100000"
 <   }
[2022/02/18 12:13:50.300] - eth_getTransactionCount
[2022/02/18 12:13:50.301] -    > {
   >   "jsonrpc": "2.0",
   >   "id": 178,
   >   "method": "eth_getTransactionCount",
   >   "params": [
   >     "0xa765a241143066b4286105fa9160219535ff2981",
   >     "latest"
   >   ],
   >   "internal": true
   > }
[2022/02/18 12:13:50.302] -  <   {
 <     "id": 162,
 <     "jsonrpc": "2.0",
 <     "result": "0x0"
 <   }
[2022/02/18 12:13:50.304] - eth_getBalance
[2022/02/18 12:13:50.305] -    > {
   >   "jsonrpc": "2.0",
   >   "id": 179,
   >   "method": "eth_getBalance",
   >   "params": [
   >     "0x6d2976f7fd0e7c06b7e360d6958c00396d8d799c",
   >     "latest"
   >   ],
   >   "internal": true
   > }
[2022/02/18 12:13:50.307] -  <   {
 <     "id": 163,
 <     "jsonrpc": "2.0",
 <     "result": "0x56bc75e2d63100000"
 <   }
[2022/02/18 12:13:50.308] - eth_getTransactionCount
[2022/02/18 12:13:50.308] -    > {
   >   "jsonrpc": "2.0",
   >   "id": 180,
   >   "method": "eth_getTransactionCount",
   >   "params": [
   >     "0x6d2976f7fd0e7c06b7e360d6958c00396d8d799c",
   >     "latest"
   >   ],
   >   "internal": true
   > }
[2022/02/18 12:13:50.309] - eth_getBalance
[2022/02/18 12:13:50.310] -    > {
   >   "jsonrpc": "2.0",
   >   "id": 181,
   >   "method": "eth_getBalance",
   >   "params": [
   >     "0x43249a45596ebaf71609f5087cf23238c97a10d0",
   >     "latest"
   >   ],
   >   "internal": true
   > }
[2022/02/18 12:13:50.312] -  <   {
 <     "id": 164,
 <     "jsonrpc": "2.0",
 <     "result": "0x0"
 <   }
[2022/02/18 12:13:50.313] - eth_getTransactionCount
[2022/02/18 12:13:50.314] -    > {
   >   "jsonrpc": "2.0",
   >   "id": 182,
   >   "method": "eth_getTransactionCount",
   >   "params": [
   >     "0x43249a45596ebaf71609f5087cf23238c97a10d0",
   >     "latest"
   >   ],
   >   "internal": true
   > }
[2022/02/18 12:13:50.317] -  <   {
 <     "id": 167,
 <     "jsonrpc": "2.0",
 <     "result": "0x56bc75e2d63100000"
 <   }
[2022/02/18 12:13:50.318] - eth_getBalance
[2022/02/18 12:13:50.319] -    > {
   >   "jsonrpc": "2.0",
   >   "id": 183,
   >   "method": "eth_getBalance",
   >   "params": [
   >     "0x7cda73f55e3814bff4ff66f00aae03f0c6177da5",
   >     "latest"
   >   ],
   >   "internal": true
   > }
[2022/02/18 12:13:50.320] -  <   {
 <     "id": 168,
 <     "jsonrpc": "2.0",
 <     "result": "0x0"
 <   }
[2022/02/18 12:13:50.321] - eth_getTransactionCount
[2022/02/18 12:13:50.322] -    > {
   >   "jsonrpc": "2.0",
   >   "id": 184,
   >   "method": "eth_getTransactionCount",
   >   "params": [
   >     "0x7cda73f55e3814bff4ff66f00aae03f0c6177da5",
   >     "latest"
   >   ],
   >   "internal": true
   > }
[2022/02/18 12:13:50.339] -  <   {
 <     "id": 169,
 <     "jsonrpc": "2.0",
 <     "result": "0x56bc75e2d63100000"
 <   }
[2022/02/18 12:13:50.358] -  <   {
 <     "id": 170,
 <     "jsonrpc": "2.0",
 <     "result": "0x0"
 <   }
[2022/02/18 12:13:50.372] -  <   {
 <     "id": 171,
 <     "jsonrpc": "2.0",
 <     "result": "0x56bc75e2d63100000"
 <   }
[2022/02/18 12:13:50.389] -  <   {
 <     "id": 172,
 <     "jsonrpc": "2.0",
 <     "result": "0x0"
 <   }
[2022/02/18 12:13:50.412] -  <   {
 <     "id": 173,
 <     "jsonrpc": "2.0",
 <     "result": "0x56bc75e2d63100000"
 <   }
[2022/02/18 12:13:50.417] -  <   {
 <     "id": 174,
 <     "jsonrpc": "2.0",
 <     "result": "0x0"
 <   }
[2022/02/18 12:13:50.433] -  <   {
 <     "id": 175,
 <     "jsonrpc": "2.0",
 <     "result": "0x56bc75e2d63100000"
 <   }
[2022/02/18 12:13:50.448] -  <   {
 <     "id": 176,
 <     "jsonrpc": "2.0",
 <     "result": "0x0"
 <   }
[2022/02/18 12:13:50.463] -  <   {
 <     "id": 177,
 <     "jsonrpc": "2.0",
 <     "result": "0x56bc75e2d63100000"
 <   }
[2022/02/18 12:13:50.479] -  <   {
 <     "id": 178,
 <     "jsonrpc": "2.0",
 <     "result": "0x0"
 <   }
[2022/02/18 12:13:50.496] -  <   {
 <     "id": 179,
 <     "jsonrpc": "2.0",
 <     "result": "0x56bc75e2d63100000"
 <   }
[2022/02/18 12:13:50.513] -  <   {
 <     "id": 180,
 <     "jsonrpc": "2.0",
 <     "result": "0x0"
 <   }
[2022/02/18 12:13:50.527] -  <   {
 <     "id": 181,
 <     "jsonrpc": "2.0",
 <     "result": "0x56bc75e2d63100000"
 <   }
[2022/02/18 12:13:50.542] -  <   {
 <     "id": 182,
 <     "jsonrpc": "2.0",
 <     "result": "0x0"
 <   }
[2022/02/18 12:13:50.557] -  <   {
 <     "id": 183,
 <     "jsonrpc": "2.0",
 <     "result": "0x56bc75e2d63100000"
 <   }
[2022/02/18 12:13:50.574] -  <   {
 <     "id": 184,
 <     "jsonrpc": "2.0",
 <     "result": "0x0"
 <   }
[2022/02/18 12:13:57.854] - eth_getBlockByNumber
[2022/02/18 12:13:57.855] -    > {
   >   "jsonrpc": "2.0",
   >   "id": 185,
   >   "method": "eth_getBlockByNumber",
   >   "params": [
   >     "0x0",
   >     false
   >   ],
   >   "internal": true
   > }
[2022/02/18 12:13:57.867] -  <   {
 <     "id": 185,
 <     "jsonrpc": "2.0",
 <     "result": {
 <       "number": "0x0",
 <       "hash": "0x525e56a2185e525547d358c2e4fd6866183ac35cc0cab197680c6d6728856b43",
 <       "parentHash": "0x0000000000000000000000000000000000000000000000000000000000000000",
 <       "mixHash": "0x0000000000000000000000000000000000000000000000000000000000000000",
 <       "nonce": "0x0000000000000000",
 <       "sha3Uncles": "0x1dcc4de8dec75d7aab85b567b6ccd41ad312451b948a7413f0a142fd40d49347",
 <       "logsBloom": "0x00000000000000000000000000000000000000000000000000000000000000000000000000000000000000000000000000000000000000000000000000000000000000000000000000000000000000000000000000000000000000000000000000000000000000000000000000000000000000000000000000000000000000000000000000000000000000000000000000000000000000000000000000000000000000000000000000000000000000000000000000000000000000000000000000000000000000000000000000000000000000000000000000000000000000000000000000000000000000000000000000000000000000000000000000000000",
 <       "transactionsRoot": "0x56e81f171bcc55a6ff8345e692c0f86e5b48e01b996cadc001622fb5e363b421",
 <       "stateRoot": "0x854b93ffeb26c480d94c0bab1c39d845054b0bd69a996e7a132537b1ac008fda",
 <       "receiptsRoot": "0x56e81f171bcc55a6ff8345e692c0f86e5b48e01b996cadc001622fb5e363b421",
 <       "miner": "0x0000000000000000000000000000000000000000",
 <       "difficulty": "0x0",
 <       "totalDifficulty": "0x0",
 <       "extraData": "0x",
 <       "size": "0x3e8",
 <       "gasLimit": "0x6691b7",
 <       "gasUsed": "0x0",
 <       "timestamp": "0x620ec77f",
 <       "transactions": [],
 <       "uncles": []
 <     }
 <   }
[2022/02/18 12:13:57.880] - eth_getLogs
[2022/02/18 12:13:57.881] -    > {
   >   "jsonrpc": "2.0",
   >   "id": 186,
   >   "method": "eth_getLogs",
   >   "params": [
   >     {
   >       "fromBlock": "0x0",
   >       "toBlock": "0x0",
   >       "topics": []
   >     }
   >   ],
   >   "internal": true
   > }
[2022/02/18 12:13:57.898] -  <   {
 <     "id": 186,
 <     "jsonrpc": "2.0",
 <     "result": []
 <   }
[2022/02/18 12:14:16.870] - eth_getBlockTransactionCountByHash
[2022/02/18 12:14:16.870] -    > {
   >   "jsonrpc": "2.0",
   >   "id": 188,
   >   "method": "eth_getBlockTransactionCountByHash",
   >   "params": [
   >     "0x525e56a2185e525547d358c2e4fd6866183ac35cc0cab197680c6d6728856b43"
   >   ],
   >   "internal": true
   > }
[2022/02/18 12:14:16.885] -  <   {
 <     "id": 188,
 <     "jsonrpc": "2.0",
 <     "result": "0x0"
 <   }
[2022/02/18 12:14:17.745] - eth_getBlockByNumber
[2022/02/18 12:14:17.746] -    > {
   >   "jsonrpc": "2.0",
   >   "id": 189,
   >   "method": "eth_getBlockByNumber",
   >   "params": [
   >     "0x0",
   >     true
   >   ],
   >   "internal": true
   > }
[2022/02/18 12:14:17.759] -  <   {
 <     "id": 189,
 <     "jsonrpc": "2.0",
 <     "result": {
 <       "number": "0x0",
 <       "hash": "0x525e56a2185e525547d358c2e4fd6866183ac35cc0cab197680c6d6728856b43",
 <       "parentHash": "0x0000000000000000000000000000000000000000000000000000000000000000",
 <       "mixHash": "0x0000000000000000000000000000000000000000000000000000000000000000",
 <       "nonce": "0x0000000000000000",
 <       "sha3Uncles": "0x1dcc4de8dec75d7aab85b567b6ccd41ad312451b948a7413f0a142fd40d49347",
 <       "logsBloom": "0x00000000000000000000000000000000000000000000000000000000000000000000000000000000000000000000000000000000000000000000000000000000000000000000000000000000000000000000000000000000000000000000000000000000000000000000000000000000000000000000000000000000000000000000000000000000000000000000000000000000000000000000000000000000000000000000000000000000000000000000000000000000000000000000000000000000000000000000000000000000000000000000000000000000000000000000000000000000000000000000000000000000000000000000000000000000",
 <       "transactionsRoot": "0x56e81f171bcc55a6ff8345e692c0f86e5b48e01b996cadc001622fb5e363b421",
 <       "stateRoot": "0x854b93ffeb26c480d94c0bab1c39d845054b0bd69a996e7a132537b1ac008fda",
 <       "receiptsRoot": "0x56e81f171bcc55a6ff8345e692c0f86e5b48e01b996cadc001622fb5e363b421",
 <       "miner": "0x0000000000000000000000000000000000000000",
 <       "difficulty": "0x0",
 <       "totalDifficulty": "0x0",
 <       "extraData": "0x",
 <       "size": "0x3e8",
 <       "gasLimit": "0x6691b7",
 <       "gasUsed": "0x0",
 <       "timestamp": "0x620ec77f",
 <       "transactions": [],
 <       "uncles": []
 <     }
 <   }
[2022/02/18 12:15:43.180] - eth_getBlockByHash
[2022/02/18 12:15:43.181] -    > {
   >   "jsonrpc": "2.0",
   >   "id": 194,
   >   "method": "eth_getBlockByHash",
   >   "params": [
   >     "0x525e56a2185e525547d358c2e4fd6866183ac35cc0cab197680c6d6728856b43",
   >     true
   >   ],
   >   "internal": true
   > }
[2022/02/18 12:15:43.185] -  <   {
 <     "id": 194,
 <     "jsonrpc": "2.0",
 <     "result": {
 <       "number": "0x0",
 <       "hash": "0x525e56a2185e525547d358c2e4fd6866183ac35cc0cab197680c6d6728856b43",
 <       "parentHash": "0x0000000000000000000000000000000000000000000000000000000000000000",
 <       "mixHash": "0x0000000000000000000000000000000000000000000000000000000000000000",
 <       "nonce": "0x0000000000000000",
 <       "sha3Uncles": "0x1dcc4de8dec75d7aab85b567b6ccd41ad312451b948a7413f0a142fd40d49347",
 <       "logsBloom": "0x00000000000000000000000000000000000000000000000000000000000000000000000000000000000000000000000000000000000000000000000000000000000000000000000000000000000000000000000000000000000000000000000000000000000000000000000000000000000000000000000000000000000000000000000000000000000000000000000000000000000000000000000000000000000000000000000000000000000000000000000000000000000000000000000000000000000000000000000000000000000000000000000000000000000000000000000000000000000000000000000000000000000000000000000000000000",
 <       "transactionsRoot": "0x56e81f171bcc55a6ff8345e692c0f86e5b48e01b996cadc001622fb5e363b421",
 <       "stateRoot": "0x854b93ffeb26c480d94c0bab1c39d845054b0bd69a996e7a132537b1ac008fda",
 <       "receiptsRoot": "0x56e81f171bcc55a6ff8345e692c0f86e5b48e01b996cadc001622fb5e363b421",
 <       "miner": "0x0000000000000000000000000000000000000000",
 <       "difficulty": "0x0",
 <       "totalDifficulty": "0x0",
 <       "extraData": "0x",
 <       "size": "0x3e8",
 <       "gasLimit": "0x6691b7",
 <       "gasUsed": "0x0",
 <       "timestamp": "0x620ec77f",
 <       "transactions": [],
 <       "uncles": []
 <     }
 <   }
[2022/02/18 12:50:01.845] - eth_unsubscribe
[2022/02/18 12:50:01.846] -    > {
   >   "jsonrpc": "2.0",
   >   "id": 15,
   >   "method": "eth_unsubscribe",
   >   "params": [
   >     "0x3"
   >   ]
   > }
[2022/02/18 12:50:01.847] - eth_unsubscribe
[2022/02/18 12:50:01.848] -    > {
   >   "jsonrpc": "2.0",
   >   "id": 16,
   >   "method": "eth_unsubscribe",
   >   "params": [
   >     "0x4"
   >   ]
   > }
[2022/02/18 12:50:01.849] -  <   {
 <     "id": 15,
 <     "jsonrpc": "2.0",
 <     "result": true
 <   }
[2022/02/18 12:50:01.852] -    > {
   >   "jsonrpc": "2.0",
   >   "method": "eth_unsubscribe",
   >   "params": [
   >     "0x5"
   >   ],
   >   "id": 1645217401851
   > }
[2022/02/18 12:50:01.853] -    > {
   >   "jsonrpc": "2.0",
   >   "method": "eth_unsubscribe",
   >   "params": [
   >     "0x4"
   >   ],
   >   "id": 1645217401852
   > }
[2022/02/18 12:50:01.854] -    > {
   >   "jsonrpc": "2.0",
   >   "method": "eth_unsubscribe",
   >   "params": [
   >     "0x6"
   >   ],
   >   "id": 1645217401853
   > }
[2022/02/18 12:50:01.854] -    > {
   >   "jsonrpc": "2.0",
   >   "method": "eth_unsubscribe",
   >   "params": [
   >     "0x1"
   >   ],
   >   "id": 1645217401854
   > }
[2022/02/18 12:50:01.855] -    > {
   >   "jsonrpc": "2.0",
   >   "method": "eth_unsubscribe",
   >   "params": [
   >     "0x2"
   >   ],
   >   "id": 1645217401855
   > }
[2022/02/18 12:50:01.856] -  <   {
 <     "id": 16,
 <     "jsonrpc": "2.0",
 <     "result": true
 <   }
[2022/02/18 12:50:01.868] -  <   {
 <     "id": 1645217401851,
 <     "jsonrpc": "2.0",
 <     "result": true
 <   }
[2022/02/18 12:50:01.884] -  <   {
 <     "id": 1645217401852,
 <     "jsonrpc": "2.0",
 <     "error": {
 <       "message": "Subscription ID 0x4 not found.",
 <       "code": -32000,
 <       "data": {
 <         "stack": "Error: Subscription ID 0x4 not found.\n    at SubscriptionSubprovider.eth_unsubscribe (C:\\Program Files\\WindowsApps\\GanacheUI_2.5.4.0_x64__5dg5pnz03psnj\\app\\resources\\static\\node\\node_modules\\ganache-core\\node_modules\\web3-provider-engine\\subproviders\\subscriptions.js:78:8)\n    at SubscriptionSubprovider.handleRequest (C:\\Program Files\\WindowsApps\\GanacheUI_2.5.4.0_x64__5dg5pnz03psnj\\app\\resources\\static\\node\\node_modules\\ganache-core\\node_modules\\web3-provider-engine\\subproviders\\subscriptions.js:134:12)\n    at next (C:\\Program Files\\WindowsApps\\GanacheUI_2.5.4.0_x64__5dg5pnz03psnj\\app\\resources\\static\\node\\node_modules\\ganache-core\\node_modules\\web3-provider-engine\\index.js:136:18)\n    at DelayedBlockFilter.handleRequest (C:\\Program Files\\WindowsApps\\GanacheUI_2.5.4.0_x64__5dg5pnz03psnj\\app\\resources\\static\\node\\node_modules\\ganache-core\\lib\\subproviders\\delayedblockfilter.js:31:3)\n    at next (C:\\Program Files\\WindowsApps\\GanacheUI_2.5.4.0_x64__5dg5pnz03psnj\\app\\resources\\static\\node\\node_modules\\ganache-core\\node_modules\\web3-provider-engine\\index.js:136:18)\n    at RequestFunnel.handleRequest (C:\\Program Files\\WindowsApps\\GanacheUI_2.5.4.0_x64__5dg5pnz03psnj\\app\\resources\\static\\node\\node_modules\\ganache-core\\lib\\subproviders\\requestfunnel.js:32:12)\n    at next (C:\\Program Files\\WindowsApps\\GanacheUI_2.5.4.0_x64__5dg5pnz03psnj\\app\\resources\\static\\node\\node_modules\\ganache-core\\node_modules\\web3-provider-engine\\index.js:136:18)\n    at Web3ProviderEngine._handleAsync (C:\\Program Files\\WindowsApps\\GanacheUI_2.5.4.0_x64__5dg5pnz03psnj\\app\\resources\\static\\node\\node_modules\\ganache-core\\node_modules\\web3-provider-engine\\index.js:123:3)\n    at Timeout._onTimeout (C:\\Program Files\\WindowsApps\\GanacheUI_2.5.4.0_x64__5dg5pnz03psnj\\app\\resources\\static\\node\\node_modules\\ganache-core\\node_modules\\web3-provider-engine\\index.js:107:12)\n    at listOnTimeout (internal/timers.js:531:17)\n    at processTimers (internal/timers.js:475:7)",
 <         "name": "Error"
 <       }
 <     }
 <   }
[2022/02/18 12:50:01.899] -  <   {
 <     "id": 1645217401853,
 <     "jsonrpc": "2.0",
 <     "result": true
 <   }
[2022/02/18 12:50:01.915] -  <   {
 <     "id": 1645217401854,
 <     "jsonrpc": "2.0",
 <     "result": true
 <   }
[2022/02/18 12:50:01.930] -  <   {
 <     "id": 1645217401855,
 <     "jsonrpc": "2.0",
 <     "result": true
 <   }
