[2022/02/17 14:09:03.893] - Starting server with initial configuration: {"hardfork":"muirGlacier","hostname":"10.0.0.203","port":7545,"network_id":5777,"default_balance_ether":100,"total_accounts":10,"unlocked_accounts":[],"locked":true,"vmErrorsOnRPCResponse":true,"verbose":true,"db_path":"C:\\Users\\kyle\\AppData\\Roaming\\Ganache\\workspaces\\fast-opinion\\chaindata","logDirectory":"C:\\Users\\kyle\\OneDrive\\Documents\\GitHub\\truffle-plugin-verify\\Ganache Log File Directory"}
[2022/02/17 14:09:04.383] - eth_subscribe
[2022/02/17 14:09:04.384] -    > {
   >   "jsonrpc": "2.0",
   >   "id": 9,
   >   "method": "eth_subscribe",
   >   "params": [
   >     "newHeads"
   >   ]
   > }
[2022/02/17 14:09:04.385] - eth_getLogs
[2022/02/17 14:09:04.386] -    > {
   >   "jsonrpc": "2.0",
   >   "id": 10,
   >   "method": "eth_getLogs",
   >   "params": [
   >     {
   >       "topics": []
   >     }
   >   ]
   > }
[2022/02/17 14:09:04.387] - eth_subscribe
[2022/02/17 14:09:04.388] -    > {
   >   "jsonrpc": "2.0",
   >   "id": 11,
   >   "method": "eth_subscribe",
   >   "params": [
   >     "logs",
   >     {
   >       "topics": []
   >     }
   >   ]
   > }
[2022/02/17 14:09:04.390] -  <   {
 <     "id": 9,
 <     "jsonrpc": "2.0",
 <     "result": "0x1"
 <   }
[2022/02/17 14:09:04.404] -  <   {
 <     "id": 10,
 <     "jsonrpc": "2.0",
 <     "result": []
 <   }
[2022/02/17 14:09:04.420] -  <   {
 <     "id": 11,
 <     "jsonrpc": "2.0",
 <     "result": "0x2"
 <   }
[2022/02/17 14:09:04.430] - eth_subscribe
[2022/02/17 14:09:04.432] -    > {
   >   "jsonrpc": "2.0",
   >   "id": 12,
   >   "method": "eth_subscribe",
   >   "params": [
   >     "newHeads"
   >   ]
   > }
[2022/02/17 14:09:04.434] - eth_getLogs
[2022/02/17 14:09:04.436] -    > {
   >   "jsonrpc": "2.0",
   >   "id": 13,
   >   "method": "eth_getLogs",
   >   "params": [
   >     {
   >       "topics": []
   >     }
   >   ]
   > }
[2022/02/17 14:09:04.437] - eth_subscribe
[2022/02/17 14:09:04.437] -    > {
   >   "jsonrpc": "2.0",
   >   "id": 14,
   >   "method": "eth_subscribe",
   >   "params": [
   >     "logs",
   >     {
   >       "topics": []
   >     }
   >   ]
   > }
[2022/02/17 14:09:04.438] -  <   {
 <     "id": 12,
 <     "jsonrpc": "2.0",
 <     "result": "0x3"
 <   }
[2022/02/17 14:09:04.446] -  <   {
 <     "id": 13,
 <     "jsonrpc": "2.0",
 <     "result": []
 <   }
[2022/02/17 14:09:04.467] -  <   {
 <     "id": 14,
 <     "jsonrpc": "2.0",
 <     "result": "0x4"
 <   }
[2022/02/17 14:09:04.511] - eth_blockNumber
[2022/02/17 14:09:04.513] -    > {
   >   "jsonrpc": "2.0",
   >   "id": 98,
   >   "method": "eth_blockNumber",
   >   "params": [],
   >   "internal": true
   > }
[2022/02/17 14:09:04.514] - eth_accounts
[2022/02/17 14:09:04.515] -    > {
   >   "jsonrpc": "2.0",
   >   "id": 99,
   >   "method": "eth_accounts",
   >   "params": [],
   >   "internal": true
   > }
[2022/02/17 14:09:04.516] - eth_blockNumber
[2022/02/17 14:09:04.517] -    > {
   >   "jsonrpc": "2.0",
   >   "id": 93,
   >   "method": "eth_blockNumber",
   >   "params": [],
   >   "internal": true
   > }
[2022/02/17 14:09:04.518] - eth_gasPrice
[2022/02/17 14:09:04.518] -    > {
   >   "jsonrpc": "2.0",
   >   "id": 100,
   >   "method": "eth_gasPrice",
   >   "params": [],
   >   "internal": true
   > }
[2022/02/17 14:09:04.519] - eth_accounts
[2022/02/17 14:09:04.519] -    > {
   >   "jsonrpc": "2.0",
   >   "id": 94,
   >   "method": "eth_accounts",
   >   "params": [],
   >   "internal": true
   > }
[2022/02/17 14:09:04.520] -  <   {
 <     "id": 98,
 <     "jsonrpc": "2.0",
 <     "result": "0x0"
 <   }
[2022/02/17 14:09:04.521] - eth_getBlockByNumber
[2022/02/17 14:09:04.521] -    > {
   >   "jsonrpc": "2.0",
   >   "id": 101,
   >   "method": "eth_getBlockByNumber",
   >   "params": [
   >     "latest",
   >     false
   >   ],
   >   "internal": true
   > }
[2022/02/17 14:09:04.522] - eth_gasPrice
[2022/02/17 14:09:04.523] -    > {
   >   "jsonrpc": "2.0",
   >   "id": 95,
   >   "method": "eth_gasPrice",
   >   "params": [],
   >   "internal": true
   > }
[2022/02/17 14:09:04.524] -  <   {
 <     "id": 99,
 <     "jsonrpc": "2.0",
 <     "result": [
 <       "0xcb256dc99a7a8c41435452c00589de09f92f0f8e",
 <       "0x64e49d53f97e4e4ef7b603e508be0a8707f36a60",
 <       "0x0329f1567786ce4f28cc9d12e564d6440ee87692",
 <       "0x98ae5e68474380b96e4e28d114295eaccff9b9da",
 <       "0xa0e5df176a43e30db30f3a7cf11c174b218d21a4",
 <       "0xafbf75f3c3abaa691a9c460b37cf6ca00a0630fa",
 <       "0xa765a241143066b4286105fa9160219535ff2981",
 <       "0x6d2976f7fd0e7c06b7e360d6958c00396d8d799c",
 <       "0x43249a45596ebaf71609f5087cf23238c97a10d0",
 <       "0x7cda73f55e3814bff4ff66f00aae03f0c6177da5"
 <     ]
 <   }
[2022/02/17 14:09:04.526] - eth_subscribe
[2022/02/17 14:09:04.527] -    > {
   >   "jsonrpc": "2.0",
   >   "id": 102,
   >   "method": "eth_subscribe",
   >   "params": [
   >     "newHeads"
   >   ],
   >   "internal": true
   > }
[2022/02/17 14:09:04.529] - eth_getBlockByNumber
[2022/02/17 14:09:04.531] -    > {
   >   "jsonrpc": "2.0",
   >   "id": 96,
   >   "method": "eth_getBlockByNumber",
   >   "params": [
   >     "latest",
   >     false
   >   ],
   >   "internal": true
   > }
[2022/02/17 14:09:04.532] -  <   {
 <     "id": 93,
 <     "jsonrpc": "2.0",
 <     "result": "0x0"
 <   }
[2022/02/17 14:09:04.533] - eth_subscribe
[2022/02/17 14:09:04.534] -    > {
   >   "jsonrpc": "2.0",
   >   "id": 97,
   >   "method": "eth_subscribe",
   >   "params": [
   >     "newHeads"
   >   ],
   >   "internal": true
   > }
[2022/02/17 14:09:04.535] -  <   {
 <     "id": 100,
 <     "jsonrpc": "2.0",
 <     "result": "0x77359400"
 <   }
[2022/02/17 14:09:04.537] -  <   {
 <     "id": 94,
 <     "jsonrpc": "2.0",
 <     "result": [
 <       "0xcb256dc99a7a8c41435452c00589de09f92f0f8e",
 <       "0x64e49d53f97e4e4ef7b603e508be0a8707f36a60",
 <       "0x0329f1567786ce4f28cc9d12e564d6440ee87692",
 <       "0x98ae5e68474380b96e4e28d114295eaccff9b9da",
 <       "0xa0e5df176a43e30db30f3a7cf11c174b218d21a4",
 <       "0xafbf75f3c3abaa691a9c460b37cf6ca00a0630fa",
 <       "0xa765a241143066b4286105fa9160219535ff2981",
 <       "0x6d2976f7fd0e7c06b7e360d6958c00396d8d799c",
 <       "0x43249a45596ebaf71609f5087cf23238c97a10d0",
 <       "0x7cda73f55e3814bff4ff66f00aae03f0c6177da5"
 <     ]
 <   }
[2022/02/17 14:09:04.540] -  <   {
 <     "id": 101,
 <     "jsonrpc": "2.0",
 <     "result": {
 <       "number": "0x0",
 <       "hash": "0x525e56a2185e525547d358c2e4fd6866183ac35cc0cab197680c6d6728856b43",
 <       "parentHash": "0x0000000000000000000000000000000000000000000000000000000000000000",
 <       "mixHash": "0x0000000000000000000000000000000000000000000000000000000000000000",
 <       "nonce": "0x0000000000000000",
 <       "sha3Uncles": "0x1dcc4de8dec75d7aab85b567b6ccd41ad312451b948a7413f0a142fd40d49347",
 <       "logsBloom": "0x00000000000000000000000000000000000000000000000000000000000000000000000000000000000000000000000000000000000000000000000000000000000000000000000000000000000000000000000000000000000000000000000000000000000000000000000000000000000000000000000000000000000000000000000000000000000000000000000000000000000000000000000000000000000000000000000000000000000000000000000000000000000000000000000000000000000000000000000000000000000000000000000000000000000000000000000000000000000000000000000000000000000000000000000000000000",
 <       "transactionsRoot": "0x56e81f171bcc55a6ff8345e692c0f86e5b48e01b996cadc001622fb5e363b421",
 <       "stateRoot": "0x854b93ffeb26c480d94c0bab1c39d845054b0bd69a996e7a132537b1ac008fda",
 <       "receiptsRoot": "0x56e81f171bcc55a6ff8345e692c0f86e5b48e01b996cadc001622fb5e363b421",
 <       "miner": "0x0000000000000000000000000000000000000000",
 <       "difficulty": "0x0",
 <       "totalDifficulty": "0x0",
 <       "extraData": "0x",
 <       "size": "0x3e8",
 <       "gasLimit": "0x6691b7",
 <       "gasUsed": "0x0",
 <       "timestamp": "0x620ec77f",
 <       "transactions": [],
 <       "uncles": []
 <     }
 <   }
[2022/02/17 14:09:04.541] - eth_accounts
[2022/02/17 14:09:04.542] -    > {
   >   "jsonrpc": "2.0",
   >   "id": 103,
   >   "method": "eth_accounts",
   >   "params": [],
   >   "internal": true
   > }
[2022/02/17 14:09:04.553] -  <   {
 <     "id": 95,
 <     "jsonrpc": "2.0",
 <     "result": "0x77359400"
 <   }
[2022/02/17 14:09:04.568] -  <   {
 <     "id": 102,
 <     "jsonrpc": "2.0",
 <     "result": "0x5"
 <   }
[2022/02/17 14:09:04.585] -  <   {
 <     "id": 96,
 <     "jsonrpc": "2.0",
 <     "result": {
 <       "number": "0x0",
 <       "hash": "0x525e56a2185e525547d358c2e4fd6866183ac35cc0cab197680c6d6728856b43",
 <       "parentHash": "0x0000000000000000000000000000000000000000000000000000000000000000",
 <       "mixHash": "0x0000000000000000000000000000000000000000000000000000000000000000",
 <       "nonce": "0x0000000000000000",
 <       "sha3Uncles": "0x1dcc4de8dec75d7aab85b567b6ccd41ad312451b948a7413f0a142fd40d49347",
 <       "logsBloom": "0x00000000000000000000000000000000000000000000000000000000000000000000000000000000000000000000000000000000000000000000000000000000000000000000000000000000000000000000000000000000000000000000000000000000000000000000000000000000000000000000000000000000000000000000000000000000000000000000000000000000000000000000000000000000000000000000000000000000000000000000000000000000000000000000000000000000000000000000000000000000000000000000000000000000000000000000000000000000000000000000000000000000000000000000000000000000",
 <       "transactionsRoot": "0x56e81f171bcc55a6ff8345e692c0f86e5b48e01b996cadc001622fb5e363b421",
 <       "stateRoot": "0x854b93ffeb26c480d94c0bab1c39d845054b0bd69a996e7a132537b1ac008fda",
 <       "receiptsRoot": "0x56e81f171bcc55a6ff8345e692c0f86e5b48e01b996cadc001622fb5e363b421",
 <       "miner": "0x0000000000000000000000000000000000000000",
 <       "difficulty": "0x0",
 <       "totalDifficulty": "0x0",
 <       "extraData": "0x",
 <       "size": "0x3e8",
 <       "gasLimit": "0x6691b7",
 <       "gasUsed": "0x0",
 <       "timestamp": "0x620ec77f",
 <       "transactions": [],
 <       "uncles": []
 <     }
 <   }
[2022/02/17 14:09:04.596] -  <   {
 <     "id": 97,
 <     "jsonrpc": "2.0",
 <     "result": "0x6"
 <   }
[2022/02/17 14:09:04.598] - eth_getBalance
[2022/02/17 14:09:04.599] -    > {
   >   "jsonrpc": "2.0",
   >   "id": 104,
   >   "method": "eth_getBalance",
   >   "params": [
   >     "0xcb256dc99a7a8c41435452c00589de09f92f0f8e",
   >     "latest"
   >   ],
   >   "internal": true
   > }
[2022/02/17 14:09:04.602] -  <   {
 <     "id": 103,
 <     "jsonrpc": "2.0",
 <     "result": [
 <       "0xcb256dc99a7a8c41435452c00589de09f92f0f8e",
 <       "0x64e49d53f97e4e4ef7b603e508be0a8707f36a60",
 <       "0x0329f1567786ce4f28cc9d12e564d6440ee87692",
 <       "0x98ae5e68474380b96e4e28d114295eaccff9b9da",
 <       "0xa0e5df176a43e30db30f3a7cf11c174b218d21a4",
 <       "0xafbf75f3c3abaa691a9c460b37cf6ca00a0630fa",
 <       "0xa765a241143066b4286105fa9160219535ff2981",
 <       "0x6d2976f7fd0e7c06b7e360d6958c00396d8d799c",
 <       "0x43249a45596ebaf71609f5087cf23238c97a10d0",
 <       "0x7cda73f55e3814bff4ff66f00aae03f0c6177da5"
 <     ]
 <   }
[2022/02/17 14:09:04.602] - eth_getTransactionCount
[2022/02/17 14:09:04.603] -    > {
   >   "jsonrpc": "2.0",
   >   "id": 105,
   >   "method": "eth_getTransactionCount",
   >   "params": [
   >     "0xcb256dc99a7a8c41435452c00589de09f92f0f8e",
   >     "latest"
   >   ],
   >   "internal": true
   > }
[2022/02/17 14:09:04.609] -  <   {
 <     "id": 104,
 <     "jsonrpc": "2.0",
 <     "result": "0x56bc75e2d63100000"
 <   }
[2022/02/17 14:09:04.610] - eth_getBalance
[2022/02/17 14:09:04.612] -    > {
   >   "jsonrpc": "2.0",
   >   "id": 106,
   >   "method": "eth_getBalance",
   >   "params": [
   >     "0x64e49d53f97e4e4ef7b603e508be0a8707f36a60",
   >     "latest"
   >   ],
   >   "internal": true
   > }
[2022/02/17 14:09:04.613] - eth_getTransactionCount
[2022/02/17 14:09:04.614] -    > {
   >   "jsonrpc": "2.0",
   >   "id": 107,
   >   "method": "eth_getTransactionCount",
   >   "params": [
   >     "0x64e49d53f97e4e4ef7b603e508be0a8707f36a60",
   >     "latest"
   >   ],
   >   "internal": true
   > }
[2022/02/17 14:09:04.617] -  <   {
 <     "id": 105,
 <     "jsonrpc": "2.0",
 <     "result": "0x0"
 <   }
[2022/02/17 14:09:04.618] - eth_getBalance
[2022/02/17 14:09:04.619] -    > {
   >   "jsonrpc": "2.0",
   >   "id": 108,
   >   "method": "eth_getBalance",
   >   "params": [
   >     "0x0329f1567786ce4f28cc9d12e564d6440ee87692",
   >     "latest"
   >   ],
   >   "internal": true
   > }
[2022/02/17 14:09:04.621] -  <   {
 <     "id": 106,
 <     "jsonrpc": "2.0",
 <     "result": "0x56bc75e2d63100000"
 <   }
[2022/02/17 14:09:04.626] -  <   {
 <     "id": 107,
 <     "jsonrpc": "2.0",
 <     "result": "0x0"
 <   }
[2022/02/17 14:09:04.627] - eth_getTransactionCount
[2022/02/17 14:09:04.628] -    > {
   >   "jsonrpc": "2.0",
   >   "id": 109,
   >   "method": "eth_getTransactionCount",
   >   "params": [
   >     "0x0329f1567786ce4f28cc9d12e564d6440ee87692",
   >     "latest"
   >   ],
   >   "internal": true
   > }
[2022/02/17 14:09:04.634] -  <   {
 <     "id": 108,
 <     "jsonrpc": "2.0",
 <     "result": "0x56bc75e2d63100000"
 <   }
[2022/02/17 14:09:04.635] - eth_getBalance
[2022/02/17 14:09:04.636] -    > {
   >   "jsonrpc": "2.0",
   >   "id": 110,
   >   "method": "eth_getBalance",
   >   "params": [
   >     "0x98ae5e68474380b96e4e28d114295eaccff9b9da",
   >     "latest"
   >   ],
   >   "internal": true
   > }
[2022/02/17 14:09:04.639] -  <   {
 <     "id": 109,
 <     "jsonrpc": "2.0",
 <     "result": "0x0"
 <   }
[2022/02/17 14:09:04.640] - eth_getTransactionCount
[2022/02/17 14:09:04.641] -    > {
   >   "jsonrpc": "2.0",
   >   "id": 111,
   >   "method": "eth_getTransactionCount",
   >   "params": [
   >     "0x98ae5e68474380b96e4e28d114295eaccff9b9da",
   >     "latest"
   >   ],
   >   "internal": true
   > }
[2022/02/17 14:09:04.643] -  <   {
 <     "id": 110,
 <     "jsonrpc": "2.0",
 <     "result": "0x56bc75e2d63100000"
 <   }
[2022/02/17 14:09:04.645] - eth_getBalance
[2022/02/17 14:09:04.645] -    > {
   >   "jsonrpc": "2.0",
   >   "id": 112,
   >   "method": "eth_getBalance",
   >   "params": [
   >     "0xa0e5df176a43e30db30f3a7cf11c174b218d21a4",
   >     "latest"
   >   ],
   >   "internal": true
   > }
[2022/02/17 14:09:04.647] -  <   {
 <     "id": 111,
 <     "jsonrpc": "2.0",
 <     "result": "0x0"
 <   }
[2022/02/17 14:09:04.648] - eth_getTransactionCount
[2022/02/17 14:09:04.649] -    > {
   >   "jsonrpc": "2.0",
   >   "id": 113,
   >   "method": "eth_getTransactionCount",
   >   "params": [
   >     "0xa0e5df176a43e30db30f3a7cf11c174b218d21a4",
   >     "latest"
   >   ],
   >   "internal": true
   > }
[2022/02/17 14:09:04.650] - eth_getBalance
[2022/02/17 14:09:04.650] -    > {
   >   "jsonrpc": "2.0",
   >   "id": 114,
   >   "method": "eth_getBalance",
   >   "params": [
   >     "0xafbf75f3c3abaa691a9c460b37cf6ca00a0630fa",
   >     "latest"
   >   ],
   >   "internal": true
   > }
[2022/02/17 14:09:04.654] -  <   {
 <     "id": 112,
 <     "jsonrpc": "2.0",
 <     "result": "0x56bc75e2d63100000"
 <   }
[2022/02/17 14:09:04.655] - eth_getTransactionCount
[2022/02/17 14:09:04.656] -    > {
   >   "jsonrpc": "2.0",
   >   "id": 115,
   >   "method": "eth_getTransactionCount",
   >   "params": [
   >     "0xafbf75f3c3abaa691a9c460b37cf6ca00a0630fa",
   >     "latest"
   >   ],
   >   "internal": true
   > }
[2022/02/17 14:09:04.657] -  <   {
 <     "id": 113,
 <     "jsonrpc": "2.0",
 <     "result": "0x0"
 <   }
[2022/02/17 14:09:04.658] - eth_getBalance
[2022/02/17 14:09:04.659] -    > {
   >   "jsonrpc": "2.0",
   >   "id": 116,
   >   "method": "eth_getBalance",
   >   "params": [
   >     "0xa765a241143066b4286105fa9160219535ff2981",
   >     "latest"
   >   ],
   >   "internal": true
   > }
[2022/02/17 14:09:04.662] -  <   {
 <     "id": 114,
 <     "jsonrpc": "2.0",
 <     "result": "0x56bc75e2d63100000"
 <   }
[2022/02/17 14:09:04.665] -  <   {
 <     "id": 115,
 <     "jsonrpc": "2.0",
 <     "result": "0x0"
 <   }
[2022/02/17 14:09:04.666] - eth_getTransactionCount
[2022/02/17 14:09:04.666] -    > {
   >   "jsonrpc": "2.0",
   >   "id": 117,
   >   "method": "eth_getTransactionCount",
   >   "params": [
   >     "0xa765a241143066b4286105fa9160219535ff2981",
   >     "latest"
   >   ],
   >   "internal": true
   > }
[2022/02/17 14:09:04.670] -  <   {
 <     "id": 116,
 <     "jsonrpc": "2.0",
 <     "result": "0x56bc75e2d63100000"
 <   }
[2022/02/17 14:09:04.671] - eth_getBalance
[2022/02/17 14:09:04.672] -    > {
   >   "jsonrpc": "2.0",
   >   "id": 118,
   >   "method": "eth_getBalance",
   >   "params": [
   >     "0x6d2976f7fd0e7c06b7e360d6958c00396d8d799c",
   >     "latest"
   >   ],
   >   "internal": true
   > }
[2022/02/17 14:09:04.673] - eth_getTransactionCount
[2022/02/17 14:09:04.674] -    > {
   >   "jsonrpc": "2.0",
   >   "id": 119,
   >   "method": "eth_getTransactionCount",
   >   "params": [
   >     "0x6d2976f7fd0e7c06b7e360d6958c00396d8d799c",
   >     "latest"
   >   ],
   >   "internal": true
   > }
[2022/02/17 14:09:04.676] -  <   {
 <     "id": 117,
 <     "jsonrpc": "2.0",
 <     "result": "0x0"
 <   }
[2022/02/17 14:09:04.678] - eth_getBalance
[2022/02/17 14:09:04.679] -    > {
   >   "jsonrpc": "2.0",
   >   "id": 120,
   >   "method": "eth_getBalance",
   >   "params": [
   >     "0x43249a45596ebaf71609f5087cf23238c97a10d0",
   >     "latest"
   >   ],
   >   "internal": true
   > }
[2022/02/17 14:09:04.681] -  <   {
 <     "id": 118,
 <     "jsonrpc": "2.0",
 <     "result": "0x56bc75e2d63100000"
 <   }
[2022/02/17 14:09:04.684] -  <   {
 <     "id": 119,
 <     "jsonrpc": "2.0",
 <     "result": "0x0"
 <   }
[2022/02/17 14:09:04.685] - eth_getTransactionCount
[2022/02/17 14:09:04.686] -    > {
   >   "jsonrpc": "2.0",
   >   "id": 121,
   >   "method": "eth_getTransactionCount",
   >   "params": [
   >     "0x43249a45596ebaf71609f5087cf23238c97a10d0",
   >     "latest"
   >   ],
   >   "internal": true
   > }
[2022/02/17 14:09:04.688] - eth_getBalance
[2022/02/17 14:09:04.689] -    > {
   >   "jsonrpc": "2.0",
   >   "id": 122,
   >   "method": "eth_getBalance",
   >   "params": [
   >     "0x7cda73f55e3814bff4ff66f00aae03f0c6177da5",
   >     "latest"
   >   ],
   >   "internal": true
   > }
[2022/02/17 14:09:04.691] -  <   {
 <     "id": 120,
 <     "jsonrpc": "2.0",
 <     "result": "0x56bc75e2d63100000"
 <   }
[2022/02/17 14:09:04.693] - eth_getTransactionCount
[2022/02/17 14:09:04.693] -    > {
   >   "jsonrpc": "2.0",
   >   "id": 123,
   >   "method": "eth_getTransactionCount",
   >   "params": [
   >     "0x7cda73f55e3814bff4ff66f00aae03f0c6177da5",
   >     "latest"
   >   ],
   >   "internal": true
   > }
[2022/02/17 14:09:04.695] -  <   {
 <     "id": 121,
 <     "jsonrpc": "2.0",
 <     "result": "0x0"
 <   }
[2022/02/17 14:09:04.701] -  <   {
 <     "id": 122,
 <     "jsonrpc": "2.0",
 <     "result": "0x56bc75e2d63100000"
 <   }
[2022/02/17 14:09:04.702] - eth_getBalance
[2022/02/17 14:09:04.703] -    > {
   >   "jsonrpc": "2.0",
   >   "id": 125,
   >   "method": "eth_getBalance",
   >   "params": [
   >     "0xcb256dc99a7a8c41435452c00589de09f92f0f8e",
   >     "latest"
   >   ],
   >   "internal": true
   > }
[2022/02/17 14:09:04.704] - eth_getTransactionCount
[2022/02/17 14:09:04.705] -    > {
   >   "jsonrpc": "2.0",
   >   "id": 126,
   >   "method": "eth_getTransactionCount",
   >   "params": [
   >     "0xcb256dc99a7a8c41435452c00589de09f92f0f8e",
   >     "latest"
   >   ],
   >   "internal": true
   > }
[2022/02/17 14:09:04.706] -  <   {
 <     "id": 123,
 <     "jsonrpc": "2.0",
 <     "result": "0x0"
 <   }
[2022/02/17 14:09:04.707] - eth_getBalance
[2022/02/17 14:09:04.709] -    > {
   >   "jsonrpc": "2.0",
   >   "id": 127,
   >   "method": "eth_getBalance",
   >   "params": [
   >     "0x64e49d53f97e4e4ef7b603e508be0a8707f36a60",
   >     "latest"
   >   ],
   >   "internal": true
   > }
[2022/02/17 14:09:04.711] -  <   {
 <     "id": 125,
 <     "jsonrpc": "2.0",
 <     "result": "0x56bc75e2d63100000"
 <   }
[2022/02/17 14:09:04.712] - eth_getTransactionCount
[2022/02/17 14:09:04.713] -    > {
   >   "jsonrpc": "2.0",
   >   "id": 128,
   >   "method": "eth_getTransactionCount",
   >   "params": [
   >     "0x64e49d53f97e4e4ef7b603e508be0a8707f36a60",
   >     "latest"
   >   ],
   >   "internal": true
   > }
[2022/02/17 14:09:04.715] -  <   {
 <     "id": 126,
 <     "jsonrpc": "2.0",
 <     "result": "0x0"
 <   }
[2022/02/17 14:09:04.717] -  <   {
 <     "id": 127,
 <     "jsonrpc": "2.0",
 <     "result": "0x56bc75e2d63100000"
 <   }
[2022/02/17 14:09:04.718] - eth_getBalance
[2022/02/17 14:09:04.719] -    > {
   >   "jsonrpc": "2.0",
   >   "id": 129,
   >   "method": "eth_getBalance",
   >   "params": [
   >     "0x0329f1567786ce4f28cc9d12e564d6440ee87692",
   >     "latest"
   >   ],
   >   "internal": true
   > }
[2022/02/17 14:09:04.720] - eth_getTransactionCount
[2022/02/17 14:09:04.721] -    > {
   >   "jsonrpc": "2.0",
   >   "id": 130,
   >   "method": "eth_getTransactionCount",
   >   "params": [
   >     "0x0329f1567786ce4f28cc9d12e564d6440ee87692",
   >     "latest"
   >   ],
   >   "internal": true
   > }
[2022/02/17 14:09:04.723] -  <   {
 <     "id": 128,
 <     "jsonrpc": "2.0",
 <     "result": "0x0"
 <   }
[2022/02/17 14:09:04.724] - eth_getBalance
[2022/02/17 14:09:04.728] -    > {
   >   "jsonrpc": "2.0",
   >   "id": 131,
   >   "method": "eth_getBalance",
   >   "params": [
   >     "0x98ae5e68474380b96e4e28d114295eaccff9b9da",
   >     "latest"
   >   ],
   >   "internal": true
   > }
[2022/02/17 14:09:04.731] -  <   {
 <     "id": 129,
 <     "jsonrpc": "2.0",
 <     "result": "0x56bc75e2d63100000"
 <   }
[2022/02/17 14:09:04.732] - eth_getTransactionCount
[2022/02/17 14:09:04.733] -    > {
   >   "jsonrpc": "2.0",
   >   "id": 132,
   >   "method": "eth_getTransactionCount",
   >   "params": [
   >     "0x98ae5e68474380b96e4e28d114295eaccff9b9da",
   >     "latest"
   >   ],
   >   "internal": true
   > }
[2022/02/17 14:09:04.734] - eth_getBalance
[2022/02/17 14:09:04.734] -    > {
   >   "jsonrpc": "2.0",
   >   "id": 133,
   >   "method": "eth_getBalance",
   >   "params": [
   >     "0xa0e5df176a43e30db30f3a7cf11c174b218d21a4",
   >     "latest"
   >   ],
   >   "internal": true
   > }
[2022/02/17 14:09:04.736] -  <   {
 <     "id": 130,
 <     "jsonrpc": "2.0",
 <     "result": "0x0"
 <   }
[2022/02/17 14:09:04.737] - eth_getTransactionCount
[2022/02/17 14:09:04.737] -    > {
   >   "jsonrpc": "2.0",
   >   "id": 134,
   >   "method": "eth_getTransactionCount",
   >   "params": [
   >     "0xa0e5df176a43e30db30f3a7cf11c174b218d21a4",
   >     "latest"
   >   ],
   >   "internal": true
   > }
[2022/02/17 14:09:04.739] -  <   {
 <     "id": 131,
 <     "jsonrpc": "2.0",
 <     "result": "0x56bc75e2d63100000"
 <   }
[2022/02/17 14:09:04.741] - eth_getBalance
[2022/02/17 14:09:04.742] -    > {
   >   "jsonrpc": "2.0",
   >   "id": 135,
   >   "method": "eth_getBalance",
   >   "params": [
   >     "0xafbf75f3c3abaa691a9c460b37cf6ca00a0630fa",
   >     "latest"
   >   ],
   >   "internal": true
   > }
[2022/02/17 14:09:04.744] -  <   {
 <     "id": 132,
 <     "jsonrpc": "2.0",
 <     "result": "0x0"
 <   }
[2022/02/17 14:09:04.745] - eth_getTransactionCount
[2022/02/17 14:09:04.746] -    > {
   >   "jsonrpc": "2.0",
   >   "id": 136,
   >   "method": "eth_getTransactionCount",
   >   "params": [
   >     "0xafbf75f3c3abaa691a9c460b37cf6ca00a0630fa",
   >     "latest"
   >   ],
   >   "internal": true
   > }
[2022/02/17 14:09:04.748] -  <   {
 <     "id": 133,
 <     "jsonrpc": "2.0",
 <     "result": "0x56bc75e2d63100000"
 <   }
[2022/02/17 14:09:04.749] - eth_getBalance
[2022/02/17 14:09:04.750] -    > {
   >   "jsonrpc": "2.0",
   >   "id": 137,
   >   "method": "eth_getBalance",
   >   "params": [
   >     "0xa765a241143066b4286105fa9160219535ff2981",
   >     "latest"
   >   ],
   >   "internal": true
   > }
[2022/02/17 14:09:04.752] -  <   {
 <     "id": 134,
 <     "jsonrpc": "2.0",
 <     "result": "0x0"
 <   }
[2022/02/17 14:09:04.753] - eth_getTransactionCount
[2022/02/17 14:09:04.753] -    > {
   >   "jsonrpc": "2.0",
   >   "id": 138,
   >   "method": "eth_getTransactionCount",
   >   "params": [
   >     "0xa765a241143066b4286105fa9160219535ff2981",
   >     "latest"
   >   ],
   >   "internal": true
   > }
[2022/02/17 14:09:04.755] -  <   {
 <     "id": 135,
 <     "jsonrpc": "2.0",
 <     "result": "0x56bc75e2d63100000"
 <   }
[2022/02/17 14:09:04.756] - eth_getBalance
[2022/02/17 14:09:04.757] -    > {
   >   "jsonrpc": "2.0",
   >   "id": 139,
   >   "method": "eth_getBalance",
   >   "params": [
   >     "0x6d2976f7fd0e7c06b7e360d6958c00396d8d799c",
   >     "latest"
   >   ],
   >   "internal": true
   > }
[2022/02/17 14:09:04.762] -  <   {
 <     "id": 136,
 <     "jsonrpc": "2.0",
 <     "result": "0x0"
 <   }
[2022/02/17 14:09:04.765] -  <   {
 <     "id": 137,
 <     "jsonrpc": "2.0",
 <     "result": "0x56bc75e2d63100000"
 <   }
[2022/02/17 14:09:04.766] - eth_getTransactionCount
[2022/02/17 14:09:04.767] -    > {
   >   "jsonrpc": "2.0",
   >   "id": 140,
   >   "method": "eth_getTransactionCount",
   >   "params": [
   >     "0x6d2976f7fd0e7c06b7e360d6958c00396d8d799c",
   >     "latest"
   >   ],
   >   "internal": true
   > }
[2022/02/17 14:09:04.768] - eth_getBalance
[2022/02/17 14:09:04.768] -    > {
   >   "jsonrpc": "2.0",
   >   "id": 141,
   >   "method": "eth_getBalance",
   >   "params": [
   >     "0x43249a45596ebaf71609f5087cf23238c97a10d0",
   >     "latest"
   >   ],
   >   "internal": true
   > }
[2022/02/17 14:09:04.773] -  <   {
 <     "id": 138,
 <     "jsonrpc": "2.0",
 <     "result": "0x0"
 <   }
[2022/02/17 14:09:04.782] -  <   {
 <     "id": 139,
 <     "jsonrpc": "2.0",
 <     "result": "0x56bc75e2d63100000"
 <   }
[2022/02/17 14:09:04.783] - eth_getTransactionCount
[2022/02/17 14:09:04.784] -    > {
   >   "jsonrpc": "2.0",
   >   "id": 142,
   >   "method": "eth_getTransactionCount",
   >   "params": [
   >     "0x43249a45596ebaf71609f5087cf23238c97a10d0",
   >     "latest"
   >   ],
   >   "internal": true
   > }
[2022/02/17 14:09:04.785] - eth_getBalance
[2022/02/17 14:09:04.785] -    > {
   >   "jsonrpc": "2.0",
   >   "id": 143,
   >   "method": "eth_getBalance",
   >   "params": [
   >     "0x7cda73f55e3814bff4ff66f00aae03f0c6177da5",
   >     "latest"
   >   ],
   >   "internal": true
   > }
[2022/02/17 14:09:04.787] -  <   {
 <     "id": 140,
 <     "jsonrpc": "2.0",
 <     "result": "0x0"
 <   }
[2022/02/17 14:09:04.788] - eth_getTransactionCount
[2022/02/17 14:09:04.789] -    > {
   >   "jsonrpc": "2.0",
   >   "id": 144,
   >   "method": "eth_getTransactionCount",
   >   "params": [
   >     "0x7cda73f55e3814bff4ff66f00aae03f0c6177da5",
   >     "latest"
   >   ],
   >   "internal": true
   > }
[2022/02/17 14:09:04.790] - eth_getBalance
[2022/02/17 14:09:04.790] -    > {
   >   "jsonrpc": "2.0",
   >   "id": 145,
   >   "method": "eth_getBalance",
   >   "params": [
   >     "0xcb256dc99a7a8c41435452c00589de09f92f0f8e",
   >     "latest"
   >   ],
   >   "internal": true
   > }
[2022/02/17 14:09:04.791] - eth_getTransactionCount
[2022/02/17 14:09:04.792] -    > {
   >   "jsonrpc": "2.0",
   >   "id": 146,
   >   "method": "eth_getTransactionCount",
   >   "params": [
   >     "0xcb256dc99a7a8c41435452c00589de09f92f0f8e",
   >     "latest"
   >   ],
   >   "internal": true
   > }
[2022/02/17 14:09:04.793] - eth_getBalance
[2022/02/17 14:09:04.794] -    > {
   >   "jsonrpc": "2.0",
   >   "id": 147,
   >   "method": "eth_getBalance",
   >   "params": [
   >     "0x64e49d53f97e4e4ef7b603e508be0a8707f36a60",
   >     "latest"
   >   ],
   >   "internal": true
   > }
[2022/02/17 14:09:04.796] -  <   {
 <     "id": 141,
 <     "jsonrpc": "2.0",
 <     "result": "0x56bc75e2d63100000"
 <   }
[2022/02/17 14:09:04.797] - eth_getTransactionCount
[2022/02/17 14:09:04.799] -    > {
   >   "jsonrpc": "2.0",
   >   "id": 148,
   >   "method": "eth_getTransactionCount",
   >   "params": [
   >     "0x64e49d53f97e4e4ef7b603e508be0a8707f36a60",
   >     "latest"
   >   ],
   >   "internal": true
   > }
[2022/02/17 14:09:04.801] -  <   {
 <     "id": 142,
 <     "jsonrpc": "2.0",
 <     "result": "0x0"
 <   }
[2022/02/17 14:09:04.802] - eth_getBalance
[2022/02/17 14:09:04.803] -    > {
   >   "jsonrpc": "2.0",
   >   "id": 149,
   >   "method": "eth_getBalance",
   >   "params": [
   >     "0x0329f1567786ce4f28cc9d12e564d6440ee87692",
   >     "latest"
   >   ],
   >   "internal": true
   > }
[2022/02/17 14:09:04.815] -  <   {
 <     "id": 143,
 <     "jsonrpc": "2.0",
 <     "result": "0x56bc75e2d63100000"
 <   }
[2022/02/17 14:09:04.816] - eth_getTransactionCount
[2022/02/17 14:09:04.817] -    > {
   >   "jsonrpc": "2.0",
   >   "id": 150,
   >   "method": "eth_getTransactionCount",
   >   "params": [
   >     "0x0329f1567786ce4f28cc9d12e564d6440ee87692",
   >     "latest"
   >   ],
   >   "internal": true
   > }
[2022/02/17 14:09:04.818] - eth_getBalance
[2022/02/17 14:09:04.819] -    > {
   >   "jsonrpc": "2.0",
   >   "id": 151,
   >   "method": "eth_getBalance",
   >   "params": [
   >     "0x98ae5e68474380b96e4e28d114295eaccff9b9da",
   >     "latest"
   >   ],
   >   "internal": true
   > }
[2022/02/17 14:09:04.821] -  <   {
 <     "id": 144,
 <     "jsonrpc": "2.0",
 <     "result": "0x0"
 <   }
[2022/02/17 14:09:04.822] - eth_getTransactionCount
[2022/02/17 14:09:04.822] -    > {
   >   "jsonrpc": "2.0",
   >   "id": 152,
   >   "method": "eth_getTransactionCount",
   >   "params": [
   >     "0x98ae5e68474380b96e4e28d114295eaccff9b9da",
   >     "latest"
   >   ],
   >   "internal": true
   > }
[2022/02/17 14:09:04.823] - eth_getBalance
[2022/02/17 14:09:04.824] -    > {
   >   "jsonrpc": "2.0",
   >   "id": 153,
   >   "method": "eth_getBalance",
   >   "params": [
   >     "0xa0e5df176a43e30db30f3a7cf11c174b218d21a4",
   >     "latest"
   >   ],
   >   "internal": true
   > }
[2022/02/17 14:09:04.826] - eth_getTransactionCount
[2022/02/17 14:09:04.827] -    > {
   >   "jsonrpc": "2.0",
   >   "id": 154,
   >   "method": "eth_getTransactionCount",
   >   "params": [
   >     "0xa0e5df176a43e30db30f3a7cf11c174b218d21a4",
   >     "latest"
   >   ],
   >   "internal": true
   > }
[2022/02/17 14:09:04.829] -  <   {
 <     "id": 145,
 <     "jsonrpc": "2.0",
 <     "result": "0x56bc75e2d63100000"
 <   }
[2022/02/17 14:09:04.830] - eth_getBalance
[2022/02/17 14:09:04.831] -    > {
   >   "jsonrpc": "2.0",
   >   "id": 155,
   >   "method": "eth_getBalance",
   >   "params": [
   >     "0xafbf75f3c3abaa691a9c460b37cf6ca00a0630fa",
   >     "latest"
   >   ],
   >   "internal": true
   > }
[2022/02/17 14:09:04.833] -  <   {
 <     "id": 146,
 <     "jsonrpc": "2.0",
 <     "result": "0x0"
 <   }
[2022/02/17 14:09:04.834] - eth_getTransactionCount
[2022/02/17 14:09:04.834] -    > {
   >   "jsonrpc": "2.0",
   >   "id": 156,
   >   "method": "eth_getTransactionCount",
   >   "params": [
   >     "0xafbf75f3c3abaa691a9c460b37cf6ca00a0630fa",
   >     "latest"
   >   ],
   >   "internal": true
   > }
[2022/02/17 14:09:04.836] -  <   {
 <     "id": 147,
 <     "jsonrpc": "2.0",
 <     "result": "0x56bc75e2d63100000"
 <   }
[2022/02/17 14:09:04.845] -  <   {
 <     "id": 148,
 <     "jsonrpc": "2.0",
 <     "result": "0x0"
 <   }
[2022/02/17 14:09:04.847] - eth_getBalance
[2022/02/17 14:09:04.848] -    > {
   >   "jsonrpc": "2.0",
   >   "id": 157,
   >   "method": "eth_getBalance",
   >   "params": [
   >     "0xa765a241143066b4286105fa9160219535ff2981",
   >     "latest"
   >   ],
   >   "internal": true
   > }
[2022/02/17 14:09:04.853] -  <   {
 <     "id": 149,
 <     "jsonrpc": "2.0",
 <     "result": "0x56bc75e2d63100000"
 <   }
[2022/02/17 14:09:04.854] - eth_getTransactionCount
[2022/02/17 14:09:04.855] -    > {
   >   "jsonrpc": "2.0",
   >   "id": 158,
   >   "method": "eth_getTransactionCount",
   >   "params": [
   >     "0xa765a241143066b4286105fa9160219535ff2981",
   >     "latest"
   >   ],
   >   "internal": true
   > }
[2022/02/17 14:09:04.856] - eth_getBalance
[2022/02/17 14:09:04.857] -    > {
   >   "jsonrpc": "2.0",
   >   "id": 159,
   >   "method": "eth_getBalance",
   >   "params": [
   >     "0x6d2976f7fd0e7c06b7e360d6958c00396d8d799c",
   >     "latest"
   >   ],
   >   "internal": true
   > }
[2022/02/17 14:09:04.859] -  <   {
 <     "id": 150,
 <     "jsonrpc": "2.0",
 <     "result": "0x0"
 <   }
[2022/02/17 14:09:04.863] -  <   {
 <     "id": 151,
 <     "jsonrpc": "2.0",
 <     "result": "0x56bc75e2d63100000"
 <   }
[2022/02/17 14:09:04.864] - eth_getTransactionCount
[2022/02/17 14:09:04.865] -    > {
   >   "jsonrpc": "2.0",
   >   "id": 160,
   >   "method": "eth_getTransactionCount",
   >   "params": [
   >     "0x6d2976f7fd0e7c06b7e360d6958c00396d8d799c",
   >     "latest"
   >   ],
   >   "internal": true
   > }
[2022/02/17 14:09:04.867] - eth_getBalance
[2022/02/17 14:09:04.868] -    > {
   >   "jsonrpc": "2.0",
   >   "id": 161,
   >   "method": "eth_getBalance",
   >   "params": [
   >     "0x43249a45596ebaf71609f5087cf23238c97a10d0",
   >     "latest"
   >   ],
   >   "internal": true
   > }
[2022/02/17 14:09:04.869] -  <   {
 <     "id": 152,
 <     "jsonrpc": "2.0",
 <     "result": "0x0"
 <   }
[2022/02/17 14:09:04.870] - eth_getTransactionCount
[2022/02/17 14:09:04.871] -    > {
   >   "jsonrpc": "2.0",
   >   "id": 162,
   >   "method": "eth_getTransactionCount",
   >   "params": [
   >     "0x43249a45596ebaf71609f5087cf23238c97a10d0",
   >     "latest"
   >   ],
   >   "internal": true
   > }
[2022/02/17 14:09:04.873] -  <   {
 <     "id": 153,
 <     "jsonrpc": "2.0",
 <     "result": "0x56bc75e2d63100000"
 <   }
[2022/02/17 14:09:04.874] - eth_getBalance
[2022/02/17 14:09:04.875] -    > {
   >   "jsonrpc": "2.0",
   >   "id": 163,
   >   "method": "eth_getBalance",
   >   "params": [
   >     "0x7cda73f55e3814bff4ff66f00aae03f0c6177da5",
   >     "latest"
   >   ],
   >   "internal": true
   > }
[2022/02/17 14:09:04.877] -  <   {
 <     "id": 154,
 <     "jsonrpc": "2.0",
 <     "result": "0x0"
 <   }
[2022/02/17 14:09:04.882] -  <   {
 <     "id": 155,
 <     "jsonrpc": "2.0",
 <     "result": "0x56bc75e2d63100000"
 <   }
[2022/02/17 14:09:04.895] - eth_getTransactionCount
[2022/02/17 14:09:04.895] -    > {
   >   "jsonrpc": "2.0",
   >   "id": 164,
   >   "method": "eth_getTransactionCount",
   >   "params": [
   >     "0x7cda73f55e3814bff4ff66f00aae03f0c6177da5",
   >     "latest"
   >   ],
   >   "internal": true
   > }
[2022/02/17 14:09:04.909] -  <   {
 <     "id": 156,
 <     "jsonrpc": "2.0",
 <     "result": "0x0"
 <   }
[2022/02/17 14:09:04.924] -  <   {
 <     "id": 157,
 <     "jsonrpc": "2.0",
 <     "result": "0x56bc75e2d63100000"
 <   }
[2022/02/17 14:09:04.941] -  <   {
 <     "id": 158,
 <     "jsonrpc": "2.0",
 <     "result": "0x0"
 <   }
[2022/02/17 14:09:04.971] -  <   {
 <     "id": 159,
 <     "jsonrpc": "2.0",
 <     "result": "0x56bc75e2d63100000"
 <   }
[2022/02/17 14:09:04.972] - eth_getBalance
[2022/02/17 14:09:04.973] -    > {
   >   "jsonrpc": "2.0",
   >   "id": 167,
   >   "method": "eth_getBalance",
   >   "params": [
   >     "0x64e49d53f97e4e4ef7b603e508be0a8707f36a60",
   >     "latest"
   >   ],
   >   "internal": true
   > }
[2022/02/17 14:09:04.974] -  <   {
 <     "id": 160,
 <     "jsonrpc": "2.0",
 <     "result": "0x0"
 <   }
[2022/02/17 14:09:04.975] - eth_getTransactionCount
[2022/02/17 14:09:04.976] -    > {
   >   "jsonrpc": "2.0",
   >   "id": 168,
   >   "method": "eth_getTransactionCount",
   >   "params": [
   >     "0x64e49d53f97e4e4ef7b603e508be0a8707f36a60",
   >     "latest"
   >   ],
   >   "internal": true
   > }
[2022/02/17 14:09:04.978] - eth_getBalance
[2022/02/17 14:09:04.979] -    > {
   >   "jsonrpc": "2.0",
   >   "id": 169,
   >   "method": "eth_getBalance",
   >   "params": [
   >     "0x0329f1567786ce4f28cc9d12e564d6440ee87692",
   >     "latest"
   >   ],
   >   "internal": true
   > }
[2022/02/17 14:09:04.981] -  <   {
 <     "id": 161,
 <     "jsonrpc": "2.0",
 <     "result": "0x56bc75e2d63100000"
 <   }
[2022/02/17 14:09:04.982] - eth_getTransactionCount
[2022/02/17 14:09:04.983] -    > {
   >   "jsonrpc": "2.0",
   >   "id": 170,
   >   "method": "eth_getTransactionCount",
   >   "params": [
   >     "0x0329f1567786ce4f28cc9d12e564d6440ee87692",
   >     "latest"
   >   ],
   >   "internal": true
   > }
[2022/02/17 14:09:04.985] -  <   {
 <     "id": 162,
 <     "jsonrpc": "2.0",
 <     "result": "0x0"
 <   }
[2022/02/17 14:09:04.986] - eth_getBalance
[2022/02/17 14:09:04.986] -    > {
   >   "jsonrpc": "2.0",
   >   "id": 171,
   >   "method": "eth_getBalance",
   >   "params": [
   >     "0x98ae5e68474380b96e4e28d114295eaccff9b9da",
   >     "latest"
   >   ],
   >   "internal": true
   > }
[2022/02/17 14:09:04.988] -  <   {
 <     "id": 163,
 <     "jsonrpc": "2.0",
 <     "result": "0x56bc75e2d63100000"
 <   }
[2022/02/17 14:09:04.989] - eth_getTransactionCount
[2022/02/17 14:09:04.990] -    > {
   >   "jsonrpc": "2.0",
   >   "id": 172,
   >   "method": "eth_getTransactionCount",
   >   "params": [
   >     "0x98ae5e68474380b96e4e28d114295eaccff9b9da",
   >     "latest"
   >   ],
   >   "internal": true
   > }
[2022/02/17 14:09:04.992] -  <   {
 <     "id": 164,
 <     "jsonrpc": "2.0",
 <     "result": "0x0"
 <   }
[2022/02/17 14:09:04.993] - eth_getBalance
[2022/02/17 14:09:04.994] -    > {
   >   "jsonrpc": "2.0",
   >   "id": 173,
   >   "method": "eth_getBalance",
   >   "params": [
   >     "0xa0e5df176a43e30db30f3a7cf11c174b218d21a4",
   >     "latest"
   >   ],
   >   "internal": true
   > }
[2022/02/17 14:09:04.996] -  <   {
 <     "id": 167,
 <     "jsonrpc": "2.0",
 <     "result": "0x56bc75e2d63100000"
 <   }
[2022/02/17 14:09:04.997] - eth_getTransactionCount
[2022/02/17 14:09:04.998] -    > {
   >   "jsonrpc": "2.0",
   >   "id": 174,
   >   "method": "eth_getTransactionCount",
   >   "params": [
   >     "0xa0e5df176a43e30db30f3a7cf11c174b218d21a4",
   >     "latest"
   >   ],
   >   "internal": true
   > }
[2022/02/17 14:09:05.000] -  <   {
 <     "id": 168,
 <     "jsonrpc": "2.0",
 <     "result": "0x0"
 <   }
[2022/02/17 14:09:05.002] - eth_getBalance
[2022/02/17 14:09:05.003] -    > {
   >   "jsonrpc": "2.0",
   >   "id": 175,
   >   "method": "eth_getBalance",
   >   "params": [
   >     "0xafbf75f3c3abaa691a9c460b37cf6ca00a0630fa",
   >     "latest"
   >   ],
   >   "internal": true
   > }
[2022/02/17 14:09:05.006] -  <   {
 <     "id": 169,
 <     "jsonrpc": "2.0",
 <     "result": "0x56bc75e2d63100000"
 <   }
[2022/02/17 14:09:05.007] - eth_getTransactionCount
[2022/02/17 14:09:05.007] -    > {
   >   "jsonrpc": "2.0",
   >   "id": 176,
   >   "method": "eth_getTransactionCount",
   >   "params": [
   >     "0xafbf75f3c3abaa691a9c460b37cf6ca00a0630fa",
   >     "latest"
   >   ],
   >   "internal": true
   > }
[2022/02/17 14:09:05.010] -  <   {
 <     "id": 170,
 <     "jsonrpc": "2.0",
 <     "result": "0x0"
 <   }
[2022/02/17 14:09:05.011] - eth_getBalance
[2022/02/17 14:09:05.012] -    > {
   >   "jsonrpc": "2.0",
   >   "id": 177,
   >   "method": "eth_getBalance",
   >   "params": [
   >     "0xa765a241143066b4286105fa9160219535ff2981",
   >     "latest"
   >   ],
   >   "internal": true
   > }
[2022/02/17 14:09:05.014] -  <   {
 <     "id": 171,
 <     "jsonrpc": "2.0",
 <     "result": "0x56bc75e2d63100000"
 <   }
[2022/02/17 14:09:05.017] -  <   {
 <     "id": 172,
 <     "jsonrpc": "2.0",
 <     "result": "0x0"
 <   }
[2022/02/17 14:09:05.019] -  <   {
 <     "id": 173,
 <     "jsonrpc": "2.0",
 <     "result": "0x56bc75e2d63100000"
 <   }
[2022/02/17 14:09:05.020] - eth_getTransactionCount
[2022/02/17 14:09:05.021] -    > {
   >   "jsonrpc": "2.0",
   >   "id": 178,
   >   "method": "eth_getTransactionCount",
   >   "params": [
   >     "0xa765a241143066b4286105fa9160219535ff2981",
   >     "latest"
   >   ],
   >   "internal": true
   > }
[2022/02/17 14:09:05.022] - eth_getBalance
[2022/02/17 14:09:05.022] -    > {
   >   "jsonrpc": "2.0",
   >   "id": 179,
   >   "method": "eth_getBalance",
   >   "params": [
   >     "0x6d2976f7fd0e7c06b7e360d6958c00396d8d799c",
   >     "latest"
   >   ],
   >   "internal": true
   > }
[2022/02/17 14:09:05.024] -  <   {
 <     "id": 174,
 <     "jsonrpc": "2.0",
 <     "result": "0x0"
 <   }
[2022/02/17 14:09:05.027] -  <   {
 <     "id": 175,
 <     "jsonrpc": "2.0",
 <     "result": "0x56bc75e2d63100000"
 <   }
[2022/02/17 14:09:05.028] - eth_getTransactionCount
[2022/02/17 14:09:05.028] -    > {
   >   "jsonrpc": "2.0",
   >   "id": 180,
   >   "method": "eth_getTransactionCount",
   >   "params": [
   >     "0x6d2976f7fd0e7c06b7e360d6958c00396d8d799c",
   >     "latest"
   >   ],
   >   "internal": true
   > }
[2022/02/17 14:09:05.029] - eth_getBalance
[2022/02/17 14:09:05.030] -    > {
   >   "jsonrpc": "2.0",
   >   "id": 181,
   >   "method": "eth_getBalance",
   >   "params": [
   >     "0x43249a45596ebaf71609f5087cf23238c97a10d0",
   >     "latest"
   >   ],
   >   "internal": true
   > }
[2022/02/17 14:09:05.032] -  <   {
 <     "id": 176,
 <     "jsonrpc": "2.0",
 <     "result": "0x0"
 <   }
[2022/02/17 14:09:05.033] - eth_getTransactionCount
[2022/02/17 14:09:05.034] -    > {
   >   "jsonrpc": "2.0",
   >   "id": 182,
   >   "method": "eth_getTransactionCount",
   >   "params": [
   >     "0x43249a45596ebaf71609f5087cf23238c97a10d0",
   >     "latest"
   >   ],
   >   "internal": true
   > }
[2022/02/17 14:09:05.037] -  <   {
 <     "id": 177,
 <     "jsonrpc": "2.0",
 <     "result": "0x56bc75e2d63100000"
 <   }
[2022/02/17 14:09:05.038] - eth_getBalance
[2022/02/17 14:09:05.038] -    > {
   >   "jsonrpc": "2.0",
   >   "id": 183,
   >   "method": "eth_getBalance",
   >   "params": [
   >     "0x7cda73f55e3814bff4ff66f00aae03f0c6177da5",
   >     "latest"
   >   ],
   >   "internal": true
   > }
[2022/02/17 14:09:05.040] -  <   {
 <     "id": 178,
 <     "jsonrpc": "2.0",
 <     "result": "0x0"
 <   }
[2022/02/17 14:09:05.041] - eth_getTransactionCount
[2022/02/17 14:09:05.042] -    > {
   >   "jsonrpc": "2.0",
   >   "id": 184,
   >   "method": "eth_getTransactionCount",
   >   "params": [
   >     "0x7cda73f55e3814bff4ff66f00aae03f0c6177da5",
   >     "latest"
   >   ],
   >   "internal": true
   > }
[2022/02/17 14:09:05.044] -  <   {
 <     "id": 179,
 <     "jsonrpc": "2.0",
 <     "result": "0x56bc75e2d63100000"
 <   }
[2022/02/17 14:09:05.047] -  <   {
 <     "id": 180,
 <     "jsonrpc": "2.0",
 <     "result": "0x0"
 <   }
[2022/02/17 14:09:05.063] -  <   {
 <     "id": 181,
 <     "jsonrpc": "2.0",
 <     "result": "0x56bc75e2d63100000"
 <   }
[2022/02/17 14:09:05.078] -  <   {
 <     "id": 182,
 <     "jsonrpc": "2.0",
 <     "result": "0x0"
 <   }
[2022/02/17 14:09:05.093] -  <   {
 <     "id": 183,
 <     "jsonrpc": "2.0",
 <     "result": "0x56bc75e2d63100000"
 <   }
[2022/02/17 14:09:05.108] -  <   {
 <     "id": 184,
 <     "jsonrpc": "2.0",
 <     "result": "0x0"
 <   }
[2022/02/17 14:09:31.846] - eth_unsubscribe
[2022/02/17 14:09:31.847] -    > {
   >   "jsonrpc": "2.0",
   >   "id": 15,
   >   "method": "eth_unsubscribe",
   >   "params": [
   >     "0x3"
   >   ]
   > }
[2022/02/17 14:09:31.848] - eth_unsubscribe
[2022/02/17 14:09:31.849] -    > {
   >   "jsonrpc": "2.0",
   >   "id": 16,
   >   "method": "eth_unsubscribe",
   >   "params": [
   >     "0x4"
   >   ]
   > }
[2022/02/17 14:09:31.850] -  <   {
 <     "id": 15,
 <     "jsonrpc": "2.0",
 <     "result": true
 <   }
[2022/02/17 14:09:31.852] -    > {
   >   "jsonrpc": "2.0",
   >   "method": "eth_unsubscribe",
   >   "params": [
   >     "0x5"
   >   ],
   >   "id": 1645135771852
   > }
[2022/02/17 14:09:31.853] -    > {
   >   "jsonrpc": "2.0",
   >   "method": "eth_unsubscribe",
   >   "params": [
   >     "0x4"
   >   ],
   >   "id": 1645135771853
   > }
[2022/02/17 14:09:31.855] -    > {
   >   "jsonrpc": "2.0",
   >   "method": "eth_unsubscribe",
   >   "params": [
   >     "0x6"
   >   ],
   >   "id": 1645135771855
   > }
[2022/02/17 14:09:31.857] -    > {
   >   "jsonrpc": "2.0",
   >   "method": "eth_unsubscribe",
   >   "params": [
   >     "0x1"
   >   ],
   >   "id": 1645135771856
   > }
[2022/02/17 14:09:31.859] -    > {
   >   "jsonrpc": "2.0",
   >   "method": "eth_unsubscribe",
   >   "params": [
   >     "0x2"
   >   ],
   >   "id": 1645135771858
   > }
[2022/02/17 14:09:31.861] -  <   {
 <     "id": 16,
 <     "jsonrpc": "2.0",
 <     "result": true
 <   }
[2022/02/17 14:09:31.881] -  <   {
 <     "id": 1645135771852,
 <     "jsonrpc": "2.0",
 <     "result": true
 <   }
[2022/02/17 14:09:31.904] -  <   {
 <     "id": 1645135771853,
 <     "jsonrpc": "2.0",
 <     "error": {
 <       "message": "Subscription ID 0x4 not found.",
 <       "code": -32000,
 <       "data": {
 <         "stack": "Error: Subscription ID 0x4 not found.\n    at SubscriptionSubprovider.eth_unsubscribe (C:\\Program Files\\WindowsApps\\GanacheUI_2.5.4.0_x64__5dg5pnz03psnj\\app\\resources\\static\\node\\node_modules\\ganache-core\\node_modules\\web3-provider-engine\\subproviders\\subscriptions.js:78:8)\n    at SubscriptionSubprovider.handleRequest (C:\\Program Files\\WindowsApps\\GanacheUI_2.5.4.0_x64__5dg5pnz03psnj\\app\\resources\\static\\node\\node_modules\\ganache-core\\node_modules\\web3-provider-engine\\subproviders\\subscriptions.js:134:12)\n    at next (C:\\Program Files\\WindowsApps\\GanacheUI_2.5.4.0_x64__5dg5pnz03psnj\\app\\resources\\static\\node\\node_modules\\ganache-core\\node_modules\\web3-provider-engine\\index.js:136:18)\n    at DelayedBlockFilter.handleRequest (C:\\Program Files\\WindowsApps\\GanacheUI_2.5.4.0_x64__5dg5pnz03psnj\\app\\resources\\static\\node\\node_modules\\ganache-core\\lib\\subproviders\\delayedblockfilter.js:31:3)\n    at next (C:\\Program Files\\WindowsApps\\GanacheUI_2.5.4.0_x64__5dg5pnz03psnj\\app\\resources\\static\\node\\node_modules\\ganache-core\\node_modules\\web3-provider-engine\\index.js:136:18)\n    at RequestFunnel.handleRequest (C:\\Program Files\\WindowsApps\\GanacheUI_2.5.4.0_x64__5dg5pnz03psnj\\app\\resources\\static\\node\\node_modules\\ganache-core\\lib\\subproviders\\requestfunnel.js:32:12)\n    at next (C:\\Program Files\\WindowsApps\\GanacheUI_2.5.4.0_x64__5dg5pnz03psnj\\app\\resources\\static\\node\\node_modules\\ganache-core\\node_modules\\web3-provider-engine\\index.js:136:18)\n    at Web3ProviderEngine._handleAsync (C:\\Program Files\\WindowsApps\\GanacheUI_2.5.4.0_x64__5dg5pnz03psnj\\app\\resources\\static\\node\\node_modules\\ganache-core\\node_modules\\web3-provider-engine\\index.js:123:3)\n    at Timeout._onTimeout (C:\\Program Files\\WindowsApps\\GanacheUI_2.5.4.0_x64__5dg5pnz03psnj\\app\\resources\\static\\node\\node_modules\\ganache-core\\node_modules\\web3-provider-engine\\index.js:107:12)\n    at listOnTimeout (internal/timers.js:531:17)\n    at processTimers (internal/timers.js:475:7)",
 <         "name": "Error"
 <       }
 <     }
 <   }
[2022/02/17 14:09:31.911] -  <   {
 <     "id": 1645135771855,
 <     "jsonrpc": "2.0",
 <     "result": true
 <   }
[2022/02/17 14:09:31.927] -  <   {
 <     "id": 1645135771856,
 <     "jsonrpc": "2.0",
 <     "result": true
 <   }
[2022/02/17 14:09:31.943] -  <   {
 <     "id": 1645135771858,
 <     "jsonrpc": "2.0",
 <     "result": true
 <   }
