[2022/02/17 14:11:00.933] - Starting server with initial configuration: {"gasLimit":6721975,"gasPrice":20000000000,"hardfork":"muirGlacier","hostname":"10.0.0.203","port":7545,"network_id":5777,"default_balance_ether":100,"total_accounts":10,"unlocked_accounts":[],"locked":true,"vmErrorsOnRPCResponse":true,"verbose":true,"db_path":"C:\\Users\\kyle\\AppData\\Roaming\\Ganache\\workspaces\\workspace-21722\\chaindata","logDirectory":"C:\\Users\\kyle\\OneDrive\\Documents\\GitHub\\truffle-plugin-verify\\Ganache Log File Directory"}
[2022/02/17 14:11:01.170] - eth_subscribe
[2022/02/17 14:11:01.172] -    > {
   >   "jsonrpc": "2.0",
   >   "id": 1,
   >   "method": "eth_subscribe",
   >   "params": [
   >     "newHeads"
   >   ]
   > }
[2022/02/17 14:11:01.180] - eth_getLogs
[2022/02/17 14:11:01.181] -    > {
   >   "jsonrpc": "2.0",
   >   "id": 2,
   >   "method": "eth_getLogs",
   >   "params": [
   >     {
   >       "topics": []
   >     }
   >   ]
   > }
[2022/02/17 14:11:01.183] - eth_subscribe
[2022/02/17 14:11:01.184] -    > {
   >   "jsonrpc": "2.0",
   >   "id": 3,
   >   "method": "eth_subscribe",
   >   "params": [
   >     "logs",
   >     {
   >       "topics": []
   >     }
   >   ]
   > }
[2022/02/17 14:11:01.187] -  <   {
 <     "id": 1,
 <     "jsonrpc": "2.0",
 <     "result": "0x1"
 <   }
[2022/02/17 14:11:01.195] -  <   {
 <     "id": 2,
 <     "jsonrpc": "2.0",
 <     "result": []
 <   }
[2022/02/17 14:11:01.199] -  <   {
 <     "id": 3,
 <     "jsonrpc": "2.0",
 <     "result": "0x2"
 <   }
[2022/02/17 14:11:01.217] - eth_subscribe
[2022/02/17 14:11:01.219] -    > {
   >   "jsonrpc": "2.0",
   >   "id": 4,
   >   "method": "eth_subscribe",
   >   "params": [
   >     "newHeads"
   >   ]
   > }
[2022/02/17 14:11:01.220] - eth_getLogs
[2022/02/17 14:11:01.221] -    > {
   >   "jsonrpc": "2.0",
   >   "id": 5,
   >   "method": "eth_getLogs",
   >   "params": [
   >     {
   >       "topics": []
   >     }
   >   ]
   > }
[2022/02/17 14:11:01.222] - eth_subscribe
[2022/02/17 14:11:01.224] -    > {
   >   "jsonrpc": "2.0",
   >   "id": 6,
   >   "method": "eth_subscribe",
   >   "params": [
   >     "logs",
   >     {
   >       "topics": []
   >     }
   >   ]
   > }
[2022/02/17 14:11:01.225] -  <   {
 <     "id": 4,
 <     "jsonrpc": "2.0",
 <     "result": "0x3"
 <   }
[2022/02/17 14:11:01.235] -  <   {
 <     "id": 5,
 <     "jsonrpc": "2.0",
 <     "result": []
 <   }
[2022/02/17 14:11:01.265] -  <   {
 <     "id": 6,
 <     "jsonrpc": "2.0",
 <     "result": "0x4"
 <   }
[2022/02/17 14:11:01.546] - eth_blockNumber
[2022/02/17 14:11:01.547] -    > {
   >   "jsonrpc": "2.0",
   >   "id": 6,
   >   "method": "eth_blockNumber",
   >   "params": [],
   >   "internal": true
   > }
[2022/02/17 14:11:01.550] -  <   {
 <     "id": 6,
 <     "jsonrpc": "2.0",
 <     "result": "0x0"
 <   }
[2022/02/17 14:11:01.583] - eth_accounts
[2022/02/17 14:11:01.583] -    > {
   >   "jsonrpc": "2.0",
   >   "id": 7,
   >   "method": "eth_accounts",
   >   "params": [],
   >   "internal": true
   > }
[2022/02/17 14:11:01.584] - eth_gasPrice
[2022/02/17 14:11:01.585] -    > {
   >   "jsonrpc": "2.0",
   >   "id": 8,
   >   "method": "eth_gasPrice",
   >   "params": [],
   >   "internal": true
   > }
[2022/02/17 14:11:01.587] - eth_blockNumber
[2022/02/17 14:11:01.588] -    > {
   >   "jsonrpc": "2.0",
   >   "id": 1,
   >   "method": "eth_blockNumber",
   >   "params": [],
   >   "internal": true
   > }
[2022/02/17 14:11:01.590] - eth_getBlockByNumber
[2022/02/17 14:11:01.592] -    > {
   >   "jsonrpc": "2.0",
   >   "id": 9,
   >   "method": "eth_getBlockByNumber",
   >   "params": [
   >     "latest",
   >     false
   >   ],
   >   "internal": true
   > }
[2022/02/17 14:11:01.593] - eth_accounts
[2022/02/17 14:11:01.595] -    > {
   >   "jsonrpc": "2.0",
   >   "id": 2,
   >   "method": "eth_accounts",
   >   "params": [],
   >   "internal": true
   > }
[2022/02/17 14:11:01.597] -  <   {
 <     "id": 7,
 <     "jsonrpc": "2.0",
 <     "result": [
 <       "0xcb256dc99a7a8c41435452c00589de09f92f0f8e",
 <       "0x64e49d53f97e4e4ef7b603e508be0a8707f36a60",
 <       "0x0329f1567786ce4f28cc9d12e564d6440ee87692",
 <       "0x98ae5e68474380b96e4e28d114295eaccff9b9da",
 <       "0xa0e5df176a43e30db30f3a7cf11c174b218d21a4",
 <       "0xafbf75f3c3abaa691a9c460b37cf6ca00a0630fa",
 <       "0xa765a241143066b4286105fa9160219535ff2981",
 <       "0x6d2976f7fd0e7c06b7e360d6958c00396d8d799c",
 <       "0x43249a45596ebaf71609f5087cf23238c97a10d0",
 <       "0x7cda73f55e3814bff4ff66f00aae03f0c6177da5"
 <     ]
 <   }
[2022/02/17 14:11:01.598] - eth_subscribe
[2022/02/17 14:11:01.599] -    > {
   >   "jsonrpc": "2.0",
   >   "id": 10,
   >   "method": "eth_subscribe",
   >   "params": [
   >     "newHeads"
   >   ],
   >   "internal": true
   > }
[2022/02/17 14:11:01.600] - eth_gasPrice
[2022/02/17 14:11:01.600] -    > {
   >   "jsonrpc": "2.0",
   >   "id": 3,
   >   "method": "eth_gasPrice",
   >   "params": [],
   >   "internal": true
   > }
[2022/02/17 14:11:01.601] -  <   {
 <     "id": 8,
 <     "jsonrpc": "2.0",
 <     "result": "0x4a817c800"
 <   }
[2022/02/17 14:11:01.602] - eth_getBlockByNumber
[2022/02/17 14:11:01.603] -    > {
   >   "jsonrpc": "2.0",
   >   "id": 4,
   >   "method": "eth_getBlockByNumber",
   >   "params": [
   >     "latest",
   >     false
   >   ],
   >   "internal": true
   > }
[2022/02/17 14:11:01.604] -  <   {
 <     "id": 1,
 <     "jsonrpc": "2.0",
 <     "result": "0x0"
 <   }
[2022/02/17 14:11:01.605] - eth_subscribe
[2022/02/17 14:11:01.606] -    > {
   >   "jsonrpc": "2.0",
   >   "id": 5,
   >   "method": "eth_subscribe",
   >   "params": [
   >     "newHeads"
   >   ],
   >   "internal": true
   > }
[2022/02/17 14:11:01.612] -  <   {
 <     "id": 9,
 <     "jsonrpc": "2.0",
 <     "result": {
 <       "number": "0x0",
 <       "hash": "0x525e56a2185e525547d358c2e4fd6866183ac35cc0cab197680c6d6728856b43",
 <       "parentHash": "0x0000000000000000000000000000000000000000000000000000000000000000",
 <       "mixHash": "0x0000000000000000000000000000000000000000000000000000000000000000",
 <       "nonce": "0x0000000000000000",
 <       "sha3Uncles": "0x1dcc4de8dec75d7aab85b567b6ccd41ad312451b948a7413f0a142fd40d49347",
 <       "logsBloom": "0x00000000000000000000000000000000000000000000000000000000000000000000000000000000000000000000000000000000000000000000000000000000000000000000000000000000000000000000000000000000000000000000000000000000000000000000000000000000000000000000000000000000000000000000000000000000000000000000000000000000000000000000000000000000000000000000000000000000000000000000000000000000000000000000000000000000000000000000000000000000000000000000000000000000000000000000000000000000000000000000000000000000000000000000000000000000",
 <       "transactionsRoot": "0x56e81f171bcc55a6ff8345e692c0f86e5b48e01b996cadc001622fb5e363b421",
 <       "stateRoot": "0x854b93ffeb26c480d94c0bab1c39d845054b0bd69a996e7a132537b1ac008fda",
 <       "receiptsRoot": "0x56e81f171bcc55a6ff8345e692c0f86e5b48e01b996cadc001622fb5e363b421",
 <       "miner": "0x0000000000000000000000000000000000000000",
 <       "difficulty": "0x0",
 <       "totalDifficulty": "0x0",
 <       "extraData": "0x",
 <       "size": "0x3e8",
 <       "gasLimit": "0x6691b7",
 <       "gasUsed": "0x0",
 <       "timestamp": "0x620ec77f",
 <       "transactions": [],
 <       "uncles": []
 <     }
 <   }
[2022/02/17 14:11:01.617] -  <   {
 <     "id": 2,
 <     "jsonrpc": "2.0",
 <     "result": [
 <       "0xcb256dc99a7a8c41435452c00589de09f92f0f8e",
 <       "0x64e49d53f97e4e4ef7b603e508be0a8707f36a60",
 <       "0x0329f1567786ce4f28cc9d12e564d6440ee87692",
 <       "0x98ae5e68474380b96e4e28d114295eaccff9b9da",
 <       "0xa0e5df176a43e30db30f3a7cf11c174b218d21a4",
 <       "0xafbf75f3c3abaa691a9c460b37cf6ca00a0630fa",
 <       "0xa765a241143066b4286105fa9160219535ff2981",
 <       "0x6d2976f7fd0e7c06b7e360d6958c00396d8d799c",
 <       "0x43249a45596ebaf71609f5087cf23238c97a10d0",
 <       "0x7cda73f55e3814bff4ff66f00aae03f0c6177da5"
 <     ]
 <   }
[2022/02/17 14:11:01.619] -  <   {
 <     "id": 10,
 <     "jsonrpc": "2.0",
 <     "result": "0x5"
 <   }
[2022/02/17 14:11:01.631] -  <   {
 <     "id": 3,
 <     "jsonrpc": "2.0",
 <     "result": "0x4a817c800"
 <   }
[2022/02/17 14:11:01.648] -  <   {
 <     "id": 4,
 <     "jsonrpc": "2.0",
 <     "result": {
 <       "number": "0x0",
 <       "hash": "0x525e56a2185e525547d358c2e4fd6866183ac35cc0cab197680c6d6728856b43",
 <       "parentHash": "0x0000000000000000000000000000000000000000000000000000000000000000",
 <       "mixHash": "0x0000000000000000000000000000000000000000000000000000000000000000",
 <       "nonce": "0x0000000000000000",
 <       "sha3Uncles": "0x1dcc4de8dec75d7aab85b567b6ccd41ad312451b948a7413f0a142fd40d49347",
 <       "logsBloom": "0x00000000000000000000000000000000000000000000000000000000000000000000000000000000000000000000000000000000000000000000000000000000000000000000000000000000000000000000000000000000000000000000000000000000000000000000000000000000000000000000000000000000000000000000000000000000000000000000000000000000000000000000000000000000000000000000000000000000000000000000000000000000000000000000000000000000000000000000000000000000000000000000000000000000000000000000000000000000000000000000000000000000000000000000000000000000",
 <       "transactionsRoot": "0x56e81f171bcc55a6ff8345e692c0f86e5b48e01b996cadc001622fb5e363b421",
 <       "stateRoot": "0x854b93ffeb26c480d94c0bab1c39d845054b0bd69a996e7a132537b1ac008fda",
 <       "receiptsRoot": "0x56e81f171bcc55a6ff8345e692c0f86e5b48e01b996cadc001622fb5e363b421",
 <       "miner": "0x0000000000000000000000000000000000000000",
 <       "difficulty": "0x0",
 <       "totalDifficulty": "0x0",
 <       "extraData": "0x",
 <       "size": "0x3e8",
 <       "gasLimit": "0x6691b7",
 <       "gasUsed": "0x0",
 <       "timestamp": "0x620ec77f",
 <       "transactions": [],
 <       "uncles": []
 <     }
 <   }
[2022/02/17 14:11:01.663] -  <   {
 <     "id": 5,
 <     "jsonrpc": "2.0",
 <     "result": "0x6"
 <   }
[2022/02/17 14:11:01.687] - eth_getBalance
[2022/02/17 14:11:01.687] -    > {
   >   "jsonrpc": "2.0",
   >   "id": 12,
   >   "method": "eth_getBalance",
   >   "params": [
   >     "0xcb256dc99a7a8c41435452c00589de09f92f0f8e",
   >     "latest"
   >   ],
   >   "internal": true
   > }
[2022/02/17 14:11:01.696] - eth_getTransactionCount
[2022/02/17 14:11:01.697] -    > {
   >   "jsonrpc": "2.0",
   >   "id": 13,
   >   "method": "eth_getTransactionCount",
   >   "params": [
   >     "0xcb256dc99a7a8c41435452c00589de09f92f0f8e",
   >     "latest"
   >   ],
   >   "internal": true
   > }
[2022/02/17 14:11:01.699] -  <   {
 <     "id": 12,
 <     "jsonrpc": "2.0",
 <     "result": "0x56bc75e2d63100000"
 <   }
[2022/02/17 14:11:01.705] -  <   {
 <     "id": 13,
 <     "jsonrpc": "2.0",
 <     "result": "0x0"
 <   }
[2022/02/17 14:11:01.707] - eth_getBalance
[2022/02/17 14:11:01.707] -    > {
   >   "jsonrpc": "2.0",
   >   "id": 14,
   >   "method": "eth_getBalance",
   >   "params": [
   >     "0x64e49d53f97e4e4ef7b603e508be0a8707f36a60",
   >     "latest"
   >   ],
   >   "internal": true
   > }
[2022/02/17 14:11:01.714] - eth_getTransactionCount
[2022/02/17 14:11:01.715] -    > {
   >   "jsonrpc": "2.0",
   >   "id": 15,
   >   "method": "eth_getTransactionCount",
   >   "params": [
   >     "0x64e49d53f97e4e4ef7b603e508be0a8707f36a60",
   >     "latest"
   >   ],
   >   "internal": true
   > }
[2022/02/17 14:11:01.717] -  <   {
 <     "id": 14,
 <     "jsonrpc": "2.0",
 <     "result": "0x56bc75e2d63100000"
 <   }
[2022/02/17 14:11:01.722] -  <   {
 <     "id": 15,
 <     "jsonrpc": "2.0",
 <     "result": "0x0"
 <   }
[2022/02/17 14:11:01.724] - eth_getBalance
[2022/02/17 14:11:01.725] -    > {
   >   "jsonrpc": "2.0",
   >   "id": 16,
   >   "method": "eth_getBalance",
   >   "params": [
   >     "0x0329f1567786ce4f28cc9d12e564d6440ee87692",
   >     "latest"
   >   ],
   >   "internal": true
   > }
[2022/02/17 14:11:01.738] - eth_getTransactionCount
[2022/02/17 14:11:01.738] -    > {
   >   "jsonrpc": "2.0",
   >   "id": 17,
   >   "method": "eth_getTransactionCount",
   >   "params": [
   >     "0x0329f1567786ce4f28cc9d12e564d6440ee87692",
   >     "latest"
   >   ],
   >   "internal": true
   > }
[2022/02/17 14:11:01.741] -  <   {
 <     "id": 16,
 <     "jsonrpc": "2.0",
 <     "result": "0x56bc75e2d63100000"
 <   }
[2022/02/17 14:11:01.750] -  <   {
 <     "id": 17,
 <     "jsonrpc": "2.0",
 <     "result": "0x0"
 <   }
[2022/02/17 14:11:01.751] - eth_getBalance
[2022/02/17 14:11:01.753] -    > {
   >   "jsonrpc": "2.0",
   >   "id": 18,
   >   "method": "eth_getBalance",
   >   "params": [
   >     "0x98ae5e68474380b96e4e28d114295eaccff9b9da",
   >     "latest"
   >   ],
   >   "internal": true
   > }
[2022/02/17 14:11:01.756] - eth_getTransactionCount
[2022/02/17 14:11:01.757] -    > {
   >   "jsonrpc": "2.0",
   >   "id": 19,
   >   "method": "eth_getTransactionCount",
   >   "params": [
   >     "0x98ae5e68474380b96e4e28d114295eaccff9b9da",
   >     "latest"
   >   ],
   >   "internal": true
   > }
[2022/02/17 14:11:01.760] -  <   {
 <     "id": 18,
 <     "jsonrpc": "2.0",
 <     "result": "0x56bc75e2d63100000"
 <   }
[2022/02/17 14:11:01.768] -  <   {
 <     "id": 19,
 <     "jsonrpc": "2.0",
 <     "result": "0x0"
 <   }
[2022/02/17 14:11:01.769] - eth_getBalance
[2022/02/17 14:11:01.770] -    > {
   >   "jsonrpc": "2.0",
   >   "id": 20,
   >   "method": "eth_getBalance",
   >   "params": [
   >     "0xa0e5df176a43e30db30f3a7cf11c174b218d21a4",
   >     "latest"
   >   ],
   >   "internal": true
   > }
[2022/02/17 14:11:01.780] - eth_getTransactionCount
[2022/02/17 14:11:01.780] -    > {
   >   "jsonrpc": "2.0",
   >   "id": 21,
   >   "method": "eth_getTransactionCount",
   >   "params": [
   >     "0xa0e5df176a43e30db30f3a7cf11c174b218d21a4",
   >     "latest"
   >   ],
   >   "internal": true
   > }
[2022/02/17 14:11:01.783] -  <   {
 <     "id": 20,
 <     "jsonrpc": "2.0",
 <     "result": "0x56bc75e2d63100000"
 <   }
[2022/02/17 14:11:01.787] -  <   {
 <     "id": 21,
 <     "jsonrpc": "2.0",
 <     "result": "0x0"
 <   }
[2022/02/17 14:11:01.788] - eth_getBalance
[2022/02/17 14:11:01.788] -    > {
   >   "jsonrpc": "2.0",
   >   "id": 22,
   >   "method": "eth_getBalance",
   >   "params": [
   >     "0xafbf75f3c3abaa691a9c460b37cf6ca00a0630fa",
   >     "latest"
   >   ],
   >   "internal": true
   > }
[2022/02/17 14:11:01.794] - eth_getTransactionCount
[2022/02/17 14:11:01.795] -    > {
   >   "jsonrpc": "2.0",
   >   "id": 23,
   >   "method": "eth_getTransactionCount",
   >   "params": [
   >     "0xafbf75f3c3abaa691a9c460b37cf6ca00a0630fa",
   >     "latest"
   >   ],
   >   "internal": true
   > }
[2022/02/17 14:11:01.796] -  <   {
 <     "id": 22,
 <     "jsonrpc": "2.0",
 <     "result": "0x56bc75e2d63100000"
 <   }
[2022/02/17 14:11:01.800] -  <   {
 <     "id": 23,
 <     "jsonrpc": "2.0",
 <     "result": "0x0"
 <   }
[2022/02/17 14:11:01.801] - eth_getBalance
[2022/02/17 14:11:01.802] -    > {
   >   "jsonrpc": "2.0",
   >   "id": 24,
   >   "method": "eth_getBalance",
   >   "params": [
   >     "0xa765a241143066b4286105fa9160219535ff2981",
   >     "latest"
   >   ],
   >   "internal": true
   > }
[2022/02/17 14:11:01.804] - eth_getTransactionCount
[2022/02/17 14:11:01.805] -    > {
   >   "jsonrpc": "2.0",
   >   "id": 25,
   >   "method": "eth_getTransactionCount",
   >   "params": [
   >     "0xa765a241143066b4286105fa9160219535ff2981",
   >     "latest"
   >   ],
   >   "internal": true
   > }
[2022/02/17 14:11:01.807] -  <   {
 <     "id": 24,
 <     "jsonrpc": "2.0",
 <     "result": "0x56bc75e2d63100000"
 <   }
[2022/02/17 14:11:01.850] -  <   {
 <     "id": 25,
 <     "jsonrpc": "2.0",
 <     "result": "0x0"
 <   }
[2022/02/17 14:11:01.851] - eth_getBalance
[2022/02/17 14:11:01.852] -    > {
   >   "jsonrpc": "2.0",
   >   "id": 26,
   >   "method": "eth_getBalance",
   >   "params": [
   >     "0x6d2976f7fd0e7c06b7e360d6958c00396d8d799c",
   >     "latest"
   >   ],
   >   "internal": true
   > }
[2022/02/17 14:11:01.853] - eth_getTransactionCount
[2022/02/17 14:11:01.854] -    > {
   >   "jsonrpc": "2.0",
   >   "id": 27,
   >   "method": "eth_getTransactionCount",
   >   "params": [
   >     "0x6d2976f7fd0e7c06b7e360d6958c00396d8d799c",
   >     "latest"
   >   ],
   >   "internal": true
   > }
[2022/02/17 14:11:01.855] - eth_getBalance
[2022/02/17 14:11:01.855] -    > {
   >   "jsonrpc": "2.0",
   >   "id": 28,
   >   "method": "eth_getBalance",
   >   "params": [
   >     "0x43249a45596ebaf71609f5087cf23238c97a10d0",
   >     "latest"
   >   ],
   >   "internal": true
   > }
[2022/02/17 14:11:01.859] - eth_getTransactionCount
[2022/02/17 14:11:01.860] -    > {
   >   "jsonrpc": "2.0",
   >   "id": 29,
   >   "method": "eth_getTransactionCount",
   >   "params": [
   >     "0x43249a45596ebaf71609f5087cf23238c97a10d0",
   >     "latest"
   >   ],
   >   "internal": true
   > }
[2022/02/17 14:11:01.881] - eth_getBalance
[2022/02/17 14:11:01.882] -    > {
   >   "jsonrpc": "2.0",
   >   "id": 30,
   >   "method": "eth_getBalance",
   >   "params": [
   >     "0x7cda73f55e3814bff4ff66f00aae03f0c6177da5",
   >     "latest"
   >   ],
   >   "internal": true
   > }
[2022/02/17 14:11:01.883] - eth_getTransactionCount
[2022/02/17 14:11:01.884] -    > {
   >   "jsonrpc": "2.0",
   >   "id": 31,
   >   "method": "eth_getTransactionCount",
   >   "params": [
   >     "0x7cda73f55e3814bff4ff66f00aae03f0c6177da5",
   >     "latest"
   >   ],
   >   "internal": true
   > }
[2022/02/17 14:11:01.885] - eth_getBalance
[2022/02/17 14:11:01.885] -    > {
   >   "jsonrpc": "2.0",
   >   "id": 32,
   >   "method": "eth_getBalance",
   >   "params": [
   >     "0xcb256dc99a7a8c41435452c00589de09f92f0f8e",
   >     "latest"
   >   ],
   >   "internal": true
   > }
[2022/02/17 14:11:01.886] - eth_getTransactionCount
[2022/02/17 14:11:01.889] -    > {
   >   "jsonrpc": "2.0",
   >   "id": 33,
   >   "method": "eth_getTransactionCount",
   >   "params": [
   >     "0xcb256dc99a7a8c41435452c00589de09f92f0f8e",
   >     "latest"
   >   ],
   >   "internal": true
   > }
[2022/02/17 14:11:01.891] -  <   {
 <     "id": 26,
 <     "jsonrpc": "2.0",
 <     "result": "0x56bc75e2d63100000"
 <   }
[2022/02/17 14:11:01.893] - eth_getBalance
[2022/02/17 14:11:01.894] -    > {
   >   "jsonrpc": "2.0",
   >   "id": 34,
   >   "method": "eth_getBalance",
   >   "params": [
   >     "0x64e49d53f97e4e4ef7b603e508be0a8707f36a60",
   >     "latest"
   >   ],
   >   "internal": true
   > }
[2022/02/17 14:11:01.896] -  <   {
 <     "id": 27,
 <     "jsonrpc": "2.0",
 <     "result": "0x0"
 <   }
[2022/02/17 14:11:01.897] - eth_getTransactionCount
[2022/02/17 14:11:01.898] -    > {
   >   "jsonrpc": "2.0",
   >   "id": 35,
   >   "method": "eth_getTransactionCount",
   >   "params": [
   >     "0x64e49d53f97e4e4ef7b603e508be0a8707f36a60",
   >     "latest"
   >   ],
   >   "internal": true
   > }
[2022/02/17 14:11:01.902] - eth_getBalance
[2022/02/17 14:11:01.903] -    > {
   >   "jsonrpc": "2.0",
   >   "id": 36,
   >   "method": "eth_getBalance",
   >   "params": [
   >     "0x0329f1567786ce4f28cc9d12e564d6440ee87692",
   >     "latest"
   >   ],
   >   "internal": true
   > }
[2022/02/17 14:11:01.907] -  <   {
 <     "id": 28,
 <     "jsonrpc": "2.0",
 <     "result": "0x56bc75e2d63100000"
 <   }
[2022/02/17 14:11:01.909] - eth_getTransactionCount
[2022/02/17 14:11:01.910] -    > {
   >   "jsonrpc": "2.0",
   >   "id": 37,
   >   "method": "eth_getTransactionCount",
   >   "params": [
   >     "0x0329f1567786ce4f28cc9d12e564d6440ee87692",
   >     "latest"
   >   ],
   >   "internal": true
   > }
[2022/02/17 14:11:01.911] - eth_getBalance
[2022/02/17 14:11:01.912] -    > {
   >   "jsonrpc": "2.0",
   >   "id": 38,
   >   "method": "eth_getBalance",
   >   "params": [
   >     "0x98ae5e68474380b96e4e28d114295eaccff9b9da",
   >     "latest"
   >   ],
   >   "internal": true
   > }
[2022/02/17 14:11:01.914] -  <   {
 <     "id": 29,
 <     "jsonrpc": "2.0",
 <     "result": "0x0"
 <   }
[2022/02/17 14:11:01.916] - eth_getTransactionCount
[2022/02/17 14:11:01.916] -    > {
   >   "jsonrpc": "2.0",
   >   "id": 39,
   >   "method": "eth_getTransactionCount",
   >   "params": [
   >     "0x98ae5e68474380b96e4e28d114295eaccff9b9da",
   >     "latest"
   >   ],
   >   "internal": true
   > }
[2022/02/17 14:11:01.919] -  <   {
 <     "id": 30,
 <     "jsonrpc": "2.0",
 <     "result": "0x56bc75e2d63100000"
 <   }
[2022/02/17 14:11:01.923] -  <   {
 <     "id": 31,
 <     "jsonrpc": "2.0",
 <     "result": "0x0"
 <   }
[2022/02/17 14:11:01.924] - eth_getBalance
[2022/02/17 14:11:01.925] -    > {
   >   "jsonrpc": "2.0",
   >   "id": 40,
   >   "method": "eth_getBalance",
   >   "params": [
   >     "0xa0e5df176a43e30db30f3a7cf11c174b218d21a4",
   >     "latest"
   >   ],
   >   "internal": true
   > }
[2022/02/17 14:11:01.929] -  <   {
 <     "id": 32,
 <     "jsonrpc": "2.0",
 <     "result": "0x56bc75e2d63100000"
 <   }
[2022/02/17 14:11:01.930] - eth_getTransactionCount
[2022/02/17 14:11:01.930] -    > {
   >   "jsonrpc": "2.0",
   >   "id": 41,
   >   "method": "eth_getTransactionCount",
   >   "params": [
   >     "0xa0e5df176a43e30db30f3a7cf11c174b218d21a4",
   >     "latest"
   >   ],
   >   "internal": true
   > }
[2022/02/17 14:11:01.932] - eth_getBalance
[2022/02/17 14:11:01.933] -    > {
   >   "jsonrpc": "2.0",
   >   "id": 42,
   >   "method": "eth_getBalance",
   >   "params": [
   >     "0xafbf75f3c3abaa691a9c460b37cf6ca00a0630fa",
   >     "latest"
   >   ],
   >   "internal": true
   > }
[2022/02/17 14:11:01.935] -  <   {
 <     "id": 33,
 <     "jsonrpc": "2.0",
 <     "result": "0x0"
 <   }
[2022/02/17 14:11:01.938] -  <   {
 <     "id": 34,
 <     "jsonrpc": "2.0",
 <     "result": "0x56bc75e2d63100000"
 <   }
[2022/02/17 14:11:01.940] - eth_getTransactionCount
[2022/02/17 14:11:01.940] -    > {
   >   "jsonrpc": "2.0",
   >   "id": 43,
   >   "method": "eth_getTransactionCount",
   >   "params": [
   >     "0xafbf75f3c3abaa691a9c460b37cf6ca00a0630fa",
   >     "latest"
   >   ],
   >   "internal": true
   > }
[2022/02/17 14:11:01.945] -  <   {
 <     "id": 35,
 <     "jsonrpc": "2.0",
 <     "result": "0x0"
 <   }
[2022/02/17 14:11:01.946] - eth_getBalance
[2022/02/17 14:11:01.947] -    > {
   >   "jsonrpc": "2.0",
   >   "id": 44,
   >   "method": "eth_getBalance",
   >   "params": [
   >     "0xa765a241143066b4286105fa9160219535ff2981",
   >     "latest"
   >   ],
   >   "internal": true
   > }
[2022/02/17 14:11:01.950] -  <   {
 <     "id": 36,
 <     "jsonrpc": "2.0",
 <     "result": "0x56bc75e2d63100000"
 <   }
[2022/02/17 14:11:01.951] - eth_getTransactionCount
[2022/02/17 14:11:01.951] -    > {
   >   "jsonrpc": "2.0",
   >   "id": 45,
   >   "method": "eth_getTransactionCount",
   >   "params": [
   >     "0xa765a241143066b4286105fa9160219535ff2981",
   >     "latest"
   >   ],
   >   "internal": true
   > }
[2022/02/17 14:11:01.955] -  <   {
 <     "id": 37,
 <     "jsonrpc": "2.0",
 <     "result": "0x0"
 <   }
[2022/02/17 14:11:01.964] - eth_getBalance
[2022/02/17 14:11:01.965] -    > {
   >   "jsonrpc": "2.0",
   >   "id": 46,
   >   "method": "eth_getBalance",
   >   "params": [
   >     "0x6d2976f7fd0e7c06b7e360d6958c00396d8d799c",
   >     "latest"
   >   ],
   >   "internal": true
   > }
[2022/02/17 14:11:01.966] - eth_getTransactionCount
[2022/02/17 14:11:01.967] -    > {
   >   "jsonrpc": "2.0",
   >   "id": 47,
   >   "method": "eth_getTransactionCount",
   >   "params": [
   >     "0x6d2976f7fd0e7c06b7e360d6958c00396d8d799c",
   >     "latest"
   >   ],
   >   "internal": true
   > }
[2022/02/17 14:11:01.969] -  <   {
 <     "id": 38,
 <     "jsonrpc": "2.0",
 <     "result": "0x56bc75e2d63100000"
 <   }
[2022/02/17 14:11:01.972] -  <   {
 <     "id": 39,
 <     "jsonrpc": "2.0",
 <     "result": "0x0"
 <   }
[2022/02/17 14:11:01.973] - eth_getBalance
[2022/02/17 14:11:01.974] -    > {
   >   "jsonrpc": "2.0",
   >   "id": 48,
   >   "method": "eth_getBalance",
   >   "params": [
   >     "0x43249a45596ebaf71609f5087cf23238c97a10d0",
   >     "latest"
   >   ],
   >   "internal": true
   > }
[2022/02/17 14:11:01.979] -  <   {
 <     "id": 40,
 <     "jsonrpc": "2.0",
 <     "result": "0x56bc75e2d63100000"
 <   }
[2022/02/17 14:11:01.980] - eth_getTransactionCount
[2022/02/17 14:11:01.981] -    > {
   >   "jsonrpc": "2.0",
   >   "id": 49,
   >   "method": "eth_getTransactionCount",
   >   "params": [
   >     "0x43249a45596ebaf71609f5087cf23238c97a10d0",
   >     "latest"
   >   ],
   >   "internal": true
   > }
[2022/02/17 14:11:01.984] -  <   {
 <     "id": 41,
 <     "jsonrpc": "2.0",
 <     "result": "0x0"
 <   }
[2022/02/17 14:11:01.985] - eth_getBalance
[2022/02/17 14:11:01.985] -    > {
   >   "jsonrpc": "2.0",
   >   "id": 50,
   >   "method": "eth_getBalance",
   >   "params": [
   >     "0x7cda73f55e3814bff4ff66f00aae03f0c6177da5",
   >     "latest"
   >   ],
   >   "internal": true
   > }
[2022/02/17 14:11:01.987] - eth_getTransactionCount
[2022/02/17 14:11:01.987] -    > {
   >   "jsonrpc": "2.0",
   >   "id": 51,
   >   "method": "eth_getTransactionCount",
   >   "params": [
   >     "0x7cda73f55e3814bff4ff66f00aae03f0c6177da5",
   >     "latest"
   >   ],
   >   "internal": true
   > }
[2022/02/17 14:11:01.990] -  <   {
 <     "id": 42,
 <     "jsonrpc": "2.0",
 <     "result": "0x56bc75e2d63100000"
 <   }
[2022/02/17 14:11:02.003] -  <   {
 <     "id": 43,
 <     "jsonrpc": "2.0",
 <     "result": "0x0"
 <   }
[2022/02/17 14:11:02.020] -  <   {
 <     "id": 44,
 <     "jsonrpc": "2.0",
 <     "result": "0x56bc75e2d63100000"
 <   }
[2022/02/17 14:11:02.035] -  <   {
 <     "id": 45,
 <     "jsonrpc": "2.0",
 <     "result": "0x0"
 <   }
[2022/02/17 14:11:02.052] -  <   {
 <     "id": 46,
 <     "jsonrpc": "2.0",
 <     "result": "0x56bc75e2d63100000"
 <   }
[2022/02/17 14:11:02.065] -  <   {
 <     "id": 47,
 <     "jsonrpc": "2.0",
 <     "result": "0x0"
 <   }
[2022/02/17 14:11:02.080] -  <   {
 <     "id": 48,
 <     "jsonrpc": "2.0",
 <     "result": "0x56bc75e2d63100000"
 <   }
[2022/02/17 14:11:02.085] -  <   {
 <     "id": 49,
 <     "jsonrpc": "2.0",
 <     "result": "0x0"
 <   }
[2022/02/17 14:11:02.086] - eth_getBalance
[2022/02/17 14:11:02.087] -    > {
   >   "jsonrpc": "2.0",
   >   "id": 53,
   >   "method": "eth_getBalance",
   >   "params": [
   >     "0xcb256dc99a7a8c41435452c00589de09f92f0f8e",
   >     "latest"
   >   ],
   >   "internal": true
   > }
[2022/02/17 14:11:02.096] -  <   {
 <     "id": 50,
 <     "jsonrpc": "2.0",
 <     "result": "0x56bc75e2d63100000"
 <   }
[2022/02/17 14:11:02.097] - eth_getTransactionCount
[2022/02/17 14:11:02.097] -    > {
   >   "jsonrpc": "2.0",
   >   "id": 54,
   >   "method": "eth_getTransactionCount",
   >   "params": [
   >     "0xcb256dc99a7a8c41435452c00589de09f92f0f8e",
   >     "latest"
   >   ],
   >   "internal": true
   > }
[2022/02/17 14:11:02.099] -  <   {
 <     "id": 51,
 <     "jsonrpc": "2.0",
 <     "result": "0x0"
 <   }
[2022/02/17 14:11:02.107] -  <   {
 <     "id": 53,
 <     "jsonrpc": "2.0",
 <     "result": "0x56bc75e2d63100000"
 <   }
[2022/02/17 14:11:02.108] - eth_getBalance
[2022/02/17 14:11:02.109] -    > {
   >   "jsonrpc": "2.0",
   >   "id": 55,
   >   "method": "eth_getBalance",
   >   "params": [
   >     "0x64e49d53f97e4e4ef7b603e508be0a8707f36a60",
   >     "latest"
   >   ],
   >   "internal": true
   > }
[2022/02/17 14:11:02.115] -  <   {
 <     "id": 54,
 <     "jsonrpc": "2.0",
 <     "result": "0x0"
 <   }
[2022/02/17 14:11:02.116] - eth_getTransactionCount
[2022/02/17 14:11:02.117] -    > {
   >   "jsonrpc": "2.0",
   >   "id": 56,
   >   "method": "eth_getTransactionCount",
   >   "params": [
   >     "0x64e49d53f97e4e4ef7b603e508be0a8707f36a60",
   >     "latest"
   >   ],
   >   "internal": true
   > }
[2022/02/17 14:11:02.120] -  <   {
 <     "id": 55,
 <     "jsonrpc": "2.0",
 <     "result": "0x56bc75e2d63100000"
 <   }
[2022/02/17 14:11:02.121] - eth_getBalance
[2022/02/17 14:11:02.122] -    > {
   >   "jsonrpc": "2.0",
   >   "id": 57,
   >   "method": "eth_getBalance",
   >   "params": [
   >     "0x0329f1567786ce4f28cc9d12e564d6440ee87692",
   >     "latest"
   >   ],
   >   "internal": true
   > }
[2022/02/17 14:11:02.123] - eth_getTransactionCount
[2022/02/17 14:11:02.124] -    > {
   >   "jsonrpc": "2.0",
   >   "id": 58,
   >   "method": "eth_getTransactionCount",
   >   "params": [
   >     "0x0329f1567786ce4f28cc9d12e564d6440ee87692",
   >     "latest"
   >   ],
   >   "internal": true
   > }
[2022/02/17 14:11:02.126] -  <   {
 <     "id": 56,
 <     "jsonrpc": "2.0",
 <     "result": "0x0"
 <   }
[2022/02/17 14:11:02.130] -  <   {
 <     "id": 57,
 <     "jsonrpc": "2.0",
 <     "result": "0x56bc75e2d63100000"
 <   }
[2022/02/17 14:11:02.131] - eth_getBalance
[2022/02/17 14:11:02.132] -    > {
   >   "jsonrpc": "2.0",
   >   "id": 59,
   >   "method": "eth_getBalance",
   >   "params": [
   >     "0x98ae5e68474380b96e4e28d114295eaccff9b9da",
   >     "latest"
   >   ],
   >   "internal": true
   > }
[2022/02/17 14:11:02.135] -  <   {
 <     "id": 58,
 <     "jsonrpc": "2.0",
 <     "result": "0x0"
 <   }
[2022/02/17 14:11:02.136] - eth_getTransactionCount
[2022/02/17 14:11:02.137] -    > {
   >   "jsonrpc": "2.0",
   >   "id": 60,
   >   "method": "eth_getTransactionCount",
   >   "params": [
   >     "0x98ae5e68474380b96e4e28d114295eaccff9b9da",
   >     "latest"
   >   ],
   >   "internal": true
   > }
[2022/02/17 14:11:02.142] -  <   {
 <     "id": 59,
 <     "jsonrpc": "2.0",
 <     "result": "0x56bc75e2d63100000"
 <   }
[2022/02/17 14:11:02.143] - eth_getBalance
[2022/02/17 14:11:02.144] -    > {
   >   "jsonrpc": "2.0",
   >   "id": 61,
   >   "method": "eth_getBalance",
   >   "params": [
   >     "0xa0e5df176a43e30db30f3a7cf11c174b218d21a4",
   >     "latest"
   >   ],
   >   "internal": true
   > }
[2022/02/17 14:11:02.147] -  <   {
 <     "id": 60,
 <     "jsonrpc": "2.0",
 <     "result": "0x0"
 <   }
[2022/02/17 14:11:02.150] -  <   {
 <     "id": 61,
 <     "jsonrpc": "2.0",
 <     "result": "0x56bc75e2d63100000"
 <   }
[2022/02/17 14:11:02.152] - eth_getTransactionCount
[2022/02/17 14:11:02.153] -    > {
   >   "jsonrpc": "2.0",
   >   "id": 62,
   >   "method": "eth_getTransactionCount",
   >   "params": [
   >     "0xa0e5df176a43e30db30f3a7cf11c174b218d21a4",
   >     "latest"
   >   ],
   >   "internal": true
   > }
[2022/02/17 14:11:02.160] -  <   {
 <     "id": 62,
 <     "jsonrpc": "2.0",
 <     "result": "0x0"
 <   }
[2022/02/17 14:11:02.162] - eth_getBalance
[2022/02/17 14:11:02.163] -    > {
   >   "jsonrpc": "2.0",
   >   "id": 63,
   >   "method": "eth_getBalance",
   >   "params": [
   >     "0xafbf75f3c3abaa691a9c460b37cf6ca00a0630fa",
   >     "latest"
   >   ],
   >   "internal": true
   > }
[2022/02/17 14:11:02.166] -  <   {
 <     "id": 63,
 <     "jsonrpc": "2.0",
 <     "result": "0x56bc75e2d63100000"
 <   }
[2022/02/17 14:11:02.167] - eth_getTransactionCount
[2022/02/17 14:11:02.168] -    > {
   >   "jsonrpc": "2.0",
   >   "id": 64,
   >   "method": "eth_getTransactionCount",
   >   "params": [
   >     "0xafbf75f3c3abaa691a9c460b37cf6ca00a0630fa",
   >     "latest"
   >   ],
   >   "internal": true
   > }
[2022/02/17 14:11:02.172] -  <   {
 <     "id": 64,
 <     "jsonrpc": "2.0",
 <     "result": "0x0"
 <   }
[2022/02/17 14:11:02.173] - eth_getBalance
[2022/02/17 14:11:02.174] -    > {
   >   "jsonrpc": "2.0",
   >   "id": 65,
   >   "method": "eth_getBalance",
   >   "params": [
   >     "0xa765a241143066b4286105fa9160219535ff2981",
   >     "latest"
   >   ],
   >   "internal": true
   > }
[2022/02/17 14:11:02.179] -  <   {
 <     "id": 65,
 <     "jsonrpc": "2.0",
 <     "result": "0x56bc75e2d63100000"
 <   }
[2022/02/17 14:11:02.180] - eth_getTransactionCount
[2022/02/17 14:11:02.181] -    > {
   >   "jsonrpc": "2.0",
   >   "id": 66,
   >   "method": "eth_getTransactionCount",
   >   "params": [
   >     "0xa765a241143066b4286105fa9160219535ff2981",
   >     "latest"
   >   ],
   >   "internal": true
   > }
[2022/02/17 14:11:02.189] -  <   {
 <     "id": 66,
 <     "jsonrpc": "2.0",
 <     "result": "0x0"
 <   }
[2022/02/17 14:11:02.191] - eth_getBalance
[2022/02/17 14:11:02.192] -    > {
   >   "jsonrpc": "2.0",
   >   "id": 67,
   >   "method": "eth_getBalance",
   >   "params": [
   >     "0x6d2976f7fd0e7c06b7e360d6958c00396d8d799c",
   >     "latest"
   >   ],
   >   "internal": true
   > }
[2022/02/17 14:11:02.202] -  <   {
 <     "id": 67,
 <     "jsonrpc": "2.0",
 <     "result": "0x56bc75e2d63100000"
 <   }
[2022/02/17 14:11:02.203] - eth_getTransactionCount
[2022/02/17 14:11:02.204] -    > {
   >   "jsonrpc": "2.0",
   >   "id": 68,
   >   "method": "eth_getTransactionCount",
   >   "params": [
   >     "0x6d2976f7fd0e7c06b7e360d6958c00396d8d799c",
   >     "latest"
   >   ],
   >   "internal": true
   > }
[2022/02/17 14:11:02.222] -  <   {
 <     "id": 68,
 <     "jsonrpc": "2.0",
 <     "result": "0x0"
 <   }
[2022/02/17 14:11:02.224] - eth_getBalance
[2022/02/17 14:11:02.225] -    > {
   >   "jsonrpc": "2.0",
   >   "id": 69,
   >   "method": "eth_getBalance",
   >   "params": [
   >     "0x43249a45596ebaf71609f5087cf23238c97a10d0",
   >     "latest"
   >   ],
   >   "internal": true
   > }
[2022/02/17 14:11:02.230] -  <   {
 <     "id": 69,
 <     "jsonrpc": "2.0",
 <     "result": "0x56bc75e2d63100000"
 <   }
[2022/02/17 14:11:02.231] - eth_getTransactionCount
[2022/02/17 14:11:02.232] -    > {
   >   "jsonrpc": "2.0",
   >   "id": 70,
   >   "method": "eth_getTransactionCount",
   >   "params": [
   >     "0x43249a45596ebaf71609f5087cf23238c97a10d0",
   >     "latest"
   >   ],
   >   "internal": true
   > }
[2022/02/17 14:11:02.237] -  <   {
 <     "id": 70,
 <     "jsonrpc": "2.0",
 <     "result": "0x0"
 <   }
[2022/02/17 14:11:02.238] - eth_getBalance
[2022/02/17 14:11:02.239] -    > {
   >   "jsonrpc": "2.0",
   >   "id": 71,
   >   "method": "eth_getBalance",
   >   "params": [
   >     "0x7cda73f55e3814bff4ff66f00aae03f0c6177da5",
   >     "latest"
   >   ],
   >   "internal": true
   > }
[2022/02/17 14:11:02.251] -  <   {
 <     "id": 71,
 <     "jsonrpc": "2.0",
 <     "result": "0x56bc75e2d63100000"
 <   }
[2022/02/17 14:11:02.252] - eth_getTransactionCount
[2022/02/17 14:11:02.253] -    > {
   >   "jsonrpc": "2.0",
   >   "id": 72,
   >   "method": "eth_getTransactionCount",
   >   "params": [
   >     "0x7cda73f55e3814bff4ff66f00aae03f0c6177da5",
   >     "latest"
   >   ],
   >   "internal": true
   > }
[2022/02/17 14:11:02.254] - eth_getBalance
[2022/02/17 14:11:02.255] -    > {
   >   "jsonrpc": "2.0",
   >   "id": 73,
   >   "method": "eth_getBalance",
   >   "params": [
   >     "0xcb256dc99a7a8c41435452c00589de09f92f0f8e",
   >     "latest"
   >   ],
   >   "internal": true
   > }
[2022/02/17 14:11:02.257] -  <   {
 <     "id": 72,
 <     "jsonrpc": "2.0",
 <     "result": "0x0"
 <   }
[2022/02/17 14:11:02.263] -  <   {
 <     "id": 73,
 <     "jsonrpc": "2.0",
 <     "result": "0x56bc75e2d63100000"
 <   }
[2022/02/17 14:11:02.265] - eth_getTransactionCount
[2022/02/17 14:11:02.265] -    > {
   >   "jsonrpc": "2.0",
   >   "id": 74,
   >   "method": "eth_getTransactionCount",
   >   "params": [
   >     "0xcb256dc99a7a8c41435452c00589de09f92f0f8e",
   >     "latest"
   >   ],
   >   "internal": true
   > }
[2022/02/17 14:11:02.267] - eth_getBalance
[2022/02/17 14:11:02.267] -    > {
   >   "jsonrpc": "2.0",
   >   "id": 75,
   >   "method": "eth_getBalance",
   >   "params": [
   >     "0x64e49d53f97e4e4ef7b603e508be0a8707f36a60",
   >     "latest"
   >   ],
   >   "internal": true
   > }
[2022/02/17 14:11:02.270] -  <   {
 <     "id": 74,
 <     "jsonrpc": "2.0",
 <     "result": "0x0"
 <   }
[2022/02/17 14:11:02.276] -  <   {
 <     "id": 75,
 <     "jsonrpc": "2.0",
 <     "result": "0x56bc75e2d63100000"
 <   }
[2022/02/17 14:11:02.277] - eth_getTransactionCount
[2022/02/17 14:11:02.278] -    > {
   >   "jsonrpc": "2.0",
   >   "id": 76,
   >   "method": "eth_getTransactionCount",
   >   "params": [
   >     "0x64e49d53f97e4e4ef7b603e508be0a8707f36a60",
   >     "latest"
   >   ],
   >   "internal": true
   > }
[2022/02/17 14:11:02.283] -  <   {
 <     "id": 76,
 <     "jsonrpc": "2.0",
 <     "result": "0x0"
 <   }
[2022/02/17 14:11:02.285] - eth_getBalance
[2022/02/17 14:11:02.286] -    > {
   >   "jsonrpc": "2.0",
   >   "id": 77,
   >   "method": "eth_getBalance",
   >   "params": [
   >     "0x0329f1567786ce4f28cc9d12e564d6440ee87692",
   >     "latest"
   >   ],
   >   "internal": true
   > }
[2022/02/17 14:11:02.287] - eth_getTransactionCount
[2022/02/17 14:11:02.288] -    > {
   >   "jsonrpc": "2.0",
   >   "id": 78,
   >   "method": "eth_getTransactionCount",
   >   "params": [
   >     "0x0329f1567786ce4f28cc9d12e564d6440ee87692",
   >     "latest"
   >   ],
   >   "internal": true
   > }
[2022/02/17 14:11:02.290] -  <   {
 <     "id": 77,
 <     "jsonrpc": "2.0",
 <     "result": "0x56bc75e2d63100000"
 <   }
[2022/02/17 14:11:02.295] -  <   {
 <     "id": 78,
 <     "jsonrpc": "2.0",
 <     "result": "0x0"
 <   }
[2022/02/17 14:11:02.296] - eth_getBalance
[2022/02/17 14:11:02.297] -    > {
   >   "jsonrpc": "2.0",
   >   "id": 79,
   >   "method": "eth_getBalance",
   >   "params": [
   >     "0x98ae5e68474380b96e4e28d114295eaccff9b9da",
   >     "latest"
   >   ],
   >   "internal": true
   > }
[2022/02/17 14:11:02.302] -  <   {
 <     "id": 79,
 <     "jsonrpc": "2.0",
 <     "result": "0x56bc75e2d63100000"
 <   }
[2022/02/17 14:11:02.315] - eth_getTransactionCount
[2022/02/17 14:11:02.316] -    > {
   >   "jsonrpc": "2.0",
   >   "id": 80,
   >   "method": "eth_getTransactionCount",
   >   "params": [
   >     "0x98ae5e68474380b96e4e28d114295eaccff9b9da",
   >     "latest"
   >   ],
   >   "internal": true
   > }
[2022/02/17 14:11:02.317] - eth_getBalance
[2022/02/17 14:11:02.317] -    > {
   >   "jsonrpc": "2.0",
   >   "id": 81,
   >   "method": "eth_getBalance",
   >   "params": [
   >     "0xa0e5df176a43e30db30f3a7cf11c174b218d21a4",
   >     "latest"
   >   ],
   >   "internal": true
   > }
[2022/02/17 14:11:02.318] - eth_getTransactionCount
[2022/02/17 14:11:02.319] -    > {
   >   "jsonrpc": "2.0",
   >   "id": 82,
   >   "method": "eth_getTransactionCount",
   >   "params": [
   >     "0xa0e5df176a43e30db30f3a7cf11c174b218d21a4",
   >     "latest"
   >   ],
   >   "internal": true
   > }
[2022/02/17 14:11:02.320] - eth_getBalance
[2022/02/17 14:11:02.321] -    > {
   >   "jsonrpc": "2.0",
   >   "id": 83,
   >   "method": "eth_getBalance",
   >   "params": [
   >     "0xafbf75f3c3abaa691a9c460b37cf6ca00a0630fa",
   >     "latest"
   >   ],
   >   "internal": true
   > }
[2022/02/17 14:11:02.327] -  <   {
 <     "id": 80,
 <     "jsonrpc": "2.0",
 <     "result": "0x0"
 <   }
[2022/02/17 14:11:02.347] -  <   {
 <     "id": 81,
 <     "jsonrpc": "2.0",
 <     "result": "0x56bc75e2d63100000"
 <   }
[2022/02/17 14:11:02.348] - eth_getTransactionCount
[2022/02/17 14:11:02.349] -    > {
   >   "jsonrpc": "2.0",
   >   "id": 84,
   >   "method": "eth_getTransactionCount",
   >   "params": [
   >     "0xafbf75f3c3abaa691a9c460b37cf6ca00a0630fa",
   >     "latest"
   >   ],
   >   "internal": true
   > }
[2022/02/17 14:11:02.350] - eth_getBalance
[2022/02/17 14:11:02.351] -    > {
   >   "jsonrpc": "2.0",
   >   "id": 85,
   >   "method": "eth_getBalance",
   >   "params": [
   >     "0xa765a241143066b4286105fa9160219535ff2981",
   >     "latest"
   >   ],
   >   "internal": true
   > }
[2022/02/17 14:11:02.353] -  <   {
 <     "id": 82,
 <     "jsonrpc": "2.0",
 <     "result": "0x0"
 <   }
[2022/02/17 14:11:02.354] - eth_getTransactionCount
[2022/02/17 14:11:02.355] -    > {
   >   "jsonrpc": "2.0",
   >   "id": 86,
   >   "method": "eth_getTransactionCount",
   >   "params": [
   >     "0xa765a241143066b4286105fa9160219535ff2981",
   >     "latest"
   >   ],
   >   "internal": true
   > }
[2022/02/17 14:11:02.355] - eth_getBalance
[2022/02/17 14:11:02.356] -    > {
   >   "jsonrpc": "2.0",
   >   "id": 87,
   >   "method": "eth_getBalance",
   >   "params": [
   >     "0x6d2976f7fd0e7c06b7e360d6958c00396d8d799c",
   >     "latest"
   >   ],
   >   "internal": true
   > }
[2022/02/17 14:11:02.358] - eth_getTransactionCount
[2022/02/17 14:11:02.359] -    > {
   >   "jsonrpc": "2.0",
   >   "id": 88,
   >   "method": "eth_getTransactionCount",
   >   "params": [
   >     "0x6d2976f7fd0e7c06b7e360d6958c00396d8d799c",
   >     "latest"
   >   ],
   >   "internal": true
   > }
[2022/02/17 14:11:02.361] -  <   {
 <     "id": 83,
 <     "jsonrpc": "2.0",
 <     "result": "0x56bc75e2d63100000"
 <   }
[2022/02/17 14:11:02.362] - eth_getBalance
[2022/02/17 14:11:02.363] -    > {
   >   "jsonrpc": "2.0",
   >   "id": 89,
   >   "method": "eth_getBalance",
   >   "params": [
   >     "0x43249a45596ebaf71609f5087cf23238c97a10d0",
   >     "latest"
   >   ],
   >   "internal": true
   > }
[2022/02/17 14:11:02.364] - eth_getTransactionCount
[2022/02/17 14:11:02.365] -    > {
   >   "jsonrpc": "2.0",
   >   "id": 90,
   >   "method": "eth_getTransactionCount",
   >   "params": [
   >     "0x43249a45596ebaf71609f5087cf23238c97a10d0",
   >     "latest"
   >   ],
   >   "internal": true
   > }
[2022/02/17 14:11:02.365] - eth_getBalance
[2022/02/17 14:11:02.366] -    > {
   >   "jsonrpc": "2.0",
   >   "id": 91,
   >   "method": "eth_getBalance",
   >   "params": [
   >     "0x7cda73f55e3814bff4ff66f00aae03f0c6177da5",
   >     "latest"
   >   ],
   >   "internal": true
   > }
[2022/02/17 14:11:02.368] -  <   {
 <     "id": 84,
 <     "jsonrpc": "2.0",
 <     "result": "0x0"
 <   }
[2022/02/17 14:11:02.369] - eth_getTransactionCount
[2022/02/17 14:11:02.370] -    > {
   >   "jsonrpc": "2.0",
   >   "id": 92,
   >   "method": "eth_getTransactionCount",
   >   "params": [
   >     "0x7cda73f55e3814bff4ff66f00aae03f0c6177da5",
   >     "latest"
   >   ],
   >   "internal": true
   > }
[2022/02/17 14:11:02.373] -  <   {
 <     "id": 85,
 <     "jsonrpc": "2.0",
 <     "result": "0x56bc75e2d63100000"
 <   }
[2022/02/17 14:11:02.390] -  <   {
 <     "id": 86,
 <     "jsonrpc": "2.0",
 <     "result": "0x0"
 <   }
[2022/02/17 14:11:02.413] -  <   {
 <     "id": 87,
 <     "jsonrpc": "2.0",
 <     "result": "0x56bc75e2d63100000"
 <   }
[2022/02/17 14:11:02.429] -  <   {
 <     "id": 88,
 <     "jsonrpc": "2.0",
 <     "result": "0x0"
 <   }
[2022/02/17 14:11:02.443] -  <   {
 <     "id": 89,
 <     "jsonrpc": "2.0",
 <     "result": "0x56bc75e2d63100000"
 <   }
[2022/02/17 14:11:02.466] -  <   {
 <     "id": 90,
 <     "jsonrpc": "2.0",
 <     "result": "0x0"
 <   }
[2022/02/17 14:11:02.507] -  <   {
 <     "id": 91,
 <     "jsonrpc": "2.0",
 <     "result": "0x56bc75e2d63100000"
 <   }
[2022/02/17 14:11:02.554] -  <   {
 <     "id": 92,
 <     "jsonrpc": "2.0",
 <     "result": "0x0"
 <   }
[2022/02/17 14:11:07.351] - eth_getBlockByNumber
[2022/02/17 14:11:07.352] -    > {
   >   "jsonrpc": "2.0",
   >   "id": 93,
   >   "method": "eth_getBlockByNumber",
   >   "params": [
   >     "0x0",
   >     false
   >   ],
   >   "internal": true
   > }
[2022/02/17 14:11:07.358] -  <   {
 <     "id": 93,
 <     "jsonrpc": "2.0",
 <     "result": {
 <       "number": "0x0",
 <       "hash": "0x525e56a2185e525547d358c2e4fd6866183ac35cc0cab197680c6d6728856b43",
 <       "parentHash": "0x0000000000000000000000000000000000000000000000000000000000000000",
 <       "mixHash": "0x0000000000000000000000000000000000000000000000000000000000000000",
 <       "nonce": "0x0000000000000000",
 <       "sha3Uncles": "0x1dcc4de8dec75d7aab85b567b6ccd41ad312451b948a7413f0a142fd40d49347",
 <       "logsBloom": "0x00000000000000000000000000000000000000000000000000000000000000000000000000000000000000000000000000000000000000000000000000000000000000000000000000000000000000000000000000000000000000000000000000000000000000000000000000000000000000000000000000000000000000000000000000000000000000000000000000000000000000000000000000000000000000000000000000000000000000000000000000000000000000000000000000000000000000000000000000000000000000000000000000000000000000000000000000000000000000000000000000000000000000000000000000000000",
 <       "transactionsRoot": "0x56e81f171bcc55a6ff8345e692c0f86e5b48e01b996cadc001622fb5e363b421",
 <       "stateRoot": "0x854b93ffeb26c480d94c0bab1c39d845054b0bd69a996e7a132537b1ac008fda",
 <       "receiptsRoot": "0x56e81f171bcc55a6ff8345e692c0f86e5b48e01b996cadc001622fb5e363b421",
 <       "miner": "0x0000000000000000000000000000000000000000",
 <       "difficulty": "0x0",
 <       "totalDifficulty": "0x0",
 <       "extraData": "0x",
 <       "size": "0x3e8",
 <       "gasLimit": "0x6691b7",
 <       "gasUsed": "0x0",
 <       "timestamp": "0x620ec77f",
 <       "transactions": [],
 <       "uncles": []
 <     }
 <   }
[2022/02/17 14:11:07.381] - eth_getLogs
[2022/02/17 14:11:07.382] -    > {
   >   "jsonrpc": "2.0",
   >   "id": 94,
   >   "method": "eth_getLogs",
   >   "params": [
   >     {
   >       "fromBlock": "0x0",
   >       "toBlock": "0x0",
   >       "topics": []
   >     }
   >   ],
   >   "internal": true
   > }
[2022/02/17 14:11:07.390] -  <   {
 <     "id": 94,
 <     "jsonrpc": "2.0",
 <     "result": []
 <   }
[2022/02/17 14:12:44.156] - eth_unsubscribe
[2022/02/17 14:12:44.157] -    > {
   >   "jsonrpc": "2.0",
   >   "id": 7,
   >   "method": "eth_unsubscribe",
   >   "params": [
   >     "0x3"
   >   ]
   > }
[2022/02/17 14:12:44.158] - eth_unsubscribe
[2022/02/17 14:12:44.159] -    > {
   >   "jsonrpc": "2.0",
   >   "id": 8,
   >   "method": "eth_unsubscribe",
   >   "params": [
   >     "0x4"
   >   ]
   > }
[2022/02/17 14:12:44.162] -  <   {
 <     "id": 7,
 <     "jsonrpc": "2.0",
 <     "result": true
 <   }
[2022/02/17 14:12:44.171] -    > {
   >   "jsonrpc": "2.0",
   >   "method": "eth_unsubscribe",
   >   "params": [
   >     "0x5"
   >   ],
   >   "id": 1645135964170
   > }
[2022/02/17 14:12:44.172] -    > {
   >   "jsonrpc": "2.0",
   >   "method": "eth_unsubscribe",
   >   "params": [
   >     "0x4"
   >   ],
   >   "id": 1645135964172
   > }
[2022/02/17 14:12:44.173] -    > {
   >   "jsonrpc": "2.0",
   >   "method": "eth_unsubscribe",
   >   "params": [
   >     "0x6"
   >   ],
   >   "id": 1645135964173
   > }
[2022/02/17 14:12:44.174] -    > {
   >   "jsonrpc": "2.0",
   >   "method": "eth_unsubscribe",
   >   "params": [
   >     "0x1"
   >   ],
   >   "id": 1645135964174
   > }
[2022/02/17 14:12:44.175] -    > {
   >   "jsonrpc": "2.0",
   >   "method": "eth_unsubscribe",
   >   "params": [
   >     "0x2"
   >   ],
   >   "id": 1645135964175
   > }
[2022/02/17 14:12:44.176] -  <   {
 <     "id": 8,
 <     "jsonrpc": "2.0",
 <     "result": true
 <   }
[2022/02/17 14:12:44.193] -  <   {
 <     "id": 1645135964170,
 <     "jsonrpc": "2.0",
 <     "result": true
 <   }
[2022/02/17 14:12:44.213] -  <   {
 <     "id": 1645135964172,
 <     "jsonrpc": "2.0",
 <     "error": {
 <       "message": "Subscription ID 0x4 not found.",
 <       "code": -32000,
 <       "data": {
 <         "stack": "Error: Subscription ID 0x4 not found.\n    at SubscriptionSubprovider.eth_unsubscribe (C:\\Program Files\\WindowsApps\\GanacheUI_2.5.4.0_x64__5dg5pnz03psnj\\app\\resources\\static\\node\\node_modules\\ganache-core\\node_modules\\web3-provider-engine\\subproviders\\subscriptions.js:78:8)\n    at SubscriptionSubprovider.handleRequest (C:\\Program Files\\WindowsApps\\GanacheUI_2.5.4.0_x64__5dg5pnz03psnj\\app\\resources\\static\\node\\node_modules\\ganache-core\\node_modules\\web3-provider-engine\\subproviders\\subscriptions.js:134:12)\n    at next (C:\\Program Files\\WindowsApps\\GanacheUI_2.5.4.0_x64__5dg5pnz03psnj\\app\\resources\\static\\node\\node_modules\\ganache-core\\node_modules\\web3-provider-engine\\index.js:136:18)\n    at DelayedBlockFilter.handleRequest (C:\\Program Files\\WindowsApps\\GanacheUI_2.5.4.0_x64__5dg5pnz03psnj\\app\\resources\\static\\node\\node_modules\\ganache-core\\lib\\subproviders\\delayedblockfilter.js:31:3)\n    at next (C:\\Program Files\\WindowsApps\\GanacheUI_2.5.4.0_x64__5dg5pnz03psnj\\app\\resources\\static\\node\\node_modules\\ganache-core\\node_modules\\web3-provider-engine\\index.js:136:18)\n    at RequestFunnel.handleRequest (C:\\Program Files\\WindowsApps\\GanacheUI_2.5.4.0_x64__5dg5pnz03psnj\\app\\resources\\static\\node\\node_modules\\ganache-core\\lib\\subproviders\\requestfunnel.js:32:12)\n    at next (C:\\Program Files\\WindowsApps\\GanacheUI_2.5.4.0_x64__5dg5pnz03psnj\\app\\resources\\static\\node\\node_modules\\ganache-core\\node_modules\\web3-provider-engine\\index.js:136:18)\n    at Web3ProviderEngine._handleAsync (C:\\Program Files\\WindowsApps\\GanacheUI_2.5.4.0_x64__5dg5pnz03psnj\\app\\resources\\static\\node\\node_modules\\ganache-core\\node_modules\\web3-provider-engine\\index.js:123:3)\n    at Timeout._onTimeout (C:\\Program Files\\WindowsApps\\GanacheUI_2.5.4.0_x64__5dg5pnz03psnj\\app\\resources\\static\\node\\node_modules\\ganache-core\\node_modules\\web3-provider-engine\\index.js:107:12)\n    at listOnTimeout (internal/timers.js:531:17)\n    at processTimers (internal/timers.js:475:7)",
 <         "name": "Error"
 <       }
 <     }
 <   }
[2022/02/17 14:12:44.225] -  <   {
 <     "id": 1645135964173,
 <     "jsonrpc": "2.0",
 <     "result": true
 <   }
[2022/02/17 14:12:44.240] -  <   {
 <     "id": 1645135964174,
 <     "jsonrpc": "2.0",
 <     "result": true
 <   }
[2022/02/17 14:12:44.256] -  <   {
 <     "id": 1645135964175,
 <     "jsonrpc": "2.0",
 <     "result": true
 <   }
