[2022/02/17 23:14:04.338] - Starting server with initial configuration: {"gasLimit":6721975,"gasPrice":20000000000,"hardfork":"muirGlacier","hostname":"10.0.0.203","port":7545,"network_id":5777,"default_balance_ether":100,"total_accounts":10,"unlocked_accounts":[],"locked":true,"vmErrorsOnRPCResponse":true,"verbose":true,"db_path":"C:\\Users\\kyle\\AppData\\Roaming\\Ganache\\workspaces\\workspace-21722\\chaindata","logDirectory":"C:\\Users\\kyle\\OneDrive\\Documents\\GitHub\\truffle-plugin-verify\\Ganache Log File Directory"}
[2022/02/17 23:14:04.420] - eth_subscribe
[2022/02/17 23:14:04.421] -    > {
   >   "jsonrpc": "2.0",
   >   "id": 9,
   >   "method": "eth_subscribe",
   >   "params": [
   >     "newHeads"
   >   ]
   > }
[2022/02/17 23:14:04.424] - eth_getLogs
[2022/02/17 23:14:04.425] -    > {
   >   "jsonrpc": "2.0",
   >   "id": 10,
   >   "method": "eth_getLogs",
   >   "params": [
   >     {
   >       "topics": []
   >     }
   >   ]
   > }
[2022/02/17 23:14:04.426] - eth_subscribe
[2022/02/17 23:14:04.427] -    > {
   >   "jsonrpc": "2.0",
   >   "id": 11,
   >   "method": "eth_subscribe",
   >   "params": [
   >     "logs",
   >     {
   >       "topics": []
   >     }
   >   ]
   > }
[2022/02/17 23:14:04.428] -  <   {
 <     "id": 9,
 <     "jsonrpc": "2.0",
 <     "result": "0x1"
 <   }
[2022/02/17 23:14:04.436] - eth_subscribe
[2022/02/17 23:14:04.437] -    > {
   >   "jsonrpc": "2.0",
   >   "id": 12,
   >   "method": "eth_subscribe",
   >   "params": [
   >     "newHeads"
   >   ]
   > }
[2022/02/17 23:14:04.438] - eth_getLogs
[2022/02/17 23:14:04.440] -    > {
   >   "jsonrpc": "2.0",
   >   "id": 13,
   >   "method": "eth_getLogs",
   >   "params": [
   >     {
   >       "topics": []
   >     }
   >   ]
   > }
[2022/02/17 23:14:04.441] - eth_subscribe
[2022/02/17 23:14:04.442] -    > {
   >   "jsonrpc": "2.0",
   >   "id": 14,
   >   "method": "eth_subscribe",
   >   "params": [
   >     "logs",
   >     {
   >       "topics": []
   >     }
   >   ]
   > }
[2022/02/17 23:14:04.444] -  <   {
 <     "id": 10,
 <     "jsonrpc": "2.0",
 <     "result": []
 <   }
[2022/02/17 23:14:04.451] -  <   {
 <     "id": 11,
 <     "jsonrpc": "2.0",
 <     "result": "0x2"
 <   }
[2022/02/17 23:14:04.452] -  <   {
 <     "id": 12,
 <     "jsonrpc": "2.0",
 <     "result": "0x3"
 <   }
[2022/02/17 23:14:04.459] -  <   {
 <     "id": 13,
 <     "jsonrpc": "2.0",
 <     "result": []
 <   }
[2022/02/17 23:14:04.462] -  <   {
 <     "id": 14,
 <     "jsonrpc": "2.0",
 <     "result": "0x4"
 <   }
[2022/02/17 23:14:04.504] - eth_blockNumber
[2022/02/17 23:14:04.505] -    > {
   >   "jsonrpc": "2.0",
   >   "id": 98,
   >   "method": "eth_blockNumber",
   >   "params": [],
   >   "internal": true
   > }
[2022/02/17 23:14:04.506] - eth_accounts
[2022/02/17 23:14:04.507] -    > {
   >   "jsonrpc": "2.0",
   >   "id": 99,
   >   "method": "eth_accounts",
   >   "params": [],
   >   "internal": true
   > }
[2022/02/17 23:14:04.508] - eth_gasPrice
[2022/02/17 23:14:04.509] -    > {
   >   "jsonrpc": "2.0",
   >   "id": 100,
   >   "method": "eth_gasPrice",
   >   "params": [],
   >   "internal": true
   > }
[2022/02/17 23:14:04.510] -  <   {
 <     "id": 98,
 <     "jsonrpc": "2.0",
 <     "result": "0x0"
 <   }
[2022/02/17 23:14:04.511] - eth_blockNumber
[2022/02/17 23:14:04.512] -    > {
   >   "jsonrpc": "2.0",
   >   "id": 93,
   >   "method": "eth_blockNumber",
   >   "params": [],
   >   "internal": true
   > }
[2022/02/17 23:14:04.513] - eth_getBlockByNumber
[2022/02/17 23:14:04.514] -    > {
   >   "jsonrpc": "2.0",
   >   "id": 101,
   >   "method": "eth_getBlockByNumber",
   >   "params": [
   >     "latest",
   >     false
   >   ],
   >   "internal": true
   > }
[2022/02/17 23:14:04.514] - eth_accounts
[2022/02/17 23:14:04.515] -    > {
   >   "jsonrpc": "2.0",
   >   "id": 94,
   >   "method": "eth_accounts",
   >   "params": [],
   >   "internal": true
   > }
[2022/02/17 23:14:04.516] -  <   {
 <     "id": 99,
 <     "jsonrpc": "2.0",
 <     "result": [
 <       "0xcb256dc99a7a8c41435452c00589de09f92f0f8e",
 <       "0x64e49d53f97e4e4ef7b603e508be0a8707f36a60",
 <       "0x0329f1567786ce4f28cc9d12e564d6440ee87692",
 <       "0x98ae5e68474380b96e4e28d114295eaccff9b9da",
 <       "0xa0e5df176a43e30db30f3a7cf11c174b218d21a4",
 <       "0xafbf75f3c3abaa691a9c460b37cf6ca00a0630fa",
 <       "0xa765a241143066b4286105fa9160219535ff2981",
 <       "0x6d2976f7fd0e7c06b7e360d6958c00396d8d799c",
 <       "0x43249a45596ebaf71609f5087cf23238c97a10d0",
 <       "0x7cda73f55e3814bff4ff66f00aae03f0c6177da5"
 <     ]
 <   }
[2022/02/17 23:14:04.517] - eth_subscribe
[2022/02/17 23:14:04.519] -    > {
   >   "jsonrpc": "2.0",
   >   "id": 102,
   >   "method": "eth_subscribe",
   >   "params": [
   >     "newHeads"
   >   ],
   >   "internal": true
   > }
[2022/02/17 23:14:04.519] - eth_gasPrice
[2022/02/17 23:14:04.520] -    > {
   >   "jsonrpc": "2.0",
   >   "id": 95,
   >   "method": "eth_gasPrice",
   >   "params": [],
   >   "internal": true
   > }
[2022/02/17 23:14:04.521] -  <   {
 <     "id": 100,
 <     "jsonrpc": "2.0",
 <     "result": "0x4a817c800"
 <   }
[2022/02/17 23:14:04.523] - eth_getBlockByNumber
[2022/02/17 23:14:04.523] -    > {
   >   "jsonrpc": "2.0",
   >   "id": 96,
   >   "method": "eth_getBlockByNumber",
   >   "params": [
   >     "latest",
   >     false
   >   ],
   >   "internal": true
   > }
[2022/02/17 23:14:04.524] -  <   {
 <     "id": 93,
 <     "jsonrpc": "2.0",
 <     "result": "0x0"
 <   }
[2022/02/17 23:14:04.525] - eth_subscribe
[2022/02/17 23:14:04.526] -    > {
   >   "jsonrpc": "2.0",
   >   "id": 97,
   >   "method": "eth_subscribe",
   >   "params": [
   >     "newHeads"
   >   ],
   >   "internal": true
   > }
[2022/02/17 23:14:04.530] -  <   {
 <     "id": 101,
 <     "jsonrpc": "2.0",
 <     "result": {
 <       "number": "0x0",
 <       "hash": "0x525e56a2185e525547d358c2e4fd6866183ac35cc0cab197680c6d6728856b43",
 <       "parentHash": "0x0000000000000000000000000000000000000000000000000000000000000000",
 <       "mixHash": "0x0000000000000000000000000000000000000000000000000000000000000000",
 <       "nonce": "0x0000000000000000",
 <       "sha3Uncles": "0x1dcc4de8dec75d7aab85b567b6ccd41ad312451b948a7413f0a142fd40d49347",
 <       "logsBloom": "0x00000000000000000000000000000000000000000000000000000000000000000000000000000000000000000000000000000000000000000000000000000000000000000000000000000000000000000000000000000000000000000000000000000000000000000000000000000000000000000000000000000000000000000000000000000000000000000000000000000000000000000000000000000000000000000000000000000000000000000000000000000000000000000000000000000000000000000000000000000000000000000000000000000000000000000000000000000000000000000000000000000000000000000000000000000000",
 <       "transactionsRoot": "0x56e81f171bcc55a6ff8345e692c0f86e5b48e01b996cadc001622fb5e363b421",
 <       "stateRoot": "0x854b93ffeb26c480d94c0bab1c39d845054b0bd69a996e7a132537b1ac008fda",
 <       "receiptsRoot": "0x56e81f171bcc55a6ff8345e692c0f86e5b48e01b996cadc001622fb5e363b421",
 <       "miner": "0x0000000000000000000000000000000000000000",
 <       "difficulty": "0x0",
 <       "totalDifficulty": "0x0",
 <       "extraData": "0x",
 <       "size": "0x3e8",
 <       "gasLimit": "0x6691b7",
 <       "gasUsed": "0x0",
 <       "timestamp": "0x620ec77f",
 <       "transactions": [],
 <       "uncles": []
 <     }
 <   }
[2022/02/17 23:14:04.536] -  <   {
 <     "id": 94,
 <     "jsonrpc": "2.0",
 <     "result": [
 <       "0xcb256dc99a7a8c41435452c00589de09f92f0f8e",
 <       "0x64e49d53f97e4e4ef7b603e508be0a8707f36a60",
 <       "0x0329f1567786ce4f28cc9d12e564d6440ee87692",
 <       "0x98ae5e68474380b96e4e28d114295eaccff9b9da",
 <       "0xa0e5df176a43e30db30f3a7cf11c174b218d21a4",
 <       "0xafbf75f3c3abaa691a9c460b37cf6ca00a0630fa",
 <       "0xa765a241143066b4286105fa9160219535ff2981",
 <       "0x6d2976f7fd0e7c06b7e360d6958c00396d8d799c",
 <       "0x43249a45596ebaf71609f5087cf23238c97a10d0",
 <       "0x7cda73f55e3814bff4ff66f00aae03f0c6177da5"
 <     ]
 <   }
[2022/02/17 23:14:04.537] - eth_accounts
[2022/02/17 23:14:04.538] -    > {
   >   "jsonrpc": "2.0",
   >   "id": 103,
   >   "method": "eth_accounts",
   >   "params": [],
   >   "internal": true
   > }
[2022/02/17 23:14:04.543] -  <   {
 <     "id": 102,
 <     "jsonrpc": "2.0",
 <     "result": "0x5"
 <   }
[2022/02/17 23:14:04.546] -  <   {
 <     "id": 95,
 <     "jsonrpc": "2.0",
 <     "result": "0x4a817c800"
 <   }
[2022/02/17 23:14:04.552] -  <   {
 <     "id": 96,
 <     "jsonrpc": "2.0",
 <     "result": {
 <       "number": "0x0",
 <       "hash": "0x525e56a2185e525547d358c2e4fd6866183ac35cc0cab197680c6d6728856b43",
 <       "parentHash": "0x0000000000000000000000000000000000000000000000000000000000000000",
 <       "mixHash": "0x0000000000000000000000000000000000000000000000000000000000000000",
 <       "nonce": "0x0000000000000000",
 <       "sha3Uncles": "0x1dcc4de8dec75d7aab85b567b6ccd41ad312451b948a7413f0a142fd40d49347",
 <       "logsBloom": "0x00000000000000000000000000000000000000000000000000000000000000000000000000000000000000000000000000000000000000000000000000000000000000000000000000000000000000000000000000000000000000000000000000000000000000000000000000000000000000000000000000000000000000000000000000000000000000000000000000000000000000000000000000000000000000000000000000000000000000000000000000000000000000000000000000000000000000000000000000000000000000000000000000000000000000000000000000000000000000000000000000000000000000000000000000000000",
 <       "transactionsRoot": "0x56e81f171bcc55a6ff8345e692c0f86e5b48e01b996cadc001622fb5e363b421",
 <       "stateRoot": "0x854b93ffeb26c480d94c0bab1c39d845054b0bd69a996e7a132537b1ac008fda",
 <       "receiptsRoot": "0x56e81f171bcc55a6ff8345e692c0f86e5b48e01b996cadc001622fb5e363b421",
 <       "miner": "0x0000000000000000000000000000000000000000",
 <       "difficulty": "0x0",
 <       "totalDifficulty": "0x0",
 <       "extraData": "0x",
 <       "size": "0x3e8",
 <       "gasLimit": "0x6691b7",
 <       "gasUsed": "0x0",
 <       "timestamp": "0x620ec77f",
 <       "transactions": [],
 <       "uncles": []
 <     }
 <   }
[2022/02/17 23:14:04.557] -  <   {
 <     "id": 97,
 <     "jsonrpc": "2.0",
 <     "result": "0x6"
 <   }
[2022/02/17 23:14:04.564] -  <   {
 <     "id": 103,
 <     "jsonrpc": "2.0",
 <     "result": [
 <       "0xcb256dc99a7a8c41435452c00589de09f92f0f8e",
 <       "0x64e49d53f97e4e4ef7b603e508be0a8707f36a60",
 <       "0x0329f1567786ce4f28cc9d12e564d6440ee87692",
 <       "0x98ae5e68474380b96e4e28d114295eaccff9b9da",
 <       "0xa0e5df176a43e30db30f3a7cf11c174b218d21a4",
 <       "0xafbf75f3c3abaa691a9c460b37cf6ca00a0630fa",
 <       "0xa765a241143066b4286105fa9160219535ff2981",
 <       "0x6d2976f7fd0e7c06b7e360d6958c00396d8d799c",
 <       "0x43249a45596ebaf71609f5087cf23238c97a10d0",
 <       "0x7cda73f55e3814bff4ff66f00aae03f0c6177da5"
 <     ]
 <   }
[2022/02/17 23:14:04.566] - eth_getBalance
[2022/02/17 23:14:04.567] -    > {
   >   "jsonrpc": "2.0",
   >   "id": 104,
   >   "method": "eth_getBalance",
   >   "params": [
   >     "0xcb256dc99a7a8c41435452c00589de09f92f0f8e",
   >     "latest"
   >   ],
   >   "internal": true
   > }
[2022/02/17 23:14:04.570] - eth_getTransactionCount
[2022/02/17 23:14:04.571] -    > {
   >   "jsonrpc": "2.0",
   >   "id": 105,
   >   "method": "eth_getTransactionCount",
   >   "params": [
   >     "0xcb256dc99a7a8c41435452c00589de09f92f0f8e",
   >     "latest"
   >   ],
   >   "internal": true
   > }
[2022/02/17 23:14:04.572] - eth_getBalance
[2022/02/17 23:14:04.573] -    > {
   >   "jsonrpc": "2.0",
   >   "id": 106,
   >   "method": "eth_getBalance",
   >   "params": [
   >     "0x64e49d53f97e4e4ef7b603e508be0a8707f36a60",
   >     "latest"
   >   ],
   >   "internal": true
   > }
[2022/02/17 23:14:04.577] -  <   {
 <     "id": 104,
 <     "jsonrpc": "2.0",
 <     "result": "0x56bc75e2d63100000"
 <   }
[2022/02/17 23:14:04.579] -  <   {
 <     "id": 105,
 <     "jsonrpc": "2.0",
 <     "result": "0x0"
 <   }
[2022/02/17 23:14:04.580] - eth_getTransactionCount
[2022/02/17 23:14:04.581] -    > {
   >   "jsonrpc": "2.0",
   >   "id": 107,
   >   "method": "eth_getTransactionCount",
   >   "params": [
   >     "0x64e49d53f97e4e4ef7b603e508be0a8707f36a60",
   >     "latest"
   >   ],
   >   "internal": true
   > }
[2022/02/17 23:14:04.582] - eth_getBalance
[2022/02/17 23:14:04.582] -    > {
   >   "jsonrpc": "2.0",
   >   "id": 108,
   >   "method": "eth_getBalance",
   >   "params": [
   >     "0x0329f1567786ce4f28cc9d12e564d6440ee87692",
   >     "latest"
   >   ],
   >   "internal": true
   > }
[2022/02/17 23:14:04.585] -  <   {
 <     "id": 106,
 <     "jsonrpc": "2.0",
 <     "result": "0x56bc75e2d63100000"
 <   }
[2022/02/17 23:14:04.586] - eth_getTransactionCount
[2022/02/17 23:14:04.587] -    > {
   >   "jsonrpc": "2.0",
   >   "id": 109,
   >   "method": "eth_getTransactionCount",
   >   "params": [
   >     "0x0329f1567786ce4f28cc9d12e564d6440ee87692",
   >     "latest"
   >   ],
   >   "internal": true
   > }
[2022/02/17 23:14:04.590] -  <   {
 <     "id": 107,
 <     "jsonrpc": "2.0",
 <     "result": "0x0"
 <   }
[2022/02/17 23:14:04.591] - eth_getBalance
[2022/02/17 23:14:04.592] -    > {
   >   "jsonrpc": "2.0",
   >   "id": 110,
   >   "method": "eth_getBalance",
   >   "params": [
   >     "0x98ae5e68474380b96e4e28d114295eaccff9b9da",
   >     "latest"
   >   ],
   >   "internal": true
   > }
[2022/02/17 23:14:04.609] - eth_getTransactionCount
[2022/02/17 23:14:04.610] -    > {
   >   "jsonrpc": "2.0",
   >   "id": 111,
   >   "method": "eth_getTransactionCount",
   >   "params": [
   >     "0x98ae5e68474380b96e4e28d114295eaccff9b9da",
   >     "latest"
   >   ],
   >   "internal": true
   > }
[2022/02/17 23:14:04.611] - eth_getBalance
[2022/02/17 23:14:04.612] -    > {
   >   "jsonrpc": "2.0",
   >   "id": 112,
   >   "method": "eth_getBalance",
   >   "params": [
   >     "0xa0e5df176a43e30db30f3a7cf11c174b218d21a4",
   >     "latest"
   >   ],
   >   "internal": true
   > }
[2022/02/17 23:14:04.613] - eth_getTransactionCount
[2022/02/17 23:14:04.613] -    > {
   >   "jsonrpc": "2.0",
   >   "id": 113,
   >   "method": "eth_getTransactionCount",
   >   "params": [
   >     "0xa0e5df176a43e30db30f3a7cf11c174b218d21a4",
   >     "latest"
   >   ],
   >   "internal": true
   > }
[2022/02/17 23:14:04.614] - eth_getBalance
[2022/02/17 23:14:04.615] -    > {
   >   "jsonrpc": "2.0",
   >   "id": 114,
   >   "method": "eth_getBalance",
   >   "params": [
   >     "0xafbf75f3c3abaa691a9c460b37cf6ca00a0630fa",
   >     "latest"
   >   ],
   >   "internal": true
   > }
[2022/02/17 23:14:04.616] - eth_getTransactionCount
[2022/02/17 23:14:04.617] -    > {
   >   "jsonrpc": "2.0",
   >   "id": 115,
   >   "method": "eth_getTransactionCount",
   >   "params": [
   >     "0xafbf75f3c3abaa691a9c460b37cf6ca00a0630fa",
   >     "latest"
   >   ],
   >   "internal": true
   > }
[2022/02/17 23:14:04.618] -  <   {
 <     "id": 108,
 <     "jsonrpc": "2.0",
 <     "result": "0x56bc75e2d63100000"
 <   }
[2022/02/17 23:14:04.619] - eth_getBalance
[2022/02/17 23:14:04.620] -    > {
   >   "jsonrpc": "2.0",
   >   "id": 116,
   >   "method": "eth_getBalance",
   >   "params": [
   >     "0xa765a241143066b4286105fa9160219535ff2981",
   >     "latest"
   >   ],
   >   "internal": true
   > }
[2022/02/17 23:14:04.620] - eth_getTransactionCount
[2022/02/17 23:14:04.621] -    > {
   >   "jsonrpc": "2.0",
   >   "id": 117,
   >   "method": "eth_getTransactionCount",
   >   "params": [
   >     "0xa765a241143066b4286105fa9160219535ff2981",
   >     "latest"
   >   ],
   >   "internal": true
   > }
[2022/02/17 23:14:04.623] -  <   {
 <     "id": 109,
 <     "jsonrpc": "2.0",
 <     "result": "0x0"
 <   }
[2022/02/17 23:14:04.624] - eth_getBalance
[2022/02/17 23:14:04.625] -    > {
   >   "jsonrpc": "2.0",
   >   "id": 118,
   >   "method": "eth_getBalance",
   >   "params": [
   >     "0x6d2976f7fd0e7c06b7e360d6958c00396d8d799c",
   >     "latest"
   >   ],
   >   "internal": true
   > }
[2022/02/17 23:14:04.631] - eth_getTransactionCount
[2022/02/17 23:14:04.632] -    > {
   >   "jsonrpc": "2.0",
   >   "id": 119,
   >   "method": "eth_getTransactionCount",
   >   "params": [
   >     "0x6d2976f7fd0e7c06b7e360d6958c00396d8d799c",
   >     "latest"
   >   ],
   >   "internal": true
   > }
[2022/02/17 23:14:04.633] - eth_getBalance
[2022/02/17 23:14:04.634] -    > {
   >   "jsonrpc": "2.0",
   >   "id": 120,
   >   "method": "eth_getBalance",
   >   "params": [
   >     "0x43249a45596ebaf71609f5087cf23238c97a10d0",
   >     "latest"
   >   ],
   >   "internal": true
   > }
[2022/02/17 23:14:04.637] - eth_getTransactionCount
[2022/02/17 23:14:04.637] -    > {
   >   "jsonrpc": "2.0",
   >   "id": 121,
   >   "method": "eth_getTransactionCount",
   >   "params": [
   >     "0x43249a45596ebaf71609f5087cf23238c97a10d0",
   >     "latest"
   >   ],
   >   "internal": true
   > }
[2022/02/17 23:14:04.640] -  <   {
 <     "id": 110,
 <     "jsonrpc": "2.0",
 <     "result": "0x56bc75e2d63100000"
 <   }
[2022/02/17 23:14:04.641] - eth_getBalance
[2022/02/17 23:14:04.642] -    > {
   >   "jsonrpc": "2.0",
   >   "id": 122,
   >   "method": "eth_getBalance",
   >   "params": [
   >     "0x7cda73f55e3814bff4ff66f00aae03f0c6177da5",
   >     "latest"
   >   ],
   >   "internal": true
   > }
[2022/02/17 23:14:04.644] -  <   {
 <     "id": 111,
 <     "jsonrpc": "2.0",
 <     "result": "0x0"
 <   }
[2022/02/17 23:14:04.646] - eth_getTransactionCount
[2022/02/17 23:14:04.646] -    > {
   >   "jsonrpc": "2.0",
   >   "id": 123,
   >   "method": "eth_getTransactionCount",
   >   "params": [
   >     "0x7cda73f55e3814bff4ff66f00aae03f0c6177da5",
   >     "latest"
   >   ],
   >   "internal": true
   > }
[2022/02/17 23:14:04.650] -  <   {
 <     "id": 112,
 <     "jsonrpc": "2.0",
 <     "result": "0x56bc75e2d63100000"
 <   }
[2022/02/17 23:14:04.654] -  <   {
 <     "id": 113,
 <     "jsonrpc": "2.0",
 <     "result": "0x0"
 <   }
[2022/02/17 23:14:04.657] -  <   {
 <     "id": 114,
 <     "jsonrpc": "2.0",
 <     "result": "0x56bc75e2d63100000"
 <   }
[2022/02/17 23:14:04.663] -  <   {
 <     "id": 115,
 <     "jsonrpc": "2.0",
 <     "result": "0x0"
 <   }
[2022/02/17 23:14:04.686] -  <   {
 <     "id": 116,
 <     "jsonrpc": "2.0",
 <     "result": "0x56bc75e2d63100000"
 <   }
[2022/02/17 23:14:04.699] -  <   {
 <     "id": 117,
 <     "jsonrpc": "2.0",
 <     "result": "0x0"
 <   }
[2022/02/17 23:14:04.706] - eth_getBalance
[2022/02/17 23:14:04.707] -    > {
   >   "jsonrpc": "2.0",
   >   "id": 125,
   >   "method": "eth_getBalance",
   >   "params": [
   >     "0xcb256dc99a7a8c41435452c00589de09f92f0f8e",
   >     "latest"
   >   ],
   >   "internal": true
   > }
[2022/02/17 23:14:04.709] -  <   {
 <     "id": 118,
 <     "jsonrpc": "2.0",
 <     "result": "0x56bc75e2d63100000"
 <   }
[2022/02/17 23:14:04.712] -  <   {
 <     "id": 119,
 <     "jsonrpc": "2.0",
 <     "result": "0x0"
 <   }
[2022/02/17 23:14:04.714] - eth_getTransactionCount
[2022/02/17 23:14:04.715] -    > {
   >   "jsonrpc": "2.0",
   >   "id": 126,
   >   "method": "eth_getTransactionCount",
   >   "params": [
   >     "0xcb256dc99a7a8c41435452c00589de09f92f0f8e",
   >     "latest"
   >   ],
   >   "internal": true
   > }
[2022/02/17 23:14:04.716] -  <   {
 <     "id": 120,
 <     "jsonrpc": "2.0",
 <     "result": "0x56bc75e2d63100000"
 <   }
[2022/02/17 23:14:04.719] -  <   {
 <     "id": 121,
 <     "jsonrpc": "2.0",
 <     "result": "0x0"
 <   }
[2022/02/17 23:14:04.720] - eth_getBalance
[2022/02/17 23:14:04.721] -    > {
   >   "jsonrpc": "2.0",
   >   "id": 127,
   >   "method": "eth_getBalance",
   >   "params": [
   >     "0x64e49d53f97e4e4ef7b603e508be0a8707f36a60",
   >     "latest"
   >   ],
   >   "internal": true
   > }
[2022/02/17 23:14:04.721] - eth_getTransactionCount
[2022/02/17 23:14:04.722] -    > {
   >   "jsonrpc": "2.0",
   >   "id": 128,
   >   "method": "eth_getTransactionCount",
   >   "params": [
   >     "0x64e49d53f97e4e4ef7b603e508be0a8707f36a60",
   >     "latest"
   >   ],
   >   "internal": true
   > }
[2022/02/17 23:14:04.725] -  <   {
 <     "id": 122,
 <     "jsonrpc": "2.0",
 <     "result": "0x56bc75e2d63100000"
 <   }
[2022/02/17 23:14:04.726] - eth_getBalance
[2022/02/17 23:14:04.726] -    > {
   >   "jsonrpc": "2.0",
   >   "id": 129,
   >   "method": "eth_getBalance",
   >   "params": [
   >     "0x0329f1567786ce4f28cc9d12e564d6440ee87692",
   >     "latest"
   >   ],
   >   "internal": true
   > }
[2022/02/17 23:14:04.729] -  <   {
 <     "id": 123,
 <     "jsonrpc": "2.0",
 <     "result": "0x0"
 <   }
[2022/02/17 23:14:04.731] - eth_getTransactionCount
[2022/02/17 23:14:04.732] -    > {
   >   "jsonrpc": "2.0",
   >   "id": 130,
   >   "method": "eth_getTransactionCount",
   >   "params": [
   >     "0x0329f1567786ce4f28cc9d12e564d6440ee87692",
   >     "latest"
   >   ],
   >   "internal": true
   > }
[2022/02/17 23:14:04.734] -  <   {
 <     "id": 125,
 <     "jsonrpc": "2.0",
 <     "result": "0x56bc75e2d63100000"
 <   }
[2022/02/17 23:14:04.736] - eth_getBalance
[2022/02/17 23:14:04.737] -    > {
   >   "jsonrpc": "2.0",
   >   "id": 131,
   >   "method": "eth_getBalance",
   >   "params": [
   >     "0x98ae5e68474380b96e4e28d114295eaccff9b9da",
   >     "latest"
   >   ],
   >   "internal": true
   > }
[2022/02/17 23:14:04.739] -  <   {
 <     "id": 126,
 <     "jsonrpc": "2.0",
 <     "result": "0x0"
 <   }
[2022/02/17 23:14:04.740] - eth_getTransactionCount
[2022/02/17 23:14:04.740] -    > {
   >   "jsonrpc": "2.0",
   >   "id": 132,
   >   "method": "eth_getTransactionCount",
   >   "params": [
   >     "0x98ae5e68474380b96e4e28d114295eaccff9b9da",
   >     "latest"
   >   ],
   >   "internal": true
   > }
[2022/02/17 23:14:04.741] - eth_getBalance
[2022/02/17 23:14:04.742] -    > {
   >   "jsonrpc": "2.0",
   >   "id": 133,
   >   "method": "eth_getBalance",
   >   "params": [
   >     "0xa0e5df176a43e30db30f3a7cf11c174b218d21a4",
   >     "latest"
   >   ],
   >   "internal": true
   > }
[2022/02/17 23:14:04.743] -  <   {
 <     "id": 127,
 <     "jsonrpc": "2.0",
 <     "result": "0x56bc75e2d63100000"
 <   }
[2022/02/17 23:14:04.744] - eth_getTransactionCount
[2022/02/17 23:14:04.745] -    > {
   >   "jsonrpc": "2.0",
   >   "id": 134,
   >   "method": "eth_getTransactionCount",
   >   "params": [
   >     "0xa0e5df176a43e30db30f3a7cf11c174b218d21a4",
   >     "latest"
   >   ],
   >   "internal": true
   > }
[2022/02/17 23:14:04.748] -  <   {
 <     "id": 128,
 <     "jsonrpc": "2.0",
 <     "result": "0x0"
 <   }
[2022/02/17 23:14:04.759] -  <   {
 <     "id": 129,
 <     "jsonrpc": "2.0",
 <     "result": "0x56bc75e2d63100000"
 <   }
[2022/02/17 23:14:04.760] - eth_getBalance
[2022/02/17 23:14:04.761] -    > {
   >   "jsonrpc": "2.0",
   >   "id": 135,
   >   "method": "eth_getBalance",
   >   "params": [
   >     "0xafbf75f3c3abaa691a9c460b37cf6ca00a0630fa",
   >     "latest"
   >   ],
   >   "internal": true
   > }
[2022/02/17 23:14:04.762] - eth_getTransactionCount
[2022/02/17 23:14:04.763] -    > {
   >   "jsonrpc": "2.0",
   >   "id": 136,
   >   "method": "eth_getTransactionCount",
   >   "params": [
   >     "0xafbf75f3c3abaa691a9c460b37cf6ca00a0630fa",
   >     "latest"
   >   ],
   >   "internal": true
   > }
[2022/02/17 23:14:04.765] -  <   {
 <     "id": 130,
 <     "jsonrpc": "2.0",
 <     "result": "0x0"
 <   }
[2022/02/17 23:14:04.765] - eth_getBalance
[2022/02/17 23:14:04.766] -    > {
   >   "jsonrpc": "2.0",
   >   "id": 137,
   >   "method": "eth_getBalance",
   >   "params": [
   >     "0xa765a241143066b4286105fa9160219535ff2981",
   >     "latest"
   >   ],
   >   "internal": true
   > }
[2022/02/17 23:14:04.768] - eth_getTransactionCount
[2022/02/17 23:14:04.769] -    > {
   >   "jsonrpc": "2.0",
   >   "id": 138,
   >   "method": "eth_getTransactionCount",
   >   "params": [
   >     "0xa765a241143066b4286105fa9160219535ff2981",
   >     "latest"
   >   ],
   >   "internal": true
   > }
[2022/02/17 23:14:04.770] - eth_getBalance
[2022/02/17 23:14:04.770] -    > {
   >   "jsonrpc": "2.0",
   >   "id": 139,
   >   "method": "eth_getBalance",
   >   "params": [
   >     "0x6d2976f7fd0e7c06b7e360d6958c00396d8d799c",
   >     "latest"
   >   ],
   >   "internal": true
   > }
[2022/02/17 23:14:04.780] -  <   {
 <     "id": 131,
 <     "jsonrpc": "2.0",
 <     "result": "0x56bc75e2d63100000"
 <   }
[2022/02/17 23:14:04.782] - eth_getTransactionCount
[2022/02/17 23:14:04.784] -    > {
   >   "jsonrpc": "2.0",
   >   "id": 140,
   >   "method": "eth_getTransactionCount",
   >   "params": [
   >     "0x6d2976f7fd0e7c06b7e360d6958c00396d8d799c",
   >     "latest"
   >   ],
   >   "internal": true
   > }
[2022/02/17 23:14:04.785] - eth_getBalance
[2022/02/17 23:14:04.785] -    > {
   >   "jsonrpc": "2.0",
   >   "id": 141,
   >   "method": "eth_getBalance",
   >   "params": [
   >     "0x43249a45596ebaf71609f5087cf23238c97a10d0",
   >     "latest"
   >   ],
   >   "internal": true
   > }
[2022/02/17 23:14:04.787] -  <   {
 <     "id": 132,
 <     "jsonrpc": "2.0",
 <     "result": "0x0"
 <   }
[2022/02/17 23:14:04.788] - eth_getTransactionCount
[2022/02/17 23:14:04.789] -    > {
   >   "jsonrpc": "2.0",
   >   "id": 142,
   >   "method": "eth_getTransactionCount",
   >   "params": [
   >     "0x43249a45596ebaf71609f5087cf23238c97a10d0",
   >     "latest"
   >   ],
   >   "internal": true
   > }
[2022/02/17 23:14:04.790] - eth_getBalance
[2022/02/17 23:14:04.791] -    > {
   >   "jsonrpc": "2.0",
   >   "id": 143,
   >   "method": "eth_getBalance",
   >   "params": [
   >     "0x7cda73f55e3814bff4ff66f00aae03f0c6177da5",
   >     "latest"
   >   ],
   >   "internal": true
   > }
[2022/02/17 23:14:04.792] - eth_getTransactionCount
[2022/02/17 23:14:04.793] -    > {
   >   "jsonrpc": "2.0",
   >   "id": 144,
   >   "method": "eth_getTransactionCount",
   >   "params": [
   >     "0x7cda73f55e3814bff4ff66f00aae03f0c6177da5",
   >     "latest"
   >   ],
   >   "internal": true
   > }
[2022/02/17 23:14:04.795] -  <   {
 <     "id": 133,
 <     "jsonrpc": "2.0",
 <     "result": "0x56bc75e2d63100000"
 <   }
[2022/02/17 23:14:04.796] - eth_getBalance
[2022/02/17 23:14:04.797] -    > {
   >   "jsonrpc": "2.0",
   >   "id": 145,
   >   "method": "eth_getBalance",
   >   "params": [
   >     "0xcb256dc99a7a8c41435452c00589de09f92f0f8e",
   >     "latest"
   >   ],
   >   "internal": true
   > }
[2022/02/17 23:14:04.799] -  <   {
 <     "id": 134,
 <     "jsonrpc": "2.0",
 <     "result": "0x0"
 <   }
[2022/02/17 23:14:04.800] - eth_getTransactionCount
[2022/02/17 23:14:04.801] -    > {
   >   "jsonrpc": "2.0",
   >   "id": 146,
   >   "method": "eth_getTransactionCount",
   >   "params": [
   >     "0xcb256dc99a7a8c41435452c00589de09f92f0f8e",
   >     "latest"
   >   ],
   >   "internal": true
   > }
[2022/02/17 23:14:04.802] - eth_getBalance
[2022/02/17 23:14:04.803] -    > {
   >   "jsonrpc": "2.0",
   >   "id": 147,
   >   "method": "eth_getBalance",
   >   "params": [
   >     "0x64e49d53f97e4e4ef7b603e508be0a8707f36a60",
   >     "latest"
   >   ],
   >   "internal": true
   > }
[2022/02/17 23:14:04.805] -  <   {
 <     "id": 135,
 <     "jsonrpc": "2.0",
 <     "result": "0x56bc75e2d63100000"
 <   }
[2022/02/17 23:14:04.806] - eth_getTransactionCount
[2022/02/17 23:14:04.807] -    > {
   >   "jsonrpc": "2.0",
   >   "id": 148,
   >   "method": "eth_getTransactionCount",
   >   "params": [
   >     "0x64e49d53f97e4e4ef7b603e508be0a8707f36a60",
   >     "latest"
   >   ],
   >   "internal": true
   > }
[2022/02/17 23:14:04.809] -  <   {
 <     "id": 136,
 <     "jsonrpc": "2.0",
 <     "result": "0x0"
 <   }
[2022/02/17 23:14:04.810] - eth_getBalance
[2022/02/17 23:14:04.811] -    > {
   >   "jsonrpc": "2.0",
   >   "id": 149,
   >   "method": "eth_getBalance",
   >   "params": [
   >     "0x0329f1567786ce4f28cc9d12e564d6440ee87692",
   >     "latest"
   >   ],
   >   "internal": true
   > }
[2022/02/17 23:14:04.815] -  <   {
 <     "id": 137,
 <     "jsonrpc": "2.0",
 <     "result": "0x56bc75e2d63100000"
 <   }
[2022/02/17 23:14:04.817] - eth_getTransactionCount
[2022/02/17 23:14:04.818] -    > {
   >   "jsonrpc": "2.0",
   >   "id": 150,
   >   "method": "eth_getTransactionCount",
   >   "params": [
   >     "0x0329f1567786ce4f28cc9d12e564d6440ee87692",
   >     "latest"
   >   ],
   >   "internal": true
   > }
[2022/02/17 23:14:04.819] - eth_getBalance
[2022/02/17 23:14:04.820] -    > {
   >   "jsonrpc": "2.0",
   >   "id": 151,
   >   "method": "eth_getBalance",
   >   "params": [
   >     "0x98ae5e68474380b96e4e28d114295eaccff9b9da",
   >     "latest"
   >   ],
   >   "internal": true
   > }
[2022/02/17 23:14:04.825] -  <   {
 <     "id": 138,
 <     "jsonrpc": "2.0",
 <     "result": "0x0"
 <   }
[2022/02/17 23:14:04.826] - eth_getTransactionCount
[2022/02/17 23:14:04.827] -    > {
   >   "jsonrpc": "2.0",
   >   "id": 152,
   >   "method": "eth_getTransactionCount",
   >   "params": [
   >     "0x98ae5e68474380b96e4e28d114295eaccff9b9da",
   >     "latest"
   >   ],
   >   "internal": true
   > }
[2022/02/17 23:14:04.828] - eth_getBalance
[2022/02/17 23:14:04.829] -    > {
   >   "jsonrpc": "2.0",
   >   "id": 153,
   >   "method": "eth_getBalance",
   >   "params": [
   >     "0xa0e5df176a43e30db30f3a7cf11c174b218d21a4",
   >     "latest"
   >   ],
   >   "internal": true
   > }
[2022/02/17 23:14:04.831] -  <   {
 <     "id": 139,
 <     "jsonrpc": "2.0",
 <     "result": "0x56bc75e2d63100000"
 <   }
[2022/02/17 23:14:04.832] - eth_getTransactionCount
[2022/02/17 23:14:04.832] -    > {
   >   "jsonrpc": "2.0",
   >   "id": 154,
   >   "method": "eth_getTransactionCount",
   >   "params": [
   >     "0xa0e5df176a43e30db30f3a7cf11c174b218d21a4",
   >     "latest"
   >   ],
   >   "internal": true
   > }
[2022/02/17 23:14:04.833] - eth_getBalance
[2022/02/17 23:14:04.834] -    > {
   >   "jsonrpc": "2.0",
   >   "id": 155,
   >   "method": "eth_getBalance",
   >   "params": [
   >     "0xafbf75f3c3abaa691a9c460b37cf6ca00a0630fa",
   >     "latest"
   >   ],
   >   "internal": true
   > }
[2022/02/17 23:14:04.835] - eth_getTransactionCount
[2022/02/17 23:14:04.836] -    > {
   >   "jsonrpc": "2.0",
   >   "id": 156,
   >   "method": "eth_getTransactionCount",
   >   "params": [
   >     "0xafbf75f3c3abaa691a9c460b37cf6ca00a0630fa",
   >     "latest"
   >   ],
   >   "internal": true
   > }
[2022/02/17 23:14:04.838] -  <   {
 <     "id": 140,
 <     "jsonrpc": "2.0",
 <     "result": "0x0"
 <   }
[2022/02/17 23:14:04.839] - eth_getBalance
[2022/02/17 23:14:04.840] -    > {
   >   "jsonrpc": "2.0",
   >   "id": 157,
   >   "method": "eth_getBalance",
   >   "params": [
   >     "0xa765a241143066b4286105fa9160219535ff2981",
   >     "latest"
   >   ],
   >   "internal": true
   > }
[2022/02/17 23:14:04.841] -  <   {
 <     "id": 141,
 <     "jsonrpc": "2.0",
 <     "result": "0x56bc75e2d63100000"
 <   }
[2022/02/17 23:14:04.842] - eth_getTransactionCount
[2022/02/17 23:14:04.843] -    > {
   >   "jsonrpc": "2.0",
   >   "id": 158,
   >   "method": "eth_getTransactionCount",
   >   "params": [
   >     "0xa765a241143066b4286105fa9160219535ff2981",
   >     "latest"
   >   ],
   >   "internal": true
   > }
[2022/02/17 23:14:04.845] -  <   {
 <     "id": 142,
 <     "jsonrpc": "2.0",
 <     "result": "0x0"
 <   }
[2022/02/17 23:14:04.846] - eth_getBalance
[2022/02/17 23:14:04.847] -    > {
   >   "jsonrpc": "2.0",
   >   "id": 159,
   >   "method": "eth_getBalance",
   >   "params": [
   >     "0x6d2976f7fd0e7c06b7e360d6958c00396d8d799c",
   >     "latest"
   >   ],
   >   "internal": true
   > }
[2022/02/17 23:14:04.848] - eth_getTransactionCount
[2022/02/17 23:14:04.848] -    > {
   >   "jsonrpc": "2.0",
   >   "id": 160,
   >   "method": "eth_getTransactionCount",
   >   "params": [
   >     "0x6d2976f7fd0e7c06b7e360d6958c00396d8d799c",
   >     "latest"
   >   ],
   >   "internal": true
   > }
[2022/02/17 23:14:04.850] -  <   {
 <     "id": 143,
 <     "jsonrpc": "2.0",
 <     "result": "0x56bc75e2d63100000"
 <   }
[2022/02/17 23:14:04.852] - eth_getBalance
[2022/02/17 23:14:04.853] -    > {
   >   "jsonrpc": "2.0",
   >   "id": 161,
   >   "method": "eth_getBalance",
   >   "params": [
   >     "0x43249a45596ebaf71609f5087cf23238c97a10d0",
   >     "latest"
   >   ],
   >   "internal": true
   > }
[2022/02/17 23:14:04.858] -  <   {
 <     "id": 144,
 <     "jsonrpc": "2.0",
 <     "result": "0x0"
 <   }
[2022/02/17 23:14:04.865] - eth_getTransactionCount
[2022/02/17 23:14:04.865] -    > {
   >   "jsonrpc": "2.0",
   >   "id": 162,
   >   "method": "eth_getTransactionCount",
   >   "params": [
   >     "0x43249a45596ebaf71609f5087cf23238c97a10d0",
   >     "latest"
   >   ],
   >   "internal": true
   > }
[2022/02/17 23:14:04.867] - eth_getBalance
[2022/02/17 23:14:04.870] -    > {
   >   "jsonrpc": "2.0",
   >   "id": 163,
   >   "method": "eth_getBalance",
   >   "params": [
   >     "0x7cda73f55e3814bff4ff66f00aae03f0c6177da5",
   >     "latest"
   >   ],
   >   "internal": true
   > }
[2022/02/17 23:14:04.873] -  <   {
 <     "id": 145,
 <     "jsonrpc": "2.0",
 <     "result": "0x56bc75e2d63100000"
 <   }
[2022/02/17 23:14:04.875] - eth_getTransactionCount
[2022/02/17 23:14:04.876] -    > {
   >   "jsonrpc": "2.0",
   >   "id": 164,
   >   "method": "eth_getTransactionCount",
   >   "params": [
   >     "0x7cda73f55e3814bff4ff66f00aae03f0c6177da5",
   >     "latest"
   >   ],
   >   "internal": true
   > }
[2022/02/17 23:14:04.887] -  <   {
 <     "id": 146,
 <     "jsonrpc": "2.0",
 <     "result": "0x0"
 <   }
[2022/02/17 23:14:04.897] -  <   {
 <     "id": 147,
 <     "jsonrpc": "2.0",
 <     "result": "0x56bc75e2d63100000"
 <   }
[2022/02/17 23:14:04.898] - eth_getBalance
[2022/02/17 23:14:04.899] -    > {
   >   "jsonrpc": "2.0",
   >   "id": 165,
   >   "method": "eth_getBalance",
   >   "params": [
   >     "0xcb256dc99a7a8c41435452c00589de09f92f0f8e",
   >     "latest"
   >   ],
   >   "internal": true
   > }
[2022/02/17 23:14:04.901] -  <   {
 <     "id": 148,
 <     "jsonrpc": "2.0",
 <     "result": "0x0"
 <   }
[2022/02/17 23:14:04.902] - eth_getTransactionCount
[2022/02/17 23:14:04.903] -    > {
   >   "jsonrpc": "2.0",
   >   "id": 166,
   >   "method": "eth_getTransactionCount",
   >   "params": [
   >     "0xcb256dc99a7a8c41435452c00589de09f92f0f8e",
   >     "latest"
   >   ],
   >   "internal": true
   > }
[2022/02/17 23:14:04.904] - eth_getBalance
[2022/02/17 23:14:04.905] -    > {
   >   "jsonrpc": "2.0",
   >   "id": 167,
   >   "method": "eth_getBalance",
   >   "params": [
   >     "0x64e49d53f97e4e4ef7b603e508be0a8707f36a60",
   >     "latest"
   >   ],
   >   "internal": true
   > }
[2022/02/17 23:14:04.907] -  <   {
 <     "id": 149,
 <     "jsonrpc": "2.0",
 <     "result": "0x56bc75e2d63100000"
 <   }
[2022/02/17 23:14:04.909] - eth_getTransactionCount
[2022/02/17 23:14:04.909] -    > {
   >   "jsonrpc": "2.0",
   >   "id": 168,
   >   "method": "eth_getTransactionCount",
   >   "params": [
   >     "0x64e49d53f97e4e4ef7b603e508be0a8707f36a60",
   >     "latest"
   >   ],
   >   "internal": true
   > }
[2022/02/17 23:14:04.912] -  <   {
 <     "id": 150,
 <     "jsonrpc": "2.0",
 <     "result": "0x0"
 <   }
[2022/02/17 23:14:04.914] - eth_getBalance
[2022/02/17 23:14:04.914] -    > {
   >   "jsonrpc": "2.0",
   >   "id": 169,
   >   "method": "eth_getBalance",
   >   "params": [
   >     "0x0329f1567786ce4f28cc9d12e564d6440ee87692",
   >     "latest"
   >   ],
   >   "internal": true
   > }
[2022/02/17 23:14:04.917] -  <   {
 <     "id": 151,
 <     "jsonrpc": "2.0",
 <     "result": "0x56bc75e2d63100000"
 <   }
[2022/02/17 23:14:04.920] -  <   {
 <     "id": 152,
 <     "jsonrpc": "2.0",
 <     "result": "0x0"
 <   }
[2022/02/17 23:14:04.921] - eth_getTransactionCount
[2022/02/17 23:14:04.922] -    > {
   >   "jsonrpc": "2.0",
   >   "id": 170,
   >   "method": "eth_getTransactionCount",
   >   "params": [
   >     "0x0329f1567786ce4f28cc9d12e564d6440ee87692",
   >     "latest"
   >   ],
   >   "internal": true
   > }
[2022/02/17 23:14:04.924] - eth_getBalance
[2022/02/17 23:14:04.924] -    > {
   >   "jsonrpc": "2.0",
   >   "id": 171,
   >   "method": "eth_getBalance",
   >   "params": [
   >     "0x98ae5e68474380b96e4e28d114295eaccff9b9da",
   >     "latest"
   >   ],
   >   "internal": true
   > }
[2022/02/17 23:14:04.926] -  <   {
 <     "id": 153,
 <     "jsonrpc": "2.0",
 <     "result": "0x56bc75e2d63100000"
 <   }
[2022/02/17 23:14:04.927] - eth_getTransactionCount
[2022/02/17 23:14:04.928] -    > {
   >   "jsonrpc": "2.0",
   >   "id": 172,
   >   "method": "eth_getTransactionCount",
   >   "params": [
   >     "0x98ae5e68474380b96e4e28d114295eaccff9b9da",
   >     "latest"
   >   ],
   >   "internal": true
   > }
[2022/02/17 23:14:04.930] -  <   {
 <     "id": 154,
 <     "jsonrpc": "2.0",
 <     "result": "0x0"
 <   }
[2022/02/17 23:14:04.931] - eth_getBalance
[2022/02/17 23:14:04.931] -    > {
   >   "jsonrpc": "2.0",
   >   "id": 173,
   >   "method": "eth_getBalance",
   >   "params": [
   >     "0xa0e5df176a43e30db30f3a7cf11c174b218d21a4",
   >     "latest"
   >   ],
   >   "internal": true
   > }
[2022/02/17 23:14:04.933] -  <   {
 <     "id": 155,
 <     "jsonrpc": "2.0",
 <     "result": "0x56bc75e2d63100000"
 <   }
[2022/02/17 23:14:04.934] - eth_getTransactionCount
[2022/02/17 23:14:04.935] -    > {
   >   "jsonrpc": "2.0",
   >   "id": 174,
   >   "method": "eth_getTransactionCount",
   >   "params": [
   >     "0xa0e5df176a43e30db30f3a7cf11c174b218d21a4",
   >     "latest"
   >   ],
   >   "internal": true
   > }
[2022/02/17 23:14:04.936] - eth_getBalance
[2022/02/17 23:14:04.936] -    > {
   >   "jsonrpc": "2.0",
   >   "id": 175,
   >   "method": "eth_getBalance",
   >   "params": [
   >     "0xafbf75f3c3abaa691a9c460b37cf6ca00a0630fa",
   >     "latest"
   >   ],
   >   "internal": true
   > }
[2022/02/17 23:14:04.938] -  <   {
 <     "id": 156,
 <     "jsonrpc": "2.0",
 <     "result": "0x0"
 <   }
[2022/02/17 23:14:04.940] - eth_getTransactionCount
[2022/02/17 23:14:04.940] -    > {
   >   "jsonrpc": "2.0",
   >   "id": 176,
   >   "method": "eth_getTransactionCount",
   >   "params": [
   >     "0xafbf75f3c3abaa691a9c460b37cf6ca00a0630fa",
   >     "latest"
   >   ],
   >   "internal": true
   > }
[2022/02/17 23:14:04.942] -  <   {
 <     "id": 157,
 <     "jsonrpc": "2.0",
 <     "result": "0x56bc75e2d63100000"
 <   }
[2022/02/17 23:14:04.943] - eth_getBalance
[2022/02/17 23:14:04.943] -    > {
   >   "jsonrpc": "2.0",
   >   "id": 177,
   >   "method": "eth_getBalance",
   >   "params": [
   >     "0xa765a241143066b4286105fa9160219535ff2981",
   >     "latest"
   >   ],
   >   "internal": true
   > }
[2022/02/17 23:14:04.945] -  <   {
 <     "id": 158,
 <     "jsonrpc": "2.0",
 <     "result": "0x0"
 <   }
[2022/02/17 23:14:04.946] - eth_getTransactionCount
[2022/02/17 23:14:04.947] -    > {
   >   "jsonrpc": "2.0",
   >   "id": 178,
   >   "method": "eth_getTransactionCount",
   >   "params": [
   >     "0xa765a241143066b4286105fa9160219535ff2981",
   >     "latest"
   >   ],
   >   "internal": true
   > }
[2022/02/17 23:14:04.949] -  <   {
 <     "id": 159,
 <     "jsonrpc": "2.0",
 <     "result": "0x56bc75e2d63100000"
 <   }
[2022/02/17 23:14:04.950] - eth_getBalance
[2022/02/17 23:14:04.951] -    > {
   >   "jsonrpc": "2.0",
   >   "id": 179,
   >   "method": "eth_getBalance",
   >   "params": [
   >     "0x6d2976f7fd0e7c06b7e360d6958c00396d8d799c",
   >     "latest"
   >   ],
   >   "internal": true
   > }
[2022/02/17 23:14:04.953] - eth_getTransactionCount
[2022/02/17 23:14:04.954] -    > {
   >   "jsonrpc": "2.0",
   >   "id": 180,
   >   "method": "eth_getTransactionCount",
   >   "params": [
   >     "0x6d2976f7fd0e7c06b7e360d6958c00396d8d799c",
   >     "latest"
   >   ],
   >   "internal": true
   > }
[2022/02/17 23:14:04.956] -  <   {
 <     "id": 160,
 <     "jsonrpc": "2.0",
 <     "result": "0x0"
 <   }
[2022/02/17 23:14:04.957] - eth_getBalance
[2022/02/17 23:14:04.957] -    > {
   >   "jsonrpc": "2.0",
   >   "id": 181,
   >   "method": "eth_getBalance",
   >   "params": [
   >     "0x43249a45596ebaf71609f5087cf23238c97a10d0",
   >     "latest"
   >   ],
   >   "internal": true
   > }
[2022/02/17 23:14:04.959] -  <   {
 <     "id": 161,
 <     "jsonrpc": "2.0",
 <     "result": "0x56bc75e2d63100000"
 <   }
[2022/02/17 23:14:04.960] - eth_getTransactionCount
[2022/02/17 23:14:04.961] -    > {
   >   "jsonrpc": "2.0",
   >   "id": 182,
   >   "method": "eth_getTransactionCount",
   >   "params": [
   >     "0x43249a45596ebaf71609f5087cf23238c97a10d0",
   >     "latest"
   >   ],
   >   "internal": true
   > }
[2022/02/17 23:14:04.962] - eth_getBalance
[2022/02/17 23:14:04.962] -    > {
   >   "jsonrpc": "2.0",
   >   "id": 183,
   >   "method": "eth_getBalance",
   >   "params": [
   >     "0x7cda73f55e3814bff4ff66f00aae03f0c6177da5",
   >     "latest"
   >   ],
   >   "internal": true
   > }
[2022/02/17 23:14:04.964] -  <   {
 <     "id": 162,
 <     "jsonrpc": "2.0",
 <     "result": "0x0"
 <   }
[2022/02/17 23:14:04.965] - eth_getTransactionCount
[2022/02/17 23:14:04.966] -    > {
   >   "jsonrpc": "2.0",
   >   "id": 184,
   >   "method": "eth_getTransactionCount",
   >   "params": [
   >     "0x7cda73f55e3814bff4ff66f00aae03f0c6177da5",
   >     "latest"
   >   ],
   >   "internal": true
   > }
[2022/02/17 23:14:04.967] -  <   {
 <     "id": 163,
 <     "jsonrpc": "2.0",
 <     "result": "0x56bc75e2d63100000"
 <   }
[2022/02/17 23:14:04.980] -  <   {
 <     "id": 164,
 <     "jsonrpc": "2.0",
 <     "result": "0x0"
 <   }
[2022/02/17 23:14:04.996] -  <   {
 <     "id": 165,
 <     "jsonrpc": "2.0",
 <     "result": "0x56bc75e2d63100000"
 <   }
[2022/02/17 23:14:05.011] -  <   {
 <     "id": 166,
 <     "jsonrpc": "2.0",
 <     "result": "0x0"
 <   }
[2022/02/17 23:14:05.027] -  <   {
 <     "id": 167,
 <     "jsonrpc": "2.0",
 <     "result": "0x56bc75e2d63100000"
 <   }
[2022/02/17 23:14:05.042] -  <   {
 <     "id": 168,
 <     "jsonrpc": "2.0",
 <     "result": "0x0"
 <   }
[2022/02/17 23:14:05.058] -  <   {
 <     "id": 169,
 <     "jsonrpc": "2.0",
 <     "result": "0x56bc75e2d63100000"
 <   }
[2022/02/17 23:14:05.074] -  <   {
 <     "id": 170,
 <     "jsonrpc": "2.0",
 <     "result": "0x0"
 <   }
[2022/02/17 23:14:05.089] -  <   {
 <     "id": 171,
 <     "jsonrpc": "2.0",
 <     "result": "0x56bc75e2d63100000"
 <   }
[2022/02/17 23:14:05.104] -  <   {
 <     "id": 172,
 <     "jsonrpc": "2.0",
 <     "result": "0x0"
 <   }
[2022/02/17 23:14:05.120] -  <   {
 <     "id": 173,
 <     "jsonrpc": "2.0",
 <     "result": "0x56bc75e2d63100000"
 <   }
[2022/02/17 23:14:05.136] -  <   {
 <     "id": 174,
 <     "jsonrpc": "2.0",
 <     "result": "0x0"
 <   }
[2022/02/17 23:14:05.153] -  <   {
 <     "id": 175,
 <     "jsonrpc": "2.0",
 <     "result": "0x56bc75e2d63100000"
 <   }
[2022/02/17 23:14:05.167] -  <   {
 <     "id": 176,
 <     "jsonrpc": "2.0",
 <     "result": "0x0"
 <   }
[2022/02/17 23:14:05.183] -  <   {
 <     "id": 177,
 <     "jsonrpc": "2.0",
 <     "result": "0x56bc75e2d63100000"
 <   }
[2022/02/17 23:14:05.201] -  <   {
 <     "id": 178,
 <     "jsonrpc": "2.0",
 <     "result": "0x0"
 <   }
[2022/02/17 23:14:05.215] -  <   {
 <     "id": 179,
 <     "jsonrpc": "2.0",
 <     "result": "0x56bc75e2d63100000"
 <   }
[2022/02/17 23:14:05.229] -  <   {
 <     "id": 180,
 <     "jsonrpc": "2.0",
 <     "result": "0x0"
 <   }
[2022/02/17 23:14:05.232] -  <   {
 <     "id": 181,
 <     "jsonrpc": "2.0",
 <     "result": "0x56bc75e2d63100000"
 <   }
[2022/02/17 23:14:05.245] -  <   {
 <     "id": 182,
 <     "jsonrpc": "2.0",
 <     "result": "0x0"
 <   }
[2022/02/17 23:14:05.260] -  <   {
 <     "id": 183,
 <     "jsonrpc": "2.0",
 <     "result": "0x56bc75e2d63100000"
 <   }
[2022/02/17 23:14:05.277] -  <   {
 <     "id": 184,
 <     "jsonrpc": "2.0",
 <     "result": "0x0"
 <   }
[2022/02/17 23:14:31.674] - eth_unsubscribe
[2022/02/17 23:14:31.675] -    > {
   >   "jsonrpc": "2.0",
   >   "id": 15,
   >   "method": "eth_unsubscribe",
   >   "params": [
   >     "0x3"
   >   ]
   > }
[2022/02/17 23:14:31.676] - eth_unsubscribe
[2022/02/17 23:14:31.677] -    > {
   >   "jsonrpc": "2.0",
   >   "id": 16,
   >   "method": "eth_unsubscribe",
   >   "params": [
   >     "0x4"
   >   ]
   > }
[2022/02/17 23:14:31.678] -  <   {
 <     "id": 15,
 <     "jsonrpc": "2.0",
 <     "result": true
 <   }
[2022/02/17 23:14:31.681] -    > {
   >   "jsonrpc": "2.0",
   >   "method": "eth_unsubscribe",
   >   "params": [
   >     "0x5"
   >   ],
   >   "id": 1645168471680
   > }
[2022/02/17 23:14:31.681] -    > {
   >   "jsonrpc": "2.0",
   >   "method": "eth_unsubscribe",
   >   "params": [
   >     "0x4"
   >   ],
   >   "id": 1645168471681
   > }
[2022/02/17 23:14:31.682] -    > {
   >   "jsonrpc": "2.0",
   >   "method": "eth_unsubscribe",
   >   "params": [
   >     "0x6"
   >   ],
   >   "id": 1645168471682
   > }
[2022/02/17 23:14:31.683] -    > {
   >   "jsonrpc": "2.0",
   >   "method": "eth_unsubscribe",
   >   "params": [
   >     "0x1"
   >   ],
   >   "id": 1645168471683
   > }
[2022/02/17 23:14:31.684] -    > {
   >   "jsonrpc": "2.0",
   >   "method": "eth_unsubscribe",
   >   "params": [
   >     "0x2"
   >   ],
   >   "id": 1645168471684
   > }
[2022/02/17 23:14:31.685] -  <   {
 <     "id": 16,
 <     "jsonrpc": "2.0",
 <     "result": true
 <   }
[2022/02/17 23:14:31.689] -  <   {
 <     "id": 1645168471680,
 <     "jsonrpc": "2.0",
 <     "result": true
 <   }
[2022/02/17 23:14:31.705] -  <   {
 <     "id": 1645168471681,
 <     "jsonrpc": "2.0",
 <     "error": {
 <       "message": "Subscription ID 0x4 not found.",
 <       "code": -32000,
 <       "data": {
 <         "stack": "Error: Subscription ID 0x4 not found.\n    at SubscriptionSubprovider.eth_unsubscribe (C:\\Program Files\\WindowsApps\\GanacheUI_2.5.4.0_x64__5dg5pnz03psnj\\app\\resources\\static\\node\\node_modules\\ganache-core\\node_modules\\web3-provider-engine\\subproviders\\subscriptions.js:78:8)\n    at SubscriptionSubprovider.handleRequest (C:\\Program Files\\WindowsApps\\GanacheUI_2.5.4.0_x64__5dg5pnz03psnj\\app\\resources\\static\\node\\node_modules\\ganache-core\\node_modules\\web3-provider-engine\\subproviders\\subscriptions.js:134:12)\n    at next (C:\\Program Files\\WindowsApps\\GanacheUI_2.5.4.0_x64__5dg5pnz03psnj\\app\\resources\\static\\node\\node_modules\\ganache-core\\node_modules\\web3-provider-engine\\index.js:136:18)\n    at DelayedBlockFilter.handleRequest (C:\\Program Files\\WindowsApps\\GanacheUI_2.5.4.0_x64__5dg5pnz03psnj\\app\\resources\\static\\node\\node_modules\\ganache-core\\lib\\subproviders\\delayedblockfilter.js:31:3)\n    at next (C:\\Program Files\\WindowsApps\\GanacheUI_2.5.4.0_x64__5dg5pnz03psnj\\app\\resources\\static\\node\\node_modules\\ganache-core\\node_modules\\web3-provider-engine\\index.js:136:18)\n    at RequestFunnel.handleRequest (C:\\Program Files\\WindowsApps\\GanacheUI_2.5.4.0_x64__5dg5pnz03psnj\\app\\resources\\static\\node\\node_modules\\ganache-core\\lib\\subproviders\\requestfunnel.js:32:12)\n    at next (C:\\Program Files\\WindowsApps\\GanacheUI_2.5.4.0_x64__5dg5pnz03psnj\\app\\resources\\static\\node\\node_modules\\ganache-core\\node_modules\\web3-provider-engine\\index.js:136:18)\n    at Web3ProviderEngine._handleAsync (C:\\Program Files\\WindowsApps\\GanacheUI_2.5.4.0_x64__5dg5pnz03psnj\\app\\resources\\static\\node\\node_modules\\ganache-core\\node_modules\\web3-provider-engine\\index.js:123:3)\n    at Timeout._onTimeout (C:\\Program Files\\WindowsApps\\GanacheUI_2.5.4.0_x64__5dg5pnz03psnj\\app\\resources\\static\\node\\node_modules\\ganache-core\\node_modules\\web3-provider-engine\\index.js:107:12)\n    at listOnTimeout (internal/timers.js:531:17)\n    at processTimers (internal/timers.js:475:7)",
 <         "name": "Error"
 <       }
 <     }
 <   }
[2022/02/17 23:14:31.719] -  <   {
 <     "id": 1645168471682,
 <     "jsonrpc": "2.0",
 <     "result": true
 <   }
[2022/02/17 23:14:31.734] -  <   {
 <     "id": 1645168471683,
 <     "jsonrpc": "2.0",
 <     "result": true
 <   }
[2022/02/17 23:14:31.749] -  <   {
 <     "id": 1645168471684,
 <     "jsonrpc": "2.0",
 <     "result": true
 <   }
